       200 <= number of iterations in the fit
  0.000010 <= The fit is over if the stability is reached 
  1.000000 <= Scale factor 
  0.001000 <= stdev parameter out 
         2 <= watson robust on (1) or of (0) 
0     ************ potential energy expansion coefficients (cm-1) ************


  RE12       =           0.964  RE32       =           1.689  alphae     =         102.800
  AA1        =           1.489  AA3        =           1.900  G1         =          15.000
  G2         =          10.000  B1         =      500000.000  B2         =       50000.000
  V0         =           2.341  f001       =           0.000  f010       =           0.000
  f100       =           0.000  f002       =       22068.358  f011       =           0.000
  f020       =           0.000  f101       =           0.000  f110       =           0.000
  f200       =       90761.408  f003       =         985.752  f012       =           0.000
  f021       =           0.000  f030       =           0.000  f102       =           0.000
  f111       =           0.000  f120       =           0.000  f201       =           0.000
  f210       =           0.000  f300       =      -51604.441  f004       =       10483.263
  f013       =           0.000  f022       =           0.000  f031       =           0.000
  f040       =           0.000  f103       =           0.000  f112       =           0.000
  f121       =           0.000  f130       =           0.000  f202       =           0.000
  f211       =           0.000  f220       =           0.000  f301       =           0.000
  f310       =           0.000  f400       =       16600.365  f005       =        1202.895
  f014       =           0.000  f023       =           0.000  f032       =           0.000
  f041       =           0.000  f050       =           0.000  f104       =           0.000
  f113       =           0.000  f122       =           0.000  f131       =           0.000
  f140       =           0.000  f203       =           0.000  f212       =           0.000
  f221       =           0.000  f230       =           0.000  f302       =           0.000
  f311       =           0.000  f320       =           0.000  f401       =           0.000
  f410       =           0.000  f500       =       -7411.017  f006       =      -10437.701
  f015       =           0.000  f024       =           0.000  f033       =           0.000
  f042       =           0.000  f051       =           0.000  f060       =           0.000
  f105       =           0.000  f114       =           0.000  f123       =           0.000
  f132       =           0.000  f141       =           0.000  f150       =           0.000
  f204       =           0.000  f213       =           0.000  f222       =           0.000
  f231       =           0.000  f240       =           0.000  f303       =           0.000
  f312       =           0.000  f321       =           0.000  f330       =           0.000
  f402       =           0.000  f411       =           0.000  f420       =           0.000
  f501       =           0.000  f510       =           0.000  f600       =        2773.887
  f007       =       -4718.278  f016       =           0.000  f025       =           0.000
  f034       =           0.000  f043       =           0.000  f052       =           0.000
  f061       =           0.000  f070       =           0.000  f106       =           0.000
  f115       =           0.000  f124       =           0.000  f133       =           0.000
  f142       =           0.000  f151       =           0.000  f160       =           0.000
  f205       =           0.000  f214       =           0.000  f223       =           0.000
  f232       =           0.000  f241       =           0.000  f250       =           0.000
  f304       =           0.000  f313       =           0.000  f322       =           0.000
  f331       =           0.000  f340       =           0.000  f403       =           0.000
  f412       =           0.000  f421       =           0.000  f430       =           0.000
  f502       =           0.000  f511       =           0.000  f520       =           0.000
  f601       =           0.000  f610       =           0.000  f700       =       -5052.635
  f008       =       20255.137  f017       =           0.000  f026       =           0.000
  f035       =           0.000  f044       =           0.000  f053       =           0.000
  f062       =           0.000  f071       =           0.000  f080       =           0.000
  f107       =           0.000  f116       =           0.000  f125       =           0.000
  f134       =           0.000  f143       =           0.000  f152       =           0.000
  f161       =           0.000  f170       =           0.000  f206       =           0.000
  f215       =           0.000  f224       =           0.000  f233       =           0.000
  f242       =           0.000  f251       =           0.000  f260       =           0.000
  f305       =           0.000  f314       =           0.000  f323       =           0.000
  f332       =           0.000  f341       =           0.000  f350       =           0.000
  f404       =           0.000  f413       =           0.000  f422       =           0.000
  f431       =           0.000  f440       =           0.000  f503       =           0.000
  f512       =           0.000  f521       =           0.000  f530       =           0.000
  f602       =           0.000  f611       =           0.000  f620       =           0.000
  f701       =           0.000  f710       =           0.000  f800       =      -15774.792
  f009       =           0.000  f018       =           0.000  f027       =           0.000
  f036       =           0.000  f045       =           0.000  f054       =           0.000
  f063       =           0.000  f072       =           0.000  f081       =           0.000
  f090       =           0.000  f108       =           0.000  f117       =           0.000
  f126       =           0.000  f135       =           0.000  f144       =           0.000
  f153       =           0.000  f162       =           0.000  f171       =           0.000
  f180       =           0.000  f207       =           0.000  f216       =           0.000
  f225       =           0.000  f234       =           0.000  f243       =           0.000
  f252       =           0.000  f261       =           0.000  f270       =           0.000
  f306       =           0.000  f315       =           0.000  f324       =           0.000
  f333       =           0.000  f342       =           0.000  f351       =           0.000
  f360       =           0.000  f405       =           0.000  f414       =           0.000
  f423       =           0.000  f432       =           0.000  f441       =           0.000
  f450       =           0.000  f504       =           0.000  f513       =           0.000
  f522       =           0.000  f531       =           0.000  f540       =           0.000
  f603       =           0.000  f612       =           0.000  f621       =           0.000
  f630       =           0.000  f702       =           0.000  f711       =           0.000
  f720       =           0.000  f801       =           0.000  f810       =           0.000
  f900       =           0.000  f0010      =           0.000  f019       =           0.000
  f028       =           0.000  f037       =           0.000  f046       =           0.000
  f055       =           0.000  f064       =           0.000  f073       =           0.000
  f082       =           0.000  f091       =           0.000  f0100      =           0.000
  f109       =           0.000  f118       =           0.000  f127       =           0.000
  f136       =           0.000  f145       =           0.000  f154       =           0.000
  f163       =           0.000  f172       =           0.000  f181       =           0.000
  f190       =           0.000  f208       =           0.000  f217       =           0.000
  f226       =           0.000  f235       =           0.000  f244       =           0.000
  f253       =           0.000  f262       =           0.000  f271       =           0.000
  f280       =           0.000  f307       =           0.000  f316       =           0.000
  f325       =           0.000  f334       =           0.000  f343       =           0.000
  f352       =           0.000  f361       =           0.000  f370       =           0.000
  f406       =           0.000  f415       =           0.000  f424       =           0.000
  f433       =           0.000  f442       =           0.000  f451       =           0.000
  f460       =           0.000  f505       =           0.000  f514       =           0.000
  f523       =           0.000  f532       =           0.000  f541       =           0.000
  f550       =           0.000  f604       =           0.000  f613       =           0.000
  f622       =           0.000  f631       =           0.000  f640       =           0.000
  f703       =           0.000  f712       =           0.000  f721       =           0.000
  f730       =           0.000  f802       =           0.000  f811       =           0.000
  f820       =           0.000  f901       =           0.000  f910       =           0.000
  f1000      =           0.000  f0011      =           0.000  f0110      =           0.000
  f029       =           0.000  f038       =           0.000  f047       =           0.000
  f056       =           0.000  f065       =           0.000  f074       =           0.000
  f083       =           0.000  f092       =           0.000  f0101      =           0.000
  f0110      =           0.000  f1010      =           0.000  f119       =           0.000
  f128       =           0.000  f137       =           0.000  f146       =           0.000
  f155       =           0.000  f164       =           0.000  f173       =           0.000
  f182       =           0.000  f191       =           0.000  f1100      =           0.000
  f209       =           0.000  f218       =           0.000  f227       =           0.000
  f236       =           0.000  f245       =           0.000  f254       =           0.000
  f263       =           0.000  f272       =           0.000  f281       =           0.000
  f290       =           0.000  f308       =           0.000  f317       =           0.000
  f326       =           0.000  f335       =           0.000  f344       =           0.000
  f353       =           0.000  f362       =           0.000  f371       =           0.000
  f380       =           0.000  f407       =           0.000  f416       =           0.000
  f425       =           0.000  f434       =           0.000  f443       =           0.000
  f452       =           0.000  f461       =           0.000  f470       =           0.000
  f506       =           0.000  f515       =           0.000  f524       =           0.000
  f533       =           0.000  f542       =           0.000  f551       =           0.000
  f560       =           0.000  f605       =           0.000  f614       =           0.000
  f623       =           0.000  f632       =           0.000  f641       =           0.000
  f650       =           0.000  f704       =           0.000  f713       =           0.000
  f722       =           0.000  f731       =           0.000  f740       =           0.000
  f803       =           0.000  f812       =           0.000  f821       =           0.000
  f830       =           0.000  f902       =           0.000  f911       =           0.000
  f920       =           0.000  f1001      =           0.000  f1010      =           0.000
  f1100      =           0.000  f0012      =           0.000  f0111      =           0.000
  f0210      =           0.000  f039       =           0.000  f048       =           0.000
  f057       =           0.000  f066       =           0.000  f075       =           0.000
  f084       =           0.000  f093       =           0.000  f0102      =           0.000
  f0111      =           0.000  f0120      =           0.000  f1011      =           0.000
  f1110      =           0.000  f129       =           0.000  f138       =           0.000
  f147       =           0.000  f156       =           0.000  f165       =           0.000
  f174       =           0.000  f183       =           0.000  f192       =           0.000
  f1101      =           0.000  f1110      =           0.000  f2010      =           0.000
  f219       =           0.000  f228       =           0.000  f237       =           0.000
  f246       =           0.000  f255       =           0.000  f264       =           0.000
  f273       =           0.000  f282       =           0.000  f291       =           0.000
  f2100      =           0.000  f309       =           0.000  f318       =           0.000
  f327       =           0.000  f336       =           0.000  f345       =           0.000
  f354       =           0.000  f363       =           0.000  f372       =           0.000
  f381       =           0.000  f390       =           0.000  f408       =           0.000
  f417       =           0.000  f426       =           0.000  f435       =           0.000
  f444       =           0.000  f453       =           0.000  f462       =           0.000
  f471       =           0.000  f480       =           0.000  f507       =           0.000
  f516       =           0.000  f525       =           0.000  f534       =           0.000
  f543       =           0.000  f552       =           0.000  f561       =           0.000
  f570       =           0.000  f606       =           0.000  f615       =           0.000
  f624       =           0.000  f633       =           0.000  f642       =           0.000
  f651       =           0.000  f660       =           0.000  f705       =           0.000
  f714       =           0.000  f723       =           0.000  f732       =           0.000
  f741       =           0.000  f750       =           0.000  f804       =           0.000
  f813       =           0.000  f822       =           0.000  f831       =           0.000
  f840       =           0.000  f903       =           0.000  f912       =           0.000
  f921       =           0.000  f930       =           0.000  f1002      =           0.000
  f1011      =           0.000  f1020      =           0.000  f1101      =           0.000
  f1110      =           0.000  f1200      =           0.000  

   -----------------------------------------------------------
   |   iter | points |   deviat    |    rms      | stability |
   -----------------------------------------------------------
   |    1   |   209  |   0.59822E-02 |  0.81600E+02  |   0.187E+10 |
   |    2   |   209  |   0.57479E-01 |  0.41607E+01  |   0.127E+02 |
   |    3   |   209  |   0.56620E-02 |  0.13862E+02  |   0.158E-01 |
   |    4   |   209  |   0.12245E-01 |  0.47029E+01  |   0.248E+00 |
   |    5   |   209  |   0.56813E-02 |  0.13825E+02  |   0.575E+00 |
   |    6   |   209  |   0.77067E-02 |  0.51897E+01  |   0.170E+01 |
   |    7   |   209  |   0.53713E-02 |  0.13834E+02  |   0.536E+00 |
   |    8   |   209  |   0.69040E-02 |  0.57100E+01  |   0.119E+01 |
   |    9   |   209  |   0.50834E-02 |  0.13725E+02  |   0.504E+00 |
   |   10   |   209  |   0.60235E-02 |  0.61117E+01  |   0.712E+00 |
   |   11   |   209  |   0.52691E-02 |  0.13652E+02  |   0.343E+00 |
   |   12   |   209  |   0.58227E-02 |  0.65368E+01  |   0.697E+00 |
   |   13   |   209  |   0.53429E-02 |  0.13539E+02  |   0.401E+00 |
   |   14   |   209  |   0.56344E-02 |  0.67825E+01  |   0.746E+00 |
   |   15   |   209  |   0.51292E-02 |  0.13211E+02  |   0.444E+00 |
   |   16   |   209  |   0.55079E-02 |  0.69627E+01  |   0.848E+00 |
   |   17   |   209  |   0.52592E-02 |  0.13163E+02  |   0.449E+00 |
   |   18   |   209  |   0.55122E-02 |  0.72005E+01  |   0.957E+00 |
   |   19   |   209  |   0.53837E-02 |  0.13018E+02  |   0.505E+00 |
   |   20   |   209  |   0.55232E-02 |  0.75310E+01  |   0.110E+01 |
   |   21   |   209  |   0.52638E-02 |  0.12639E+02  |   0.562E+00 |
   |   22   |   209  |   0.55754E-02 |  0.77017E+01  |   0.149E+01 |
   |   23   |   209  |   0.53236E-02 |  0.12641E+02  |   0.599E+00 |
   |   24   |   209  |   0.55759E-02 |  0.77284E+01  |   0.157E+01 |
   |   25   |   209  |   0.52235E-02 |  0.12590E+02  |   0.616E+00 |
   |   26   |   209  |   0.55872E-02 |  0.77385E+01  |   0.164E+01 |
   |   27   |   209  |   0.52902E-02 |  0.12433E+02  |   0.634E+00 |
   |   28   |   209  |   0.56133E-02 |  0.77430E+01  |   0.176E+01 |
   |   29   |   209  |   0.53391E-02 |  0.12262E+02  |   0.650E+00 |
   |   30   |   209  |   0.56407E-02 |  0.77450E+01  |   0.188E+01 |
   |   31   |   209  |   0.53462E-02 |  0.11951E+02  |   0.674E+00 |
   |   32   |   209  |   0.56925E-02 |  0.77457E+01  |   0.184E+01 |
   |   33   |   209  |   0.51855E-02 |  0.11878E+02  |   0.650E+00 |
   |   34   |   209  |   0.57036E-02 |  0.77446E+01  |   0.187E+01 |
   |   35   |   209  |   0.49197E-02 |  0.11757E+02  |   0.659E+00 |
   |   36   |   209  |   0.57248E-02 |  0.77419E+01  |   0.195E+01 |
   |   37   |   209  |   0.50621E-02 |  0.11647E+02  |   0.669E+00 |
   |   38   |   209  |   0.57417E-02 |  0.77358E+01  |   0.193E+01 |
   |   39   |   209  |   0.51729E-02 |  0.11470E+02  |   0.672E+00 |
   |   40   |   209  |   0.57660E-02 |  0.77224E+01  |   0.172E+01 |
   |   41   |   209  |   0.52354E-02 |  0.11366E+02  |   0.643E+00 |
   |   42   |   209  |   0.57775E-02 |  0.77082E+01  |   0.193E+01 |
   |   43   |   209  |   0.52857E-02 |  0.11264E+02  |   0.670E+00 |
   |   44   |   209  |   0.58002E-02 |  0.77073E+01  |   0.216E+01 |
   |   45   |   209  |   0.51803E-02 |  0.11147E+02  |   0.693E+00 |
   |   46   |   209  |   0.58298E-02 |  0.77060E+01  |   0.216E+01 |
   |   47   |   209  |   0.52625E-02 |  0.11052E+02  |   0.694E+00 |
   |   48   |   209  |   0.58644E-02 |  0.77035E+01  |   0.219E+01 |
   |   49   |   209  |   0.52261E-02 |  0.11184E+02  |   0.691E+00 |
   |   50   |   209  |   0.58848E-02 |  0.76980E+01  |   0.186E+01 |
   |   51   |   209  |   0.50159E-02 |  0.11358E+02  |   0.660E+00 |
   |   52   |   209  |   0.59100E-02 |  0.76861E+01  |   0.182E+01 |
   |   53   |   209  |   0.51444E-02 |  0.11557E+02  |   0.655E+00 |
   |   54   |   209  |   0.59243E-02 |  0.76638E+01  |   0.211E+01 |
   |   55   |   209  |   0.49984E-02 |  0.12205E+02  |   0.689E+00 |
   |   56   |   209  |   0.59532E-02 |  0.76579E+01  |   0.248E+01 |
   |   57   |   209  |   0.39396E-02 |  0.12419E+02  |   0.721E+00 |
   |   58   |   209  |   0.59904E-02 |  0.76537E+01  |   0.241E+01 |
   |   59   |   209  |   0.30113E-02 |  0.12424E+02  |   0.710E+00 |
   |   60   |   209  |   0.60116E-02 |  0.76488E+01  |   0.297E+01 |
   |   61   |   209  |   0.30906E-02 |  0.12366E+02  |   0.747E+00 |
   |   62   |   209  |   0.60101E-02 |  0.76408E+01  |   0.314E+01 |
   |   63   |   209  |   0.30682E-02 |  0.12328E+02  |   0.762E+00 |
   |   64   |   209  |   0.60036E-02 |  0.76243E+01  |   0.297E+01 |
   |   65   |   209  |   0.30937E-02 |  0.12296E+02  |   0.755E+00 |
   |   66   |   209  |   0.59914E-02 |  0.76001E+01  |   0.322E+01 |
   |   67   |   209  |   0.31163E-02 |  0.12268E+02  |   0.771E+00 |
   |   68   |   209  |   0.59946E-02 |  0.75970E+01  |   0.326E+01 |
   |   69   |   209  |   0.31455E-02 |  0.12226E+02  |   0.767E+00 |
   |   70   |   209  |   0.59962E-02 |  0.75909E+01  |   0.333E+01 |
   |   71   |   209  |   0.31250E-02 |  0.12187E+02  |   0.772E+00 |
   |   72   |   209  |   0.59923E-02 |  0.75768E+01  |   0.336E+01 |
   |   73   |   209  |   0.31063E-02 |  0.12145E+02  |   0.776E+00 |
   |   74   |   209  |   0.59399E-02 |  0.75512E+01  |   0.342E+01 |
   |   75   |   209  |   0.31071E-02 |  0.12105E+02  |   0.782E+00 |
   |   76   |   209  |   0.59792E-02 |  0.75453E+01  |   0.361E+01 |
   |   77   |   209  |   0.31652E-02 |  0.12075E+02  |   0.785E+00 |
   |   78   |   209  |   0.59834E-02 |  0.75456E+01  |   0.368E+01 |
   |   79   |   209  |   0.31987E-02 |  0.12054E+02  |   0.787E+00 |
   |   80   |   209  |   0.59875E-02 |  0.75459E+01  |   0.371E+01 |
   |   81   |   209  |   0.31922E-02 |  0.12036E+02  |   0.788E+00 |
   |   82   |   209  |   0.59921E-02 |  0.75461E+01  |   0.375E+01 |
   |   83   |   209  |   0.31955E-02 |  0.12019E+02  |   0.790E+00 |
   |   84   |   209  |   0.59969E-02 |  0.75462E+01  |   0.381E+01 |
   |   85   |   209  |   0.32124E-02 |  0.12003E+02  |   0.793E+00 |
   |   86   |   209  |   0.60013E-02 |  0.75463E+01  |   0.387E+01 |
   |   87   |   209  |   0.31735E-02 |  0.11992E+02  |   0.795E+00 |
   |   88   |   209  |   0.60060E-02 |  0.75463E+01  |   0.396E+01 |
   |   89   |   209  |   0.31045E-02 |  0.11984E+02  |   0.799E+00 |
   |   90   |   209  |   0.60111E-02 |  0.75464E+01  |   0.406E+01 |
   |   91   |   209  |   0.30814E-02 |  0.11973E+02  |   0.803E+00 |
   |   92   |   209  |   0.60161E-02 |  0.75463E+01  |   0.414E+01 |
   |   93   |   209  |   0.29990E-02 |  0.11961E+02  |   0.806E+00 |
   |   94   |   209  |   0.60217E-02 |  0.75463E+01  |   0.423E+01 |
   |   95   |   209  |   0.29152E-02 |  0.11944E+02  |   0.809E+00 |
   |   96   |   209  |   0.60274E-02 |  0.75463E+01  |   0.432E+01 |
   |   97   |   209  |   0.28931E-02 |  0.11924E+02  |   0.812E+00 |
   |   98   |   209  |   0.60319E-02 |  0.75463E+01  |   0.439E+01 |
   |   99   |   209  |   0.28975E-02 |  0.11909E+02  |   0.815E+00 |
   |  100   |   209  |   0.60351E-02 |  0.75463E+01  |   0.443E+01 |
   |  101   |   209  |   0.29140E-02 |  0.11898E+02  |   0.816E+00 |
   |  102   |   209  |   0.60373E-02 |  0.75463E+01  |   0.446E+01 |
   |  103   |   209  |   0.29331E-02 |  0.11888E+02  |   0.817E+00 |
   |  104   |   209  |   0.60391E-02 |  0.75463E+01  |   0.447E+01 |
   |  105   |   209  |   0.29507E-02 |  0.11879E+02  |   0.818E+00 |
   |  106   |   209  |   0.60405E-02 |  0.75463E+01  |   0.448E+01 |
   |  107   |   209  |   0.29668E-02 |  0.11871E+02  |   0.818E+00 |
   |  108   |   209  |   0.60418E-02 |  0.75463E+01  |   0.449E+01 |
   |  109   |   209  |   0.29818E-02 |  0.11863E+02  |   0.818E+00 |
   |  110   |   209  |   0.60428E-02 |  0.75463E+01  |   0.449E+01 |
   |  111   |   209  |   0.29955E-02 |  0.11856E+02  |   0.818E+00 |
   |  112   |   209  |   0.60437E-02 |  0.75463E+01  |   0.450E+01 |
   |  113   |   209  |   0.30080E-02 |  0.11850E+02  |   0.818E+00 |
   |  114   |   209  |   0.60446E-02 |  0.75463E+01  |   0.450E+01 |
   |  115   |   209  |   0.30195E-02 |  0.11844E+02  |   0.818E+00 |
   |  116   |   209  |   0.60454E-02 |  0.75464E+01  |   0.450E+01 |
   |  117   |   209  |   0.30301E-02 |  0.11838E+02  |   0.818E+00 |
   |  118   |   209  |   0.60461E-02 |  0.75464E+01  |   0.451E+01 |
   |  119   |   209  |   0.30400E-02 |  0.11833E+02  |   0.818E+00 |
   |  120   |   209  |   0.60469E-02 |  0.75464E+01  |   0.451E+01 |
   |  121   |   209  |   0.30494E-02 |  0.11828E+02  |   0.819E+00 |
   |  122   |   209  |   0.60476E-02 |  0.75464E+01  |   0.451E+01 |
   |  123   |   209  |   0.30585E-02 |  0.11822E+02  |   0.819E+00 |
   |  124   |   209  |   0.60484E-02 |  0.75464E+01  |   0.451E+01 |
   |  125   |   209  |   0.30673E-02 |  0.11817E+02  |   0.819E+00 |
   |  126   |   209  |   0.60492E-02 |  0.75464E+01  |   0.451E+01 |
   |  127   |   209  |   0.30759E-02 |  0.11811E+02  |   0.819E+00 |
   |  128   |   209  |   0.60502E-02 |  0.75464E+01  |   0.451E+01 |
   |  129   |   209  |   0.30843E-02 |  0.11804E+02  |   0.819E+00 |
   |  130   |   209  |   0.60512E-02 |  0.75465E+01  |   0.451E+01 |
   |  131   |   209  |   0.30928E-02 |  0.11797E+02  |   0.819E+00 |
   |  132   |   209  |   0.60523E-02 |  0.75465E+01  |   0.452E+01 |
   |  133   |   209  |   0.31015E-02 |  0.11788E+02  |   0.819E+00 |
   |  134   |   209  |   0.60536E-02 |  0.75465E+01  |   0.452E+01 |
   |  135   |   209  |   0.31105E-02 |  0.11779E+02  |   0.819E+00 |
   |  136   |   209  |   0.60550E-02 |  0.75465E+01  |   0.453E+01 |
   |  137   |   209  |   0.31185E-02 |  0.11768E+02  |   0.819E+00 |
   |  138   |   209  |   0.60566E-02 |  0.75465E+01  |   0.453E+01 |
   |  139   |   209  |   0.31217E-02 |  0.11755E+02  |   0.819E+00 |
   |  140   |   209  |   0.60584E-02 |  0.75466E+01  |   0.452E+01 |
   |  141   |   209  |   0.31244E-02 |  0.11741E+02  |   0.819E+00 |
   |  142   |   209  |   0.60604E-02 |  0.75466E+01  |   0.450E+01 |
   |  143   |   209  |   0.31407E-02 |  0.11726E+02  |   0.818E+00 |
   |  144   |   209  |   0.60624E-02 |  0.75466E+01  |   0.450E+01 |
   |  145   |   209  |   0.31607E-02 |  0.11710E+02  |   0.818E+00 |
   |  146   |   209  |   0.60646E-02 |  0.75467E+01  |   0.450E+01 |
   |  147   |   209  |   0.31734E-02 |  0.11693E+02  |   0.819E+00 |
   |  148   |   209  |   0.60670E-02 |  0.75467E+01  |   0.450E+01 |
   |  149   |   209  |   0.31705E-02 |  0.11675E+02  |   0.819E+00 |
   |  150   |   209  |   0.60696E-02 |  0.75467E+01  |   0.449E+01 |
   |  151   |   209  |   0.31682E-02 |  0.11657E+02  |   0.818E+00 |
   |  152   |   209  |   0.60722E-02 |  0.75468E+01  |   0.447E+01 |
   |  153   |   209  |   0.31861E-02 |  0.11642E+02  |   0.817E+00 |
   |  154   |   209  |   0.60745E-02 |  0.75468E+01  |   0.447E+01 |
   |  155   |   209  |   0.32068E-02 |  0.11629E+02  |   0.817E+00 |
   |  156   |   209  |   0.60764E-02 |  0.75468E+01  |   0.447E+01 |
   |  157   |   209  |   0.32251E-02 |  0.11618E+02  |   0.818E+00 |
   |  158   |   209  |   0.60782E-02 |  0.75468E+01  |   0.447E+01 |
   |  159   |   209  |   0.32314E-02 |  0.11608E+02  |   0.818E+00 |
   |  160   |   209  |   0.60799E-02 |  0.75468E+01  |   0.446E+01 |
   |  161   |   209  |   0.32154E-02 |  0.11598E+02  |   0.817E+00 |
   |  162   |   209  |   0.60814E-02 |  0.75468E+01  |   0.443E+01 |
   |  163   |   209  |   0.32324E-02 |  0.11590E+02  |   0.816E+00 |
   |  164   |   209  |   0.60827E-02 |  0.75468E+01  |   0.443E+01 |
   |  165   |   209  |   0.32572E-02 |  0.11583E+02  |   0.816E+00 |
   |  166   |   209  |   0.60837E-02 |  0.75468E+01  |   0.443E+01 |
   |  167   |   209  |   0.32633E-02 |  0.11576E+02  |   0.816E+00 |
   |  168   |   209  |   0.60848E-02 |  0.75468E+01  |   0.443E+01 |
   |  169   |   209  |   0.32226E-02 |  0.11569E+02  |   0.816E+00 |
   |  170   |   209  |   0.60860E-02 |  0.75468E+01  |   0.442E+01 |
   |  171   |   209  |   0.31693E-02 |  0.11563E+02  |   0.816E+00 |
   |  172   |   209  |   0.60871E-02 |  0.75468E+01  |   0.445E+01 |
   |  173   |   209  |   0.31657E-02 |  0.11556E+02  |   0.817E+00 |
   |  174   |   209  |   0.60880E-02 |  0.75468E+01  |   0.447E+01 |
   |  175   |   209  |   0.31969E-02 |  0.11547E+02  |   0.817E+00 |
   |  176   |   209  |   0.60888E-02 |  0.75468E+01  |   0.443E+01 |
   |  177   |   209  |   0.32164E-02 |  0.11540E+02  |   0.816E+00 |
   |  178   |   209  |   0.60895E-02 |  0.75468E+01  |   0.440E+01 |
   |  179   |   209  |   0.32300E-02 |  0.11534E+02  |   0.815E+00 |
   |  180   |   209  |   0.60902E-02 |  0.75468E+01  |   0.438E+01 |
   |  181   |   209  |   0.32407E-02 |  0.11530E+02  |   0.814E+00 |
   |  182   |   209  |   0.60907E-02 |  0.75468E+01  |   0.437E+01 |
   |  183   |   209  |   0.32496E-02 |  0.11526E+02  |   0.814E+00 |
   |  184   |   209  |   0.60912E-02 |  0.75468E+01  |   0.435E+01 |
   |  185   |   209  |   0.32575E-02 |  0.11523E+02  |   0.813E+00 |
   |  186   |   209  |   0.60916E-02 |  0.75468E+01  |   0.434E+01 |
   |  187   |   209  |   0.32644E-02 |  0.11520E+02  |   0.813E+00 |
   |  188   |   209  |   0.60920E-02 |  0.75467E+01  |   0.433E+01 |
   |  189   |   209  |   0.32698E-02 |  0.11518E+02  |   0.812E+00 |
   |  190   |   209  |   0.60923E-02 |  0.75467E+01  |   0.432E+01 |
   |  191   |   209  |   0.32716E-02 |  0.11516E+02  |   0.812E+00 |
   |  192   |   209  |   0.60926E-02 |  0.75467E+01  |   0.431E+01 |
   |  193   |   209  |   0.32633E-02 |  0.11515E+02  |   0.812E+00 |
   |  194   |   209  |   0.60928E-02 |  0.75467E+01  |   0.432E+01 |
   |  195   |   209  |   0.32382E-02 |  0.11515E+02  |   0.812E+00 |
   |  196   |   209  |   0.60930E-02 |  0.75467E+01  |   0.434E+01 |
   |  197   |   209  |   0.32315E-02 |  0.11514E+02  |   0.813E+00 |
   |  198   |   209  |   0.60932E-02 |  0.75467E+01  |   0.434E+01 |
   |  199   |   209  |   0.32387E-02 |  0.11512E+02  |   0.813E+00 |
   |  200   |   209  |   0.60934E-02 |  0.75467E+01  |   0.433E+01 |
   |  201   |   209  |   0.32426E-02 |  0.11510E+02  |   0.812E+00 |

Watson Alpha parameter  0.9000 fitted with rms2 =   1.0000
watson-param =         0.89999998


Potential parameters rounded in accord. with their standart errors

RE12          0              0.9644619500
RE32          0              1.6888847600
alphae        9                102.775528(      39)
AA1           0              1.4885338714
AA3           0              1.9000000000
G1            0             15.0000000000
G2            0             10.0000000000
B1            0         500000.0000000000
B2            0          50000.0000000000
V0            9                   -0.3947(      19)
f001          0                      0.00
f010          0                      0.00
f100          0                      0.00
f002          9                  22330.34(      13)
f011          0                      0.00
f020          0                      0.00
f101          0                      0.00
f110          0                      0.00
f200          0          90761.4084155000
f003          9                   1200.09(     116)
f012          0                      0.00
f021          0                      0.00
f030          0                      0.00
f102          0                      0.00
f111          0                      0.00
f120          0                      0.00
f201          0                      0.00
f210          0                      0.00
f300          0         -51604.4406769000
f004          9                   7527.73(     231)
f013          0                      0.00
f022          0                      0.00
f031          0                      0.00
f040          0                      0.00
f103          0                      0.00
f112          0                      0.00
f121          0                      0.00
f130          0                      0.00
f202          0                      0.00
f211          0                      0.00
f220          0                      0.00
f301          0                      0.00
f310          0                      0.00
f400          0          16600.3646282000
f005          9                   1784.15(    1256)
f014          0                      0.00
f023          0                      0.00
f032          0                      0.00
f041          0                      0.00
f050          0                      0.00
f104          0                      0.00
f113          0                      0.00
f122          0                      0.00
f131          0                      0.00
f140          0                      0.00
f203          0                      0.00
f212          0                      0.00
f221          0                      0.00
f230          0                      0.00
f302          0                      0.00
f311          0                      0.00
f320          0                      0.00
f401          0                      0.00
f410          0                      0.00
f500          0          -7411.0174882800
f006          9                   -675.84(    1863)
f015          0                      0.00
f024          0                      0.00
f033          0                      0.00
f042          0                      0.00
f051          0                      0.00
f060          0                      0.00
f105          0                      0.00
f114          0                      0.00
f123          0                      0.00
f132          0                      0.00
f141          0                      0.00
f150          0                      0.00
f204          0                      0.00
f213          0                      0.00
f222          0                      0.00
f231          0                      0.00
f240          0                      0.00
f303          0                      0.00
f312          0                      0.00
f321          0                      0.00
f330          0                      0.00
f402          0                      0.00
f411          0                      0.00
f420          0                      0.00
f501          0                      0.00
f510          0                      0.00
f600          0           2773.8871919100
f007          9                 -14387.22(    5558)
f016          0                      0.00
f025          0                      0.00
f034          0                      0.00
f043          0                      0.00
f052          0                      0.00
f061          0                      0.00
f070          0                      0.00
f106          0                      0.00
f115          0                      0.00
f124          0                      0.00
f133          0                      0.00
f142          0                      0.00
f151          0                      0.00
f160          0                      0.00
f205          0                      0.00
f214          0                      0.00
f223          0                      0.00
f232          0                      0.00
f241          0                      0.00
f250          0                      0.00
f304          0                      0.00
f313          0                      0.00
f322          0                      0.00
f331          0                      0.00
f340          0                      0.00
f403          0                      0.00
f412          0                      0.00
f421          0                      0.00
f430          0                      0.00
f502          0                      0.00
f511          0                      0.00
f520          0                      0.00
f601          0                      0.00
f610          0                      0.00
f700          0          -5052.6352857200
f008          9                  16738.22(    7247)
f017          0                      0.00
f026          0                      0.00
f035          0                      0.00
f044          0                      0.00
f053          0                      0.00
f062          0                      0.00
f071          0                      0.00
f080          0                      0.00
f107          0                      0.00
f116          0                      0.00
f125          0                      0.00
f134          0                      0.00
f143          0                      0.00
f152          0                      0.00
f161          0                      0.00
f170          0                      0.00
f206          0                      0.00
f215          0                      0.00
f224          0                      0.00
f233          0                      0.00
f242          0                      0.00
f251          0                      0.00
f260          0                      0.00
f305          0                      0.00
f314          0                      0.00
f323          0                      0.00
f332          0                      0.00
f341          0                      0.00
f350          0                      0.00
f404          0                      0.00
f413          0                      0.00
f422          0                      0.00
f431          0                      0.00
f440          0                      0.00
f503          0                      0.00
f512          0                      0.00
f521          0                      0.00
f530          0                      0.00
f602          0                      0.00
f611          0                      0.00
f620          0                      0.00
f701          0                      0.00
f710          0                      0.00
f800          0         -15774.7919747000
f009          9                  26862.74(   10600)
f018          0                      0.00
f027          0                      0.00
f036          0                      0.00
f045          0                      0.00
f054          0                      0.00
f063          0                      0.00
f072          0                      0.00
f081          0                      0.00
f090          0                      0.00
f108          0                      0.00
f117          0                      0.00
f126          0                      0.00
f135          0                      0.00
f144          0                      0.00
f153          0                      0.00
f162          0                      0.00
f171          0                      0.00
f180          0                      0.00
f207          0                      0.00
f216          0                      0.00
f225          0                      0.00
f234          0                      0.00
f243          0                      0.00
f252          0                      0.00
f261          0                      0.00
f270          0                      0.00
f306          0                      0.00
f315          0                      0.00
f324          0                      0.00
f333          0                      0.00
f342          0                      0.00
f351          0                      0.00
f360          0                      0.00
f405          0                      0.00
f414          0                      0.00
f423          0                      0.00
f432          0                      0.00
f441          0                      0.00
f450          0                      0.00
f504          0                      0.00
f513          0                      0.00
f522          0                      0.00
f531          0                      0.00
f540          0                      0.00
f603          0                      0.00
f612          0                      0.00
f621          0                      0.00
f630          0                      0.00
f702          0                      0.00
f711          0                      0.00
f720          0                      0.00
f801          0                      0.00
f810          0                      0.00
f900          0                      0.00
f0010         9                 -28005.30(   13054)
f019          0                      0.00
f028          0                      0.00
f037          0                      0.00
f046          0                      0.00
f055          0                      0.00
f064          0                      0.00
f073          0                      0.00
f082          0                      0.00
f091          0                      0.00
f0100         0                      0.00
f109          0                      0.00
f118          0                      0.00
f127          0                      0.00
f136          0                      0.00
f145          0                      0.00
f154          0                      0.00
f163          0                      0.00
f172          0                      0.00
f181          0                      0.00
f190          0                      0.00
f208          0                      0.00
f217          0                      0.00
f226          0                      0.00
f235          0                      0.00
f244          0                      0.00
f253          0                      0.00
f262          0                      0.00
f271          0                      0.00
f280          0                      0.00
f307          0                      0.00
f316          0                      0.00
f325          0                      0.00
f334          0                      0.00
f343          0                      0.00
f352          0                      0.00
f361          0                      0.00
f370          0                      0.00
f406          0                      0.00
f415          0                      0.00
f424          0                      0.00
f433          0                      0.00
f442          0                      0.00
f451          0                      0.00
f460          0                      0.00
f505          0                      0.00
f514          0                      0.00
f523          0                      0.00
f532          0                      0.00
f541          0                      0.00
f550          0                      0.00
f604          0                      0.00
f613          0                      0.00
f622          0                      0.00
f631          0                      0.00
f640          0                      0.00
f703          0                      0.00
f712          0                      0.00
f721          0                      0.00
f730          0                      0.00
f802          0                      0.00
f811          0                      0.00
f820          0                      0.00
f901          0                      0.00
f910          0                      0.00
f1000         0                      0.00
f0011         9                 -21883.86(    7286)
f0110         0                      0.00
f029          0                      0.00
f038          0                      0.00
f047          0                      0.00
f056          0                      0.00
f065          0                      0.00
f074          0                      0.00
f083          0                      0.00
f092          0                      0.00
f0101         0                      0.00
f0110         0                      0.00
f1010         0                      0.00
f119          0                      0.00
f128          0                      0.00
f137          0                      0.00
f146          0                      0.00
f155          0                      0.00
f164          0                      0.00
f173          0                      0.00
f182          0                      0.00
f191          0                      0.00
f1100         0                      0.00
f209          0                      0.00
f218          0                      0.00
f227          0                      0.00
f236          0                      0.00
f245          0                      0.00
f254          0                      0.00
f263          0                      0.00
f272          0                      0.00
f281          0                      0.00
f290          0                      0.00
f308          0                      0.00
f317          0                      0.00
f326          0                      0.00
f335          0                      0.00
f344          0                      0.00
f353          0                      0.00
f362          0                      0.00
f371          0                      0.00
f380          0                      0.00
f407          0                      0.00
f416          0                      0.00
f425          0                      0.00
f434          0                      0.00
f443          0                      0.00
f452          0                      0.00
f461          0                      0.00
f470          0                      0.00
f506          0                      0.00
f515          0                      0.00
f524          0                      0.00
f533          0                      0.00
f542          0                      0.00
f551          0                      0.00
f560          0                      0.00
f605          0                      0.00
f614          0                      0.00
f623          0                      0.00
f632          0                      0.00
f641          0                      0.00
f650          0                      0.00
f704          0                      0.00
f713          0                      0.00
f722          0                      0.00
f731          0                      0.00
f740          0                      0.00
f803          0                      0.00
f812          0                      0.00
f821          0                      0.00
f830          0                      0.00
f902          0                      0.00
f911          0                      0.00
f920          0                      0.00
f1001         0                      0.00
f1010         0                      0.00
f1100         0                      0.00
f0012         9                  30773.19(    8722)
f0111         0                      0.00
f0210         0                      0.00
f039          0                      0.00
f048          0                      0.00
f057          0                      0.00
f066          0                      0.00
f075          0                      0.00
f084          0                      0.00
f093          0                      0.00
f0102         0                      0.00
f0111         0                      0.00
f0120         0                      0.00
f1011         0                      0.00
f1110         0                      0.00
f129          0                      0.00
f138          0                      0.00
f147          0                      0.00
f156          0                      0.00
f165          0                      0.00
f174          0                      0.00
f183          0                      0.00
f192          0                      0.00
f1101         0                      0.00
f1110         0                      0.00
f2010         0                      0.00
f219          0                      0.00
f228          0                      0.00
f237          0                      0.00
f246          0                      0.00
f255          0                      0.00
f264          0                      0.00
f273          0                      0.00
f282          0                      0.00
f291          0                      0.00
f2100         0                      0.00
f309          0                      0.00
f318          0                      0.00
f327          0                      0.00
f336          0                      0.00
f345          0                      0.00
f354          0                      0.00
f363          0                      0.00
f372          0                      0.00
f381          0                      0.00
f390          0                      0.00
f408          0                      0.00
f417          0                      0.00
f426          0                      0.00
f435          0                      0.00
f444          0                      0.00
f453          0                      0.00
f462          0                      0.00
f471          0                      0.00
f480          0                      0.00
f507          0                      0.00
f516          0                      0.00
f525          0                      0.00
f534          0                      0.00
f543          0                      0.00
f552          0                      0.00
f561          0                      0.00
f570          0                      0.00
f606          0                      0.00
f615          0                      0.00
f624          0                      0.00
f633          0                      0.00
f642          0                      0.00
f651          0                      0.00
f660          0                      0.00
f705          0                      0.00
f714          0                      0.00
f723          0                      0.00
f732          0                      0.00
f741          0                      0.00
f750          0                      0.00
f804          0                      0.00
f813          0                      0.00
f822          0                      0.00
f831          0                      0.00
f840          0                      0.00
f903          0                      0.00
f912          0                      0.00
f921          0                      0.00
f930          0                      0.00
f1002         0                      0.00
f1011         0                      0.00
f1020         0                      0.00
f1101         0                      0.00
f1110         0                      0.00
f1200         0                      0.00

Correlation coefficients larger than 0.9: 
          corr( 1, 4) =  0.9505346
          corr( 1, 6) =  0.9066108
          corr( 3, 5) =  0.9057863
          corr( 4, 6) =  0.9912612
          corr( 4, 8) =  0.9785585
          corr( 4,10) =  0.9650680
          corr( 4,12) =  0.9510085
          corr( 5, 7) =  0.9435052
          corr( 6, 8) =  0.9967773
          corr( 6,10) =  0.9895538
          corr( 6,12) =  0.9798918
          corr( 7, 9) =  0.9729429
          corr( 7,11) =  0.9223748
          corr( 8,10) =  0.9978061
          corr( 8,12) =  0.9921987
          corr( 9,11) =  0.9861926
          corr( 9,13) =  0.9571994
          corr(10,12) =  0.9982290
          corr(11,13) =  0.9917072

               --------------------------------------------------------------------------------
               :     old parm   :     new parm   :  delta parm  :   std. err.  : sensitility
               --------------------------------------------------------------------------------
  1  alphae      :          102.7703  :          102.7755  :            0.0052:            0.0039:            0.0000: 
  2  V0          :           -0.3357  :           -0.3947  :           -0.0590:            0.1931:            0.0000: 
  3  f002        :        22327.1824  :        22330.3377  :            3.1552:           12.7227:            0.0001: 
  4  f003        :         1375.8744  :         1200.0932  :         -175.7812:          115.8117:            0.0002: 
  5  f004        :         7504.3765  :         7527.7289  :           23.3524:          230.9253:            0.0003: 
  6  f005        :         -218.6096  :         1784.1476  :         2002.7572:         1255.9291:            0.0005: 
  7##f006        :          258.4125  :         -675.8368  :         -934.2493:         1863.4276:            0.0007: #
  8  f007        :        -5219.0030  :       -14387.2170  :        -9168.2140:         5557.7269:            0.0011: 
  9  f008        :        10832.0993  :        16738.2214  :         5906.1221:         7246.9265:            0.0016: 
 10  f009        :         8973.3639  :        26862.7367  :        17889.3729:        10599.6088:            0.0022: 
 11  f0010       :       -14420.6348  :       -28005.3004  :       -13584.6656:        13053.6494:            0.0031: 
 12  f0011       :        -9506.0973  :       -21883.8585  :       -12377.7612:         7285.6498:            0.0042: 
 13  f0012       :        20397.0350  :        30773.1891  :        10376.1541:         8721.9948:            0.0057: 

   -----------------------------------------------------------
   | param  | points |   deviat    |    rms      | stability |
   -----------------------------------------------------------
   |   13   |   209  |   0.32426E-02 |  0.11510E+02  |   0.812E+00 |

############################################################################################
