       200 <= number of iterations in the fit
  0.000010 <= The fit is over if the stability is reached 
  1.000000 <= Scale factor 
  0.001000 <= stdev parameter out 
         2 <= watson robust on (1) or of (0) 
0     ************ potential energy expansion coefficients (cm-1) ************


  RE12       =           0.964  RE32       =           1.689  alphae     =         102.800
  AA1        =           1.489  AA3        =           1.900  G1         =          15.000
  G2         =          10.000  B1         =           0.000  B2         =           0.000
  V0         =           2.341  f001       =           0.000  f010       =           0.000
  f100       =           0.000  f002       =       22059.335  f011       =           0.000
  f020       =           0.000  f101       =           0.000  f110       =           0.000
  f200       =           0.000  f003       =           0.000  f012       =           0.000
  f021       =           0.000  f030       =           0.000  f102       =           0.000
  f111       =           0.000  f120       =           0.000  f201       =           0.000
  f210       =           0.000  f300       =           0.000  f004       =           0.000
  f013       =           0.000  f022       =           0.000  f031       =           0.000
  f040       =           0.000  f103       =           0.000  f112       =           0.000
  f121       =           0.000  f130       =           0.000  f202       =           0.000
  f211       =           0.000  f220       =           0.000  f301       =           0.000
  f310       =           0.000  f400       =           0.000  f005       =           0.000
  f014       =           0.000  f023       =           0.000  f032       =           0.000
  f041       =           0.000  f050       =           0.000  f104       =           0.000
  f113       =           0.000  f122       =           0.000  f131       =           0.000
  f140       =           0.000  f203       =           0.000  f212       =           0.000
  f221       =           0.000  f230       =           0.000  f302       =           0.000
  f311       =           0.000  f320       =           0.000  f401       =           0.000
  f410       =           0.000  f500       =           0.000  f006       =           0.000
  f015       =           0.000  f024       =           0.000  f033       =           0.000
  f042       =           0.000  f051       =           0.000  f060       =           0.000
  f105       =           0.000  f114       =           0.000  f123       =           0.000
  f132       =           0.000  f141       =           0.000  f150       =           0.000
  f204       =           0.000  f213       =           0.000  f222       =           0.000
  f231       =           0.000  f240       =           0.000  f303       =           0.000
  f312       =           0.000  f321       =           0.000  f330       =           0.000
  f402       =           0.000  f411       =           0.000  f420       =           0.000
  f501       =           0.000  f510       =           0.000  f600       =           0.000
  f007       =           0.000  f016       =           0.000  f025       =           0.000
  f034       =           0.000  f043       =           0.000  f052       =           0.000
  f061       =           0.000  f070       =           0.000  f106       =           0.000
  f115       =           0.000  f124       =           0.000  f133       =           0.000
  f142       =           0.000  f151       =           0.000  f160       =           0.000
  f205       =           0.000  f214       =           0.000  f223       =           0.000
  f232       =           0.000  f241       =           0.000  f250       =           0.000
  f304       =           0.000  f313       =           0.000  f322       =           0.000
  f331       =           0.000  f340       =           0.000  f403       =           0.000
  f412       =           0.000  f421       =           0.000  f430       =           0.000
  f502       =           0.000  f511       =           0.000  f520       =           0.000
  f601       =           0.000  f610       =           0.000  f700       =           0.000
  f008       =           0.000  f017       =           0.000  f026       =           0.000
  f035       =           0.000  f044       =           0.000  f053       =           0.000
  f062       =           0.000  f071       =           0.000  f080       =           0.000
  f107       =           0.000  f116       =           0.000  f125       =           0.000
  f134       =           0.000  f143       =           0.000  f152       =           0.000
  f161       =           0.000  f170       =           0.000  f206       =           0.000
  f215       =           0.000  f224       =           0.000  f233       =           0.000
  f242       =           0.000  f251       =           0.000  f260       =           0.000
  f305       =           0.000  f314       =           0.000  f323       =           0.000
  f332       =           0.000  f341       =           0.000  f350       =           0.000
  f404       =           0.000  f413       =           0.000  f422       =           0.000
  f431       =           0.000  f440       =           0.000  f503       =           0.000
  f512       =           0.000  f521       =           0.000  f530       =           0.000
  f602       =           0.000  f611       =           0.000  f620       =           0.000
  f701       =           0.000  f710       =           0.000  f800       =           0.000
  f009       =           0.000  f018       =           0.000  f027       =           0.000
  f036       =           0.000  f045       =           0.000  f054       =           0.000
  f063       =           0.000  f072       =           0.000  f081       =           0.000
  f090       =           0.000  f108       =           0.000  f117       =           0.000
  f126       =           0.000  f135       =           0.000  f144       =           0.000
  f153       =           0.000  f162       =           0.000  f171       =           0.000
  f180       =           0.000  f207       =           0.000  f216       =           0.000
  f225       =           0.000  f234       =           0.000  f243       =           0.000
  f252       =           0.000  f261       =           0.000  f270       =           0.000
  f306       =           0.000  f315       =           0.000  f324       =           0.000
  f333       =           0.000  f342       =           0.000  f351       =           0.000
  f360       =           0.000  f405       =           0.000  f414       =           0.000
  f423       =           0.000  f432       =           0.000  f441       =           0.000
  f450       =           0.000  f504       =           0.000  f513       =           0.000
  f522       =           0.000  f531       =           0.000  f540       =           0.000
  f603       =           0.000  f612       =           0.000  f621       =           0.000
  f630       =           0.000  f702       =           0.000  f711       =           0.000
  f720       =           0.000  f801       =           0.000  f810       =           0.000
  f900       =           0.000  f0010      =           0.000  f019       =           0.000
  f028       =           0.000  f037       =           0.000  f046       =           0.000
  f055       =           0.000  f064       =           0.000  f073       =           0.000
  f082       =           0.000  f091       =           0.000  f0100      =           0.000
  f109       =           0.000  f118       =           0.000  f127       =           0.000
  f136       =           0.000  f145       =           0.000  f154       =           0.000
  f163       =           0.000  f172       =           0.000  f181       =           0.000
  f190       =           0.000  f208       =           0.000  f217       =           0.000
  f226       =           0.000  f235       =           0.000  f244       =           0.000
  f253       =           0.000  f262       =           0.000  f271       =           0.000
  f280       =           0.000  f307       =           0.000  f316       =           0.000
  f325       =           0.000  f334       =           0.000  f343       =           0.000
  f352       =           0.000  f361       =           0.000  f370       =           0.000
  f406       =           0.000  f415       =           0.000  f424       =           0.000
  f433       =           0.000  f442       =           0.000  f451       =           0.000
  f460       =           0.000  f505       =           0.000  f514       =           0.000
  f523       =           0.000  f532       =           0.000  f541       =           0.000
  f550       =           0.000  f604       =           0.000  f613       =           0.000
  f622       =           0.000  f631       =           0.000  f640       =           0.000
  f703       =           0.000  f712       =           0.000  f721       =           0.000
  f730       =           0.000  f802       =           0.000  f811       =           0.000
  f820       =           0.000  f901       =           0.000  f910       =           0.000
  f1000      =           0.000  f0011      =           0.000  f0110      =           0.000
  f029       =           0.000  f038       =           0.000  f047       =           0.000
  f056       =           0.000  f065       =           0.000  f074       =           0.000
  f083       =           0.000  f092       =           0.000  f0101      =           0.000
  f0110      =           0.000  f1010      =           0.000  f119       =           0.000
  f128       =           0.000  f137       =           0.000  f146       =           0.000
  f155       =           0.000  f164       =           0.000  f173       =           0.000
  f182       =           0.000  f191       =           0.000  f1100      =           0.000
  f209       =           0.000  f218       =           0.000  f227       =           0.000
  f236       =           0.000  f245       =           0.000  f254       =           0.000
  f263       =           0.000  f272       =           0.000  f281       =           0.000
  f290       =           0.000  f308       =           0.000  f317       =           0.000
  f326       =           0.000  f335       =           0.000  f344       =           0.000
  f353       =           0.000  f362       =           0.000  f371       =           0.000
  f380       =           0.000  f407       =           0.000  f416       =           0.000
  f425       =           0.000  f434       =           0.000  f443       =           0.000
  f452       =           0.000  f461       =           0.000  f470       =           0.000
  f506       =           0.000  f515       =           0.000  f524       =           0.000
  f533       =           0.000  f542       =           0.000  f551       =           0.000
  f560       =           0.000  f605       =           0.000  f614       =           0.000
  f623       =           0.000  f632       =           0.000  f641       =           0.000
  f650       =           0.000  f704       =           0.000  f713       =           0.000
  f722       =           0.000  f731       =           0.000  f740       =           0.000
  f803       =           0.000  f812       =           0.000  f821       =           0.000
  f830       =           0.000  f902       =           0.000  f911       =           0.000
  f920       =           0.000  f1001      =           0.000  f1010      =           0.000
  f1100      =           0.000  f0012      =           0.000  f0111      =           0.000
  f0210      =           0.000  f039       =           0.000  f048       =           0.000
  f057       =           0.000  f066       =           0.000  f075       =           0.000
  f084       =           0.000  f093       =           0.000  f0102      =           0.000
  f0111      =           0.000  f0120      =           0.000  f1011      =           0.000
  f1110      =           0.000  f129       =           0.000  f138       =           0.000
  f147       =           0.000  f156       =           0.000  f165       =           0.000
  f174       =           0.000  f183       =           0.000  f192       =           0.000
  f1101      =           0.000  f1110      =           0.000  f2010      =           0.000
  f219       =           0.000  f228       =           0.000  f237       =           0.000
  f246       =           0.000  f255       =           0.000  f264       =           0.000
  f273       =           0.000  f282       =           0.000  f291       =           0.000
  f2100      =           0.000  f309       =           0.000  f318       =           0.000
  f327       =           0.000  f336       =           0.000  f345       =           0.000
  f354       =           0.000  f363       =           0.000  f372       =           0.000
  f381       =           0.000  f390       =           0.000  f408       =           0.000
  f417       =           0.000  f426       =           0.000  f435       =           0.000
  f444       =           0.000  f453       =           0.000  f462       =           0.000
  f471       =           0.000  f480       =           0.000  f507       =           0.000
  f516       =           0.000  f525       =           0.000  f534       =           0.000
  f543       =           0.000  f552       =           0.000  f561       =           0.000
  f570       =           0.000  f606       =           0.000  f615       =           0.000
  f624       =           0.000  f633       =           0.000  f642       =           0.000
  f651       =           0.000  f660       =           0.000  f705       =           0.000
  f714       =           0.000  f723       =           0.000  f732       =           0.000
  f741       =           0.000  f750       =           0.000  f804       =           0.000
  f813       =           0.000  f822       =           0.000  f831       =           0.000
  f840       =           0.000  f903       =           0.000  f912       =           0.000
  f921       =           0.000  f930       =           0.000  f1002      =           0.000
  f1011      =           0.000  f1020      =           0.000  f1101      =           0.000
  f1110      =           0.000  f1200      =           0.000  

   -----------------------------------------------------------
   |   iter | points |   deviat    |    rms      | stability |
   -----------------------------------------------------------
   |    1   |   209  |   0.60223E+00 |  0.28621E+04  |   0.631E+07 |
   |    2   |   209  |   0.28442E+00 |  0.61186E+02  |   0.197E+04 |
   |    3   |   209  |   0.23222E-01 |  0.64872E+02  |   0.858E+00 |
   |    4   |   209  |   0.96344E-01 |  0.62507E+02  |   0.720E+00 |
   |    5   |   209  |   0.17027E-01 |  0.68714E+02  |   0.194E+00 |
   |    6   |   209  |   0.21014E+00 |  0.63588E+02  |   0.229E+00 |
   |    7   |   209  |   0.15255E-01 |  0.68146E+02  |   0.268E-01 |
   |    8   |   209  |   0.27686E-01 |  0.65094E+02  |   0.386E-01 |
   |    9   |   209  |   0.12666E-01 |  0.67587E+02  |   0.143E+01 |
   |   10   |   209  |   0.20209E+00 |  0.69857E+02  |   0.297E+00 |
   |   11   |   209  |   0.22273E-01 |  0.67185E+02  |   0.770E+00 |
   |   12   |   209  |   0.17425E+00 |  0.79655E+02  |   0.179E+01 |
   |   13   |   209  |   0.19741E-01 |  0.67115E+02  |   0.732E+00 |
   |   14   |   209  |   0.65618E-01 |  0.82135E+02  |   0.256E+01 |
   |   15   |   209  |   0.14084E-01 |  0.67098E+02  |   0.949E+00 |
   |   16   |   209  |   0.16233E+00 |  0.83281E+02  |   0.247E+02 |
   |   17   |   209  |   0.18490E-01 |  0.67031E+02  |   0.699E+00 |
   |   18   |   209  |   0.16046E+00 |  0.84732E+02  |   0.146E+01 |
   |   19   |   209  |   0.19079E-01 |  0.67041E+02  |   0.332E+00 |
   |   20   |   209  |   0.15675E+00 |  0.85014E+02  |   0.537E+00 |
   |   21   |   209  |   0.17542E-01 |  0.67013E+02  |   0.522E+00 |
   |   22   |   209  |   0.15568E+00 |  0.85910E+02  |   0.981E+00 |
   |   23   |   209  |   0.11734E-01 |  0.66994E+02  |   0.255E+00 |
   |   24   |   209  |   0.14855E+00 |  0.87262E+02  |   0.754E+00 |
   |   25   |   209  |   0.14286E-01 |  0.66950E+02  |   0.653E+00 |
   |   26   |   209  |   0.14979E+00 |  0.88253E+02  |   0.928E+00 |
   |   27   |   209  |   0.15640E-01 |  0.67001E+02  |   0.275E+00 |
   |   28   |   209  |   0.15038E+00 |  0.88537E+02  |   0.461E+00 |
   |   29   |   209  |   0.12930E-01 |  0.66992E+02  |   0.357E+00 |
   |   30   |   209  |   0.15030E+00 |  0.89269E+02  |   0.390E+00 |
   |   31   |   209  |   0.15727E-01 |  0.66959E+02  |   0.182E+00 |
   |   32   |   209  |   0.14900E+00 |  0.90489E+02  |   0.446E+00 |
   |   33   |   209  |   0.12250E-01 |  0.66807E+02  |   0.330E+00 |
   |   34   |   209  |   0.14689E+00 |  0.90932E+02  |   0.320E+00 |
   |   35   |   209  |   0.14027E-01 |  0.66824E+02  |   0.170E+00 |
   |   36   |   209  |   0.14668E+00 |  0.91557E+02  |   0.263E+00 |
   |   37   |   209  |   0.13951E-01 |  0.66778E+02  |   0.225E+00 |
   |   38   |   209  |   0.14113E+00 |  0.92938E+02  |   0.334E+00 |
   |   39   |   209  |   0.11395E-01 |  0.66765E+02  |   0.358E+00 |
   |   40   |   209  |   0.12089E+00 |  0.94528E+02  |   0.405E+00 |
   |   41   |   209  |   0.10747E-01 |  0.66683E+02  |   0.435E+00 |
   |   42   |   209  |   0.13705E+00 |  0.94955E+02  |   0.883E+00 |
   |   43   |   209  |   0.11716E-01 |  0.66612E+02  |   0.199E+00 |
   |   44   |   209  |   0.13761E+00 |  0.95195E+02  |   0.210E+00 |
   |   45   |   209  |   0.12374E-01 |  0.66581E+02  |   0.155E+00 |
   |   46   |   209  |   0.13636E+00 |  0.95514E+02  |   0.278E+00 |
   |   47   |   209  |   0.11392E-01 |  0.66582E+02  |   0.199E+00 |
   |   48   |   209  |   0.13618E+00 |  0.96040E+02  |   0.152E+00 |
   |   49   |   209  |   0.12171E-01 |  0.66566E+02  |   0.114E+00 |
   |   50   |   209  |   0.13355E+00 |  0.97161E+02  |   0.238E+00 |
   |   51   |   209  |   0.11455E-01 |  0.66570E+02  |   0.182E+00 |
   |   52   |   209  |   0.13023E+00 |  0.99233E+02  |   0.158E+00 |
   |   53   |   209  |   0.11377E-01 |  0.66560E+02  |   0.124E+00 |
   |   54   |   209  |   0.12452E+00 |  0.10121E+03  |   0.234E+00 |
   |   55   |   209  |   0.11160E-01 |  0.66563E+02  |   0.174E+00 |
   |   56   |   209  |   0.12306E+00 |  0.10165E+03  |   0.146E+00 |
   |   57   |   209  |   0.12243E-01 |  0.66536E+02  |   0.862E-01 |
   |   58   |   209  |   0.12102E+00 |  0.10251E+03  |   0.198E+00 |
   |   59   |   209  |   0.11097E-01 |  0.66488E+02  |   0.164E+00 |
   |   60   |   209  |   0.11381E+00 |  0.10451E+03  |   0.132E+00 |
   |   61   |   209  |   0.10060E-01 |  0.66404E+02  |   0.333E+00 |
   |   62   |   209  |   0.11479E+00 |  0.10511E+03  |   0.559E+00 |
   |   63   |   209  |   0.10885E-01 |  0.66381E+02  |   0.155E+00 |
   |   64   |   209  |   0.11444E+00 |  0.10605E+03  |   0.153E+00 |
   |   65   |   209  |   0.11158E-01 |  0.66377E+02  |   0.104E+00 |
   |   66   |   209  |   0.11194E+00 |  0.10735E+03  |   0.191E+00 |
   |   67   |   209  |   0.10888E-01 |  0.66372E+02  |   0.142E+00 |
   |   68   |   209  |   0.11115E+00 |  0.10797E+03  |   0.117E+00 |
   |   69   |   209  |   0.10791E-01 |  0.66381E+02  |   0.719E-01 |
   |   70   |   209  |   0.10802E+00 |  0.10946E+03  |   0.142E+00 |
   |   71   |   209  |   0.10821E-01 |  0.66383E+02  |   0.165E+00 |
   |   72   |   209  |   0.10655E+00 |  0.11056E+03  |   0.160E+00 |
   |   73   |   209  |   0.10901E-01 |  0.66395E+02  |   0.689E-01 |
   |   74   |   209  |   0.10489E+00 |  0.11086E+03  |   0.121E+00 |
   |   75   |   209  |   0.10798E-01 |  0.66387E+02  |   0.116E+00 |
   |   76   |   209  |   0.10457E+00 |  0.11155E+03  |   0.959E-01 |
   |   77   |   209  |   0.10696E-01 |  0.66400E+02  |   0.558E-01 |
   |   78   |   209  |   0.98055E-01 |  0.11323E+03  |   0.120E+00 |
   |   79   |   209  |   0.10767E-01 |  0.66401E+02  |   0.282E+00 |
   |   80   |   209  |   0.99523E-01 |  0.11386E+03  |   0.351E+00 |
   |   81   |   209  |   0.10506E-01 |  0.66413E+02  |   0.712E-01 |
   |   82   |   209  |   0.98630E-01 |  0.11406E+03  |   0.100E+00 |
   |   83   |   209  |   0.10768E-01 |  0.66402E+02  |   0.120E+00 |
   |   84   |   209  |   0.98721E-01 |  0.11449E+03  |   0.120E+00 |
   |   85   |   209  |   0.98842E-02 |  0.66413E+02  |   0.500E-01 |
   |   86   |   209  |   0.96682E-01 |  0.11539E+03  |   0.840E-01 |
   |   87   |   209  |   0.10772E-01 |  0.66417E+02  |   0.117E+00 |
   |   88   |   209  |   0.94169E-01 |  0.11745E+03  |   0.137E+00 |
   |   89   |   209  |   0.99813E-02 |  0.66430E+02  |   0.935E-01 |
   |   90   |   209  |   0.92310E-01 |  0.11781E+03  |   0.104E+00 |
   |   91   |   209  |   0.10747E-01 |  0.66419E+02  |   0.742E-01 |
   |   92   |   209  |   0.91915E-01 |  0.11847E+03  |   0.909E-01 |
   |   93   |   209  |   0.93293E-02 |  0.66430E+02  |   0.855E-01 |
   |   94   |   209  |   0.87889E-01 |  0.12019E+03  |   0.120E+00 |
   |   95   |   209  |   0.10726E-01 |  0.66439E+02  |   0.139E+00 |
   |   96   |   209  |   0.87095E-01 |  0.12103E+03  |   0.166E+00 |
   |   97   |   209  |   0.92394E-02 |  0.66448E+02  |   0.903E-01 |
   |   98   |   209  |   0.85928E-01 |  0.12148E+03  |   0.726E-01 |
   |   99   |   209  |   0.10754E-01 |  0.66442E+02  |   0.856E-01 |
   |  100   |   209  |   0.83423E-01 |  0.12246E+03  |   0.139E+00 |
   |  101   |   209  |   0.95341E-02 |  0.66446E+02  |   0.137E+00 |
   |  102   |   209  |   0.83333E-01 |  0.12272E+03  |   0.167E+00 |
   |  103   |   209  |   0.10731E-01 |  0.66451E+02  |   0.126E+00 |
   |  104   |   209  |   0.83585E-01 |  0.12306E+03  |   0.143E+00 |
   |  105   |   209  |   0.98019E-02 |  0.66458E+02  |   0.103E+00 |
   |  106   |   209  |   0.81970E-01 |  0.12366E+03  |   0.105E+00 |
   |  107   |   209  |   0.10768E-01 |  0.66456E+02  |   0.118E+00 |
   |  108   |   209  |   0.81172E-01 |  0.12451E+03  |   0.164E+00 |
   |  109   |   209  |   0.90691E-02 |  0.66456E+02  |   0.121E+00 |
   |  110   |   209  |   0.80313E-01 |  0.12468E+03  |   0.130E+00 |
   |  111   |   209  |   0.10712E-01 |  0.66458E+02  |   0.126E+00 |
   |  112   |   209  |   0.80612E-01 |  0.12488E+03  |   0.156E+00 |
   |  113   |   209  |   0.96422E-02 |  0.66465E+02  |   0.120E+00 |
   |  114   |   209  |   0.79916E-01 |  0.12516E+03  |   0.117E+00 |
   |  115   |   209  |   0.10753E-01 |  0.66461E+02  |   0.117E+00 |
   |  116   |   209  |   0.79577E-01 |  0.12574E+03  |   0.165E+00 |
   |  117   |   209  |   0.91155E-02 |  0.66461E+02  |   0.129E+00 |
   |  118   |   209  |   0.77219E-01 |  0.12698E+03  |   0.152E+00 |
   |  119   |   209  |   0.10664E-01 |  0.66464E+02  |   0.153E+00 |
   |  120   |   209  |   0.75659E-01 |  0.12829E+03  |   0.205E+00 |
   |  121   |   209  |   0.94920E-02 |  0.66476E+02  |   0.160E+00 |
   |  122   |   209  |   0.74658E-01 |  0.12857E+03  |   0.164E+00 |
   |  123   |   209  |   0.10709E-01 |  0.66472E+02  |   0.151E+00 |
   |  124   |   209  |   0.74397E-01 |  0.12908E+03  |   0.216E+00 |
   |  125   |   209  |   0.93148E-02 |  0.66473E+02  |   0.173E+00 |
   |  126   |   209  |   0.72311E-01 |  0.13023E+03  |   0.213E+00 |
   |  127   |   209  |   0.10625E-01 |  0.66473E+02  |   0.196E+00 |
   |  128   |   209  |   0.70108E-01 |  0.13197E+03  |   0.277E+00 |
   |  129   |   209  |   0.95205E-02 |  0.66487E+02  |   0.225E+00 |
   |  130   |   209  |   0.68886E-01 |  0.13237E+03  |   0.265E+00 |
   |  131   |   209  |   0.10670E-01 |  0.66485E+02  |   0.220E+00 |
   |  132   |   209  |   0.68153E-01 |  0.13318E+03  |   0.326E+00 |
   |  133   |   209  |   0.95169E-02 |  0.66487E+02  |   0.256E+00 |
   |  134   |   209  |   0.62488E-01 |  0.13501E+03  |   0.355E+00 |
   |  135   |   209  |   0.10607E-01 |  0.66482E+02  |   0.274E+00 |
   |  136   |   209  |   0.64324E-01 |  0.13537E+03  |   0.398E+00 |
   |  137   |   209  |   0.97067E-02 |  0.66497E+02  |   0.306E+00 |
   |  138   |   209  |   0.63953E-01 |  0.13560E+03  |   0.417E+00 |
   |  139   |   209  |   0.10643E-01 |  0.66496E+02  |   0.313E+00 |
   |  140   |   209  |   0.63771E-01 |  0.13607E+03  |   0.494E+00 |
   |  141   |   209  |   0.94482E-02 |  0.66498E+02  |   0.331E+00 |
   |  142   |   209  |   0.62040E-01 |  0.13703E+03  |   0.480E+00 |
   |  143   |   209  |   0.10673E-01 |  0.66484E+02  |   0.362E+00 |
   |  144   |   209  |   0.59456E-01 |  0.13905E+03  |   0.639E+00 |
   |  145   |   209  |   0.87647E-02 |  0.66503E+02  |   0.439E+00 |
   |  146   |   209  |   0.58163E-01 |  0.13941E+03  |   0.715E+00 |
   |  147   |   209  |   0.10732E-01 |  0.66493E+02  |   0.439E+00 |
   |  148   |   209  |   0.57579E-01 |  0.14015E+03  |   0.876E+00 |
   |  149   |   209  |   0.94433E-02 |  0.66504E+02  |   0.489E+00 |
   |  150   |   209  |   0.44078E-01 |  0.14191E+03  |   0.955E+00 |
   |  151   |   209  |   0.10673E-01 |  0.66496E+02  |   0.479E+00 |
   |  152   |   209  |   0.52509E-01 |  0.14253E+03  |   0.967E+00 |
   |  153   |   209  |   0.96972E-02 |  0.66513E+02  |   0.600E+00 |
   |  154   |   209  |   0.51933E-01 |  0.14278E+03  |   0.145E+01 |
   |  155   |   209  |   0.10691E-01 |  0.66513E+02  |   0.617E+00 |
   |  156   |   209  |   0.50949E-01 |  0.14349E+03  |   0.169E+01 |
   |  157   |   209  |   0.89650E-02 |  0.66517E+02  |   0.653E+00 |
   |  158   |   209  |   0.45234E-01 |  0.14490E+03  |   0.183E+01 |
   |  159   |   209  |   0.10871E-01 |  0.66503E+02  |   0.737E+00 |
   |  160   |   209  |   0.37761E-01 |  0.14641E+03  |   0.300E+01 |
   |  161   |   209  |   0.92602E-02 |  0.66518E+02  |   0.811E+00 |
   |  162   |   209  |   0.28001E-01 |  0.14694E+03  |   0.414E+01 |
   |  163   |   209  |   0.10944E-01 |  0.66505E+02  |   0.842E+00 |
   |  164   |   209  |   0.21979E-01 |  0.14832E+03  |   0.556E+01 |
   |  165   |   209  |   0.87311E-02 |  0.66523E+02  |   0.858E+00 |
   |  166   |   209  |   0.27101E-01 |  0.14862E+03  |   0.579E+01 |
   |  167   |   209  |   0.11060E-01 |  0.66513E+02  |   0.836E+00 |
   |  168   |   209  |   0.33387E-01 |  0.14960E+03  |   0.525E+01 |
   |  169   |   209  |   0.94684E-02 |  0.66525E+02  |   0.819E+00 |
   |  170   |   209  |   0.35692E-01 |  0.14959E+03  |   0.436E+01 |
   |  171   |   209  |   0.11059E-01 |  0.66509E+02  |   0.797E+00 |
   |  172   |   209  |   0.36734E-01 |  0.15001E+03  |   0.395E+01 |
   |  173   |   209  |   0.94238E-02 |  0.66526E+02  |   0.793E+00 |
   |  174   |   209  |   0.38464E-01 |  0.15021E+03  |   0.377E+01 |
   |  175   |   209  |   0.11096E-01 |  0.66523E+02  |   0.765E+00 |
   |  176   |   209  |   0.40606E-01 |  0.15106E+03  |   0.323E+01 |
   |  177   |   209  |   0.92367E-02 |  0.66530E+02  |   0.732E+00 |
   |  178   |   209  |   0.27810E-01 |  0.15232E+03  |   0.263E+01 |
   |  179   |   209  |   0.11202E-01 |  0.66515E+02  |   0.514E+00 |
   |  180   |   209  |   0.40852E-01 |  0.15325E+03  |   0.664E+00 |
   |  181   |   209  |   0.88414E-02 |  0.66531E+02  |   0.489E+00 |
   |  182   |   209  |   0.40332E-01 |  0.15329E+03  |   0.796E+00 |
   |  183   |   209  |   0.11268E-01 |  0.66520E+02  |   0.418E+00 |
   |  184   |   209  |   0.41340E-01 |  0.15410E+03  |   0.370E+00 |
   |  185   |   209  |   0.92691E-02 |  0.66532E+02  |   0.236E+00 |
   |  186   |   209  |   0.38849E-01 |  0.15472E+03  |   0.147E+00 |
   |  187   |   209  |   0.10579E-01 |  0.66517E+02  |   0.754E-01 |
   |  188   |   209  |   0.37511E-01 |  0.15698E+03  |   0.358E+00 |
   |  189   |   209  |   0.91089E-02 |  0.66535E+02  |   0.918E+00 |
   |  190   |   209  |   0.22113E-01 |  0.15683E+03  |   0.264E+00 |
   |  191   |   209  |   0.11882E-01 |  0.66526E+02  |   0.706E+00 |
   |  192   |   209  |   0.36033E-01 |  0.15840E+03  |   0.228E+01 |
   |  193   |   209  |   0.97757E-02 |  0.66538E+02  |   0.123E+00 |
   |  194   |   209  |   0.25148E-01 |  0.15955E+03  |   0.519E+00 |
   |  195   |   209  |   0.12441E-01 |  0.66522E+02  |   0.622E+00 |
   |  196   |   209  |   0.27162E-01 |  0.16118E+03  |   0.203E+01 |
   |  197   |   209  |   0.98598E-02 |  0.66538E+02  |   0.424E+00 |
   |  198   |   209  |   0.32424E-01 |  0.16130E+03  |   0.882E+00 |
   |  199   |   209  |   0.13318E-01 |  0.66527E+02  |   0.484E+00 |
   |  200   |   209  |   0.25942E-01 |  0.16376E+03  |   0.105E+01 |
   |  201   |   209  |   0.10021E-01 |  0.66533E+02  |   0.484E+00 |

Watson Alpha parameter  0.9000 fitted with rms2 =   1.0000
watson-param =         0.89999998


Potential parameters rounded in accord. with their standart errors

RE12          0              0.9644619500
RE32          0              1.6888847600
alphae        9                 102.78129(      39)
AA1           0              1.4885338714
AA3           0              1.9000000000
G1            0             15.0000000000
G2            0             10.0000000000
B1            0                      0.00
B2            0                      0.00
V0            9                     0.698(      37)
f001          0                      0.00
f010          0                      0.00
f100          0                      0.00
f002          9                  22225.52(     355)
f011          0                      0.00
f020          0                      0.00
f101          0                      0.00
f110          0                      0.00
f200          0                      0.00
f003          9                   1236.93(     474)
f012          0                      0.00
f021          0                      0.00
f030          0                      0.00
f102          0                      0.00
f111          0                      0.00
f120          0                      0.00
f201          0                      0.00
f210          0                      0.00
f300          0                      0.00
f004          9                   8761.80(    3977)
f013          0                      0.00
f022          0                      0.00
f031          0                      0.00
f040          0                      0.00
f103          0                      0.00
f112          0                      0.00
f121          0                      0.00
f130          0                      0.00
f202          0                      0.00
f211          0                      0.00
f220          0                      0.00
f301          0                      0.00
f310          0                      0.00
f400          0                      0.00
f005          9                    170.54(    1746)
f014          0                      0.00
f023          0                      0.00
f032          0                      0.00
f041          0                      0.00
f050          0                      0.00
f104          0                      0.00
f113          0                      0.00
f122          0                      0.00
f131          0                      0.00
f140          0                      0.00
f203          0                      0.00
f212          0                      0.00
f221          0                      0.00
f230          0                      0.00
f302          0                      0.00
f311          0                      0.00
f320          0                      0.00
f401          0                      0.00
f410          0                      0.00
f500          0                      0.00
f006          9                  -4650.52(   13562)
f015          0                      0.00
f024          0                      0.00
f033          0                      0.00
f042          0                      0.00
f051          0                      0.00
f060          0                      0.00
f105          0                      0.00
f114          0                      0.00
f123          0                      0.00
f132          0                      0.00
f141          0                      0.00
f150          0                      0.00
f204          0                      0.00
f213          0                      0.00
f222          0                      0.00
f231          0                      0.00
f240          0                      0.00
f303          0                      0.00
f312          0                      0.00
f321          0                      0.00
f330          0                      0.00
f402          0                      0.00
f411          0                      0.00
f420          0                      0.00
f501          0                      0.00
f510          0                      0.00
f600          0                      0.00
f007          9                  -3504.79(    1784)
f016          0                      0.00
f025          0                      0.00
f034          0                      0.00
f043          0                      0.00
f052          0                      0.00
f061          0                      0.00
f070          0                      0.00
f106          0                      0.00
f115          0                      0.00
f124          0                      0.00
f133          0                      0.00
f142          0                      0.00
f151          0                      0.00
f160          0                      0.00
f205          0                      0.00
f214          0                      0.00
f223          0                      0.00
f232          0                      0.00
f241          0                      0.00
f250          0                      0.00
f304          0                      0.00
f313          0                      0.00
f322          0                      0.00
f331          0                      0.00
f340          0                      0.00
f403          0                      0.00
f412          0                      0.00
f421          0                      0.00
f430          0                      0.00
f502          0                      0.00
f511          0                      0.00
f520          0                      0.00
f601          0                      0.00
f610          0                      0.00
f700          0                      0.00
f008          9                  14393.57(   13843)
f017          0                      0.00
f026          0                      0.00
f035          0                      0.00
f044          0                      0.00
f053          0                      0.00
f062          0                      0.00
f071          0                      0.00
f080          0                      0.00
f107          0                      0.00
f116          0                      0.00
f125          0                      0.00
f134          0                      0.00
f143          0                      0.00
f152          0                      0.00
f161          0                      0.00
f170          0                      0.00
f206          0                      0.00
f215          0                      0.00
f224          0                      0.00
f233          0                      0.00
f242          0                      0.00
f251          0                      0.00
f260          0                      0.00
f305          0                      0.00
f314          0                      0.00
f323          0                      0.00
f332          0                      0.00
f341          0                      0.00
f350          0                      0.00
f404          0                      0.00
f413          0                      0.00
f422          0                      0.00
f431          0                      0.00
f440          0                      0.00
f503          0                      0.00
f512          0                      0.00
f521          0                      0.00
f530          0                      0.00
f602          0                      0.00
f611          0                      0.00
f620          0                      0.00
f701          0                      0.00
f710          0                      0.00
f800          0                      0.00
f009          0                      0.00
f018          0                      0.00
f027          0                      0.00
f036          0                      0.00
f045          0                      0.00
f054          0                      0.00
f063          0                      0.00
f072          0                      0.00
f081          0                      0.00
f090          0                      0.00
f108          0                      0.00
f117          0                      0.00
f126          0                      0.00
f135          0                      0.00
f144          0                      0.00
f153          0                      0.00
f162          0                      0.00
f171          0                      0.00
f180          0                      0.00
f207          0                      0.00
f216          0                      0.00
f225          0                      0.00
f234          0                      0.00
f243          0                      0.00
f252          0                      0.00
f261          0                      0.00
f270          0                      0.00
f306          0                      0.00
f315          0                      0.00
f324          0                      0.00
f333          0                      0.00
f342          0                      0.00
f351          0                      0.00
f360          0                      0.00
f405          0                      0.00
f414          0                      0.00
f423          0                      0.00
f432          0                      0.00
f441          0                      0.00
f450          0                      0.00
f504          0                      0.00
f513          0                      0.00
f522          0                      0.00
f531          0                      0.00
f540          0                      0.00
f603          0                      0.00
f612          0                      0.00
f621          0                      0.00
f630          0                      0.00
f702          0                      0.00
f711          0                      0.00
f720          0                      0.00
f801          0                      0.00
f810          0                      0.00
f900          0                      0.00
f0010         0                      0.00
f019          0                      0.00
f028          0                      0.00
f037          0                      0.00
f046          0                      0.00
f055          0                      0.00
f064          0                      0.00
f073          0                      0.00
f082          0                      0.00
f091          0                      0.00
f0100         0                      0.00
f109          0                      0.00
f118          0                      0.00
f127          0                      0.00
f136          0                      0.00
f145          0                      0.00
f154          0                      0.00
f163          0                      0.00
f172          0                      0.00
f181          0                      0.00
f190          0                      0.00
f208          0                      0.00
f217          0                      0.00
f226          0                      0.00
f235          0                      0.00
f244          0                      0.00
f253          0                      0.00
f262          0                      0.00
f271          0                      0.00
f280          0                      0.00
f307          0                      0.00
f316          0                      0.00
f325          0                      0.00
f334          0                      0.00
f343          0                      0.00
f352          0                      0.00
f361          0                      0.00
f370          0                      0.00
f406          0                      0.00
f415          0                      0.00
f424          0                      0.00
f433          0                      0.00
f442          0                      0.00
f451          0                      0.00
f460          0                      0.00
f505          0                      0.00
f514          0                      0.00
f523          0                      0.00
f532          0                      0.00
f541          0                      0.00
f550          0                      0.00
f604          0                      0.00
f613          0                      0.00
f622          0                      0.00
f631          0                      0.00
f640          0                      0.00
f703          0                      0.00
f712          0                      0.00
f721          0                      0.00
f730          0                      0.00
f802          0                      0.00
f811          0                      0.00
f820          0                      0.00
f901          0                      0.00
f910          0                      0.00
f1000         0                      0.00
f0011         0                      0.00
f0110         0                      0.00
f029          0                      0.00
f038          0                      0.00
f047          0                      0.00
f056          0                      0.00
f065          0                      0.00
f074          0                      0.00
f083          0                      0.00
f092          0                      0.00
f0101         0                      0.00
f0110         0                      0.00
f1010         0                      0.00
f119          0                      0.00
f128          0                      0.00
f137          0                      0.00
f146          0                      0.00
f155          0                      0.00
f164          0                      0.00
f173          0                      0.00
f182          0                      0.00
f191          0                      0.00
f1100         0                      0.00
f209          0                      0.00
f218          0                      0.00
f227          0                      0.00
f236          0                      0.00
f245          0                      0.00
f254          0                      0.00
f263          0                      0.00
f272          0                      0.00
f281          0                      0.00
f290          0                      0.00
f308          0                      0.00
f317          0                      0.00
f326          0                      0.00
f335          0                      0.00
f344          0                      0.00
f353          0                      0.00
f362          0                      0.00
f371          0                      0.00
f380          0                      0.00
f407          0                      0.00
f416          0                      0.00
f425          0                      0.00
f434          0                      0.00
f443          0                      0.00
f452          0                      0.00
f461          0                      0.00
f470          0                      0.00
f506          0                      0.00
f515          0                      0.00
f524          0                      0.00
f533          0                      0.00
f542          0                      0.00
f551          0                      0.00
f560          0                      0.00
f605          0                      0.00
f614          0                      0.00
f623          0                      0.00
f632          0                      0.00
f641          0                      0.00
f650          0                      0.00
f704          0                      0.00
f713          0                      0.00
f722          0                      0.00
f731          0                      0.00
f740          0                      0.00
f803          0                      0.00
f812          0                      0.00
f821          0                      0.00
f830          0                      0.00
f902          0                      0.00
f911          0                      0.00
f920          0                      0.00
f1001         0                      0.00
f1010         0                      0.00
f1100         0                      0.00
f0012         0                      0.00
f0111         0                      0.00
f0210         0                      0.00
f039          0                      0.00
f048          0                      0.00
f057          0                      0.00
f066          0                      0.00
f075          0                      0.00
f084          0                      0.00
f093          0                      0.00
f0102         0                      0.00
f0111         0                      0.00
f0120         0                      0.00
f1011         0                      0.00
f1110         0                      0.00
f129          0                      0.00
f138          0                      0.00
f147          0                      0.00
f156          0                      0.00
f165          0                      0.00
f174          0                      0.00
f183          0                      0.00
f192          0                      0.00
f1101         0                      0.00
f1110         0                      0.00
f2010         0                      0.00
f219          0                      0.00
f228          0                      0.00
f237          0                      0.00
f246          0                      0.00
f255          0                      0.00
f264          0                      0.00
f273          0                      0.00
f282          0                      0.00
f291          0                      0.00
f2100         0                      0.00
f309          0                      0.00
f318          0                      0.00
f327          0                      0.00
f336          0                      0.00
f345          0                      0.00
f354          0                      0.00
f363          0                      0.00
f372          0                      0.00
f381          0                      0.00
f390          0                      0.00
f408          0                      0.00
f417          0                      0.00
f426          0                      0.00
f435          0                      0.00
f444          0                      0.00
f453          0                      0.00
f462          0                      0.00
f471          0                      0.00
f480          0                      0.00
f507          0                      0.00
f516          0                      0.00
f525          0                      0.00
f534          0                      0.00
f543          0                      0.00
f552          0                      0.00
f561          0                      0.00
f570          0                      0.00
f606          0                      0.00
f615          0                      0.00
f624          0                      0.00
f633          0                      0.00
f642          0                      0.00
f651          0                      0.00
f660          0                      0.00
f705          0                      0.00
f714          0                      0.00
f723          0                      0.00
f732          0                      0.00
f741          0                      0.00
f750          0                      0.00
f804          0                      0.00
f813          0                      0.00
f822          0                      0.00
f831          0                      0.00
f840          0                      0.00
f903          0                      0.00
f912          0                      0.00
f921          0                      0.00
f930          0                      0.00
f1002         0                      0.00
f1011         0                      0.00
f1020         0                      0.00
f1101         0                      0.00
f1110         0                      0.00
f1200         0                      0.00

Correlation coefficients larger than 0.9: 
          corr( 1, 2) =  0.9808358
          corr( 1, 3) =  0.9814125
          corr( 1, 4) =  0.9909576
          corr( 1, 5) =  0.9790453
          corr( 1, 6) =  0.9691394
          corr( 1, 7) =  0.9763719
          corr( 1, 8) =  0.9135064
          corr( 1, 9) =  0.9727439
          corr( 2, 3) =  0.9919186
          corr( 2, 4) =  0.9727053
          corr( 2, 5) =  0.9889159
          corr( 2, 6) =  0.9497136
          corr( 2, 7) =  0.9862591
          corr( 2, 9) =  0.9830138
          corr( 3, 4) =  0.9723696
          corr( 3, 5) =  0.9990640
          corr( 3, 6) =  0.9476964
          corr( 3, 7) =  0.9973224
          corr( 3, 9) =  0.9947591
          corr( 4, 5) =  0.9690183
          corr( 4, 6) =  0.9918190
          corr( 4, 7) =  0.9646948
          corr( 4, 8) =  0.9517208
          corr( 4, 9) =  0.9588617
          corr( 5, 6) =  0.9424158
          corr( 5, 7) =  0.9994708
          corr( 5, 9) =  0.9978698
          corr( 6, 7) =  0.9351590
          corr( 6, 8) =  0.9825359
          corr( 6, 9) =  0.9256947
          corr( 7, 9) =  0.9994292

               --------------------------------------------------------------------------------
               :     old parm   :     new parm   :  delta parm  :   std. err.  : sensitility
               --------------------------------------------------------------------------------
  1  alphae      :          102.7668  :          102.7813  :            0.0145:            0.0390:            0.0000: 
  2##V0          :           -0.2587  :            0.6976  :            0.9563:            3.6528:            0.0001: #
  3  f002        :        22308.5692  :        22225.5203  :          -83.0490:          354.5188:            0.0019: 
  4  f003        :         1458.7877  :         1236.9319  :         -221.8558:          473.6408:            0.0046: 
  5  f004        :         7975.9498  :         8761.7950  :          785.8452:         3977.0896:            0.0078: 
  6##f005        :         -959.3011  :          170.5353  :         1129.8364:         1745.9442:            0.0110: #
  7##f006        :        -3074.6119  :        -4650.5216  :        -1575.9097:        13561.9783:            0.0148: #
  8  f007        :        -1898.4873  :        -3504.7866  :        -1606.2993:         1783.8691:            0.0198: 
  9  f008        :        14047.4486  :        14393.5736  :          346.1250:        13842.8157:            0.0262: 

   -----------------------------------------------------------
   | param  | points |   deviat    |    rms      | stability |
   -----------------------------------------------------------
   |    9   |   209  |   0.10021E-01 |  0.66533E+02  |   0.484E+00 |

############################################################################################
