         0 <= number of iterations in the fit
  0.000010 <= The fit is over if the stability is reached 
  1.000000 <= Scale factor 
  0.001000 <= stdev parameter out 
         2 <= watson robust on (1) or of (0) 
0     ************ potential energy expansion coefficients (cm-1) ************


  RE12       =           0.964  RE32       =           1.690  alphae     =         102.829
  AA1        =           2.330  AA3        =           1.900  G1         =          15.000
  G2         =          10.000  B1         =      500000.000  B2         =       50000.000
  V0         =         -27.263  f001       =        -172.729  f010       =        -249.351
  f100       =          83.960  f002       =       22339.401  f011       =      -13108.815
  f020       =       26877.018  f101       =        -874.459  f110       =       -1612.125
  f200       =       37207.064  f003       =        1197.744  f012       =      -12394.759
  f021       =        5123.210  f030       =         134.389  f102       =       -2408.806
  f111       =        2749.875  f120       =       -1548.201  f201       =          81.456
  f210       =         589.782  f300       =        -246.982  f004       =        7598.231
  f013       =       -9428.442  f022       =       -3233.353  f031       =        4971.971
  f040       =         -79.636  f103       =       -3816.507  f112       =       -2660.159
  f121       =        1952.507  f130       =         804.673  f202       =       -1260.611
  f211       =       -4241.773  f220       =        -418.017  f301       =         733.254
  f310       =        1141.027  f400       =        2603.817  f005       =        -580.420
  f014       =        -737.827  f023       =       -4981.372  f032       =       -3929.264
  f041       =        4054.853  f050       =       -1461.377  f104       =       -5558.233
  f113       =       37994.649  f122       =      -56044.568  f131       =       -2819.358
  f140       =         687.094  f203       =       -6059.802  f212       =       40025.167
  f221       =      -32458.162  f230       =         170.058  f302       =         724.815
  f311       =      -12504.947  f320       =        -965.785  f401       =        2895.989
  f410       =        -549.410  f500       =        1425.281  f006       =        1031.954
  f015       =        1873.652  f024       =        3718.517  f033       =        4132.296
  f042       =      -14239.530  f051       =        1107.417  f060       =          31.599
  f105       =        -630.794  f114       =      -61467.394  f123       =      251705.476
  f132       =     -128842.266  f141       =      -25425.767  f150       =         180.935
  f204       =       -3157.039  f213       =     -119062.594  f222       =      433467.423
  f231       =      -93647.688  f240       =       -1636.097  f303       =       -3376.930
  f312       =       56499.705  f321       =      -44702.322  f330       =       -1321.081
  f402       =       -6631.339  f411       =       30721.013  f420       =       -5894.459
  f501       =        3042.880  f510       =        -601.140  f600       =        2228.126
  f007       =       -3908.370  f016       =       10520.409  f025       =      -17700.261
  f034       =       12447.848  f043       =       16484.281  f052       =       -7712.479
  f061       =        -376.617  f070       =         870.190  f106       =        6856.144
  f115       =        1545.368  f124       =     -252615.359  f133       =      305600.570
  f142       =      110304.763  f151       =       -1640.783  f160       =          96.814
  f205       =       -9639.259  f214       =      167160.726  f223       =    -1938816.872
  f232       =     1692790.358  f241       =      -10743.796  f250       =        1438.150
  f304       =        -202.826  f313       =      -71583.960  f322       =      427150.928
  f331       =       -4041.663  f340       =        2636.721  f403       =       14699.065
  f412       =     -193571.278  f421       =      173276.362  f430       =         952.761
  f502       =       -1931.958  f511       =       32551.654  f520       =       -2730.775
  f601       =       -2956.117  f610       =        5884.060  f700       =       -2513.027
  f008       =        6613.545  f017       =       -7806.768  f026       =        5330.534
  f035       =      -19685.050  f044       =       -8573.541  f053       =       26918.267
  f062       =       15202.357  f071       =        1323.983  f080       =       -7745.151
  f107       =       -7090.953  f116       =       77920.476  f125       =       31479.964
  f134       =     -292683.394  f143       =     -296669.945  f152       =      395332.698
  f161       =       63819.215  f170       =       -1988.147  f206       =        1185.810
  f215       =      -77021.351  f224       =     2800959.389  f233       =    -4813737.228
  f242       =     2036312.565  f251       =      206005.399  f260       =         156.713
  f305       =        -241.139  f314       =       12150.749  f323       =    -1023353.232
  f332       =      723895.396  f341       =      195501.716  f350       =        3056.771
  f404       =      -11358.144  f413       =      333742.969  f422       =     -570914.348
  f431       =      330640.401  f440       =        2238.850  f503       =         279.568
  f512       =     -124478.377  f521       =       82707.842  f530       =         841.454
  f602       =        6179.960  f611       =      -24609.557  f620       =       11438.627
  f701       =         299.257  f710       =        4700.241  f800       =       -3194.229
  f009       =        6294.074  f018       =      -13623.881  f027       =        7325.609
  f036       =       -2257.045  f045       =        9700.369  f054       =      -18902.046
  f063       =       16315.950  f072       =       -5195.305  f081       =        2184.607
  f090       =       -2065.147  f108       =      -17420.970  f117       =       13531.364
  f126       =       -8640.885  f135       =        6101.279  f144       =       -7896.447
  f153       =        9377.825  f162       =       -2914.654  f171       =         866.987
  f180       =         110.994  f207       =       -8006.686  f216       =       28165.347
  f225       =       -8387.235  f234       =        2668.060  f243       =       -3872.615
  f252       =        7186.665  f261       =           0.000  f270       =       -2176.268
  f306       =      -15540.140  f315       =        6066.674  f324       =        1467.696
  f333       =       -3634.668  f342       =         613.294  f351       =        2749.755
  f360       =       -2380.454  f405       =       -8185.669  f414       =         353.930
  f423       =       12309.535  f432       =        2541.913  f441       =        3365.336
  f450       =       -5016.232  f504       =         127.962  f513       =        -926.054
  f522       =        9687.763  f531       =       -1033.863  f540       =        -539.068
  f603       =       -5432.935  f612       =       -4203.914  f621       =        9482.689
  f630       =        -715.193  f702       =       -1158.813  f711       =       -3371.734
  f720       =         754.314  f801       =        1364.523  f810       =        -496.443
  f900       =        9287.062  f0010      =       -5426.344  f019       =        1003.277
  f028       =       10793.777  f037       =       -1586.760  f046       =      -17436.152
  f055       =       24180.218  f064       =        -883.243  f073       =       -7743.164
  f082       =        1723.762  f091       =        6370.136  f0100      =       13789.742
  f109       =       -8143.027  f118       =       20611.883  f127       =       -6396.399
  f136       =      -12169.789  f145       =        9764.740  f154       =        9734.461
  f163       =      -13195.016  f172       =        9147.168  f181       =         800.863
  f190       =        3589.463  f208       =       -9687.275  f217       =        1699.161
  f226       =      -19316.963  f235       =        3912.081  f244       =       -1220.789
  f253       =        8717.243  f262       =      -11442.615  f271       =        8728.029
  f280       =        8307.621  f307       =      -18161.894  f316       =       30953.896
  f325       =      -11041.116  f334       =      -11918.953  f343       =        6512.138
  f352       =       -2522.013  f361       =       -2636.010  f370       =        4165.073
  f406       =       -2383.413  f415       =       22048.367  f424       =       -1681.100
  f433       =       -2633.835  f442       =       -5980.252  f451       =       -3535.745
  f460       =        9660.377  f505       =       -1416.656  f514       =      -15062.501
  f523       =       -3812.168  f532       =       -5541.224  f541       =        2907.056
  f550       =        4738.039  f604       =       15867.263  f613       =       17986.138
  f622       =        2282.681  f631       =       -5072.704  f640       =       -1924.445
  f703       =        7659.398  f712       =        8866.970  f721       =        1248.666
  f730       =        5980.414  f802       =       12475.863  f811       =       11190.587
  f820       =       -4258.326  f901       =       -5294.366  f910       =         -81.858
  f1000      =        2785.915  f0011      =       -7325.306  f0110      =       23141.386
  f029       =      -24344.876  f038       =       -6128.719  f047       =       32895.601
  f056       =      -14504.195  f065       =      -21313.241  f074       =       28892.476
  f083       =      -18794.990  f092       =        5549.244  f0101      =       -2780.312
  f0110      =       -3122.669  f1010      =       27020.879  f119       =      -25233.087
  f128       =       -2775.445  f137       =       16847.661  f146       =        9922.006
  f155       =      -29372.893  f164       =       23623.971  f173       =      -12956.042
  f182       =         266.412  f191       =         836.896  f1100      =       -1183.075
  f209       =       -3844.226  f218       =      -28039.006  f227       =       16803.710
  f236       =        8989.173  f245       =      -18213.025  f254       =           0.000
  f263       =       10835.689  f272       =       -9365.378  f281       =        -316.864
  f290       =         679.082  f308       =       11031.057  f317       =       34644.557
  f326       =      -21907.260  f335       =        9557.782  f344       =        4514.867
  f353       =       -1183.837  f362       =       -1987.747  f371       =        -398.843
  f380       =        1768.360  f407       =       -8195.124  f416       =        4135.807
  f425       =      -25128.588  f434       =       -1681.643  f443       =       11274.277
  f452       =       -8618.741  f461       =       -1630.665  f470       =        3116.237
  f506       =       -9253.469  f515       =        6418.692  f524       =        1889.568
  f533       =       -5854.170  f542       =        2222.293  f551       =       -8503.567
  f560       =        2136.511  f605       =       10785.052  f614       =       -3970.038
  f623       =        1204.021  f632       =        4504.161  f641       =       -7699.695
  f650       =        5075.844  f704       =        3511.014  f713       =      -21268.356
  f722       =      -13298.320  f731       =        5690.658  f740       =         191.881
  f803       =       17007.379  f812       =        4061.408  f821       =      -14023.539
  f830       =        -427.032  f902       =       -1296.997  f911       =        6921.380
  f920       =       -3294.724  f1001      =       -1072.477  f1010      =        3985.377
  f1100      =       -9262.132  f0012      =       13451.253  f0111      =      -33565.965
  f0210      =       27023.628  f039       =        8266.416  f048       =      -24038.201
  f057       =       -2469.031  f066       =       16141.744  f075       =       -5252.374
  f084       =      -10928.388  f093       =        6698.012  f0102      =         355.926
  f0111      =       -4710.938  f0120      =      -11908.712  f1011      =        4167.650
  f1110      =      -26657.890  f129       =       32778.595  f138       =       -7188.918
  f147       =      -24833.694  f156       =       22929.152  f165       =       10299.217
  f174       =      -35824.975  f183       =       23471.770  f192       =       -9735.756
  f1101      =        -999.166  f1110      =       -2779.678  f2010      =       20625.206
  f219       =       12535.240  f228       =       -6472.187  f237       =        -101.440
  f246       =        8435.498  f255       =        8939.691  f264       =        1276.923
  f273       =      -20161.445  f282       =       11329.155  f291       =       -5466.944
  f2100      =       -6162.700  f309       =        3566.630  f318       =      -41828.980
  f327       =        1197.287  f336       =       30621.114  f345       =      -15163.861
  f354       =        6929.179  f363       =       -2420.560  f372       =         197.401
  f381       =         358.885  f390       =       -4429.644  f408       =        1165.305
  f417       =       16995.430  f426       =      -14091.907  f435       =       10529.297
  f444       =       13634.669  f453       =      -14200.119  f462       =       13018.098
  f471       =           0.000  f480       =       -9731.853  f507       =       -2324.875
  f516       =       26062.355  f525       =        3193.058  f534       =        8002.958
  f543       =       -1247.994  f552       =       -2674.780  f561       =       10551.195
  f570       =       -5636.014  f606       =      -22690.411  f615       =      -21462.478
  f624       =       15275.228  f633       =       -8546.516  f642       =       -1801.435
  f651       =       12295.706  f660       =       -6960.451  f705       =        3033.172
  f714       =       -4736.848  f723       =       14754.494  f732       =        1486.098
  f741       =       -6751.206  f750       =       -7174.585  f804       =       -6905.550
  f813       =      -32605.530  f822       =       -5379.029  f831       =        7373.599
  f840       =        3280.648  f903       =        5844.916  f912       =       -5310.736
  f921       =       -9309.720  f930       =       -4321.059  f1002      =      -11755.666
  f1011      =       -3174.799  f1020      =         402.687  f1101      =        5657.014
  f1110      =        4033.406  f1200      =       -1321.641  

Watson Alpha parameter  0.3300 fitted with rms2 =   0.0000
watson-param =         0.33000000

   -----------------------------------------------------------
   | param  | points |   deviat    |    rms      | stability |
   -----------------------------------------------------------
   |  393   |  5002  |   0.58000E+02 |  0.11602E+04  |   0.100E+11 |

############################################################################################
