       200 <= number of iterations in the fit
  0.000010 <= The fit is over if the stability is reached 
  0.010000 <= Scale factor 
  0.001000 <= stdev parameter out 
         2 <= watson robust on (1) or of (0) 
0     ************ potential energy expansion coefficients (cm-1) ************


  RE12       =           0.964  RE32       =           1.689  alphae     =         102.800
  AA1        =           1.489  AA3        =           1.900  G1         =          15.000
  G2         =          10.000  B1         =      500000.000  B2         =       50000.000
  V0         =           2.341  f001       =           0.000  f010       =           0.000
  f100       =           0.000  f002       =       22068.364  f011       =           0.000
  f020       =           0.000  f101       =           0.000  f110       =           0.000
  f200       =       90761.408  f003       =         985.750  f012       =           0.000
  f021       =           0.000  f030       =           0.000  f102       =           0.000
  f111       =           0.000  f120       =           0.000  f201       =           0.000
  f210       =           0.000  f300       =      -51604.441  f004       =       10483.213
  f013       =           0.000  f022       =           0.000  f031       =           0.000
  f040       =           0.000  f103       =           0.000  f112       =           0.000
  f121       =           0.000  f130       =           0.000  f202       =           0.000
  f211       =           0.000  f220       =           0.000  f301       =           0.000
  f310       =           0.000  f400       =       16600.365  f005       =        1202.876
  f014       =           0.000  f023       =           0.000  f032       =           0.000
  f041       =           0.000  f050       =           0.000  f104       =           0.000
  f113       =           0.000  f122       =           0.000  f131       =           0.000
  f140       =           0.000  f203       =           0.000  f212       =           0.000
  f221       =           0.000  f230       =           0.000  f302       =           0.000
  f311       =           0.000  f320       =           0.000  f401       =           0.000
  f410       =           0.000  f500       =       -7411.017  f006       =      -10437.561
  f015       =           0.000  f024       =           0.000  f033       =           0.000
  f042       =           0.000  f051       =           0.000  f060       =           0.000
  f105       =           0.000  f114       =           0.000  f123       =           0.000
  f132       =           0.000  f141       =           0.000  f150       =           0.000
  f204       =           0.000  f213       =           0.000  f222       =           0.000
  f231       =           0.000  f240       =           0.000  f303       =           0.000
  f312       =           0.000  f321       =           0.000  f330       =           0.000
  f402       =           0.000  f411       =           0.000  f420       =           0.000
  f501       =           0.000  f510       =           0.000  f600       =        2773.887
  f007       =       -4718.233  f016       =           0.000  f025       =           0.000
  f034       =           0.000  f043       =           0.000  f052       =           0.000
  f061       =           0.000  f070       =           0.000  f106       =           0.000
  f115       =           0.000  f124       =           0.000  f133       =           0.000
  f142       =           0.000  f151       =           0.000  f160       =           0.000
  f205       =           0.000  f214       =           0.000  f223       =           0.000
  f232       =           0.000  f241       =           0.000  f250       =           0.000
  f304       =           0.000  f313       =           0.000  f322       =           0.000
  f331       =           0.000  f340       =           0.000  f403       =           0.000
  f412       =           0.000  f421       =           0.000  f430       =           0.000
  f502       =           0.000  f511       =           0.000  f520       =           0.000
  f601       =           0.000  f610       =           0.000  f700       =       -5052.635
  f008       =       20255.019  f017       =           0.000  f026       =           0.000
  f035       =           0.000  f044       =           0.000  f053       =           0.000
  f062       =           0.000  f071       =           0.000  f080       =           0.000
  f107       =           0.000  f116       =           0.000  f125       =           0.000
  f134       =           0.000  f143       =           0.000  f152       =           0.000
  f161       =           0.000  f170       =           0.000  f206       =           0.000
  f215       =           0.000  f224       =           0.000  f233       =           0.000
  f242       =           0.000  f251       =           0.000  f260       =           0.000
  f305       =           0.000  f314       =           0.000  f323       =           0.000
  f332       =           0.000  f341       =           0.000  f350       =           0.000
  f404       =           0.000  f413       =           0.000  f422       =           0.000
  f431       =           0.000  f440       =           0.000  f503       =           0.000
  f512       =           0.000  f521       =           0.000  f530       =           0.000
  f602       =           0.000  f611       =           0.000  f620       =           0.000
  f701       =           0.000  f710       =           0.000  f800       =      -15774.792
  f009       =           0.000  f018       =           0.000  f027       =           0.000
  f036       =           0.000  f045       =           0.000  f054       =           0.000
  f063       =           0.000  f072       =           0.000  f081       =           0.000
  f090       =           0.000  f108       =           0.000  f117       =           0.000
  f126       =           0.000  f135       =           0.000  f144       =           0.000
  f153       =           0.000  f162       =           0.000  f171       =           0.000
  f180       =           0.000  f207       =           0.000  f216       =           0.000
  f225       =           0.000  f234       =           0.000  f243       =           0.000
  f252       =           0.000  f261       =           0.000  f270       =           0.000
  f306       =           0.000  f315       =           0.000  f324       =           0.000
  f333       =           0.000  f342       =           0.000  f351       =           0.000
  f360       =           0.000  f405       =           0.000  f414       =           0.000
  f423       =           0.000  f432       =           0.000  f441       =           0.000
  f450       =           0.000  f504       =           0.000  f513       =           0.000
  f522       =           0.000  f531       =           0.000  f540       =           0.000
  f603       =           0.000  f612       =           0.000  f621       =           0.000
  f630       =           0.000  f702       =           0.000  f711       =           0.000
  f720       =           0.000  f801       =           0.000  f810       =           0.000
  f900       =           0.000  f0010      =           0.000  f019       =           0.000
  f028       =           0.000  f037       =           0.000  f046       =           0.000
  f055       =           0.000  f064       =           0.000  f073       =           0.000
  f082       =           0.000  f091       =           0.000  f0100      =           0.000
  f109       =           0.000  f118       =           0.000  f127       =           0.000
  f136       =           0.000  f145       =           0.000  f154       =           0.000
  f163       =           0.000  f172       =           0.000  f181       =           0.000
  f190       =           0.000  f208       =           0.000  f217       =           0.000
  f226       =           0.000  f235       =           0.000  f244       =           0.000
  f253       =           0.000  f262       =           0.000  f271       =           0.000
  f280       =           0.000  f307       =           0.000  f316       =           0.000
  f325       =           0.000  f334       =           0.000  f343       =           0.000
  f352       =           0.000  f361       =           0.000  f370       =           0.000
  f406       =           0.000  f415       =           0.000  f424       =           0.000
  f433       =           0.000  f442       =           0.000  f451       =           0.000
  f460       =           0.000  f505       =           0.000  f514       =           0.000
  f523       =           0.000  f532       =           0.000  f541       =           0.000
  f550       =           0.000  f604       =           0.000  f613       =           0.000
  f622       =           0.000  f631       =           0.000  f640       =           0.000
  f703       =           0.000  f712       =           0.000  f721       =           0.000
  f730       =           0.000  f802       =           0.000  f811       =           0.000
  f820       =           0.000  f901       =           0.000  f910       =           0.000
  f1000      =           0.000  f0011      =           0.000  f0110      =           0.000
  f029       =           0.000  f038       =           0.000  f047       =           0.000
  f056       =           0.000  f065       =           0.000  f074       =           0.000
  f083       =           0.000  f092       =           0.000  f0101      =           0.000
  f0110      =           0.000  f1010      =           0.000  f119       =           0.000
  f128       =           0.000  f137       =           0.000  f146       =           0.000
  f155       =           0.000  f164       =           0.000  f173       =           0.000
  f182       =           0.000  f191       =           0.000  f1100      =           0.000
  f209       =           0.000  f218       =           0.000  f227       =           0.000
  f236       =           0.000  f245       =           0.000  f254       =           0.000
  f263       =           0.000  f272       =           0.000  f281       =           0.000
  f290       =           0.000  f308       =           0.000  f317       =           0.000
  f326       =           0.000  f335       =           0.000  f344       =           0.000
  f353       =           0.000  f362       =           0.000  f371       =           0.000
  f380       =           0.000  f407       =           0.000  f416       =           0.000
  f425       =           0.000  f434       =           0.000  f443       =           0.000
  f452       =           0.000  f461       =           0.000  f470       =           0.000
  f506       =           0.000  f515       =           0.000  f524       =           0.000
  f533       =           0.000  f542       =           0.000  f551       =           0.000
  f560       =           0.000  f605       =           0.000  f614       =           0.000
  f623       =           0.000  f632       =           0.000  f641       =           0.000
  f650       =           0.000  f704       =           0.000  f713       =           0.000
  f722       =           0.000  f731       =           0.000  f740       =           0.000
  f803       =           0.000  f812       =           0.000  f821       =           0.000
  f830       =           0.000  f902       =           0.000  f911       =           0.000
  f920       =           0.000  f1001      =           0.000  f1010      =           0.000
  f1100      =           0.000  f0012      =           0.000  f0111      =           0.000
  f0210      =           0.000  f039       =           0.000  f048       =           0.000
  f057       =           0.000  f066       =           0.000  f075       =           0.000
  f084       =           0.000  f093       =           0.000  f0102      =           0.000
  f0111      =           0.000  f0120      =           0.000  f1011      =           0.000
  f1110      =           0.000  f129       =           0.000  f138       =           0.000
  f147       =           0.000  f156       =           0.000  f165       =           0.000
  f174       =           0.000  f183       =           0.000  f192       =           0.000
  f1101      =           0.000  f1110      =           0.000  f2010      =           0.000
  f219       =           0.000  f228       =           0.000  f237       =           0.000
  f246       =           0.000  f255       =           0.000  f264       =           0.000
  f273       =           0.000  f282       =           0.000  f291       =           0.000
  f2100      =           0.000  f309       =           0.000  f318       =           0.000
  f327       =           0.000  f336       =           0.000  f345       =           0.000
  f354       =           0.000  f363       =           0.000  f372       =           0.000
  f381       =           0.000  f390       =           0.000  f408       =           0.000
  f417       =           0.000  f426       =           0.000  f435       =           0.000
  f444       =           0.000  f453       =           0.000  f462       =           0.000
  f471       =           0.000  f480       =           0.000  f507       =           0.000
  f516       =           0.000  f525       =           0.000  f534       =           0.000
  f543       =           0.000  f552       =           0.000  f561       =           0.000
  f570       =           0.000  f606       =           0.000  f615       =           0.000
  f624       =           0.000  f633       =           0.000  f642       =           0.000
  f651       =           0.000  f660       =           0.000  f705       =           0.000
  f714       =           0.000  f723       =           0.000  f732       =           0.000
  f741       =           0.000  f750       =           0.000  f804       =           0.000
  f813       =           0.000  f822       =           0.000  f831       =           0.000
  f840       =           0.000  f903       =           0.000  f912       =           0.000
  f921       =           0.000  f930       =           0.000  f1002      =           0.000
  f1011      =           0.000  f1020      =           0.000  f1101      =           0.000
  f1110      =           0.000  f1200      =           0.000  

   -----------------------------------------------------------
   |   iter | points |   deviat    |    rms      | stability |
   -----------------------------------------------------------
          10-th is out - V0         

   -----------------------------------------------------------
   |   iter | points |   deviat    |    rms      | stability |
   -----------------------------------------------------------
   |    1   |   209  |   0.61561E+00 |  0.82031E+02  |   0.178E+10 |
   |    2   |   209  |   0.61120E+00 |  0.81874E+02  |   0.809E+01 |
   |    3   |   209  |   0.60927E+00 |  0.81935E+02  |   0.980E-02 |
   |    4   |   209  |   0.60725E+00 |  0.81996E+02  |   0.316E-02 |
   |    5   |   209  |   0.60522E+00 |  0.82056E+02  |   0.331E-02 |
   |    6   |   209  |   0.60317E+00 |  0.82115E+02  |   0.335E-02 |
   |    7   |   209  |   0.60110E+00 |  0.82173E+02  |   0.339E-02 |
   |    8   |   209  |   0.59901E+00 |  0.82230E+02  |   0.344E-02 |
   |    9   |   209  |   0.59689E+00 |  0.82287E+02  |   0.348E-02 |
   |   10   |   209  |   0.59476E+00 |  0.82342E+02  |   0.353E-02 |
   |   11   |   209  |   0.59261E+00 |  0.82396E+02  |   0.357E-02 |
   |   12   |   209  |   0.59044E+00 |  0.82450E+02  |   0.362E-02 |
   |   13   |   209  |   0.58825E+00 |  0.82502E+02  |   0.366E-02 |
   |   14   |   209  |   0.58604E+00 |  0.82553E+02  |   0.371E-02 |
   |   15   |   209  |   0.58381E+00 |  0.82604E+02  |   0.376E-02 |
   |   16   |   209  |   0.58156E+00 |  0.82653E+02  |   0.381E-02 |
   |   17   |   209  |   0.57929E+00 |  0.82702E+02  |   0.386E-02 |
   |   18   |   209  |   0.57700E+00 |  0.82749E+02  |   0.391E-02 |
   |   19   |   209  |   0.57469E+00 |  0.82796E+02  |   0.396E-02 |
   |   20   |   209  |   0.57236E+00 |  0.82841E+02  |   0.401E-02 |
   |   21   |   209  |   0.57001E+00 |  0.82886E+02  |   0.406E-02 |
   |   22   |   209  |   0.56764E+00 |  0.82930E+02  |   0.411E-02 |
   |   23   |   209  |   0.56525E+00 |  0.82973E+02  |   0.417E-02 |
   |   24   |   209  |   0.56283E+00 |  0.83015E+02  |   0.422E-02 |
   |   25   |   209  |   0.56040E+00 |  0.83056E+02  |   0.428E-02 |
   |   26   |   209  |   0.55795E+00 |  0.83096E+02  |   0.433E-02 |
   |   27   |   209  |   0.55547E+00 |  0.83135E+02  |   0.439E-02 |
   |   28   |   209  |   0.55298E+00 |  0.83174E+02  |   0.444E-02 |
   |   29   |   209  |   0.55046E+00 |  0.83211E+02  |   0.450E-02 |
   |   30   |   209  |   0.54793E+00 |  0.83248E+02  |   0.456E-02 |
   |   31   |   209  |   0.54537E+00 |  0.83284E+02  |   0.462E-02 |
   |   32   |   209  |   0.54279E+00 |  0.83319E+02  |   0.467E-02 |
   |   33   |   209  |   0.54020E+00 |  0.83353E+02  |   0.473E-02 |
   |   34   |   209  |   0.53758E+00 |  0.83387E+02  |   0.479E-02 |
   |   35   |   209  |   0.53495E+00 |  0.83420E+02  |   0.485E-02 |
   |   36   |   209  |   0.53229E+00 |  0.83452E+02  |   0.492E-02 |
   |   37   |   209  |   0.52962E+00 |  0.83484E+02  |   0.498E-02 |
   |   38   |   209  |   0.52692E+00 |  0.83514E+02  |   0.504E-02 |
   |   39   |   209  |   0.52421E+00 |  0.83545E+02  |   0.510E-02 |
   |   40   |   209  |   0.52148E+00 |  0.83574E+02  |   0.516E-02 |
   |   41   |   209  |   0.51873E+00 |  0.83603E+02  |   0.523E-02 |
   |   42   |   209  |   0.51596E+00 |  0.83631E+02  |   0.529E-02 |
   |   43   |   209  |   0.51317E+00 |  0.83659E+02  |   0.536E-02 |
   |   44   |   209  |   0.51037E+00 |  0.83685E+02  |   0.542E-02 |
   |   45   |   209  |   0.50754E+00 |  0.83712E+02  |   0.549E-02 |
   |   46   |   209  |   0.50470E+00 |  0.83738E+02  |   0.555E-02 |
   |   47   |   209  |   0.50185E+00 |  0.83763E+02  |   0.562E-02 |
   |   48   |   209  |   0.49898E+00 |  0.83788E+02  |   0.568E-02 |
   |   49   |   209  |   0.49609E+00 |  0.83812E+02  |   0.575E-02 |
   |   50   |   209  |   0.49318E+00 |  0.83835E+02  |   0.581E-02 |
   |   51   |   209  |   0.49026E+00 |  0.83859E+02  |   0.588E-02 |
   |   52   |   209  |   0.48733E+00 |  0.83881E+02  |   0.595E-02 |
   |   53   |   209  |   0.48438E+00 |  0.83903E+02  |   0.601E-02 |
   |   54   |   209  |   0.48142E+00 |  0.83925E+02  |   0.608E-02 |
   |   55   |   209  |   0.47844E+00 |  0.83946E+02  |   0.615E-02 |
   |   56   |   209  |   0.47545E+00 |  0.83967E+02  |   0.621E-02 |
   |   57   |   209  |   0.47245E+00 |  0.83988E+02  |   0.628E-02 |
   |   58   |   209  |   0.46944E+00 |  0.84008E+02  |   0.635E-02 |
   |   59   |   209  |   0.46641E+00 |  0.84027E+02  |   0.641E-02 |
   |   60   |   209  |   0.46337E+00 |  0.84046E+02  |   0.648E-02 |
   |   61   |   209  |   0.46033E+00 |  0.84065E+02  |   0.655E-02 |
   |   62   |   209  |   0.45727E+00 |  0.84084E+02  |   0.661E-02 |
   |   63   |   209  |   0.45420E+00 |  0.84102E+02  |   0.668E-02 |
   |   64   |   209  |   0.45113E+00 |  0.84120E+02  |   0.674E-02 |
   |   65   |   209  |   0.44804E+00 |  0.84137E+02  |   0.681E-02 |
   |   66   |   209  |   0.44495E+00 |  0.84154E+02  |   0.688E-02 |
   |   67   |   209  |   0.44185E+00 |  0.84171E+02  |   0.694E-02 |
   |   68   |   209  |   0.43874E+00 |  0.84187E+02  |   0.701E-02 |
   |   69   |   209  |   0.43563E+00 |  0.84203E+02  |   0.707E-02 |
   |   70   |   209  |   0.43252E+00 |  0.84219E+02  |   0.714E-02 |
   |   71   |   209  |   0.42939E+00 |  0.84235E+02  |   0.720E-02 |
   |   72   |   209  |   0.42627E+00 |  0.84250E+02  |   0.726E-02 |
   |   73   |   209  |   0.42314E+00 |  0.84265E+02  |   0.733E-02 |
   |   74   |   209  |   0.42000E+00 |  0.84279E+02  |   0.739E-02 |
   |   75   |   209  |   0.41687E+00 |  0.84294E+02  |   0.745E-02 |
   |   76   |   209  |   0.41373E+00 |  0.84308E+02  |   0.752E-02 |
   |   77   |   209  |   0.41059E+00 |  0.84322E+02  |   0.758E-02 |
   |   78   |   209  |   0.40745E+00 |  0.84335E+02  |   0.764E-02 |
   |   79   |   209  |   0.40431E+00 |  0.84349E+02  |   0.770E-02 |
   |   80   |   209  |   0.40117E+00 |  0.84362E+02  |   0.776E-02 |
   |   81   |   209  |   0.39804E+00 |  0.84375E+02  |   0.782E-02 |
   |   82   |   209  |   0.39490E+00 |  0.84388E+02  |   0.788E-02 |
   |   83   |   209  |   0.39177E+00 |  0.84400E+02  |   0.794E-02 |
   |   84   |   209  |   0.38864E+00 |  0.84412E+02  |   0.799E-02 |
   |   85   |   209  |   0.38551E+00 |  0.84424E+02  |   0.805E-02 |
   |   86   |   209  |   0.38238E+00 |  0.84436E+02  |   0.811E-02 |
   |   87   |   209  |   0.37926E+00 |  0.84448E+02  |   0.816E-02 |
   |   88   |   209  |   0.37615E+00 |  0.84459E+02  |   0.822E-02 |
   |   89   |   209  |   0.37304E+00 |  0.84470E+02  |   0.827E-02 |
   |   90   |   209  |   0.36994E+00 |  0.84482E+02  |   0.833E-02 |
   |   91   |   209  |   0.36684E+00 |  0.84492E+02  |   0.838E-02 |
   |   92   |   209  |   0.36376E+00 |  0.84503E+02  |   0.843E-02 |
   |   93   |   209  |   0.36067E+00 |  0.84514E+02  |   0.849E-02 |
   |   94   |   209  |   0.35760E+00 |  0.84524E+02  |   0.854E-02 |
   |   95   |   209  |   0.35454E+00 |  0.84534E+02  |   0.859E-02 |
   |   96   |   209  |   0.35148E+00 |  0.84544E+02  |   0.864E-02 |
   |   97   |   209  |   0.34844E+00 |  0.84554E+02  |   0.869E-02 |
   |   98   |   209  |   0.34540E+00 |  0.84564E+02  |   0.873E-02 |
   |   99   |   209  |   0.34238E+00 |  0.84573E+02  |   0.878E-02 |
   |  100   |   209  |   0.33936E+00 |  0.84583E+02  |   0.883E-02 |
   |  101   |   209  |   0.33636E+00 |  0.84592E+02  |   0.888E-02 |
   |  102   |   209  |   0.33337E+00 |  0.84601E+02  |   0.892E-02 |
   |  103   |   209  |   0.33039E+00 |  0.84610E+02  |   0.897E-02 |
   |  104   |   209  |   0.32743E+00 |  0.84619E+02  |   0.901E-02 |
   |  105   |   209  |   0.32448E+00 |  0.84628E+02  |   0.905E-02 |
   |  106   |   209  |   0.32154E+00 |  0.84637E+02  |   0.909E-02 |
   |  107   |   209  |   0.31861E+00 |  0.84645E+02  |   0.914E-02 |
   |  108   |   209  |   0.31570E+00 |  0.84654E+02  |   0.918E-02 |
   |  109   |   209  |   0.31280E+00 |  0.84662E+02  |   0.922E-02 |
   |  110   |   209  |   0.30992E+00 |  0.84670E+02  |   0.926E-02 |
   |  111   |   209  |   0.30705E+00 |  0.84678E+02  |   0.930E-02 |
   |  112   |   209  |   0.30420E+00 |  0.84686E+02  |   0.933E-02 |
   |  113   |   209  |   0.30137E+00 |  0.84694E+02  |   0.937E-02 |
   |  114   |   209  |   0.29855E+00 |  0.84701E+02  |   0.941E-02 |
   |  115   |   209  |   0.29574E+00 |  0.84709E+02  |   0.944E-02 |
   |  116   |   209  |   0.29296E+00 |  0.84717E+02  |   0.948E-02 |
   |  117   |   209  |   0.29018E+00 |  0.84724E+02  |   0.951E-02 |
   |  118   |   209  |   0.28743E+00 |  0.84731E+02  |   0.954E-02 |
   |  119   |   209  |   0.28469E+00 |  0.84739E+02  |   0.958E-02 |
   |  120   |   209  |   0.28197E+00 |  0.84746E+02  |   0.961E-02 |
   |  121   |   209  |   0.27927E+00 |  0.84753E+02  |   0.964E-02 |
   |  122   |   209  |   0.27659E+00 |  0.84760E+02  |   0.967E-02 |
   |  123   |   209  |   0.27392E+00 |  0.84767E+02  |   0.970E-02 |
   |  124   |   209  |   0.27127E+00 |  0.84773E+02  |   0.973E-02 |
   |  125   |   209  |   0.26864E+00 |  0.84780E+02  |   0.976E-02 |
   |  126   |   209  |   0.26603E+00 |  0.84787E+02  |   0.979E-02 |
   |  127   |   209  |   0.26344E+00 |  0.84793E+02  |   0.981E-02 |
   |  128   |   209  |   0.26086E+00 |  0.84800E+02  |   0.984E-02 |
   |  129   |   209  |   0.25831E+00 |  0.84806E+02  |   0.987E-02 |
   |  130   |   209  |   0.25577E+00 |  0.84813E+02  |   0.989E-02 |
   |  131   |   209  |   0.25325E+00 |  0.84819E+02  |   0.992E-02 |
   |  132   |   209  |   0.25075E+00 |  0.84825E+02  |   0.994E-02 |
   |  133   |   209  |   0.24827E+00 |  0.84832E+02  |   0.996E-02 |
   |  134   |   209  |   0.24581E+00 |  0.84838E+02  |   0.999E-02 |
   |  135   |   209  |   0.24337E+00 |  0.84844E+02  |   0.100E-01 |
   |  136   |   209  |   0.24095E+00 |  0.84850E+02  |   0.100E-01 |
   |  137   |   209  |   0.23854E+00 |  0.84856E+02  |   0.101E-01 |
   |  138   |   209  |   0.23616E+00 |  0.84862E+02  |   0.101E-01 |
   |  139   |   209  |   0.23380E+00 |  0.84868E+02  |   0.101E-01 |
   |  140   |   209  |   0.23145E+00 |  0.84874E+02  |   0.101E-01 |
   |  141   |   209  |   0.22913E+00 |  0.84879E+02  |   0.101E-01 |
   |  142   |   209  |   0.22682E+00 |  0.84885E+02  |   0.101E-01 |
   |  143   |   209  |   0.22453E+00 |  0.84891E+02  |   0.102E-01 |
   |  144   |   209  |   0.22226E+00 |  0.84896E+02  |   0.102E-01 |
   |  145   |   209  |   0.22002E+00 |  0.84902E+02  |   0.102E-01 |
   |  146   |   209  |   0.21779E+00 |  0.84908E+02  |   0.102E-01 |
   |  147   |   209  |   0.21558E+00 |  0.84913E+02  |   0.102E-01 |
   |  148   |   209  |   0.21339E+00 |  0.84919E+02  |   0.102E-01 |
   |  149   |   209  |   0.21122E+00 |  0.84924E+02  |   0.103E-01 |
   |  150   |   209  |   0.20907E+00 |  0.84930E+02  |   0.103E-01 |
   |  151   |   209  |   0.20694E+00 |  0.84935E+02  |   0.103E-01 |
   |  152   |   209  |   0.20482E+00 |  0.84940E+02  |   0.103E-01 |
   |  153   |   209  |   0.20273E+00 |  0.84946E+02  |   0.103E-01 |
   |  154   |   209  |   0.20065E+00 |  0.84951E+02  |   0.103E-01 |
   |  155   |   209  |   0.19860E+00 |  0.84956E+02  |   0.103E-01 |
   |  156   |   209  |   0.19656E+00 |  0.84962E+02  |   0.103E-01 |
   |  157   |   209  |   0.19454E+00 |  0.84967E+02  |   0.104E-01 |
   |  158   |   209  |   0.19255E+00 |  0.84972E+02  |   0.104E-01 |
   |  159   |   209  |   0.19057E+00 |  0.84977E+02  |   0.104E-01 |
   |  160   |   209  |   0.18860E+00 |  0.84983E+02  |   0.104E-01 |
   |  161   |   209  |   0.18666E+00 |  0.84988E+02  |   0.104E-01 |
   |  162   |   209  |   0.18474E+00 |  0.84993E+02  |   0.104E-01 |
   |  163   |   209  |   0.18283E+00 |  0.84998E+02  |   0.104E-01 |
   |  164   |   209  |   0.18094E+00 |  0.85003E+02  |   0.104E-01 |
   |  165   |   209  |   0.17907E+00 |  0.85008E+02  |   0.104E-01 |
   |  166   |   209  |   0.17722E+00 |  0.85013E+02  |   0.104E-01 |
   |  167   |   209  |   0.17539E+00 |  0.85019E+02  |   0.104E-01 |
   |  168   |   209  |   0.17357E+00 |  0.85024E+02  |   0.105E-01 |
   |  169   |   209  |   0.17177E+00 |  0.85029E+02  |   0.105E-01 |
   |  170   |   209  |   0.16999E+00 |  0.85034E+02  |   0.105E-01 |
   |  171   |   209  |   0.16823E+00 |  0.85039E+02  |   0.105E-01 |
   |  172   |   209  |   0.16648E+00 |  0.85044E+02  |   0.105E-01 |
   |  173   |   209  |   0.16476E+00 |  0.85049E+02  |   0.105E-01 |
   |  174   |   209  |   0.16305E+00 |  0.85054E+02  |   0.105E-01 |
   |  175   |   209  |   0.16135E+00 |  0.85059E+02  |   0.105E-01 |
   |  176   |   209  |   0.15967E+00 |  0.85064E+02  |   0.105E-01 |
   |  177   |   209  |   0.15801E+00 |  0.85069E+02  |   0.105E-01 |
   |  178   |   209  |   0.15637E+00 |  0.85075E+02  |   0.105E-01 |
   |  179   |   209  |   0.15474E+00 |  0.85080E+02  |   0.105E-01 |
   |  180   |   209  |   0.15313E+00 |  0.85085E+02  |   0.105E-01 |
   |  181   |   209  |   0.15154E+00 |  0.85090E+02  |   0.105E-01 |
   |  182   |   209  |   0.14996E+00 |  0.85095E+02  |   0.105E-01 |
   |  183   |   209  |   0.14840E+00 |  0.85100E+02  |   0.105E-01 |
   |  184   |   209  |   0.14685E+00 |  0.85105E+02  |   0.105E-01 |
   |  185   |   209  |   0.14532E+00 |  0.85110E+02  |   0.105E-01 |
   |  186   |   209  |   0.14381E+00 |  0.85116E+02  |   0.105E-01 |
   |  187   |   209  |   0.14231E+00 |  0.85121E+02  |   0.105E-01 |
   |  188   |   209  |   0.14083E+00 |  0.85126E+02  |   0.105E-01 |
   |  189   |   209  |   0.13936E+00 |  0.85131E+02  |   0.105E-01 |
   |  190   |   209  |   0.13791E+00 |  0.85136E+02  |   0.105E-01 |
   |  191   |   209  |   0.13647E+00 |  0.85141E+02  |   0.105E-01 |
   |  192   |   209  |   0.13505E+00 |  0.85147E+02  |   0.105E-01 |
   |  193   |   209  |   0.13364E+00 |  0.85152E+02  |   0.105E-01 |
   |  194   |   209  |   0.13225E+00 |  0.85157E+02  |   0.105E-01 |
   |  195   |   209  |   0.13087E+00 |  0.85163E+02  |   0.105E-01 |
   |  196   |   209  |   0.12950E+00 |  0.85168E+02  |   0.105E-01 |
   |  197   |   209  |   0.12815E+00 |  0.85173E+02  |   0.105E-01 |
   |  198   |   209  |   0.12682E+00 |  0.85178E+02  |   0.105E-01 |
   |  199   |   209  |   0.12550E+00 |  0.85184E+02  |   0.105E-01 |
   |  200   |   209  |   0.12419E+00 |  0.85189E+02  |   0.105E-01 |
   |  201   |   209  |   0.12290E+00 |  0.85195E+02  |   0.105E-01 |

Watson Alpha parameter  0.9000 fitted with rms2 =   1.0000
watson-param =         0.89999998


Potential parameters rounded in accord. with their standart errors

RE12          0              0.9644619500
RE32          0              1.6888847600
alphae        9               102.7987925(      43)
AA1           0              1.4885338714
AA3           0              1.9000000000
G1            0             15.0000000000
G2            0             10.0000000000
B1            0                      0.00
B2            0                      0.00
V0            0                      0.00
f001          0                      0.00
f010          0                      0.00
f100          0                      0.00
f002          9                 22082.280(      32)
f011          0                      0.00
f020          0                      0.00
f101          0                      0.00
f110          0                      0.00
f200          0          90761.4084155000
f003          9                  1001.176(      32)
f012          0                      0.00
f021          0                      0.00
f030          0                      0.00
f102          0                      0.00
f111          0                      0.00
f120          0                      0.00
f201          0                      0.00
f210          0                      0.00
f300          0         -51604.4406769000
f004          9                  10346.70(      26)
f013          0                      0.00
f022          0                      0.00
f031          0                      0.00
f040          0                      0.00
f103          0                      0.00
f112          0                      0.00
f121          0                      0.00
f130          0                      0.00
f202          0                      0.00
f211          0                      0.00
f220          0                      0.00
f301          0                      0.00
f310          0                      0.00
f400          0          16600.3646282000
f005          9                   1141.36(      14)
f014          0                      0.00
f023          0                      0.00
f032          0                      0.00
f041          0                      0.00
f050          0                      0.00
f104          0                      0.00
f113          0                      0.00
f122          0                      0.00
f131          0                      0.00
f140          0                      0.00
f203          0                      0.00
f212          0                      0.00
f221          0                      0.00
f230          0                      0.00
f302          0                      0.00
f311          0                      0.00
f320          0                      0.00
f401          0                      0.00
f410          0                      0.00
f500          0          -7411.0174882800
f006          9                 -10027.80(      69)
f015          0                      0.00
f024          0                      0.00
f033          0                      0.00
f042          0                      0.00
f051          0                      0.00
f060          0                      0.00
f105          0                      0.00
f114          0                      0.00
f123          0                      0.00
f132          0                      0.00
f141          0                      0.00
f150          0                      0.00
f204          0                      0.00
f213          0                      0.00
f222          0                      0.00
f231          0                      0.00
f240          0                      0.00
f303          0                      0.00
f312          0                      0.00
f321          0                      0.00
f330          0                      0.00
f402          0                      0.00
f411          0                      0.00
f420          0                      0.00
f501          0                      0.00
f510          0                      0.00
f600          0           2773.8871919100
f007          9                  -4648.77(      16)
f016          0                      0.00
f025          0                      0.00
f034          0                      0.00
f043          0                      0.00
f052          0                      0.00
f061          0                      0.00
f070          0                      0.00
f106          0                      0.00
f115          0                      0.00
f124          0                      0.00
f133          0                      0.00
f142          0                      0.00
f151          0                      0.00
f160          0                      0.00
f205          0                      0.00
f214          0                      0.00
f223          0                      0.00
f232          0                      0.00
f241          0                      0.00
f250          0                      0.00
f304          0                      0.00
f313          0                      0.00
f322          0                      0.00
f331          0                      0.00
f340          0                      0.00
f403          0                      0.00
f412          0                      0.00
f421          0                      0.00
f430          0                      0.00
f502          0                      0.00
f511          0                      0.00
f520          0                      0.00
f601          0                      0.00
f610          0                      0.00
f700          0          -5052.6352857200
f008          9                  19890.54(      58)
f017          0                      0.00
f026          0                      0.00
f035          0                      0.00
f044          0                      0.00
f053          0                      0.00
f062          0                      0.00
f071          0                      0.00
f080          0                      0.00
f107          0                      0.00
f116          0                      0.00
f125          0                      0.00
f134          0                      0.00
f143          0                      0.00
f152          0                      0.00
f161          0                      0.00
f170          0                      0.00
f206          0                      0.00
f215          0                      0.00
f224          0                      0.00
f233          0                      0.00
f242          0                      0.00
f251          0                      0.00
f260          0                      0.00
f305          0                      0.00
f314          0                      0.00
f323          0                      0.00
f332          0                      0.00
f341          0                      0.00
f350          0                      0.00
f404          0                      0.00
f413          0                      0.00
f422          0                      0.00
f431          0                      0.00
f440          0                      0.00
f503          0                      0.00
f512          0                      0.00
f521          0                      0.00
f530          0                      0.00
f602          0                      0.00
f611          0                      0.00
f620          0                      0.00
f701          0                      0.00
f710          0                      0.00
f800          0         -15774.7919747000
f009          0                      0.00
f018          0                      0.00
f027          0                      0.00
f036          0                      0.00
f045          0                      0.00
f054          0                      0.00
f063          0                      0.00
f072          0                      0.00
f081          0                      0.00
f090          0                      0.00
f108          0                      0.00
f117          0                      0.00
f126          0                      0.00
f135          0                      0.00
f144          0                      0.00
f153          0                      0.00
f162          0                      0.00
f171          0                      0.00
f180          0                      0.00
f207          0                      0.00
f216          0                      0.00
f225          0                      0.00
f234          0                      0.00
f243          0                      0.00
f252          0                      0.00
f261          0                      0.00
f270          0                      0.00
f306          0                      0.00
f315          0                      0.00
f324          0                      0.00
f333          0                      0.00
f342          0                      0.00
f351          0                      0.00
f360          0                      0.00
f405          0                      0.00
f414          0                      0.00
f423          0                      0.00
f432          0                      0.00
f441          0                      0.00
f450          0                      0.00
f504          0                      0.00
f513          0                      0.00
f522          0                      0.00
f531          0                      0.00
f540          0                      0.00
f603          0                      0.00
f612          0                      0.00
f621          0                      0.00
f630          0                      0.00
f702          0                      0.00
f711          0                      0.00
f720          0                      0.00
f801          0                      0.00
f810          0                      0.00
f900          0                      0.00
f0010         0                      0.00
f019          0                      0.00
f028          0                      0.00
f037          0                      0.00
f046          0                      0.00
f055          0                      0.00
f064          0                      0.00
f073          0                      0.00
f082          0                      0.00
f091          0                      0.00
f0100         0                      0.00
f109          0                      0.00
f118          0                      0.00
f127          0                      0.00
f136          0                      0.00
f145          0                      0.00
f154          0                      0.00
f163          0                      0.00
f172          0                      0.00
f181          0                      0.00
f190          0                      0.00
f208          0                      0.00
f217          0                      0.00
f226          0                      0.00
f235          0                      0.00
f244          0                      0.00
f253          0                      0.00
f262          0                      0.00
f271          0                      0.00
f280          0                      0.00
f307          0                      0.00
f316          0                      0.00
f325          0                      0.00
f334          0                      0.00
f343          0                      0.00
f352          0                      0.00
f361          0                      0.00
f370          0                      0.00
f406          0                      0.00
f415          0                      0.00
f424          0                      0.00
f433          0                      0.00
f442          0                      0.00
f451          0                      0.00
f460          0                      0.00
f505          0                      0.00
f514          0                      0.00
f523          0                      0.00
f532          0                      0.00
f541          0                      0.00
f550          0                      0.00
f604          0                      0.00
f613          0                      0.00
f622          0                      0.00
f631          0                      0.00
f640          0                      0.00
f703          0                      0.00
f712          0                      0.00
f721          0                      0.00
f730          0                      0.00
f802          0                      0.00
f811          0                      0.00
f820          0                      0.00
f901          0                      0.00
f910          0                      0.00
f1000         0                      0.00
f0011         0                      0.00
f0110         0                      0.00
f029          0                      0.00
f038          0                      0.00
f047          0                      0.00
f056          0                      0.00
f065          0                      0.00
f074          0                      0.00
f083          0                      0.00
f092          0                      0.00
f0101         0                      0.00
f0110         0                      0.00
f1010         0                      0.00
f119          0                      0.00
f128          0                      0.00
f137          0                      0.00
f146          0                      0.00
f155          0                      0.00
f164          0                      0.00
f173          0                      0.00
f182          0                      0.00
f191          0                      0.00
f1100         0                      0.00
f209          0                      0.00
f218          0                      0.00
f227          0                      0.00
f236          0                      0.00
f245          0                      0.00
f254          0                      0.00
f263          0                      0.00
f272          0                      0.00
f281          0                      0.00
f290          0                      0.00
f308          0                      0.00
f317          0                      0.00
f326          0                      0.00
f335          0                      0.00
f344          0                      0.00
f353          0                      0.00
f362          0                      0.00
f371          0                      0.00
f380          0                      0.00
f407          0                      0.00
f416          0                      0.00
f425          0                      0.00
f434          0                      0.00
f443          0                      0.00
f452          0                      0.00
f461          0                      0.00
f470          0                      0.00
f506          0                      0.00
f515          0                      0.00
f524          0                      0.00
f533          0                      0.00
f542          0                      0.00
f551          0                      0.00
f560          0                      0.00
f605          0                      0.00
f614          0                      0.00
f623          0                      0.00
f632          0                      0.00
f641          0                      0.00
f650          0                      0.00
f704          0                      0.00
f713          0                      0.00
f722          0                      0.00
f731          0                      0.00
f740          0                      0.00
f803          0                      0.00
f812          0                      0.00
f821          0                      0.00
f830          0                      0.00
f902          0                      0.00
f911          0                      0.00
f920          0                      0.00
f1001         0                      0.00
f1010         0                      0.00
f1100         0                      0.00
f0012         0                      0.00
f0111         0                      0.00
f0210         0                      0.00
f039          0                      0.00
f048          0                      0.00
f057          0                      0.00
f066          0                      0.00
f075          0                      0.00
f084          0                      0.00
f093          0                      0.00
f0102         0                      0.00
f0111         0                      0.00
f0120         0                      0.00
f1011         0                      0.00
f1110         0                      0.00
f129          0                      0.00
f138          0                      0.00
f147          0                      0.00
f156          0                      0.00
f165          0                      0.00
f174          0                      0.00
f183          0                      0.00
f192          0                      0.00
f1101         0                      0.00
f1110         0                      0.00
f2010         0                      0.00
f219          0                      0.00
f228          0                      0.00
f237          0                      0.00
f246          0                      0.00
f255          0                      0.00
f264          0                      0.00
f273          0                      0.00
f282          0                      0.00
f291          0                      0.00
f2100         0                      0.00
f309          0                      0.00
f318          0                      0.00
f327          0                      0.00
f336          0                      0.00
f345          0                      0.00
f354          0                      0.00
f363          0                      0.00
f372          0                      0.00
f381          0                      0.00
f390          0                      0.00
f408          0                      0.00
f417          0                      0.00
f426          0                      0.00
f435          0                      0.00
f444          0                      0.00
f453          0                      0.00
f462          0                      0.00
f471          0                      0.00
f480          0                      0.00
f507          0                      0.00
f516          0                      0.00
f525          0                      0.00
f534          0                      0.00
f543          0                      0.00
f552          0                      0.00
f561          0                      0.00
f570          0                      0.00
f606          0                      0.00
f615          0                      0.00
f624          0                      0.00
f633          0                      0.00
f642          0                      0.00
f651          0                      0.00
f660          0                      0.00
f705          0                      0.00
f714          0                      0.00
f723          0                      0.00
f732          0                      0.00
f741          0                      0.00
f750          0                      0.00
f804          0                      0.00
f813          0                      0.00
f822          0                      0.00
f831          0                      0.00
f840          0                      0.00
f903          0                      0.00
f912          0                      0.00
f921          0                      0.00
f930          0                      0.00
f1002         0                      0.00
f1011         0                      0.00
f1020         0                      0.00
f1101         0                      0.00
f1110         0                      0.00
f1200         0                      0.00

Correlation coefficients larger than 0.9: 
          corr( 1, 2) =  0.9302229
          corr( 1, 4) =  0.9125807
          corr( 2, 4) =  0.9932041
          corr( 2, 6) =  0.9646782
          corr( 2, 8) =  0.9235598
          corr( 4, 6) =  0.9882370
          corr( 4, 8) =  0.9603706
          corr( 5, 7) =  0.9938013
          corr( 6, 8) =  0.9916658

               --------------------------------------------------------------------------------
               :     old parm   :     new parm   :  delta parm  :   std. err.  : sensitility
               --------------------------------------------------------------------------------
  1  alphae      :          102.7988  :          102.7988  :           -0.0000:            0.0004:            0.0000:!
  2  f002        :        22082.2638  :        22082.2801  :            0.0162:            3.2057:            0.0061: 
  3  f003        :         1001.1715  :         1001.1757  :            0.0042:            3.1895:            0.0087:!
  4  f004        :        10346.8408  :        10346.6960  :           -0.1448:           26.4300:            0.0120: 
  5  f005        :         1141.3536  :         1141.3596  :            0.0060:           13.7829:            0.0162:!
  6  f006        :       -10028.2119  :       -10027.7975  :            0.4144:           69.4735:            0.0216: 
  7  f007        :        -4648.7561  :        -4648.7741  :           -0.0179:           16.3253:            0.0287:!
  8  f008        :        19890.8984  :        19890.5363  :           -0.3621:           58.4334:            0.0379: 

   -----------------------------------------------------------
   | param  | points |   deviat    |    rms      | stability |
   -----------------------------------------------------------
   |    8   |   209  |   0.12290E+00 |  0.85195E+02  |   0.105E-01 |

############################################################################################
