       200 <= number of iterations in the fit
  0.000010 <= The fit is over if the stability is reached 
  1.000000 <= Scale factor 
  0.001000 <= stdev parameter out 
         2 <= watson robust on (1) or of (0) 
0     ************ potential energy expansion coefficients (cm-1) ************


  RE12       =           0.964  RE32       =           1.689  alphae     =         102.800
  AA1        =           1.489  AA3        =           1.900  G1         =          15.000
  G2         =          10.000  B1         =           0.000  B2         =           0.000
  V0         =           2.341  f001       =           0.000  f010       =           0.000
  f100       =           0.000  f002       =       22059.335  f011       =           0.000
  f020       =           0.000  f101       =           0.000  f110       =           0.000
  f200       =           0.000  f003       =           0.000  f012       =           0.000
  f021       =           0.000  f030       =           0.000  f102       =           0.000
  f111       =           0.000  f120       =           0.000  f201       =           0.000
  f210       =           0.000  f300       =           0.000  f004       =           0.000
  f013       =           0.000  f022       =           0.000  f031       =           0.000
  f040       =           0.000  f103       =           0.000  f112       =           0.000
  f121       =           0.000  f130       =           0.000  f202       =           0.000
  f211       =           0.000  f220       =           0.000  f301       =           0.000
  f310       =           0.000  f400       =           0.000  f005       =           0.000
  f014       =           0.000  f023       =           0.000  f032       =           0.000
  f041       =           0.000  f050       =           0.000  f104       =           0.000
  f113       =           0.000  f122       =           0.000  f131       =           0.000
  f140       =           0.000  f203       =           0.000  f212       =           0.000
  f221       =           0.000  f230       =           0.000  f302       =           0.000
  f311       =           0.000  f320       =           0.000  f401       =           0.000
  f410       =           0.000  f500       =           0.000  f006       =           0.000
  f015       =           0.000  f024       =           0.000  f033       =           0.000
  f042       =           0.000  f051       =           0.000  f060       =           0.000
  f105       =           0.000  f114       =           0.000  f123       =           0.000
  f132       =           0.000  f141       =           0.000  f150       =           0.000
  f204       =           0.000  f213       =           0.000  f222       =           0.000
  f231       =           0.000  f240       =           0.000  f303       =           0.000
  f312       =           0.000  f321       =           0.000  f330       =           0.000
  f402       =           0.000  f411       =           0.000  f420       =           0.000
  f501       =           0.000  f510       =           0.000  f600       =           0.000
  f007       =           0.000  f016       =           0.000  f025       =           0.000
  f034       =           0.000  f043       =           0.000  f052       =           0.000
  f061       =           0.000  f070       =           0.000  f106       =           0.000
  f115       =           0.000  f124       =           0.000  f133       =           0.000
  f142       =           0.000  f151       =           0.000  f160       =           0.000
  f205       =           0.000  f214       =           0.000  f223       =           0.000
  f232       =           0.000  f241       =           0.000  f250       =           0.000
  f304       =           0.000  f313       =           0.000  f322       =           0.000
  f331       =           0.000  f340       =           0.000  f403       =           0.000
  f412       =           0.000  f421       =           0.000  f430       =           0.000
  f502       =           0.000  f511       =           0.000  f520       =           0.000
  f601       =           0.000  f610       =           0.000  f700       =           0.000
  f008       =           0.000  f017       =           0.000  f026       =           0.000
  f035       =           0.000  f044       =           0.000  f053       =           0.000
  f062       =           0.000  f071       =           0.000  f080       =           0.000
  f107       =           0.000  f116       =           0.000  f125       =           0.000
  f134       =           0.000  f143       =           0.000  f152       =           0.000
  f161       =           0.000  f170       =           0.000  f206       =           0.000
  f215       =           0.000  f224       =           0.000  f233       =           0.000
  f242       =           0.000  f251       =           0.000  f260       =           0.000
  f305       =           0.000  f314       =           0.000  f323       =           0.000
  f332       =           0.000  f341       =           0.000  f350       =           0.000
  f404       =           0.000  f413       =           0.000  f422       =           0.000
  f431       =           0.000  f440       =           0.000  f503       =           0.000
  f512       =           0.000  f521       =           0.000  f530       =           0.000
  f602       =           0.000  f611       =           0.000  f620       =           0.000
  f701       =           0.000  f710       =           0.000  f800       =           0.000
  f009       =           0.000  f018       =           0.000  f027       =           0.000
  f036       =           0.000  f045       =           0.000  f054       =           0.000
  f063       =           0.000  f072       =           0.000  f081       =           0.000
  f090       =           0.000  f108       =           0.000  f117       =           0.000
  f126       =           0.000  f135       =           0.000  f144       =           0.000
  f153       =           0.000  f162       =           0.000  f171       =           0.000
  f180       =           0.000  f207       =           0.000  f216       =           0.000
  f225       =           0.000  f234       =           0.000  f243       =           0.000
  f252       =           0.000  f261       =           0.000  f270       =           0.000
  f306       =           0.000  f315       =           0.000  f324       =           0.000
  f333       =           0.000  f342       =           0.000  f351       =           0.000
  f360       =           0.000  f405       =           0.000  f414       =           0.000
  f423       =           0.000  f432       =           0.000  f441       =           0.000
  f450       =           0.000  f504       =           0.000  f513       =           0.000
  f522       =           0.000  f531       =           0.000  f540       =           0.000
  f603       =           0.000  f612       =           0.000  f621       =           0.000
  f630       =           0.000  f702       =           0.000  f711       =           0.000
  f720       =           0.000  f801       =           0.000  f810       =           0.000
  f900       =           0.000  f0010      =           0.000  f019       =           0.000
  f028       =           0.000  f037       =           0.000  f046       =           0.000
  f055       =           0.000  f064       =           0.000  f073       =           0.000
  f082       =           0.000  f091       =           0.000  f0100      =           0.000
  f109       =           0.000  f118       =           0.000  f127       =           0.000
  f136       =           0.000  f145       =           0.000  f154       =           0.000
  f163       =           0.000  f172       =           0.000  f181       =           0.000
  f190       =           0.000  f208       =           0.000  f217       =           0.000
  f226       =           0.000  f235       =           0.000  f244       =           0.000
  f253       =           0.000  f262       =           0.000  f271       =           0.000
  f280       =           0.000  f307       =           0.000  f316       =           0.000
  f325       =           0.000  f334       =           0.000  f343       =           0.000
  f352       =           0.000  f361       =           0.000  f370       =           0.000
  f406       =           0.000  f415       =           0.000  f424       =           0.000
  f433       =           0.000  f442       =           0.000  f451       =           0.000
  f460       =           0.000  f505       =           0.000  f514       =           0.000
  f523       =           0.000  f532       =           0.000  f541       =           0.000
  f550       =           0.000  f604       =           0.000  f613       =           0.000
  f622       =           0.000  f631       =           0.000  f640       =           0.000
  f703       =           0.000  f712       =           0.000  f721       =           0.000
  f730       =           0.000  f802       =           0.000  f811       =           0.000
  f820       =           0.000  f901       =           0.000  f910       =           0.000
  f1000      =           0.000  f0011      =           0.000  f0110      =           0.000
  f029       =           0.000  f038       =           0.000  f047       =           0.000
  f056       =           0.000  f065       =           0.000  f074       =           0.000
  f083       =           0.000  f092       =           0.000  f0101      =           0.000
  f0110      =           0.000  f1010      =           0.000  f119       =           0.000
  f128       =           0.000  f137       =           0.000  f146       =           0.000
  f155       =           0.000  f164       =           0.000  f173       =           0.000
  f182       =           0.000  f191       =           0.000  f1100      =           0.000
  f209       =           0.000  f218       =           0.000  f227       =           0.000
  f236       =           0.000  f245       =           0.000  f254       =           0.000
  f263       =           0.000  f272       =           0.000  f281       =           0.000
  f290       =           0.000  f308       =           0.000  f317       =           0.000
  f326       =           0.000  f335       =           0.000  f344       =           0.000
  f353       =           0.000  f362       =           0.000  f371       =           0.000
  f380       =           0.000  f407       =           0.000  f416       =           0.000
  f425       =           0.000  f434       =           0.000  f443       =           0.000
  f452       =           0.000  f461       =           0.000  f470       =           0.000
  f506       =           0.000  f515       =           0.000  f524       =           0.000
  f533       =           0.000  f542       =           0.000  f551       =           0.000
  f560       =           0.000  f605       =           0.000  f614       =           0.000
  f623       =           0.000  f632       =           0.000  f641       =           0.000
  f650       =           0.000  f704       =           0.000  f713       =           0.000
  f722       =           0.000  f731       =           0.000  f740       =           0.000
  f803       =           0.000  f812       =           0.000  f821       =           0.000
  f830       =           0.000  f902       =           0.000  f911       =           0.000
  f920       =           0.000  f1001      =           0.000  f1010      =           0.000
  f1100      =           0.000  f0012      =           0.000  f0111      =           0.000
  f0210      =           0.000  f039       =           0.000  f048       =           0.000
  f057       =           0.000  f066       =           0.000  f075       =           0.000
  f084       =           0.000  f093       =           0.000  f0102      =           0.000
  f0111      =           0.000  f0120      =           0.000  f1011      =           0.000
  f1110      =           0.000  f129       =           0.000  f138       =           0.000
  f147       =           0.000  f156       =           0.000  f165       =           0.000
  f174       =           0.000  f183       =           0.000  f192       =           0.000
  f1101      =           0.000  f1110      =           0.000  f2010      =           0.000
  f219       =           0.000  f228       =           0.000  f237       =           0.000
  f246       =           0.000  f255       =           0.000  f264       =           0.000
  f273       =           0.000  f282       =           0.000  f291       =           0.000
  f2100      =           0.000  f309       =           0.000  f318       =           0.000
  f327       =           0.000  f336       =           0.000  f345       =           0.000
  f354       =           0.000  f363       =           0.000  f372       =           0.000
  f381       =           0.000  f390       =           0.000  f408       =           0.000
  f417       =           0.000  f426       =           0.000  f435       =           0.000
  f444       =           0.000  f453       =           0.000  f462       =           0.000
  f471       =           0.000  f480       =           0.000  f507       =           0.000
  f516       =           0.000  f525       =           0.000  f534       =           0.000
  f543       =           0.000  f552       =           0.000  f561       =           0.000
  f570       =           0.000  f606       =           0.000  f615       =           0.000
  f624       =           0.000  f633       =           0.000  f642       =           0.000
  f651       =           0.000  f660       =           0.000  f705       =           0.000
  f714       =           0.000  f723       =           0.000  f732       =           0.000
  f741       =           0.000  f750       =           0.000  f804       =           0.000
  f813       =           0.000  f822       =           0.000  f831       =           0.000
  f840       =           0.000  f903       =           0.000  f912       =           0.000
  f921       =           0.000  f930       =           0.000  f1002      =           0.000
  f1011      =           0.000  f1020      =           0.000  f1101      =           0.000
  f1110      =           0.000  f1200      =           0.000  

   -----------------------------------------------------------
   |   iter | points |   deviat    |    rms      | stability |
   -----------------------------------------------------------
   |    1   |   138  |   0.49513E+00 |  0.51639E+03  |   0.187E+08 |
   |    2   |   138  |   0.27614E-01 |  0.19833E+01  |   0.199E+05 |
   |    3   |   138  |   0.21667E-02 |  0.42828E+00  |   0.710E+01 |
   |    4   |   138  |   0.35920E-02 |  0.29007E+00  |   0.765E+00 |
   |    5   |   138  |   0.20641E-02 |  0.44454E+00  |   0.903E+00 |
   |    6   |   138  |   0.32712E-02 |  0.29032E+00  |   0.381E+01 |
   |    7   |   138  |   0.20245E-02 |  0.44044E+00  |   0.827E+00 |
   |    8   |   138  |   0.31280E-02 |  0.28978E+00  |   0.161E+01 |
   |    9   |   138  |   0.20217E-02 |  0.43914E+00  |   0.619E+00 |
   |   10   |   138  |   0.29755E-02 |  0.29041E+00  |   0.129E+01 |
   |   11   |   138  |   0.20444E-02 |  0.43826E+00  |   0.548E+00 |
   |   12   |   138  |   0.29026E-02 |  0.29100E+00  |   0.119E+01 |
   |   13   |   138  |   0.20637E-02 |  0.43755E+00  |   0.532E+00 |
   |   14   |   138  |   0.28784E-02 |  0.29131E+00  |   0.112E+01 |
   |   15   |   138  |   0.20803E-02 |  0.43697E+00  |   0.523E+00 |
   |   16   |   138  |   0.28511E-02 |  0.29163E+00  |   0.108E+01 |
   |   17   |   138  |   0.20936E-02 |  0.43647E+00  |   0.515E+00 |
   |   18   |   138  |   0.28155E-02 |  0.29195E+00  |   0.105E+01 |
   |   19   |   138  |   0.21038E-02 |  0.43604E+00  |   0.505E+00 |
   |   20   |   138  |   0.27905E-02 |  0.29222E+00  |   0.101E+01 |
   |   21   |   138  |   0.21116E-02 |  0.43567E+00  |   0.498E+00 |
   |   22   |   138  |   0.27794E-02 |  0.29240E+00  |   0.982E+00 |
   |   23   |   138  |   0.21181E-02 |  0.43537E+00  |   0.493E+00 |
   |   24   |   138  |   0.27705E-02 |  0.29252E+00  |   0.966E+00 |
   |   25   |   138  |   0.21235E-02 |  0.43512E+00  |   0.490E+00 |
   |   26   |   138  |   0.27612E-02 |  0.29262E+00  |   0.954E+00 |
   |   27   |   138  |   0.21277E-02 |  0.43492E+00  |   0.486E+00 |
   |   28   |   138  |   0.27515E-02 |  0.29270E+00  |   0.943E+00 |
   |   29   |   138  |   0.21310E-02 |  0.43474E+00  |   0.483E+00 |
   |   30   |   138  |   0.27416E-02 |  0.29278E+00  |   0.932E+00 |
   |   31   |   138  |   0.21336E-02 |  0.43459E+00  |   0.481E+00 |
   |   32   |   138  |   0.27319E-02 |  0.29285E+00  |   0.923E+00 |
   |   33   |   138  |   0.21356E-02 |  0.43446E+00  |   0.478E+00 |
   |   34   |   138  |   0.27229E-02 |  0.29292E+00  |   0.914E+00 |
   |   35   |   138  |   0.21373E-02 |  0.43435E+00  |   0.476E+00 |
   |   36   |   138  |   0.27148E-02 |  0.29299E+00  |   0.905E+00 |
   |   37   |   138  |   0.21388E-02 |  0.43426E+00  |   0.474E+00 |
   |   38   |   138  |   0.27079E-02 |  0.29305E+00  |   0.898E+00 |
   |   39   |   138  |   0.21400E-02 |  0.43418E+00  |   0.472E+00 |
   |   40   |   138  |   0.27023E-02 |  0.29311E+00  |   0.892E+00 |
   |   41   |   138  |   0.21411E-02 |  0.43412E+00  |   0.470E+00 |
   |   42   |   138  |   0.26977E-02 |  0.29317E+00  |   0.887E+00 |
   |   43   |   138  |   0.21420E-02 |  0.43408E+00  |   0.469E+00 |
   |   44   |   138  |   0.26940E-02 |  0.29323E+00  |   0.883E+00 |
   |   45   |   138  |   0.21427E-02 |  0.43404E+00  |   0.468E+00 |
   |   46   |   138  |   0.26909E-02 |  0.29330E+00  |   0.879E+00 |
   |   47   |   138  |   0.21434E-02 |  0.43401E+00  |   0.467E+00 |
   |   48   |   138  |   0.26878E-02 |  0.29337E+00  |   0.876E+00 |
   |   49   |   138  |   0.21439E-02 |  0.43399E+00  |   0.466E+00 |
   |   50   |   138  |   0.26843E-02 |  0.29346E+00  |   0.872E+00 |
   |   51   |   138  |   0.21443E-02 |  0.43397E+00  |   0.465E+00 |
   |   52   |   138  |   0.26793E-02 |  0.29357E+00  |   0.869E+00 |
   |   53   |   138  |   0.21446E-02 |  0.43396E+00  |   0.464E+00 |
   |   54   |   138  |   0.26709E-02 |  0.29371E+00  |   0.864E+00 |
   |   55   |   138  |   0.21449E-02 |  0.43395E+00  |   0.462E+00 |
   |   56   |   138  |   0.26563E-02 |  0.29389E+00  |   0.857E+00 |
   |   57   |   138  |   0.21451E-02 |  0.43394E+00  |   0.459E+00 |
   |   58   |   138  |   0.26335E-02 |  0.29410E+00  |   0.846E+00 |
   |   59   |   138  |   0.21452E-02 |  0.43393E+00  |   0.454E+00 |
   |   60   |   138  |   0.26082E-02 |  0.29431E+00  |   0.830E+00 |
   |   61   |   138  |   0.21454E-02 |  0.43393E+00  |   0.449E+00 |
   |   62   |   138  |   0.25904E-02 |  0.29448E+00  |   0.813E+00 |
   |   63   |   138  |   0.21455E-02 |  0.43392E+00  |   0.445E+00 |
   |   64   |   138  |   0.25782E-02 |  0.29461E+00  |   0.802E+00 |
   |   65   |   138  |   0.21456E-02 |  0.43392E+00  |   0.443E+00 |
   |   66   |   138  |   0.25675E-02 |  0.29470E+00  |   0.793E+00 |
   |   67   |   138  |   0.21456E-02 |  0.43392E+00  |   0.440E+00 |
   |   68   |   138  |   0.25573E-02 |  0.29479E+00  |   0.786E+00 |
   |   69   |   138  |   0.21457E-02 |  0.43392E+00  |   0.438E+00 |
   |   70   |   138  |   0.25473E-02 |  0.29486E+00  |   0.779E+00 |
   |   71   |   138  |   0.21457E-02 |  0.43392E+00  |   0.436E+00 |
   |   72   |   138  |   0.25378E-02 |  0.29492E+00  |   0.773E+00 |
   |   73   |   138  |   0.21457E-02 |  0.43391E+00  |   0.434E+00 |
   |   74   |   138  |   0.25292E-02 |  0.29498E+00  |   0.767E+00 |
   |   75   |   138  |   0.21458E-02 |  0.43391E+00  |   0.432E+00 |
   |   76   |   138  |   0.25215E-02 |  0.29503E+00  |   0.761E+00 |
   |   77   |   138  |   0.21458E-02 |  0.43391E+00  |   0.431E+00 |
   |   78   |   138  |   0.25149E-02 |  0.29508E+00  |   0.756E+00 |
   |   79   |   138  |   0.21458E-02 |  0.43391E+00  |   0.429E+00 |
   |   80   |   138  |   0.25094E-02 |  0.29512E+00  |   0.752E+00 |
   |   81   |   138  |   0.21458E-02 |  0.43391E+00  |   0.428E+00 |
   |   82   |   138  |   0.25047E-02 |  0.29516E+00  |   0.748E+00 |
   |   83   |   138  |   0.21458E-02 |  0.43391E+00  |   0.427E+00 |
   |   84   |   138  |   0.25007E-02 |  0.29520E+00  |   0.745E+00 |
   |   85   |   138  |   0.21458E-02 |  0.43391E+00  |   0.426E+00 |
   |   86   |   138  |   0.24972E-02 |  0.29524E+00  |   0.742E+00 |
   |   87   |   138  |   0.21458E-02 |  0.43391E+00  |   0.425E+00 |
   |   88   |   138  |   0.24940E-02 |  0.29528E+00  |   0.740E+00 |
   |   89   |   138  |   0.21458E-02 |  0.43391E+00  |   0.425E+00 |
   |   90   |   138  |   0.24909E-02 |  0.29532E+00  |   0.737E+00 |
   |   91   |   138  |   0.21458E-02 |  0.43391E+00  |   0.424E+00 |
   |   92   |   138  |   0.24878E-02 |  0.29536E+00  |   0.735E+00 |
   |   93   |   138  |   0.21458E-02 |  0.43391E+00  |   0.423E+00 |
   |   94   |   138  |   0.24845E-02 |  0.29540E+00  |   0.733E+00 |
   |   95   |   138  |   0.21458E-02 |  0.43391E+00  |   0.422E+00 |
   |   96   |   138  |   0.24809E-02 |  0.29545E+00  |   0.731E+00 |
   |   97   |   138  |   0.21458E-02 |  0.43391E+00  |   0.421E+00 |
   |   98   |   138  |   0.24768E-02 |  0.29550E+00  |   0.728E+00 |
   |   99   |   138  |   0.21458E-02 |  0.43391E+00  |   0.421E+00 |
   |  100   |   138  |   0.24723E-02 |  0.29555E+00  |   0.725E+00 |
   |  101   |   138  |   0.21458E-02 |  0.43391E+00  |   0.419E+00 |
   |  102   |   138  |   0.24675E-02 |  0.29560E+00  |   0.722E+00 |
   |  103   |   138  |   0.21458E-02 |  0.43391E+00  |   0.418E+00 |
   |  104   |   138  |   0.24625E-02 |  0.29565E+00  |   0.719E+00 |
   |  105   |   138  |   0.21458E-02 |  0.43391E+00  |   0.417E+00 |
   |  106   |   138  |   0.24578E-02 |  0.29570E+00  |   0.716E+00 |
   |  107   |   138  |   0.21458E-02 |  0.43391E+00  |   0.416E+00 |
   |  108   |   138  |   0.24535E-02 |  0.29574E+00  |   0.712E+00 |
   |  109   |   138  |   0.21458E-02 |  0.43391E+00  |   0.415E+00 |
   |  110   |   138  |   0.24499E-02 |  0.29578E+00  |   0.710E+00 |
   |  111   |   138  |   0.21458E-02 |  0.43391E+00  |   0.414E+00 |
   |  112   |   138  |   0.24470E-02 |  0.29581E+00  |   0.707E+00 |
   |  113   |   138  |   0.21458E-02 |  0.43391E+00  |   0.414E+00 |
   |  114   |   138  |   0.24448E-02 |  0.29584E+00  |   0.705E+00 |
   |  115   |   138  |   0.21458E-02 |  0.43391E+00  |   0.413E+00 |
   |  116   |   138  |   0.24431E-02 |  0.29586E+00  |   0.704E+00 |
   |  117   |   138  |   0.21458E-02 |  0.43391E+00  |   0.413E+00 |
   |  118   |   138  |   0.24419E-02 |  0.29587E+00  |   0.703E+00 |
   |  119   |   138  |   0.21458E-02 |  0.43391E+00  |   0.412E+00 |
   |  120   |   138  |   0.24409E-02 |  0.29589E+00  |   0.702E+00 |
   |  121   |   138  |   0.21458E-02 |  0.43391E+00  |   0.412E+00 |
   |  122   |   138  |   0.24403E-02 |  0.29589E+00  |   0.701E+00 |
   |  123   |   138  |   0.21458E-02 |  0.43391E+00  |   0.412E+00 |
   |  124   |   138  |   0.24398E-02 |  0.29590E+00  |   0.701E+00 |
   |  125   |   138  |   0.21458E-02 |  0.43391E+00  |   0.412E+00 |
   |  126   |   138  |   0.24394E-02 |  0.29591E+00  |   0.700E+00 |
   |  127   |   138  |   0.21458E-02 |  0.43391E+00  |   0.412E+00 |
   |  128   |   138  |   0.24392E-02 |  0.29591E+00  |   0.700E+00 |
   |  129   |   138  |   0.21458E-02 |  0.43391E+00  |   0.412E+00 |
   |  130   |   138  |   0.24390E-02 |  0.29591E+00  |   0.700E+00 |
   |  131   |   138  |   0.21458E-02 |  0.43391E+00  |   0.412E+00 |
   |  132   |   138  |   0.24389E-02 |  0.29591E+00  |   0.700E+00 |
   |  133   |   138  |   0.21458E-02 |  0.43391E+00  |   0.412E+00 |
   |  134   |   138  |   0.24388E-02 |  0.29591E+00  |   0.700E+00 |
   |  135   |   138  |   0.21458E-02 |  0.43391E+00  |   0.412E+00 |
   |  136   |   138  |   0.24387E-02 |  0.29592E+00  |   0.700E+00 |
   |  137   |   138  |   0.21458E-02 |  0.43391E+00  |   0.412E+00 |
   |  138   |   138  |   0.24386E-02 |  0.29592E+00  |   0.700E+00 |
   |  139   |   138  |   0.21458E-02 |  0.43391E+00  |   0.412E+00 |
   |  140   |   138  |   0.24386E-02 |  0.29592E+00  |   0.700E+00 |
   |  141   |   138  |   0.21458E-02 |  0.43391E+00  |   0.412E+00 |
   |  142   |   138  |   0.24386E-02 |  0.29592E+00  |   0.700E+00 |
   |  143   |   138  |   0.21458E-02 |  0.43391E+00  |   0.412E+00 |
   |  144   |   138  |   0.24386E-02 |  0.29592E+00  |   0.700E+00 |
   |  145   |   138  |   0.21458E-02 |  0.43391E+00  |   0.412E+00 |
   |  146   |   138  |   0.24385E-02 |  0.29592E+00  |   0.700E+00 |
   |  147   |   138  |   0.21458E-02 |  0.43391E+00  |   0.412E+00 |
   |  148   |   138  |   0.24385E-02 |  0.29592E+00  |   0.700E+00 |
   |  149   |   138  |   0.21458E-02 |  0.43391E+00  |   0.412E+00 |
   |  150   |   138  |   0.24385E-02 |  0.29592E+00  |   0.700E+00 |
   |  151   |   138  |   0.21458E-02 |  0.43391E+00  |   0.412E+00 |
   |  152   |   138  |   0.24385E-02 |  0.29592E+00  |   0.700E+00 |
   |  153   |   138  |   0.21458E-02 |  0.43391E+00  |   0.412E+00 |
   |  154   |   138  |   0.24385E-02 |  0.29592E+00  |   0.700E+00 |
   |  155   |   138  |   0.21458E-02 |  0.43391E+00  |   0.412E+00 |
   |  156   |   138  |   0.24385E-02 |  0.29592E+00  |   0.700E+00 |
   |  157   |   138  |   0.21458E-02 |  0.43391E+00  |   0.412E+00 |
   |  158   |   138  |   0.24385E-02 |  0.29592E+00  |   0.700E+00 |
   |  159   |   138  |   0.21458E-02 |  0.43391E+00  |   0.412E+00 |
   |  160   |   138  |   0.24385E-02 |  0.29592E+00  |   0.700E+00 |
   |  161   |   138  |   0.21458E-02 |  0.43391E+00  |   0.412E+00 |
   |  162   |   138  |   0.24385E-02 |  0.29592E+00  |   0.700E+00 |
   |  163   |   138  |   0.21458E-02 |  0.43391E+00  |   0.412E+00 |
   |  164   |   138  |   0.24385E-02 |  0.29592E+00  |   0.700E+00 |
   |  165   |   138  |   0.21458E-02 |  0.43391E+00  |   0.412E+00 |
   |  166   |   138  |   0.24385E-02 |  0.29592E+00  |   0.700E+00 |
   |  167   |   138  |   0.21458E-02 |  0.43391E+00  |   0.412E+00 |
   |  168   |   138  |   0.24385E-02 |  0.29592E+00  |   0.700E+00 |
   |  169   |   138  |   0.21458E-02 |  0.43391E+00  |   0.412E+00 |
   |  170   |   138  |   0.24385E-02 |  0.29592E+00  |   0.700E+00 |
   |  171   |   138  |   0.21458E-02 |  0.43391E+00  |   0.412E+00 |
   |  172   |   138  |   0.24385E-02 |  0.29592E+00  |   0.700E+00 |
   |  173   |   138  |   0.21458E-02 |  0.43391E+00  |   0.412E+00 |
   |  174   |   138  |   0.24385E-02 |  0.29592E+00  |   0.700E+00 |
   |  175   |   138  |   0.21458E-02 |  0.43391E+00  |   0.412E+00 |
   |  176   |   138  |   0.24385E-02 |  0.29592E+00  |   0.700E+00 |
   |  177   |   138  |   0.21458E-02 |  0.43391E+00  |   0.412E+00 |
   |  178   |   138  |   0.24385E-02 |  0.29592E+00  |   0.700E+00 |
   |  179   |   138  |   0.21458E-02 |  0.43391E+00  |   0.412E+00 |
   |  180   |   138  |   0.24385E-02 |  0.29592E+00  |   0.700E+00 |
   |  181   |   138  |   0.21458E-02 |  0.43391E+00  |   0.412E+00 |
   |  182   |   138  |   0.24385E-02 |  0.29592E+00  |   0.700E+00 |
   |  183   |   138  |   0.21458E-02 |  0.43391E+00  |   0.412E+00 |
   |  184   |   138  |   0.24385E-02 |  0.29592E+00  |   0.700E+00 |
   |  185   |   138  |   0.21458E-02 |  0.43391E+00  |   0.412E+00 |
   |  186   |   138  |   0.24385E-02 |  0.29592E+00  |   0.700E+00 |
   |  187   |   138  |   0.21458E-02 |  0.43391E+00  |   0.412E+00 |
   |  188   |   138  |   0.24385E-02 |  0.29592E+00  |   0.700E+00 |
   |  189   |   138  |   0.21458E-02 |  0.43391E+00  |   0.412E+00 |
   |  190   |   138  |   0.24385E-02 |  0.29592E+00  |   0.700E+00 |
   |  191   |   138  |   0.21458E-02 |  0.43391E+00  |   0.412E+00 |
   |  192   |   138  |   0.24385E-02 |  0.29592E+00  |   0.700E+00 |
   |  193   |   138  |   0.21458E-02 |  0.43391E+00  |   0.412E+00 |
   |  194   |   138  |   0.24385E-02 |  0.29592E+00  |   0.700E+00 |
   |  195   |   138  |   0.21458E-02 |  0.43391E+00  |   0.412E+00 |
   |  196   |   138  |   0.24385E-02 |  0.29592E+00  |   0.700E+00 |
   |  197   |   138  |   0.21458E-02 |  0.43391E+00  |   0.412E+00 |
   |  198   |   138  |   0.24385E-02 |  0.29592E+00  |   0.700E+00 |
   |  199   |   138  |   0.21458E-02 |  0.43391E+00  |   0.412E+00 |
   |  200   |   138  |   0.24385E-02 |  0.29592E+00  |   0.700E+00 |
   |  201   |   138  |   0.21458E-02 |  0.43391E+00  |   0.412E+00 |

Watson Alpha parameter  0.9000 fitted with rms2 =   1.0000
watson-param =         0.89999998


Potential parameters rounded in accord. with their standart errors

RE12          0              0.9644619500
RE32          0              1.6888847600
alphae        9               102.7701238(      34)
AA1           0              1.4885338714
AA3           0              1.9000000000
G1            0             15.0000000000
G2            0             10.0000000000
B1            0                      0.00
B2            0                      0.00
V0            9                  -0.34003(      21)
f001          0                      0.00
f010          0                      0.00
f100          0                      0.00
f002          9                 22328.322(      32)
f011          0                      0.00
f020          0                      0.00
f101          0                      0.00
f110          0                      0.00
f200          0                      0.00
f003          9                  1396.581(      60)
f012          0                      0.00
f021          0                      0.00
f030          0                      0.00
f102          0                      0.00
f111          0                      0.00
f120          0                      0.00
f201          0                      0.00
f210          0                      0.00
f300          0                      0.00
f004          9                   7484.55(      51)
f013          0                      0.00
f022          0                      0.00
f031          0                      0.00
f040          0                      0.00
f103          0                      0.00
f112          0                      0.00
f121          0                      0.00
f130          0                      0.00
f202          0                      0.00
f211          0                      0.00
f220          0                      0.00
f301          0                      0.00
f310          0                      0.00
f400          0                      0.00
f005          9                   -622.42(      35)
f014          0                      0.00
f023          0                      0.00
f032          0                      0.00
f041          0                      0.00
f050          0                      0.00
f104          0                      0.00
f113          0                      0.00
f122          0                      0.00
f131          0                      0.00
f140          0                      0.00
f203          0                      0.00
f212          0                      0.00
f221          0                      0.00
f230          0                      0.00
f302          0                      0.00
f311          0                      0.00
f320          0                      0.00
f401          0                      0.00
f410          0                      0.00
f500          0                      0.00
f006          9                    535.79(     244)
f015          0                      0.00
f024          0                      0.00
f033          0                      0.00
f042          0                      0.00
f051          0                      0.00
f060          0                      0.00
f105          0                      0.00
f114          0                      0.00
f123          0                      0.00
f132          0                      0.00
f141          0                      0.00
f150          0                      0.00
f204          0                      0.00
f213          0                      0.00
f222          0                      0.00
f231          0                      0.00
f240          0                      0.00
f303          0                      0.00
f312          0                      0.00
f321          0                      0.00
f330          0                      0.00
f402          0                      0.00
f411          0                      0.00
f420          0                      0.00
f501          0                      0.00
f510          0                      0.00
f600          0                      0.00
f007          9                  -2265.60(      59)
f016          0                      0.00
f025          0                      0.00
f034          0                      0.00
f043          0                      0.00
f052          0                      0.00
f061          0                      0.00
f070          0                      0.00
f106          0                      0.00
f115          0                      0.00
f124          0                      0.00
f133          0                      0.00
f142          0                      0.00
f151          0                      0.00
f160          0                      0.00
f205          0                      0.00
f214          0                      0.00
f223          0                      0.00
f232          0                      0.00
f241          0                      0.00
f250          0                      0.00
f304          0                      0.00
f313          0                      0.00
f322          0                      0.00
f331          0                      0.00
f340          0                      0.00
f403          0                      0.00
f412          0                      0.00
f421          0                      0.00
f430          0                      0.00
f502          0                      0.00
f511          0                      0.00
f520          0                      0.00
f601          0                      0.00
f610          0                      0.00
f700          0                      0.00
f008          9                   7650.01(     350)
f017          0                      0.00
f026          0                      0.00
f035          0                      0.00
f044          0                      0.00
f053          0                      0.00
f062          0                      0.00
f071          0                      0.00
f080          0                      0.00
f107          0                      0.00
f116          0                      0.00
f125          0                      0.00
f134          0                      0.00
f143          0                      0.00
f152          0                      0.00
f161          0                      0.00
f170          0                      0.00
f206          0                      0.00
f215          0                      0.00
f224          0                      0.00
f233          0                      0.00
f242          0                      0.00
f251          0                      0.00
f260          0                      0.00
f305          0                      0.00
f314          0                      0.00
f323          0                      0.00
f332          0                      0.00
f341          0                      0.00
f350          0                      0.00
f404          0                      0.00
f413          0                      0.00
f422          0                      0.00
f431          0                      0.00
f440          0                      0.00
f503          0                      0.00
f512          0                      0.00
f521          0                      0.00
f530          0                      0.00
f602          0                      0.00
f611          0                      0.00
f620          0                      0.00
f701          0                      0.00
f710          0                      0.00
f800          0                      0.00
f009          0                      0.00
f018          0                      0.00
f027          0                      0.00
f036          0                      0.00
f045          0                      0.00
f054          0                      0.00
f063          0                      0.00
f072          0                      0.00
f081          0                      0.00
f090          0                      0.00
f108          0                      0.00
f117          0                      0.00
f126          0                      0.00
f135          0                      0.00
f144          0                      0.00
f153          0                      0.00
f162          0                      0.00
f171          0                      0.00
f180          0                      0.00
f207          0                      0.00
f216          0                      0.00
f225          0                      0.00
f234          0                      0.00
f243          0                      0.00
f252          0                      0.00
f261          0                      0.00
f270          0                      0.00
f306          0                      0.00
f315          0                      0.00
f324          0                      0.00
f333          0                      0.00
f342          0                      0.00
f351          0                      0.00
f360          0                      0.00
f405          0                      0.00
f414          0                      0.00
f423          0                      0.00
f432          0                      0.00
f441          0                      0.00
f450          0                      0.00
f504          0                      0.00
f513          0                      0.00
f522          0                      0.00
f531          0                      0.00
f540          0                      0.00
f603          0                      0.00
f612          0                      0.00
f621          0                      0.00
f630          0                      0.00
f702          0                      0.00
f711          0                      0.00
f720          0                      0.00
f801          0                      0.00
f810          0                      0.00
f900          0                      0.00
f0010         0                      0.00
f019          0                      0.00
f028          0                      0.00
f037          0                      0.00
f046          0                      0.00
f055          0                      0.00
f064          0                      0.00
f073          0                      0.00
f082          0                      0.00
f091          0                      0.00
f0100         0                      0.00
f109          0                      0.00
f118          0                      0.00
f127          0                      0.00
f136          0                      0.00
f145          0                      0.00
f154          0                      0.00
f163          0                      0.00
f172          0                      0.00
f181          0                      0.00
f190          0                      0.00
f208          0                      0.00
f217          0                      0.00
f226          0                      0.00
f235          0                      0.00
f244          0                      0.00
f253          0                      0.00
f262          0                      0.00
f271          0                      0.00
f280          0                      0.00
f307          0                      0.00
f316          0                      0.00
f325          0                      0.00
f334          0                      0.00
f343          0                      0.00
f352          0                      0.00
f361          0                      0.00
f370          0                      0.00
f406          0                      0.00
f415          0                      0.00
f424          0                      0.00
f433          0                      0.00
f442          0                      0.00
f451          0                      0.00
f460          0                      0.00
f505          0                      0.00
f514          0                      0.00
f523          0                      0.00
f532          0                      0.00
f541          0                      0.00
f550          0                      0.00
f604          0                      0.00
f613          0                      0.00
f622          0                      0.00
f631          0                      0.00
f640          0                      0.00
f703          0                      0.00
f712          0                      0.00
f721          0                      0.00
f730          0                      0.00
f802          0                      0.00
f811          0                      0.00
f820          0                      0.00
f901          0                      0.00
f910          0                      0.00
f1000         0                      0.00
f0011         0                      0.00
f0110         0                      0.00
f029          0                      0.00
f038          0                      0.00
f047          0                      0.00
f056          0                      0.00
f065          0                      0.00
f074          0                      0.00
f083          0                      0.00
f092          0                      0.00
f0101         0                      0.00
f0110         0                      0.00
f1010         0                      0.00
f119          0                      0.00
f128          0                      0.00
f137          0                      0.00
f146          0                      0.00
f155          0                      0.00
f164          0                      0.00
f173          0                      0.00
f182          0                      0.00
f191          0                      0.00
f1100         0                      0.00
f209          0                      0.00
f218          0                      0.00
f227          0                      0.00
f236          0                      0.00
f245          0                      0.00
f254          0                      0.00
f263          0                      0.00
f272          0                      0.00
f281          0                      0.00
f290          0                      0.00
f308          0                      0.00
f317          0                      0.00
f326          0                      0.00
f335          0                      0.00
f344          0                      0.00
f353          0                      0.00
f362          0                      0.00
f371          0                      0.00
f380          0                      0.00
f407          0                      0.00
f416          0                      0.00
f425          0                      0.00
f434          0                      0.00
f443          0                      0.00
f452          0                      0.00
f461          0                      0.00
f470          0                      0.00
f506          0                      0.00
f515          0                      0.00
f524          0                      0.00
f533          0                      0.00
f542          0                      0.00
f551          0                      0.00
f560          0                      0.00
f605          0                      0.00
f614          0                      0.00
f623          0                      0.00
f632          0                      0.00
f641          0                      0.00
f650          0                      0.00
f704          0                      0.00
f713          0                      0.00
f722          0                      0.00
f731          0                      0.00
f740          0                      0.00
f803          0                      0.00
f812          0                      0.00
f821          0                      0.00
f830          0                      0.00
f902          0                      0.00
f911          0                      0.00
f920          0                      0.00
f1001         0                      0.00
f1010         0                      0.00
f1100         0                      0.00
f0012         0                      0.00
f0111         0                      0.00
f0210         0                      0.00
f039          0                      0.00
f048          0                      0.00
f057          0                      0.00
f066          0                      0.00
f075          0                      0.00
f084          0                      0.00
f093          0                      0.00
f0102         0                      0.00
f0111         0                      0.00
f0120         0                      0.00
f1011         0                      0.00
f1110         0                      0.00
f129          0                      0.00
f138          0                      0.00
f147          0                      0.00
f156          0                      0.00
f165          0                      0.00
f174          0                      0.00
f183          0                      0.00
f192          0                      0.00
f1101         0                      0.00
f1110         0                      0.00
f2010         0                      0.00
f219          0                      0.00
f228          0                      0.00
f237          0                      0.00
f246          0                      0.00
f255          0                      0.00
f264          0                      0.00
f273          0                      0.00
f282          0                      0.00
f291          0                      0.00
f2100         0                      0.00
f309          0                      0.00
f318          0                      0.00
f327          0                      0.00
f336          0                      0.00
f345          0                      0.00
f354          0                      0.00
f363          0                      0.00
f372          0                      0.00
f381          0                      0.00
f390          0                      0.00
f408          0                      0.00
f417          0                      0.00
f426          0                      0.00
f435          0                      0.00
f444          0                      0.00
f453          0                      0.00
f462          0                      0.00
f471          0                      0.00
f480          0                      0.00
f507          0                      0.00
f516          0                      0.00
f525          0                      0.00
f534          0                      0.00
f543          0                      0.00
f552          0                      0.00
f561          0                      0.00
f570          0                      0.00
f606          0                      0.00
f615          0                      0.00
f624          0                      0.00
f633          0                      0.00
f642          0                      0.00
f651          0                      0.00
f660          0                      0.00
f705          0                      0.00
f714          0                      0.00
f723          0                      0.00
f732          0                      0.00
f741          0                      0.00
f750          0                      0.00
f804          0                      0.00
f813          0                      0.00
f822          0                      0.00
f831          0                      0.00
f840          0                      0.00
f903          0                      0.00
f912          0                      0.00
f921          0                      0.00
f930          0                      0.00
f1002         0                      0.00
f1011         0                      0.00
f1020         0                      0.00
f1101         0                      0.00
f1110         0                      0.00
f1200         0                      0.00

Correlation coefficients larger than 0.9: 
          corr( 3, 5) =  0.9819517
          corr( 3, 7) =  0.9593945
          corr( 3, 9) =  0.9416078
          corr( 4, 6) =  0.9744578
          corr( 4, 8) =  0.9424081
          corr( 5, 7) =  0.9949163
          corr( 5, 9) =  0.9866322
          corr( 6, 8) =  0.9922459
          corr( 7, 9) =  0.9979443

               --------------------------------------------------------------------------------
               :     old parm   :     new parm   :  delta parm  :   std. err.  : sensitility
               --------------------------------------------------------------------------------
  1  alphae      :          102.7701  :          102.7701  :           -0.0000:            0.0003:            0.0000: 
  2  V0          :           -0.3398  :           -0.3400  :           -0.0002:            0.0206:            0.0000: 
  3  f002        :        22328.3036  :        22328.3217  :            0.0181:            3.1953:            0.0002: 
  4  f003        :         1392.7569  :         1396.5806  :            3.8236:            6.0009:            0.0004: 
  5  f004        :         7466.6127  :         7484.5525  :           17.9398:           51.0799:            0.0007: 
  6  f005        :         -585.7143  :         -622.4182  :          -36.7039:           35.2231:            0.0012: 
  7  f006        :          719.2012  :          535.7929  :         -183.4083:          243.5509:            0.0020: 
  8  f007        :        -2344.2440  :        -2265.5972  :           78.6468:           59.4595:            0.0034: 
  9  f008        :         7254.0135  :         7650.0114  :          395.9979:          350.1073:            0.0057: 

   -----------------------------------------------------------
   | param  | points |   deviat    |    rms      | stability |
   -----------------------------------------------------------
   |    9   |   138  |   0.21458E-02 |  0.43391E+00  |   0.412E+00 |

############################################################################################
