        50 <= number of iterations in the fit
  0.000010 <= The fit is over if the stability is reached 
  1.000000 <= Scale factor 
  0.001000 <= stdev parameter out 
         2 <= watson robust on (1) or of (0) 
0     ************ potential energy expansion coefficients (cm-1) ************


  RE12       =           0.964  RE32       =           1.691  alphae     =         102.667
  AA1        =           1.581  AA3        =           2.624  G1         =          15.000
  G2         =          10.000  B1         =      500000.000  B2         =       50000.000
  V0         =          -0.572  f001       =           0.000  f010       =           0.000
  f100       =           0.000  f002       =           0.000  f011       =           0.000
  f020       =       13957.903  f101       =           0.000  f110       =           0.000
  f200       =       80783.851  f003       =           0.000  f012       =           0.000
  f021       =           0.000  f030       =        3890.095  f102       =           0.000
  f111       =           0.000  f120       =           0.000  f201       =           0.000
  f210       =           0.000  f300       =      -38889.588  f004       =           0.000
  f013       =           0.000  f022       =           0.000  f031       =           0.000
  f040       =        1911.667  f103       =           0.000  f112       =           0.000
  f121       =           0.000  f130       =           0.000  f202       =           0.000
  f211       =           0.000  f220       =           0.000  f301       =           0.000
  f310       =           0.000  f400       =       10870.318  f005       =           0.000
  f014       =           0.000  f023       =           0.000  f032       =           0.000
  f041       =           0.000  f050       =         965.512  f104       =           0.000
  f113       =           0.000  f122       =           0.000  f131       =           0.000
  f140       =           0.000  f203       =           0.000  f212       =           0.000
  f221       =           0.000  f230       =           0.000  f302       =           0.000
  f311       =           0.000  f320       =           0.000  f401       =           0.000
  f410       =           0.000  f500       =       -5313.215  f006       =           0.000
  f015       =           0.000  f024       =           0.000  f033       =           0.000
  f042       =           0.000  f051       =           0.000  f060       =         447.421
  f105       =           0.000  f114       =           0.000  f123       =           0.000
  f132       =           0.000  f141       =           0.000  f150       =           0.000
  f204       =           0.000  f213       =           0.000  f222       =           0.000
  f231       =           0.000  f240       =           0.000  f303       =           0.000
  f312       =           0.000  f321       =           0.000  f330       =           0.000
  f402       =           0.000  f411       =           0.000  f420       =           0.000
  f501       =           0.000  f510       =           0.000  f600       =        5481.926
  f007       =           0.000  f016       =           0.000  f025       =           0.000
  f034       =           0.000  f043       =           0.000  f052       =           0.000
  f061       =           0.000  f070       =         142.776  f106       =           0.000
  f115       =           0.000  f124       =           0.000  f133       =           0.000
  f142       =           0.000  f151       =           0.000  f160       =           0.000
  f205       =           0.000  f214       =           0.000  f223       =           0.000
  f232       =           0.000  f241       =           0.000  f250       =           0.000
  f304       =           0.000  f313       =           0.000  f322       =           0.000
  f331       =           0.000  f340       =           0.000  f403       =           0.000
  f412       =           0.000  f421       =           0.000  f430       =           0.000
  f502       =           0.000  f511       =           0.000  f520       =           0.000
  f601       =           0.000  f610       =           0.000  f700       =       -3001.428
  f008       =           0.000  f017       =           0.000  f026       =           0.000
  f035       =           0.000  f044       =           0.000  f053       =           0.000
  f062       =           0.000  f071       =           0.000  f080       =          20.474
  f107       =           0.000  f116       =           0.000  f125       =           0.000
  f134       =           0.000  f143       =           0.000  f152       =           0.000
  f161       =           0.000  f170       =           0.000  f206       =           0.000
  f215       =           0.000  f224       =           0.000  f233       =           0.000
  f242       =           0.000  f251       =           0.000  f260       =           0.000
  f305       =           0.000  f314       =           0.000  f323       =           0.000
  f332       =           0.000  f341       =           0.000  f350       =           0.000
  f404       =           0.000  f413       =           0.000  f422       =           0.000
  f431       =           0.000  f440       =           0.000  f503       =           0.000
  f512       =           0.000  f521       =           0.000  f530       =           0.000
  f602       =           0.000  f611       =           0.000  f620       =           0.000
  f701       =           0.000  f710       =           0.000  f800       =      -17866.210
  f009       =           0.000  f018       =           0.000  f027       =           0.000
  f036       =           0.000  f045       =           0.000  f054       =           0.000
  f063       =           0.000  f072       =           0.000  f081       =           0.000
  f090       =           0.000  f108       =           0.000  f117       =           0.000
  f126       =           0.000  f135       =           0.000  f144       =           0.000
  f153       =           0.000  f162       =           0.000  f171       =           0.000
  f180       =           0.000  f207       =           0.000  f216       =           0.000
  f225       =           0.000  f234       =           0.000  f243       =           0.000
  f252       =           0.000  f261       =           0.000  f270       =           0.000
  f306       =           0.000  f315       =           0.000  f324       =           0.000
  f333       =           0.000  f342       =           0.000  f351       =           0.000
  f360       =           0.000  f405       =           0.000  f414       =           0.000
  f423       =           0.000  f432       =           0.000  f441       =           0.000
  f450       =           0.000  f504       =           0.000  f513       =           0.000
  f522       =           0.000  f531       =           0.000  f540       =           0.000
  f603       =           0.000  f612       =           0.000  f621       =           0.000
  f630       =           0.000  f702       =           0.000  f711       =           0.000
  f720       =           0.000  f801       =           0.000  f810       =           0.000
  f900       =           0.000  f0010      =           0.000  f019       =           0.000
  f028       =           0.000  f037       =           0.000  f046       =           0.000
  f055       =           0.000  f064       =           0.000  f073       =           0.000
  f082       =           0.000  f091       =           0.000  f0100      =           0.000
  f109       =           0.000  f118       =           0.000  f127       =           0.000
  f136       =           0.000  f145       =           0.000  f154       =           0.000
  f163       =           0.000  f172       =           0.000  f181       =           0.000
  f190       =           0.000  f208       =           0.000  f217       =           0.000
  f226       =           0.000  f235       =           0.000  f244       =           0.000
  f253       =           0.000  f262       =           0.000  f271       =           0.000
  f280       =           0.000  f307       =           0.000  f316       =           0.000
  f325       =           0.000  f334       =           0.000  f343       =           0.000
  f352       =           0.000  f361       =           0.000  f370       =           0.000
  f406       =           0.000  f415       =           0.000  f424       =           0.000
  f433       =           0.000  f442       =           0.000  f451       =           0.000
  f460       =           0.000  f505       =           0.000  f514       =           0.000
  f523       =           0.000  f532       =           0.000  f541       =           0.000
  f550       =           0.000  f604       =           0.000  f613       =           0.000
  f622       =           0.000  f631       =           0.000  f640       =           0.000
  f703       =           0.000  f712       =           0.000  f721       =           0.000
  f730       =           0.000  f802       =           0.000  f811       =           0.000
  f820       =           0.000  f901       =           0.000  f910       =           0.000
  f1000      =           0.000  f0011      =           0.000  f0110      =           0.000
  f029       =           0.000  f038       =           0.000  f047       =           0.000
  f056       =           0.000  f065       =           0.000  f074       =           0.000
  f083       =           0.000  f092       =           0.000  f0101      =           0.000
  f0110      =           0.000  f1010      =           0.000  f119       =           0.000
  f128       =           0.000  f137       =           0.000  f146       =           0.000
  f155       =           0.000  f164       =           0.000  f173       =           0.000
  f182       =           0.000  f191       =           0.000  f1100      =           0.000
  f209       =           0.000  f218       =           0.000  f227       =           0.000
  f236       =           0.000  f245       =           0.000  f254       =           0.000
  f263       =           0.000  f272       =           0.000  f281       =           0.000
  f290       =           0.000  f308       =           0.000  f317       =           0.000
  f326       =           0.000  f335       =           0.000  f344       =           0.000
  f353       =           0.000  f362       =           0.000  f371       =           0.000
  f380       =           0.000  f407       =           0.000  f416       =           0.000
  f425       =           0.000  f434       =           0.000  f443       =           0.000
  f452       =           0.000  f461       =           0.000  f470       =           0.000
  f506       =           0.000  f515       =           0.000  f524       =           0.000
  f533       =           0.000  f542       =           0.000  f551       =           0.000
  f560       =           0.000  f605       =           0.000  f614       =           0.000
  f623       =           0.000  f632       =           0.000  f641       =           0.000
  f650       =           0.000  f704       =           0.000  f713       =           0.000
  f722       =           0.000  f731       =           0.000  f740       =           0.000
  f803       =           0.000  f812       =           0.000  f821       =           0.000
  f830       =           0.000  f902       =           0.000  f911       =           0.000
  f920       =           0.000  f1001      =           0.000  f1010      =           0.000
  f1100      =           0.000  f0012      =           0.000  f0111      =           0.000
  f0210      =           0.000  f039       =           0.000  f048       =           0.000
  f057       =           0.000  f066       =           0.000  f075       =           0.000
  f084       =           0.000  f093       =           0.000  f0102      =           0.000
  f0111      =           0.000  f0120      =           0.000  f1011      =           0.000
  f1110      =           0.000  f129       =           0.000  f138       =           0.000
  f147       =           0.000  f156       =           0.000  f165       =           0.000
  f174       =           0.000  f183       =           0.000  f192       =           0.000
  f1101      =           0.000  f1110      =           0.000  f2010      =           0.000
  f219       =           0.000  f228       =           0.000  f237       =           0.000
  f246       =           0.000  f255       =           0.000  f264       =           0.000
  f273       =           0.000  f282       =           0.000  f291       =           0.000
  f2100      =           0.000  f309       =           0.000  f318       =           0.000
  f327       =           0.000  f336       =           0.000  f345       =           0.000
  f354       =           0.000  f363       =           0.000  f372       =           0.000
  f381       =           0.000  f390       =           0.000  f408       =           0.000
  f417       =           0.000  f426       =           0.000  f435       =           0.000
  f444       =           0.000  f453       =           0.000  f462       =           0.000
  f471       =           0.000  f480       =           0.000  f507       =           0.000
  f516       =           0.000  f525       =           0.000  f534       =           0.000
  f543       =           0.000  f552       =           0.000  f561       =           0.000
  f570       =           0.000  f606       =           0.000  f615       =           0.000
  f624       =           0.000  f633       =           0.000  f642       =           0.000
  f651       =           0.000  f660       =           0.000  f705       =           0.000
  f714       =           0.000  f723       =           0.000  f732       =           0.000
  f741       =           0.000  f750       =           0.000  f804       =           0.000
  f813       =           0.000  f822       =           0.000  f831       =           0.000
  f840       =           0.000  f903       =           0.000  f912       =           0.000
  f921       =           0.000  f930       =           0.000  f1002      =           0.000
  f1011      =           0.000  f1020      =           0.000  f1101      =           0.000
  f1110      =           0.000  f1200      =           0.000  

   -----------------------------------------------------------
   |   iter | points |   deviat    |    rms      | stability |
   -----------------------------------------------------------
   |    1   |   157  |   0.29229E-02 |  0.15679E+01  |   0.154E+11 |
   |    2   |   157  |   0.39235E+00 |  0.21437E+04  |   0.993E+00 |
   |    3   |   157  |   0.33753E-01 |  0.47297E+03  |   0.159E+04 |
   |    4   |   157  |   0.83275E-02 |  0.59173E+02  |   0.173E+02 |
   |    5   |   157  |   0.35291E-02 |  0.20570E+01  |   0.464E+01 |
   |    6   |   157  |   0.25531E-02 |  0.22397E+01  |   0.883E+00 |
   |    7   |   157  |   0.64252E-02 |  0.45121E+01  |   0.916E+00 |
   |    8   |   157  |   0.59158E-02 |  0.33015E+01  |   0.141E+02 |
   |    9   |   157  |   0.57008E-02 |  0.40336E+01  |   0.644E+00 |
   |   10   |   157  |   0.23144E-02 |  0.12138E+01  |   0.927E+01 |
   |   11   |   157  |   0.22600E-02 |  0.77891E+00  |   0.651E+00 |
   |   12   |   157  |   0.21506E-02 |  0.16486E+01  |   0.152E+00 |
   |   13   |   157  |   0.26532E-02 |  0.11015E+01  |   0.491E+00 |
   |   14   |   157  |   0.21784E-02 |  0.19694E+01  |   0.128E+00 |
   |   15   |   157  |   0.30294E-02 |  0.12802E+01  |   0.915E+00 |
   |   16   |   157  |   0.21932E-02 |  0.22121E+01  |   0.343E+01 |
   |   17   |   157  |   0.21954E-02 |  0.12134E+01  |   0.597E-02 |
   |   18   |   157  |   0.31344E-02 |  0.24453E+01  |   0.331E+00 |
   |   19   |   157  |   0.32612E-02 |  0.12729E+01  |   0.669E+00 |
   |   20   |   157  |   0.33930E-02 |  0.24494E+01  |   0.576E+00 |
   |   21   |   157  |   0.56198E-02 |  0.26383E+01  |   0.785E+00 |
   |   22   |   157  |   0.30426E-02 |  0.16284E+01  |   0.701E+01 |
   |   23   |   157  |   0.22824E-02 |  0.56510E+00  |   0.362E+00 |
   |   24   |   157  |   0.33164E-02 |  0.12351E+01  |   0.812E+00 |
   |   25   |   157  |   0.34361E-02 |  0.11763E+01  |   0.399E+01 |
   |   26   |   157  |   0.48030E-02 |  0.18613E+01  |   0.925E+00 |
   |   27   |   157  |   0.71276E-02 |  0.53726E+01  |   0.243E+01 |
   |   28   |   157  |   0.50138E-02 |  0.25676E+01  |   0.276E+01 |
   |   29   |   157  |   0.54396E-02 |  0.37342E+01  |   0.510E+00 |
   |   30   |   157  |   0.36915E-02 |  0.13496E+01  |   0.286E+01 |
   |   31   |   157  |   0.41703E-02 |  0.19068E+01  |   0.665E+00 |
   |   32   |   157  |   0.48961E-02 |  0.23294E+01  |   0.463E-01 |
   |   33   |   157  |   0.38400E-02 |  0.16161E+01  |   0.106E+01 |
   |   34   |   157  |   0.36641E-02 |  0.13449E+01  |   0.134E+00 |
   |   35   |   157  |   0.21236E-02 |  0.89127E+00  |   0.123E+01 |
   |   36   |   157  |   0.20591E-02 |  0.86622E+00  |   0.540E+00 |
   |   37   |   157  |   0.20874E-02 |  0.98951E+00  |   0.173E-01 |
   |   38   |   157  |   0.30521E-02 |  0.11476E+01  |   0.731E+00 |
   |   39   |   157  |   0.24089E-02 |  0.11346E+01  |   0.494E+01 |
   |   40   |   157  |   0.45430E-02 |  0.17146E+01  |   0.934E+00 |
   |   41   |   157  |   0.42991E-02 |  0.17632E+01  |   0.652E+01 |
   |   42   |   157  |   0.27595E-02 |  0.83613E+00  |   0.983E+00 |
   |   43   |   157  |   0.20999E-02 |  0.75043E+00  |   0.627E+00 |
   |   44   |   157  |   0.19626E-02 |  0.92752E+00  |   0.243E+00 |
   |   45   |   157  |   0.20018E-02 |  0.98583E+00  |   0.385E+00 |
   |   46   |   157  |   0.19992E-02 |  0.10032E+01  |   0.740E+00 |
   |   47   |   157  |   0.20425E-02 |  0.13005E+01  |   0.298E+00 |
   |   48   |   157  |   0.20496E-02 |  0.11614E+01  |   0.263E+00 |
   |   49   |   157  |   0.21004E-02 |  0.17485E+01  |   0.181E+00 |
   |   50   |   157  |   0.20392E-02 |  0.15044E+01  |   0.184E+00 |
   |   51   |   157  |   0.21372E-02 |  0.22158E+01  |   0.337E+00 |

Watson Alpha parameter  0.9000 fitted with rms2 =   1.0000
watson-param =         0.89999998


Potential parameters rounded in accord. with their standart errors

RE12          0              0.9644619500
RE32          9              1.6913197174(      21)
alphae        0            102.6673092500
AA1           0              1.5811043073
AA3           9                  2.796190(      99)
G1            0             15.0000000000
G2            0             10.0000000000
B1            0         500000.0000000000
B2            0          50000.0000000000
V0            9                 -0.573211(      14)
f001          0                      0.00
f010          0                      0.00
f100          0                      0.00
f002          0                      0.00
f011          0                      0.00
f020          9                  12293.94(      86)
f101          0                      0.00
f110          0                      0.00
f200          0          80783.8507755000
f003          0                      0.00
f012          0                      0.00
f021          0                      0.00
f030          9                  3972.038(      15)
f102          0                      0.00
f111          0                      0.00
f120          0                      0.00
f201          0                      0.00
f210          0                      0.00
f300          0         -38889.5879001000
f004          0                      0.00
f013          0                      0.00
f022          0                      0.00
f031          0                      0.00
f040          9                  2044.151(      56)
f103          0                      0.00
f112          0                      0.00
f121          0                      0.00
f130          0                      0.00
f202          0                      0.00
f211          0                      0.00
f220          0                      0.00
f301          0                      0.00
f310          0                      0.00
f400          0          10870.3184398000
f005          0                      0.00
f014          0                      0.00
f023          0                      0.00
f032          0                      0.00
f041          0                      0.00
f050          9                  1130.230(      65)
f104          0                      0.00
f113          0                      0.00
f122          0                      0.00
f131          0                      0.00
f140          0                      0.00
f203          0                      0.00
f212          0                      0.00
f221          0                      0.00
f230          0                      0.00
f302          0                      0.00
f311          0                      0.00
f320          0                      0.00
f401          0                      0.00
f410          0                      0.00
f500          0          -5313.2147514600
f006          0                      0.00
f015          0                      0.00
f024          0                      0.00
f033          0                      0.00
f042          0                      0.00
f051          0                      0.00
f060          9                    688.61(      10)
f105          0                      0.00
f114          0                      0.00
f123          0                      0.00
f132          0                      0.00
f141          0                      0.00
f150          0                      0.00
f204          0                      0.00
f213          0                      0.00
f222          0                      0.00
f231          0                      0.00
f240          0                      0.00
f303          0                      0.00
f312          0                      0.00
f321          0                      0.00
f330          0                      0.00
f402          0                      0.00
f411          0                      0.00
f420          0                      0.00
f501          0                      0.00
f510          0                      0.00
f600          0           5481.9264305700
f007          0                      0.00
f016          0                      0.00
f025          0                      0.00
f034          0                      0.00
f043          0                      0.00
f052          0                      0.00
f061          0                      0.00
f070          9                    420.41(      16)
f106          0                      0.00
f115          0                      0.00
f124          0                      0.00
f133          0                      0.00
f142          0                      0.00
f151          0                      0.00
f160          0                      0.00
f205          0                      0.00
f214          0                      0.00
f223          0                      0.00
f232          0                      0.00
f241          0                      0.00
f250          0                      0.00
f304          0                      0.00
f313          0                      0.00
f322          0                      0.00
f331          0                      0.00
f340          0                      0.00
f403          0                      0.00
f412          0                      0.00
f421          0                      0.00
f430          0                      0.00
f502          0                      0.00
f511          0                      0.00
f520          0                      0.00
f601          0                      0.00
f610          0                      0.00
f700          0          -3001.4276687200
f008          0                      0.00
f017          0                      0.00
f026          0                      0.00
f035          0                      0.00
f044          0                      0.00
f053          0                      0.00
f062          0                      0.00
f071          0                      0.00
f080          9                    196.41(      13)
f107          0                      0.00
f116          0                      0.00
f125          0                      0.00
f134          0                      0.00
f143          0                      0.00
f152          0                      0.00
f161          0                      0.00
f170          0                      0.00
f206          0                      0.00
f215          0                      0.00
f224          0                      0.00
f233          0                      0.00
f242          0                      0.00
f251          0                      0.00
f260          0                      0.00
f305          0                      0.00
f314          0                      0.00
f323          0                      0.00
f332          0                      0.00
f341          0                      0.00
f350          0                      0.00
f404          0                      0.00
f413          0                      0.00
f422          0                      0.00
f431          0                      0.00
f440          0                      0.00
f503          0                      0.00
f512          0                      0.00
f521          0                      0.00
f530          0                      0.00
f602          0                      0.00
f611          0                      0.00
f620          0                      0.00
f701          0                      0.00
f710          0                      0.00
f800          0         -17866.2102583000
f009          0                      0.00
f018          0                      0.00
f027          0                      0.00
f036          0                      0.00
f045          0                      0.00
f054          0                      0.00
f063          0                      0.00
f072          0                      0.00
f081          0                      0.00
f090          9                    54.127(      53)
f108          0                      0.00
f117          0                      0.00
f126          0                      0.00
f135          0                      0.00
f144          0                      0.00
f153          0                      0.00
f162          0                      0.00
f171          0                      0.00
f180          0                      0.00
f207          0                      0.00
f216          0                      0.00
f225          0                      0.00
f234          0                      0.00
f243          0                      0.00
f252          0                      0.00
f261          0                      0.00
f270          0                      0.00
f306          0                      0.00
f315          0                      0.00
f324          0                      0.00
f333          0                      0.00
f342          0                      0.00
f351          0                      0.00
f360          0                      0.00
f405          0                      0.00
f414          0                      0.00
f423          0                      0.00
f432          0                      0.00
f441          0                      0.00
f450          0                      0.00
f504          0                      0.00
f513          0                      0.00
f522          0                      0.00
f531          0                      0.00
f540          0                      0.00
f603          0                      0.00
f612          0                      0.00
f621          0                      0.00
f630          0                      0.00
f702          0                      0.00
f711          0                      0.00
f720          0                      0.00
f801          0                      0.00
f810          0                      0.00
f900          0                      0.00
f0010         0                      0.00
f019          0                      0.00
f028          0                      0.00
f037          0                      0.00
f046          0                      0.00
f055          0                      0.00
f064          0                      0.00
f073          0                      0.00
f082          0                      0.00
f091          0                      0.00
f0100         9                    6.3089(      83)
f109          0                      0.00
f118          0                      0.00
f127          0                      0.00
f136          0                      0.00
f145          0                      0.00
f154          0                      0.00
f163          0                      0.00
f172          0                      0.00
f181          0                      0.00
f190          0                      0.00
f208          0                      0.00
f217          0                      0.00
f226          0                      0.00
f235          0                      0.00
f244          0                      0.00
f253          0                      0.00
f262          0                      0.00
f271          0                      0.00
f280          0                      0.00
f307          0                      0.00
f316          0                      0.00
f325          0                      0.00
f334          0                      0.00
f343          0                      0.00
f352          0                      0.00
f361          0                      0.00
f370          0                      0.00
f406          0                      0.00
f415          0                      0.00
f424          0                      0.00
f433          0                      0.00
f442          0                      0.00
f451          0                      0.00
f460          0                      0.00
f505          0                      0.00
f514          0                      0.00
f523          0                      0.00
f532          0                      0.00
f541          0                      0.00
f550          0                      0.00
f604          0                      0.00
f613          0                      0.00
f622          0                      0.00
f631          0                      0.00
f640          0                      0.00
f703          0                      0.00
f712          0                      0.00
f721          0                      0.00
f730          0                      0.00
f802          0                      0.00
f811          0                      0.00
f820          0                      0.00
f901          0                      0.00
f910          0                      0.00
f1000         0                      0.00
f0011         0                      0.00
f0110         0                      0.00
f029          0                      0.00
f038          0                      0.00
f047          0                      0.00
f056          0                      0.00
f065          0                      0.00
f074          0                      0.00
f083          0                      0.00
f092          0                      0.00
f0101         0                      0.00
f0110         0                      0.00
f1010         0                      0.00
f119          0                      0.00
f128          0                      0.00
f137          0                      0.00
f146          0                      0.00
f155          0                      0.00
f164          0                      0.00
f173          0                      0.00
f182          0                      0.00
f191          0                      0.00
f1100         0                      0.00
f209          0                      0.00
f218          0                      0.00
f227          0                      0.00
f236          0                      0.00
f245          0                      0.00
f254          0                      0.00
f263          0                      0.00
f272          0                      0.00
f281          0                      0.00
f290          0                      0.00
f308          0                      0.00
f317          0                      0.00
f326          0                      0.00
f335          0                      0.00
f344          0                      0.00
f353          0                      0.00
f362          0                      0.00
f371          0                      0.00
f380          0                      0.00
f407          0                      0.00
f416          0                      0.00
f425          0                      0.00
f434          0                      0.00
f443          0                      0.00
f452          0                      0.00
f461          0                      0.00
f470          0                      0.00
f506          0                      0.00
f515          0                      0.00
f524          0                      0.00
f533          0                      0.00
f542          0                      0.00
f551          0                      0.00
f560          0                      0.00
f605          0                      0.00
f614          0                      0.00
f623          0                      0.00
f632          0                      0.00
f641          0                      0.00
f650          0                      0.00
f704          0                      0.00
f713          0                      0.00
f722          0                      0.00
f731          0                      0.00
f740          0                      0.00
f803          0                      0.00
f812          0                      0.00
f821          0                      0.00
f830          0                      0.00
f902          0                      0.00
f911          0                      0.00
f920          0                      0.00
f1001         0                      0.00
f1010         0                      0.00
f1100         0                      0.00
f0012         0                      0.00
f0111         0                      0.00
f0210         0                      0.00
f039          0                      0.00
f048          0                      0.00
f057          0                      0.00
f066          0                      0.00
f075          0                      0.00
f084          0                      0.00
f093          0                      0.00
f0102         0                      0.00
f0111         0                      0.00
f0120         0                      0.00
f1011         0                      0.00
f1110         0                      0.00
f129          0                      0.00
f138          0                      0.00
f147          0                      0.00
f156          0                      0.00
f165          0                      0.00
f174          0                      0.00
f183          0                      0.00
f192          0                      0.00
f1101         0                      0.00
f1110         0                      0.00
f2010         0                      0.00
f219          0                      0.00
f228          0                      0.00
f237          0                      0.00
f246          0                      0.00
f255          0                      0.00
f264          0                      0.00
f273          0                      0.00
f282          0                      0.00
f291          0                      0.00
f2100         0                      0.00
f309          0                      0.00
f318          0                      0.00
f327          0                      0.00
f336          0                      0.00
f345          0                      0.00
f354          0                      0.00
f363          0                      0.00
f372          0                      0.00
f381          0                      0.00
f390          0                      0.00
f408          0                      0.00
f417          0                      0.00
f426          0                      0.00
f435          0                      0.00
f444          0                      0.00
f453          0                      0.00
f462          0                      0.00
f471          0                      0.00
f480          0                      0.00
f507          0                      0.00
f516          0                      0.00
f525          0                      0.00
f534          0                      0.00
f543          0                      0.00
f552          0                      0.00
f561          0                      0.00
f570          0                      0.00
f606          0                      0.00
f615          0                      0.00
f624          0                      0.00
f633          0                      0.00
f642          0                      0.00
f651          0                      0.00
f660          0                      0.00
f705          0                      0.00
f714          0                      0.00
f723          0                      0.00
f732          0                      0.00
f741          0                      0.00
f750          0                      0.00
f804          0                      0.00
f813          0                      0.00
f822          0                      0.00
f831          0                      0.00
f840          0                      0.00
f903          0                      0.00
f912          0                      0.00
f921          0                      0.00
f930          0                      0.00
f1002         0                      0.00
f1011         0                      0.00
f1020         0                      0.00
f1101         0                      0.00
f1110         0                      0.00
f1200         0                      0.00

Correlation coefficients larger than 0.9: 
          corr( 2, 4) =  0.9999996
          corr( 2, 5) =  0.9556673
          corr( 2, 6) =  0.9935507
          corr( 2, 7) =  0.9566653
          corr( 2, 8) =  0.9654428
          corr( 2, 9) =  0.9945884
          corr( 2,10) =  0.9708152
          corr( 2,11) =  0.9228428
          corr( 4, 5) =  0.9556212
          corr( 4, 6) =  0.9936186
          corr( 4, 7) =  0.9567373
          corr( 4, 8) =  0.9653947
          corr( 4, 9) =  0.9945389
          corr( 4,10) =  0.9708163
          corr( 4,11) =  0.9228946
          corr( 5, 6) =  0.9593947
          corr( 5, 9) =  0.9732121
          corr( 5,10) =  0.9873208
          corr( 5,11) =  0.9545347
          corr( 5,12) =  0.9048099
          corr( 6, 7) =  0.9431266
          corr( 6, 8) =  0.9348820
          corr( 6, 9) =  0.9837345
          corr( 6,10) =  0.9826242
          corr( 6,11) =  0.9521350
          corr( 6,12) =  0.9096109
          corr( 7, 8) =  0.9759023
          corr( 7, 9) =  0.9276967
          corr( 8, 9) =  0.9575355
          corr( 9,10) =  0.9735205
          corr( 9,11) =  0.9181011
          corr(10,11) =  0.9835299
          corr(10,12) =  0.9481676
          corr(11,12) =  0.9898201

               --------------------------------------------------------------------------------
               :     old parm   :     new parm   :  delta parm  :   std. err.  : sensitility
               --------------------------------------------------------------------------------
  1  RE32        :            1.6913  :            1.6913  :            0.0000:            0.0000:            0.0000: 
  2  AA3         :            2.8009  :            2.7962  :           -0.0047:            0.0099:            0.0000: 
  3  V0          :           -0.5731  :           -0.5732  :           -0.0001:            0.0014:            0.0000: 
  4  f020        :        12253.1058  :        12293.9429  :           40.8371:           86.3474:            0.0002: 
  5  f030        :         3972.3618  :         3972.0376  :           -0.3242:            1.5028:            0.0003: 
  6  f040        :         2046.7623  :         2044.1514  :           -2.6109:            5.5752:            0.0003: 
  7  f050        :         1135.4782  :         1130.2298  :           -5.2484:            6.4520:            0.0003: 
  8  f060        :          695.8219  :          688.6087  :           -7.2132:           10.4694:            0.0002: 
  9  f070        :          425.7688  :          420.4078  :           -5.3609:           15.5054:            0.0001: 
 10  f080        :          198.4826  :          196.4095  :           -2.0731:           12.9626:            0.0001: 
 11  f090        :           54.5552  :           54.1265  :           -0.4287:            5.3061:            0.0001: 
 12  f0100       :            6.3526  :            6.3089  :           -0.0437:            0.8316:            0.0000: 

   -----------------------------------------------------------
   | param  | points |   deviat    |    rms      | stability |
   -----------------------------------------------------------
   |   12   |   157  |   0.21372E-02 |  0.22158E+01  |   0.337E+00 |

############################################################################################
