        50 <= number of iterations in the fit
  0.000010 <= The fit is over if the stability is reached 
  1.000000 <= Scale factor 
  0.001000 <= stdev parameter out 
         2 <= watson robust on (1) or of (0) 
0     ************ potential energy expansion coefficients (cm-1) ************


  RE12       =           0.964  RE32       =           1.691  alphae     =         102.667
  AA1        =           1.581  AA3        =           2.624  G1         =          15.000
  G2         =          10.000  B1         =      500000.000  B2         =       50000.000
  V0         =          -0.624  f001       =           0.000  f010       =           0.000
  f100       =           0.000  f002       =           0.000  f011       =           0.000
  f020       =       26621.309  f101       =           0.000  f110       =           0.000
  f200       =       80783.851  f003       =           0.000  f012       =           0.000
  f021       =           0.000  f030       =         105.259  f102       =           0.000
  f111       =           0.000  f120       =           0.000  f201       =           0.000
  f210       =           0.000  f300       =      -38889.588  f004       =           0.000
  f013       =           0.000  f022       =           0.000  f031       =           0.000
  f040       =          22.530  f103       =           0.000  f112       =           0.000
  f121       =           0.000  f130       =           0.000  f202       =           0.000
  f211       =           0.000  f220       =           0.000  f301       =           0.000
  f310       =           0.000  f400       =       10870.318  f005       =           0.000
  f014       =           0.000  f023       =           0.000  f032       =           0.000
  f041       =           0.000  f050       =       -1027.722  f104       =           0.000
  f113       =           0.000  f122       =           0.000  f131       =           0.000
  f140       =           0.000  f203       =           0.000  f212       =           0.000
  f221       =           0.000  f230       =           0.000  f302       =           0.000
  f311       =           0.000  f320       =           0.000  f401       =           0.000
  f410       =           0.000  f500       =       -5313.215  f006       =           0.000
  f015       =           0.000  f024       =           0.000  f033       =           0.000
  f042       =           0.000  f051       =           0.000  f060       =       -1553.923
  f105       =           0.000  f114       =           0.000  f123       =           0.000
  f132       =           0.000  f141       =           0.000  f150       =           0.000
  f204       =           0.000  f213       =           0.000  f222       =           0.000
  f231       =           0.000  f240       =           0.000  f303       =           0.000
  f312       =           0.000  f321       =           0.000  f330       =           0.000
  f402       =           0.000  f411       =           0.000  f420       =           0.000
  f501       =           0.000  f510       =           0.000  f600       =        5481.926
  f007       =           0.000  f016       =           0.000  f025       =           0.000
  f034       =           0.000  f043       =           0.000  f052       =           0.000
  f061       =           0.000  f070       =       -1409.591  f106       =           0.000
  f115       =           0.000  f124       =           0.000  f133       =           0.000
  f142       =           0.000  f151       =           0.000  f160       =           0.000
  f205       =           0.000  f214       =           0.000  f223       =           0.000
  f232       =           0.000  f241       =           0.000  f250       =           0.000
  f304       =           0.000  f313       =           0.000  f322       =           0.000
  f331       =           0.000  f340       =           0.000  f403       =           0.000
  f412       =           0.000  f421       =           0.000  f430       =           0.000
  f502       =           0.000  f511       =           0.000  f520       =           0.000
  f601       =           0.000  f610       =           0.000  f700       =       -3001.428
  f008       =           0.000  f017       =           0.000  f026       =           0.000
  f035       =           0.000  f044       =           0.000  f053       =           0.000
  f062       =           0.000  f071       =           0.000  f080       =        -527.069
  f107       =           0.000  f116       =           0.000  f125       =           0.000
  f134       =           0.000  f143       =           0.000  f152       =           0.000
  f161       =           0.000  f170       =           0.000  f206       =           0.000
  f215       =           0.000  f224       =           0.000  f233       =           0.000
  f242       =           0.000  f251       =           0.000  f260       =           0.000
  f305       =           0.000  f314       =           0.000  f323       =           0.000
  f332       =           0.000  f341       =           0.000  f350       =           0.000
  f404       =           0.000  f413       =           0.000  f422       =           0.000
  f431       =           0.000  f440       =           0.000  f503       =           0.000
  f512       =           0.000  f521       =           0.000  f530       =           0.000
  f602       =           0.000  f611       =           0.000  f620       =           0.000
  f701       =           0.000  f710       =           0.000  f800       =      -17866.210
  f009       =           0.000  f018       =           0.000  f027       =           0.000
  f036       =           0.000  f045       =           0.000  f054       =           0.000
  f063       =           0.000  f072       =           0.000  f081       =           0.000
  f090       =           0.000  f108       =           0.000  f117       =           0.000
  f126       =           0.000  f135       =           0.000  f144       =           0.000
  f153       =           0.000  f162       =           0.000  f171       =           0.000
  f180       =           0.000  f207       =           0.000  f216       =           0.000
  f225       =           0.000  f234       =           0.000  f243       =           0.000
  f252       =           0.000  f261       =           0.000  f270       =           0.000
  f306       =           0.000  f315       =           0.000  f324       =           0.000
  f333       =           0.000  f342       =           0.000  f351       =           0.000
  f360       =           0.000  f405       =           0.000  f414       =           0.000
  f423       =           0.000  f432       =           0.000  f441       =           0.000
  f450       =           0.000  f504       =           0.000  f513       =           0.000
  f522       =           0.000  f531       =           0.000  f540       =           0.000
  f603       =           0.000  f612       =           0.000  f621       =           0.000
  f630       =           0.000  f702       =           0.000  f711       =           0.000
  f720       =           0.000  f801       =           0.000  f810       =           0.000
  f900       =           0.000  f0010      =           0.000  f019       =           0.000
  f028       =           0.000  f037       =           0.000  f046       =           0.000
  f055       =           0.000  f064       =           0.000  f073       =           0.000
  f082       =           0.000  f091       =           0.000  f0100      =           0.000
  f109       =           0.000  f118       =           0.000  f127       =           0.000
  f136       =           0.000  f145       =           0.000  f154       =           0.000
  f163       =           0.000  f172       =           0.000  f181       =           0.000
  f190       =           0.000  f208       =           0.000  f217       =           0.000
  f226       =           0.000  f235       =           0.000  f244       =           0.000
  f253       =           0.000  f262       =           0.000  f271       =           0.000
  f280       =           0.000  f307       =           0.000  f316       =           0.000
  f325       =           0.000  f334       =           0.000  f343       =           0.000
  f352       =           0.000  f361       =           0.000  f370       =           0.000
  f406       =           0.000  f415       =           0.000  f424       =           0.000
  f433       =           0.000  f442       =           0.000  f451       =           0.000
  f460       =           0.000  f505       =           0.000  f514       =           0.000
  f523       =           0.000  f532       =           0.000  f541       =           0.000
  f550       =           0.000  f604       =           0.000  f613       =           0.000
  f622       =           0.000  f631       =           0.000  f640       =           0.000
  f703       =           0.000  f712       =           0.000  f721       =           0.000
  f730       =           0.000  f802       =           0.000  f811       =           0.000
  f820       =           0.000  f901       =           0.000  f910       =           0.000
  f1000      =           0.000  f0011      =           0.000  f0110      =           0.000
  f029       =           0.000  f038       =           0.000  f047       =           0.000
  f056       =           0.000  f065       =           0.000  f074       =           0.000
  f083       =           0.000  f092       =           0.000  f0101      =           0.000
  f0110      =           0.000  f1010      =           0.000  f119       =           0.000
  f128       =           0.000  f137       =           0.000  f146       =           0.000
  f155       =           0.000  f164       =           0.000  f173       =           0.000
  f182       =           0.000  f191       =           0.000  f1100      =           0.000
  f209       =           0.000  f218       =           0.000  f227       =           0.000
  f236       =           0.000  f245       =           0.000  f254       =           0.000
  f263       =           0.000  f272       =           0.000  f281       =           0.000
  f290       =           0.000  f308       =           0.000  f317       =           0.000
  f326       =           0.000  f335       =           0.000  f344       =           0.000
  f353       =           0.000  f362       =           0.000  f371       =           0.000
  f380       =           0.000  f407       =           0.000  f416       =           0.000
  f425       =           0.000  f434       =           0.000  f443       =           0.000
  f452       =           0.000  f461       =           0.000  f470       =           0.000
  f506       =           0.000  f515       =           0.000  f524       =           0.000
  f533       =           0.000  f542       =           0.000  f551       =           0.000
  f560       =           0.000  f605       =           0.000  f614       =           0.000
  f623       =           0.000  f632       =           0.000  f641       =           0.000
  f650       =           0.000  f704       =           0.000  f713       =           0.000
  f722       =           0.000  f731       =           0.000  f740       =           0.000
  f803       =           0.000  f812       =           0.000  f821       =           0.000
  f830       =           0.000  f902       =           0.000  f911       =           0.000
  f920       =           0.000  f1001      =           0.000  f1010      =           0.000
  f1100      =           0.000  f0012      =           0.000  f0111      =           0.000
  f0210      =           0.000  f039       =           0.000  f048       =           0.000
  f057       =           0.000  f066       =           0.000  f075       =           0.000
  f084       =           0.000  f093       =           0.000  f0102      =           0.000
  f0111      =           0.000  f0120      =           0.000  f1011      =           0.000
  f1110      =           0.000  f129       =           0.000  f138       =           0.000
  f147       =           0.000  f156       =           0.000  f165       =           0.000
  f174       =           0.000  f183       =           0.000  f192       =           0.000
  f1101      =           0.000  f1110      =           0.000  f2010      =           0.000
  f219       =           0.000  f228       =           0.000  f237       =           0.000
  f246       =           0.000  f255       =           0.000  f264       =           0.000
  f273       =           0.000  f282       =           0.000  f291       =           0.000
  f2100      =           0.000  f309       =           0.000  f318       =           0.000
  f327       =           0.000  f336       =           0.000  f345       =           0.000
  f354       =           0.000  f363       =           0.000  f372       =           0.000
  f381       =           0.000  f390       =           0.000  f408       =           0.000
  f417       =           0.000  f426       =           0.000  f435       =           0.000
  f444       =           0.000  f453       =           0.000  f462       =           0.000
  f471       =           0.000  f480       =           0.000  f507       =           0.000
  f516       =           0.000  f525       =           0.000  f534       =           0.000
  f543       =           0.000  f552       =           0.000  f561       =           0.000
  f570       =           0.000  f606       =           0.000  f615       =           0.000
  f624       =           0.000  f633       =           0.000  f642       =           0.000
  f651       =           0.000  f660       =           0.000  f705       =           0.000
  f714       =           0.000  f723       =           0.000  f732       =           0.000
  f741       =           0.000  f750       =           0.000  f804       =           0.000
  f813       =           0.000  f822       =           0.000  f831       =           0.000
  f840       =           0.000  f903       =           0.000  f912       =           0.000
  f921       =           0.000  f930       =           0.000  f1002      =           0.000
  f1011      =           0.000  f1020      =           0.000  f1101      =           0.000
  f1110      =           0.000  f1200      =           0.000  

   -----------------------------------------------------------
   |   iter | points |   deviat    |    rms      | stability |
   -----------------------------------------------------------
   |    1   |   157  |   0.20584E+01 |  0.13760E+05  |   0.164E+07 |
   |    2   |   157  |   0.30147E-01 |  0.60768E+00  |   0.464E+05 |
   |    3   |   157  |   0.32689E-02 |  0.62528E+00  |   0.329E+00 |
   |    4   |   157  |   0.58592E-02 |  0.82137E+00  |   0.773E+00 |
   |    5   |   157  |   0.30618E-02 |  0.13232E+01  |   0.463E+00 |
   |    6   |   157  |   0.55988E-02 |  0.11010E+01  |   0.104E+01 |
   |    7   |   157  |   0.30058E-02 |  0.25494E+01  |   0.744E+00 |
   |    8   |   157  |   0.52181E-02 |  0.11545E+01  |   0.297E+01 |
   |    9   |   157  |   0.29768E-02 |  0.33168E+01  |   0.809E+00 |
   |   10   |   157  |   0.50903E-02 |  0.11965E+01  |   0.365E+01 |
   |   11   |   157  |   0.29441E-02 |  0.38437E+01  |   0.799E+00 |
   |   12   |   157  |   0.52710E-02 |  0.12507E+01  |   0.299E+01 |
   |   13   |   157  |   0.29432E-02 |  0.49899E+01  |   0.750E+00 |
   |   14   |   157  |   0.54114E-02 |  0.13552E+01  |   0.290E+01 |
   |   15   |   157  |   0.29413E-02 |  0.69673E+01  |   0.732E+00 |
   |   16   |   157  |   0.52719E-02 |  0.16061E+01  |   0.306E+01 |
   |   17   |   157  |   0.29660E-02 |  0.82869E+01  |   0.736E+00 |
   |   18   |   157  |   0.52122E-02 |  0.18470E+01  |   0.300E+01 |
   |   19   |   157  |   0.30019E-02 |  0.92746E+01  |   0.733E+00 |
   |   20   |   157  |   0.52610E-02 |  0.19653E+01  |   0.284E+01 |
   |   21   |   157  |   0.30349E-02 |  0.10266E+02  |   0.719E+00 |
   |   22   |   157  |   0.51442E-02 |  0.21911E+01  |   0.268E+01 |
   |   23   |   157  |   0.30489E-02 |  0.11463E+02  |   0.697E+00 |
   |   24   |   157  |   0.51093E-02 |  0.25881E+01  |   0.235E+01 |
   |   25   |   157  |   0.30487E-02 |  0.13158E+02  |   0.663E+00 |
   |   26   |   157  |   0.47644E-02 |  0.32010E+01  |   0.201E+01 |
   |   27   |   157  |   0.30336E-02 |  0.16112E+02  |   0.583E+00 |
   |   28   |   157  |   0.46907E-02 |  0.39837E+01  |   0.148E+01 |
   |   29   |   157  |   0.29737E-02 |  0.22230E+02  |   0.424E+00 |
   |   30   |   157  |   0.46437E-02 |  0.52210E+01  |   0.821E+00 |
   |   31   |   157  |   0.29076E-02 |  0.28338E+02  |   0.301E+00 |
   |   32   |   157  |   0.46602E-02 |  0.63610E+01  |   0.511E+00 |
   |   33   |   157  |   0.28914E-02 |  0.31259E+02  |   0.292E+00 |
   |   34   |   157  |   0.47171E-02 |  0.74358E+01  |   0.484E+00 |
   |   35   |   157  |   0.28674E-02 |  0.34294E+02  |   0.224E+00 |
   |   36   |   157  |   0.47794E-02 |  0.87352E+01  |   0.359E+00 |
   |   37   |   157  |   0.27932E-02 |  0.36709E+02  |   0.125E+00 |
   |   38   |   157  |   0.47931E-02 |  0.10764E+02  |   0.220E+00 |
   |   39   |   157  |   0.27231E-02 |  0.37284E+02  |   0.186E+00 |
   |   40   |   157  |   0.43548E-02 |  0.14510E+02  |   0.312E+00 |
   |   41   |   157  |   0.26905E-02 |  0.37779E+02  |   0.374E+00 |
   |   42   |   157  |   0.43329E-02 |  0.14967E+02  |   0.583E+00 |
   |   43   |   157  |   0.26571E-02 |  0.38479E+02  |   0.346E+00 |
   |   44   |   157  |   0.42490E-02 |  0.15241E+02  |   0.539E+00 |
   |   45   |   157  |   0.26274E-02 |  0.39407E+02  |   0.325E+00 |
   |   46   |   157  |   0.41966E-02 |  0.15475E+02  |   0.494E+00 |
   |   47   |   157  |   0.26216E-02 |  0.40330E+02  |   0.312E+00 |
   |   48   |   157  |   0.42102E-02 |  0.15792E+02  |   0.463E+00 |
   |   49   |   157  |   0.25999E-02 |  0.41439E+02  |   0.308E+00 |
   |   50   |   157  |   0.42149E-02 |  0.16411E+02  |   0.457E+00 |
   |   51   |   157  |   0.25621E-02 |  0.42829E+02  |   0.305E+00 |

Watson Alpha parameter  0.9000 fitted with rms2 =   1.0000
watson-param =         0.89999998


Potential parameters rounded in accord. with their standart errors

RE12          0              0.9644619500
RE32          9              1.6913206505(      95)
alphae        0            102.6673092500
AA1           0              1.5811043073
AA3           0              2.6241738739
G1            0             15.0000000000
G2            0             10.0000000000
B1            0         500000.0000000000
B2            0          50000.0000000000
V0            9                  -0.53986(      14)
f001          0                      0.00
f010          0                      0.00
f100          0                      0.00
f002          0                      0.00
f011          0                      0.00
f020          9                13956.4330(      51)
f101          0                      0.00
f110          0                      0.00
f200          0          80783.8507755000
f003          0                      0.00
f012          0                      0.00
f021          0                      0.00
f030          9                  3889.204(      12)
f102          0                      0.00
f111          0                      0.00
f120          0                      0.00
f201          0                      0.00
f210          0                      0.00
f300          0         -38889.5879001000
f004          0                      0.00
f013          0                      0.00
f022          0                      0.00
f031          0                      0.00
f040          9                  1918.489(      24)
f103          0                      0.00
f112          0                      0.00
f121          0                      0.00
f130          0                      0.00
f202          0                      0.00
f211          0                      0.00
f220          0                      0.00
f301          0                      0.00
f310          0                      0.00
f400          0          10870.3184398000
f005          0                      0.00
f014          0                      0.00
f023          0                      0.00
f032          0                      0.00
f041          0                      0.00
f050          9                   974.392(      48)
f104          0                      0.00
f113          0                      0.00
f122          0                      0.00
f131          0                      0.00
f140          0                      0.00
f203          0                      0.00
f212          0                      0.00
f221          0                      0.00
f230          0                      0.00
f302          0                      0.00
f311          0                      0.00
f320          0                      0.00
f401          0                      0.00
f410          0                      0.00
f500          0          -5313.2147514600
f006          0                      0.00
f015          0                      0.00
f024          0                      0.00
f033          0                      0.00
f042          0                      0.00
f051          0                      0.00
f060          9                   455.955(      22)
f105          0                      0.00
f114          0                      0.00
f123          0                      0.00
f132          0                      0.00
f141          0                      0.00
f150          0                      0.00
f204          0                      0.00
f213          0                      0.00
f222          0                      0.00
f231          0                      0.00
f240          0                      0.00
f303          0                      0.00
f312          0                      0.00
f321          0                      0.00
f330          0                      0.00
f402          0                      0.00
f411          0                      0.00
f420          0                      0.00
f501          0                      0.00
f510          0                      0.00
f600          0           5481.9264305700
f007          0                      0.00
f016          0                      0.00
f025          0                      0.00
f034          0                      0.00
f043          0                      0.00
f052          0                      0.00
f061          0                      0.00
f070          9                   150.979(      59)
f106          0                      0.00
f115          0                      0.00
f124          0                      0.00
f133          0                      0.00
f142          0                      0.00
f151          0                      0.00
f160          0                      0.00
f205          0                      0.00
f214          0                      0.00
f223          0                      0.00
f232          0                      0.00
f241          0                      0.00
f250          0                      0.00
f304          0                      0.00
f313          0                      0.00
f322          0                      0.00
f331          0                      0.00
f340          0                      0.00
f403          0                      0.00
f412          0                      0.00
f421          0                      0.00
f430          0                      0.00
f502          0                      0.00
f511          0                      0.00
f520          0                      0.00
f601          0                      0.00
f610          0                      0.00
f700          0          -3001.4276687200
f008          0                      0.00
f017          0                      0.00
f026          0                      0.00
f035          0                      0.00
f044          0                      0.00
f053          0                      0.00
f062          0                      0.00
f071          0                      0.00
f080          9                    23.382(      24)
f107          0                      0.00
f116          0                      0.00
f125          0                      0.00
f134          0                      0.00
f143          0                      0.00
f152          0                      0.00
f161          0                      0.00
f170          0                      0.00
f206          0                      0.00
f215          0                      0.00
f224          0                      0.00
f233          0                      0.00
f242          0                      0.00
f251          0                      0.00
f260          0                      0.00
f305          0                      0.00
f314          0                      0.00
f323          0                      0.00
f332          0                      0.00
f341          0                      0.00
f350          0                      0.00
f404          0                      0.00
f413          0                      0.00
f422          0                      0.00
f431          0                      0.00
f440          0                      0.00
f503          0                      0.00
f512          0                      0.00
f521          0                      0.00
f530          0                      0.00
f602          0                      0.00
f611          0                      0.00
f620          0                      0.00
f701          0                      0.00
f710          0                      0.00
f800          0         -17866.2102583000
f009          0                      0.00
f018          0                      0.00
f027          0                      0.00
f036          0                      0.00
f045          0                      0.00
f054          0                      0.00
f063          0                      0.00
f072          0                      0.00
f081          0                      0.00
f090          0                      0.00
f108          0                      0.00
f117          0                      0.00
f126          0                      0.00
f135          0                      0.00
f144          0                      0.00
f153          0                      0.00
f162          0                      0.00
f171          0                      0.00
f180          0                      0.00
f207          0                      0.00
f216          0                      0.00
f225          0                      0.00
f234          0                      0.00
f243          0                      0.00
f252          0                      0.00
f261          0                      0.00
f270          0                      0.00
f306          0                      0.00
f315          0                      0.00
f324          0                      0.00
f333          0                      0.00
f342          0                      0.00
f351          0                      0.00
f360          0                      0.00
f405          0                      0.00
f414          0                      0.00
f423          0                      0.00
f432          0                      0.00
f441          0                      0.00
f450          0                      0.00
f504          0                      0.00
f513          0                      0.00
f522          0                      0.00
f531          0                      0.00
f540          0                      0.00
f603          0                      0.00
f612          0                      0.00
f621          0                      0.00
f630          0                      0.00
f702          0                      0.00
f711          0                      0.00
f720          0                      0.00
f801          0                      0.00
f810          0                      0.00
f900          0                      0.00
f0010         0                      0.00
f019          0                      0.00
f028          0                      0.00
f037          0                      0.00
f046          0                      0.00
f055          0                      0.00
f064          0                      0.00
f073          0                      0.00
f082          0                      0.00
f091          0                      0.00
f0100         0                      0.00
f109          0                      0.00
f118          0                      0.00
f127          0                      0.00
f136          0                      0.00
f145          0                      0.00
f154          0                      0.00
f163          0                      0.00
f172          0                      0.00
f181          0                      0.00
f190          0                      0.00
f208          0                      0.00
f217          0                      0.00
f226          0                      0.00
f235          0                      0.00
f244          0                      0.00
f253          0                      0.00
f262          0                      0.00
f271          0                      0.00
f280          0                      0.00
f307          0                      0.00
f316          0                      0.00
f325          0                      0.00
f334          0                      0.00
f343          0                      0.00
f352          0                      0.00
f361          0                      0.00
f370          0                      0.00
f406          0                      0.00
f415          0                      0.00
f424          0                      0.00
f433          0                      0.00
f442          0                      0.00
f451          0                      0.00
f460          0                      0.00
f505          0                      0.00
f514          0                      0.00
f523          0                      0.00
f532          0                      0.00
f541          0                      0.00
f550          0                      0.00
f604          0                      0.00
f613          0                      0.00
f622          0                      0.00
f631          0                      0.00
f640          0                      0.00
f703          0                      0.00
f712          0                      0.00
f721          0                      0.00
f730          0                      0.00
f802          0                      0.00
f811          0                      0.00
f820          0                      0.00
f901          0                      0.00
f910          0                      0.00
f1000         0                      0.00
f0011         0                      0.00
f0110         0                      0.00
f029          0                      0.00
f038          0                      0.00
f047          0                      0.00
f056          0                      0.00
f065          0                      0.00
f074          0                      0.00
f083          0                      0.00
f092          0                      0.00
f0101         0                      0.00
f0110         0                      0.00
f1010         0                      0.00
f119          0                      0.00
f128          0                      0.00
f137          0                      0.00
f146          0                      0.00
f155          0                      0.00
f164          0                      0.00
f173          0                      0.00
f182          0                      0.00
f191          0                      0.00
f1100         0                      0.00
f209          0                      0.00
f218          0                      0.00
f227          0                      0.00
f236          0                      0.00
f245          0                      0.00
f254          0                      0.00
f263          0                      0.00
f272          0                      0.00
f281          0                      0.00
f290          0                      0.00
f308          0                      0.00
f317          0                      0.00
f326          0                      0.00
f335          0                      0.00
f344          0                      0.00
f353          0                      0.00
f362          0                      0.00
f371          0                      0.00
f380          0                      0.00
f407          0                      0.00
f416          0                      0.00
f425          0                      0.00
f434          0                      0.00
f443          0                      0.00
f452          0                      0.00
f461          0                      0.00
f470          0                      0.00
f506          0                      0.00
f515          0                      0.00
f524          0                      0.00
f533          0                      0.00
f542          0                      0.00
f551          0                      0.00
f560          0                      0.00
f605          0                      0.00
f614          0                      0.00
f623          0                      0.00
f632          0                      0.00
f641          0                      0.00
f650          0                      0.00
f704          0                      0.00
f713          0                      0.00
f722          0                      0.00
f731          0                      0.00
f740          0                      0.00
f803          0                      0.00
f812          0                      0.00
f821          0                      0.00
f830          0                      0.00
f902          0                      0.00
f911          0                      0.00
f920          0                      0.00
f1001         0                      0.00
f1010         0                      0.00
f1100         0                      0.00
f0012         0                      0.00
f0111         0                      0.00
f0210         0                      0.00
f039          0                      0.00
f048          0                      0.00
f057          0                      0.00
f066          0                      0.00
f075          0                      0.00
f084          0                      0.00
f093          0                      0.00
f0102         0                      0.00
f0111         0                      0.00
f0120         0                      0.00
f1011         0                      0.00
f1110         0                      0.00
f129          0                      0.00
f138          0                      0.00
f147          0                      0.00
f156          0                      0.00
f165          0                      0.00
f174          0                      0.00
f183          0                      0.00
f192          0                      0.00
f1101         0                      0.00
f1110         0                      0.00
f2010         0                      0.00
f219          0                      0.00
f228          0                      0.00
f237          0                      0.00
f246          0                      0.00
f255          0                      0.00
f264          0                      0.00
f273          0                      0.00
f282          0                      0.00
f291          0                      0.00
f2100         0                      0.00
f309          0                      0.00
f318          0                      0.00
f327          0                      0.00
f336          0                      0.00
f345          0                      0.00
f354          0                      0.00
f363          0                      0.00
f372          0                      0.00
f381          0                      0.00
f390          0                      0.00
f408          0                      0.00
f417          0                      0.00
f426          0                      0.00
f435          0                      0.00
f444          0                      0.00
f453          0                      0.00
f462          0                      0.00
f471          0                      0.00
f480          0                      0.00
f507          0                      0.00
f516          0                      0.00
f525          0                      0.00
f534          0                      0.00
f543          0                      0.00
f552          0                      0.00
f561          0                      0.00
f570          0                      0.00
f606          0                      0.00
f615          0                      0.00
f624          0                      0.00
f633          0                      0.00
f642          0                      0.00
f651          0                      0.00
f660          0                      0.00
f705          0                      0.00
f714          0                      0.00
f723          0                      0.00
f732          0                      0.00
f741          0                      0.00
f750          0                      0.00
f804          0                      0.00
f813          0                      0.00
f822          0                      0.00
f831          0                      0.00
f840          0                      0.00
f903          0                      0.00
f912          0                      0.00
f921          0                      0.00
f930          0                      0.00
f1002         0                      0.00
f1011         0                      0.00
f1020         0                      0.00
f1101         0                      0.00
f1110         0                      0.00
f1200         0                      0.00

Correlation coefficients larger than 0.9: 
          corr( 3, 5) =  0.9708003
          corr( 3, 7) =  0.9515745
          corr( 4, 6) =  0.9535512
          corr( 4, 9) =  0.9243816
          corr( 5, 7) =  0.9562343
          corr( 6, 8) =  0.9810059
          corr( 6, 9) =  0.9936203
          corr( 8, 9) =  0.9914329

               --------------------------------------------------------------------------------
               :     old parm   :     new parm   :  delta parm  :   std. err.  : sensitility
               --------------------------------------------------------------------------------
  1  RE32        :            1.6913  :            1.6913  :            0.0000:            0.0000:            0.0000: 
  2  V0          :           -0.5699  :           -0.5399  :            0.0300:            0.0140:            0.0000: 
  3  f020        :        13958.0385  :        13956.4330  :           -1.6055:            0.5133:            0.0001: 
  4  f030        :         3889.9104  :         3889.2039  :           -0.7065:            1.1791:            0.0001: 
  5  f040        :         1909.7136  :         1918.4893  :            8.7758:            2.3823:            0.0001: 
  6  f050        :          965.5992  :          974.3924  :            8.7932:            4.8289:            0.0001: 
  7  f060        :          465.2761  :          455.9547  :           -9.3214:            2.2031:            0.0000: 
  8  f070        :          166.1098  :          150.9792  :          -15.1306:            5.8859:            0.0000: 
  9  f080        :           28.4564  :           23.3819  :           -5.0745:            2.3734:            0.0000: 

   -----------------------------------------------------------
   | param  | points |   deviat    |    rms      | stability |
   -----------------------------------------------------------
   |    9   |   157  |   0.25621E-02 |  0.42829E+02  |   0.305E+00 |

############################################################################################
