************************************************************************************************************************************
 ************************************************************************************************************************************
 ************************************************************************************************************************************
 ****************                                                                                                    ****************
 ****************          *  FITTING OF THE POTENTIAL PARAMETERS TO AB INITIO DATA                                  ****************
 ****************          *                                                                                         ****************
 ****************          *  2016                                                                                   ****************
 ****************          *  C2H6                                                                                   ****************

 ****************                                                                                                    ****************
 ************************************************************************************************************************************
 ************************************************************************************************************************************
 ************************************************************************************************************************************
 
         3 <= number of degrees of freedom
         2 <= number of bonds
         1 <= number of bond angles
        40 <= number of iterations in the fit
  0.000000 <= The fit is over if the stability is reached 
  0.000010 <= The fit is over if the st.dev. best is reached 
  1.000000 <= sterr parameter out 
  0.000010 <= stdev parameter out 
         1 <= watson robust on (1) or of (0) 
         5 <= number of non-linear parameters
 parameters of structure 
rOH       =           0.964
rOCl      =           1.689
alphae    =         103.000
a         =           2.300
b         =           1.000
Lowest energy = -535.472041    

   ------------------------------------------------------------------
   |   iter  |  points |    deviat     |     rms       |  stability  |
   ------------------------------------------------------------------
   |     2   |     59  |   0.39351E+01 |  0.99983E+01  |   0.118E+08 |
   |     3   |     59  |   0.39356E+01 |  0.99983E+01  |   0.173E+01 |
   |     4   |     59  |   0.22868E+01 |  0.10976E+02  |   0.400E+00 |
   |     5   |     59  |   0.22869E+01 |  0.10976E+02  |   0.229E+00 |
   |     6   |     59  |   0.20441E+01 |  0.13583E+02  |   0.817E-01 |
   |     7   |     59  |   0.20441E+01 |  0.13582E+02  |   0.342E-01 |
   |     8   |     59  |   0.19225E+01 |  0.15191E+02  |   0.599E-01 |
   |     9   |     59  |   0.19226E+01 |  0.15191E+02  |   0.318E-02 |
   |    10   |     59  |   0.18755E+01 |  0.14947E+02  |   0.898E-02 |
   |    11   |     59  |   0.18755E+01 |  0.14948E+02  |   0.160E-01 |
   |    12   |     59  |   0.18531E+01 |  0.14915E+02  |   0.249E-02 |
   |    13   |     59  |   0.18531E+01 |  0.14915E+02  |   0.955E-02 |
   |    14   |     59  |   0.18381E+01 |  0.14915E+02  |   0.125E-02 |
   |    15   |     59  |   0.18381E+01 |  0.14915E+02  |   0.694E-02 |
   |    16   |     59  |   0.18277E+01 |  0.14917E+02  |   0.627E-03 |
   |    17   |     59  |   0.18277E+01 |  0.14917E+02  |   0.505E-02 |
   |    18   |     59  |   0.18207E+01 |  0.14919E+02  |   0.299E-03 |
   |    19   |     59  |   0.18207E+01 |  0.14919E+02  |   0.355E-02 |
   |    20   |     59  |   0.18160E+01 |  0.14920E+02  |   0.137E-03 |
   |    21   |     59  |   0.18160E+01 |  0.14920E+02  |   0.242E-02 |
   |    22   |     59  |   0.18130E+01 |  0.14920E+02  |   0.609E-04 |
   |    23   |     59  |   0.18130E+01 |  0.14920E+02  |   0.163E-02 |
   |    24   |     59  |   0.18110E+01 |  0.14921E+02  |   0.265E-04 |
   |    25   |     59  |   0.18110E+01 |  0.14921E+02  |   0.108E-02 |
   |    26   |     59  |   0.18097E+01 |  0.14921E+02  |   0.114E-04 |
   |    27   |     59  |   0.18097E+01 |  0.14921E+02  |   0.707E-03 |
   |    28   |     59  |   0.18088E+01 |  0.14922E+02  |   0.481E-05 |
   |    29   |     59  |   0.18088E+01 |  0.14922E+02  |   0.462E-03 |
   |    30   |     59  |   0.18083E+01 |  0.14922E+02  |   0.202E-05 |
   |    31   |     59  |   0.18083E+01 |  0.14922E+02  |   0.301E-03 |
   |    32   |     59  |   0.18079E+01 |  0.14922E+02  |   0.837E-06 |
   |    33   |     59  |   0.18079E+01 |  0.14922E+02  |   0.196E-03 |
   |    34   |     59  |   0.18077E+01 |  0.14922E+02  |   0.345E-06 |
   |    35   |     59  |   0.18077E+01 |  0.14922E+02  |   0.127E-03 |
   |    36   |     59  |   0.18075E+01 |  0.14922E+02  |   0.138E-06 |
   |    37   |     59  |   0.18075E+01 |  0.14922E+02  |   0.824E-04 |
   |    38   |     59  |   0.18075E+01 |  0.14922E+02  |   0.541E-07 |
   |    39   |     59  |   0.18075E+01 |  0.14922E+02  |   0.534E-04 |
   |    40   |     59  |   0.18074E+01 |  0.14922E+02  |   0.202E-07 |
   |    41   |     59  |   0.18074E+01 |  0.14922E+02  |   0.346E-04 |

Watson Alpha parameter  0.1000 fitted with rms2 = 


Potential parameters rounded in accord. with their standart errors

rO  0  0  0   0  0.96446195    
rO  0  0  0   0   1.6888848    
al  0  0  0   0   103.00000    
 a  0  0  0   0   2.3000000    
 b  0  0  0   0   1.0000000    
 f  0  0  0   9     -117522532.20    (      39)
 f  2  0  0   9            38487.    (      18)
 f  3  0  0   9             -712.    (      40)
 f  4  0  0   9             -473.    (     147)
 f  5  0  0   9             2447.    (     158)
 f  6  0  0   9            12758.    (     397)
 f  7  0  0   9            -2742.    (     117)
 f  8  0  0   9           -10764.    (     281)
------------------------------
*  FITTING OF THE POTENTIAL PARAMETERS TO AB INITIO DATA                        
*                                                                               
*  2016                                                                         
*  C2H6                                                                         
       rOH                        0          0.96446195
      rOCl                        0          1.68888476
    alphae                        0        103.00000000
         a                        0          2.30000000
         b                        0          1.00000000
 f   0   0   0   9  ******************
 f   2   0   0   9      38486.89405766
 f   3   0   0   9       -712.11766704
 f   4   0   0   9       -472.66718837
 f   5   0   0   9       2446.55683417
 f   6   0   0   9      12757.98049567
 f   7   0   0   9      -2742.07004535
 f   8   0   0   9     -10764.08490045

Correlation coefficients larger than 0.9: 
          corr(   3,   5) =  0.9882857
          corr(   3,   7) =  0.9748903
          corr(   4,   6) =  0.9664332
          corr(   4,   8) =  0.9349284
          corr(   5,   7) =  0.9937783
          corr(   6,   8) =  0.9944076

               --------------------------------------------------------------------------------
               :     old parm   :     new parm   :  delta parm  :   std. err.  : sensitility
               --------------------------------------------------------------------------------
  1  f          : -117522532.20  : -117522532.20  :         0.000:         0.388:         0.023:!
  2  f          :      38486.90  :      38486.89  :        -0.003:        17.705:         0.103:!
  3  f          :       -712.15  :       -712.12  :         0.035:        40.126:         0.116:!
  4  f          :       -472.63  :       -472.67  :        -0.033:       146.510:         0.126:!
  5  f          :       2446.70  :       2446.56  :        -0.138:       158.137:         0.134: 
  6  f          :      12757.81  :      12757.98  :         0.171:       397.081:         0.140: 
  7  f          :      -2742.17  :      -2742.07  :         0.101:       117.408:         0.146:!
  8  f          :     -10763.95  :     -10764.08  :        -0.138:       280.934:         0.150:!

   ------------------------------------------------------------------
   |   iter  |  points |    deviat     |     rms       |  stability  |
   ------------------------------------------------------------------

   -----------------------------------------------------------
   |  param  |  points |   deviat    |    rms      | stability |
   -----------------------------------------------------------
   |     8   |     59  |   0.18074E+01 |  0.13152E+05  |    0.346E-04 |

############################################################################################
