************************************************************************************************************************************
 ************************************************************************************************************************************
 ************************************************************************************************************************************
 ****************                                                                                                    ****************
 ****************          *  FITTING OF THE POTENTIAL PARAMETERS TO AB INITIO DATA                                  ****************
 ****************          *                                                                                         ****************
 ****************          *  2016                                                                                   ****************
 ****************          *  C2H6                                                                                   ****************

 ****************                                                                                                    ****************
 ************************************************************************************************************************************
 ************************************************************************************************************************************
 ************************************************************************************************************************************
 
         3 <= number of degrees of freedom
         2 <= number of bonds
         1 <= number of bond angles
        40 <= number of iterations in the fit
  0.000000 <= The fit is over if the stability is reached 
  0.000010 <= The fit is over if the st.dev. best is reached 
  1.000000 <= sterr parameter out 
  0.000010 <= stdev parameter out 
         1 <= watson robust on (1) or of (0) 
         5 <= number of non-linear parameters
 parameters of structure 
rOH       =           0.964
rOCl      =           1.689
alphae    =         103.000
a         =           2.300
b         =           1.000
Lowest energy = -535.472041    

   ------------------------------------------------------------------
   |   iter  |  points |    deviat     |     rms       |  stability  |
   ------------------------------------------------------------------
   |     2   |     21  |   0.31658E+02 |  0.19587E+03  |   0.600E+06 |
   |     3   |     21  |   0.31787E+02 |  0.19587E+03  |   0.550E+01 |
   |     4   |     21  |   0.10541E+02 |  0.19621E+03  |   0.749E-01 |
   |     5   |     21  |   0.10554E+02 |  0.19621E+03  |   0.180E+01 |
   |     6   |     21  |   0.10123E+02 |  0.19623E+03  |   0.511E-02 |
   |     7   |     21  |   0.10122E+02 |  0.19623E+03  |   0.362E-01 |
   |     8   |     21  |   0.10261E+02 |  0.19625E+03  |   0.448E-03 |
   |     9   |     21  |   0.10260E+02 |  0.19625E+03  |   0.139E-01 |
   |    10   |     21  |   0.10362E+02 |  0.19626E+03  |   0.221E-03 |
   |    11   |     21  |   0.10362E+02 |  0.19626E+03  |   0.996E-02 |
   |    12   |     21  |   0.10439E+02 |  0.19627E+03  |   0.138E-03 |
   |    13   |     21  |   0.10439E+02 |  0.19627E+03  |   0.751E-02 |
   |    14   |     21  |   0.10502E+02 |  0.19627E+03  |   0.101E-03 |
   |    15   |     21  |   0.10502E+02 |  0.19627E+03  |   0.611E-02 |
   |    16   |     21  |   0.10557E+02 |  0.19628E+03  |   0.819E-04 |
   |    17   |     21  |   0.10557E+02 |  0.19628E+03  |   0.527E-02 |
   |    18   |     21  |   0.10607E+02 |  0.19629E+03  |   0.720E-04 |
   |    19   |     21  |   0.10606E+02 |  0.19629E+03  |   0.475E-02 |
   |    20   |     21  |   0.10653E+02 |  0.19629E+03  |   0.676E-04 |
   |    21   |     21  |   0.10653E+02 |  0.19629E+03  |   0.444E-02 |
   |    22   |     21  |   0.10698E+02 |  0.19630E+03  |   0.673E-04 |
   |    23   |     21  |   0.10698E+02 |  0.19630E+03  |   0.427E-02 |
   |    24   |     21  |   0.10742E+02 |  0.19631E+03  |   0.708E-04 |
   |    25   |     21  |   0.10742E+02 |  0.19631E+03  |   0.419E-02 |
   |    26   |     21  |   0.10786E+02 |  0.19632E+03  |   0.784E-04 |
   |    27   |     21  |   0.10786E+02 |  0.19632E+03  |   0.417E-02 |
   |    28   |     21  |   0.10830E+02 |  0.19633E+03  |   0.918E-04 |
   |    29   |     21  |   0.10830E+02 |  0.19633E+03  |   0.413E-02 |
   |    30   |     21  |   0.10872E+02 |  0.19634E+03  |   0.113E-03 |
   |    31   |     21  |   0.10872E+02 |  0.19634E+03  |   0.397E-02 |
   |    32   |     21  |   0.10908E+02 |  0.19635E+03  |   0.148E-03 |
   |    33   |     21  |   0.10908E+02 |  0.19635E+03  |   0.348E-02 |
   |    34   |     21  |   0.10931E+02 |  0.19637E+03  |   0.205E-03 |
   |    35   |     21  |   0.10930E+02 |  0.19637E+03  |   0.224E-02 |
   |    36   |     21  |   0.10922E+02 |  0.19639E+03  |   0.296E-03 |
   |    37   |     21  |   0.10922E+02 |  0.19639E+03  |   0.467E-03 |
   |    38   |     21  |   0.10856E+02 |  0.19642E+03  |   0.433E-03 |
   |    39   |     21  |   0.10856E+02 |  0.19642E+03  |   0.568E-02 |
   |    40   |     21  |   0.10701E+02 |  0.19646E+03  |   0.600E-03 |
   |    41   |     21  |   0.10703E+02 |  0.19646E+03  |   0.138E-01 |

Watson Alpha parameter  0.1000 fitted with rms2 = 


Potential parameters rounded in accord. with their standart errors

rO  0  0  0   0  0.96446195    
rO  0  0  0   0   1.6888848    
al  0  0  0   0   103.00000    
 a  0  0  0   0   2.3000000    
 b  0  0  0   0   1.0000000    
 f  0  0  0   9      -117522666.8    (      38)
 f  2  0  0   9           40636.3    (      77)
------------------------------
*  FITTING OF THE POTENTIAL PARAMETERS TO AB INITIO DATA                        
*                                                                               
*  2016                                                                         
*  C2H6                                                                         
       rOH                        0          0.96446195
      rOCl                        0          1.68888476
    alphae                        0        103.00000000
         a                        0          2.30000000
         b                        0          1.00000000
 f   0   0   0   9  ******************
 f   2   0   0   9      40636.28773039

Correlation coefficients larger than 0.9: 

               --------------------------------------------------------------------------------
               :     old parm   :     new parm   :  delta parm  :   std. err.  : sensitility
               --------------------------------------------------------------------------------
  1  f          : -117522667.43  : -117522666.75  :         0.676:         3.825:         0.535: 
  2  f          :      40637.29  :      40636.29  :        -1.002:         7.680:         1.074:!

   ------------------------------------------------------------------
   |   iter  |  points |    deviat     |     rms       |  stability  |
   ------------------------------------------------------------------

   -----------------------------------------------------------
   |  param  |  points |   deviat    |    rms      | stability |
   -----------------------------------------------------------
   |     2   |     21  |   0.10703E+02 |  0.81103E+06  |    0.138E-01 |

############################################################################################
