New model:
f      0    0    0  0.964461950000
f      0    0    0  1.688884760000
f      0    0    0  103.000000000000
f      0    0    0  2.000000000000
f      0    0    0  1.000000000000
f      0    0    0  24937.681588911862
f      1    0    0  5465.439214923172
f      2    0    0  25002.138027145371
f      3    0    0  2292.712201679135
f      4    0    0  -44.531054074018
f      5    0    0  92.096787611836
f      6    0    0  -132.830858752294
f      7    0    0  15.878717389850
f      8    0    0  -18.085836176077

Grid of energies:
  0.96446195   1.68888476 103.00000000  0.000000000000 0.001128302494 -0.001128302494 0.999999999962
  0.96733668   1.68888476 103.00000000  2.263400316238 2.264313824755 -0.000913508516 0.999999999962
  0.95979899   1.68888476 103.00000000  3.441890373826 3.443874331794 -0.001983957968 0.999999999962
  0.95946195   1.68888476 103.00000000  4.038235172629 4.040142197200 -0.001907024571 0.999999999962
  0.97487437   1.68888476 103.00000000  23.530674591660 23.530700831813 -0.000026240153 0.999999999961
  0.95226131   1.68888476 103.00000000  28.291027992964 28.293113104566 -0.002085111602 0.999999999961
  0.98241206   1.68888476 103.00000000  66.076127126813 66.075111498209 0.001015628604 0.999999999959
  0.94472362   1.68888476 103.00000000  78.091320097446 78.094545579727 -0.003225482281 0.999999999959
  0.98994975   1.68888476 103.00000000  128.784339204431 128.782810474647 0.001528729784 0.999999999956
  0.93718593   1.68888476 103.00000000  154.189519613981 154.192248913925 -0.002729299944 0.999999999955
  0.99446195   1.68888476 103.00000000  175.527859896421 175.525493061157 0.002366835265 0.999999999953
  0.99946195   1.68888476 103.00000000  235.050766974688 235.048319623749 0.002447350939 0.999999999950
  0.92964824   1.68888476 103.00000000  257.992511719465 257.995101152152 -0.002589432686 0.999999999949
  0.92946195   1.68888476 103.00000000  260.921316295862 260.923829824749 -0.002513528887 0.999999999948
  1.00446195   1.68888476 103.00000000  302.416232243180 302.413403348654 0.002828894526 0.999999999946
  0.92446195   1.68888476 103.00000000  346.268715962768 346.271252882343 -0.002536919575 0.999999999943
  1.00946195   1.68888476 103.00000000  377.341675549746 377.338940627741 0.002734922004 0.999999999941
  0.92211055   1.68888476 103.00000000  390.978014916182 390.980084826293 -0.002069910112 0.999999999940
  0.91946195   1.68888476 103.00000000  444.921102568507 444.922968060539 -0.001865492032 0.999999999936
  1.01446195   1.68888476 103.00000000  459.554885312915 459.551638969240 0.003246343675 0.999999999935
  1.01946195   1.68888476 103.00000000  548.789570629597 548.786449388336 0.003121241261 0.999999999927
  0.91457286   1.68888476 103.00000000  554.694259166718 554.695799690766 -0.001540524048 0.999999999927
  0.91446195   1.68888476 103.00000000  557.341138720512 557.342181200749 -0.001042480236 0.999999999926
  1.02446195   1.68888476 103.00000000  644.789181694388 644.786307589361 0.002874105027 0.999999999918
  0.90946195   1.68888476 103.00000000  684.006361320615 684.006942445484 -0.000581124869 0.999999999914
  1.02763819   1.68888476 103.00000000  709.172119632363 709.169681110624 0.002438521739 0.999999999912
  1.02946195   1.68888476 103.00000000  747.303992763162 747.301883604561 0.002109158600 0.999999999908
  0.90703518   1.68888476 103.00000000  750.765831276774 750.765897927060 -0.000066650286 0.999999999907
  0.90446195   1.68888476 103.00000000  825.410909935832 825.410656731996 0.000253203836 0.999999999898
  1.03446195   1.68888476 103.00000000  856.093043506145 856.091339573871 0.001703932274 0.999999999895
  1.03517588   1.68888476 103.00000000  872.125035017729 872.123058517239 0.001976500490 0.999999999893
  1.03946195   1.68888476 103.00000000  970.921365603805 970.920095367502 0.001270236302 0.999999999879
  0.89949749   1.68888476 103.00000000  980.895223259926 980.894102303851 0.001120956075 0.999999999878
  0.89946195   1.68888476 103.00000000  982.063903406262 982.062613942189 0.001289464073 0.999999999877
  1.04271357   1.68888476 103.00000000  1048.729316249490 1048.728656237947 0.000660011542 0.999999999867
  1.04446195   1.68888476 103.00000000  1091.561069652438 1091.560601770133 0.000467882305 0.999999999860
  0.89446195   1.68888476 103.00000000  1154.491043359041 1154.488539415270 0.002503943771 0.999999999849
  1.04946195   1.68888476 103.00000000  1217.791849076748 1217.792120960655 -0.000271883907 0.999999999837
  1.05025126   1.68888476 103.00000000  1238.215373739600 1238.216084179926 -0.000710440326 0.999999999833
  0.89195980   1.68888476 103.00000000  1246.869641944766 1246.866814527717 0.002827417049 0.999999999832
  0.88946195   1.68888476 103.00000000  1343.233943477273 1343.231165498173 0.002777979100 0.999999999811
  1.05446195   1.68888476 103.00000000  1349.399387359619 1349.400514035847 -0.001126676227 0.999999999810
  1.05778894   1.68888476 103.00000000  1439.847646281123 1439.849147872428 -0.001501591305 0.999999999788
  1.05946195   1.68888476 103.00000000  1486.176220163703 1486.178035339425 -0.001815175722 0.999999999776
  0.88446195   1.68888476 103.00000000  1548.854267939925 1548.850824760941 0.003443178984 0.999999999758
  0.88442211   1.68888476 103.00000000  1550.562279209495 1550.558518702466 0.003760507029 0.999999999758
  1.06446195   1.68888476 103.00000000  1627.920475423336 1627.923133370397 -0.002657947061 0.999999999734
  1.06532663   1.68888476 103.00000000  1652.922441348433 1652.925327781488 -0.002886433055 0.999999999726
  0.87946195   1.68888476 103.00000000  1771.929911404848 1771.926065437231 0.003845967618 0.999999999684
  1.07286432   1.68888476 103.00000000  1876.769115358591 1876.772642848080 -0.003527489489 0.999999999641
  0.87688442   1.68888476 103.00000000  1893.939380183816 1893.936205519009 0.003174664807 0.999999999634
  1.07446195   1.68888476 103.00000000  1925.535824134946 1925.539674180384 -0.003850045438 0.999999999620
  1.08446195   1.68888476 103.00000000  2240.749768108130 2240.754436345372 -0.004668237243 0.999999999445
  0.86946195   1.68888476 103.00000000  2272.854553699493 2272.852414140939 0.002139558554 0.999999999423
  0.86934673   1.68888476 103.00000000  2279.066232234240 2279.064298145842 0.001934088397 0.999999999419
  1.08793970   1.68888476 103.00000000  2354.237006545067 2354.241790061030 -0.004783515963 0.999999999364
  1.09547739   1.68888476 103.00000000  2606.659547269344 2606.664081307338 -0.004534037993 0.999999999139
  0.86180905   1.68888476 103.00000000  2708.107052743435 2708.109248789621 -0.002196046186 0.999999999028
  1.10301508   1.68888476 103.00000000  2867.452194258571 2867.455847552596 -0.003653294025 0.999999998823
  1.11055276   1.68888476 103.00000000  3136.079665422440 3136.081167027958 -0.001501605519 0.999999998375
  0.85446195   1.68888476 103.00000000  3170.732332676649 3170.742621145937 -0.010288469288 0.999999998306
  1.11446195   1.68888476 103.00000000  3278.309879764915 3278.310335223488 -0.000455458573 0.999999998072
  1.11809045   1.68888476 103.00000000  3412.029761254787 3412.028767744845 0.000993509943 0.999999997737
  1.12562814   1.68888476 103.00000000  3694.813309252262 3694.808804257924 0.004504994338 0.999999996823
  0.84673367   1.68888476 103.00000000  3707.142708316445 3707.167019484300 -0.024311167855 0.999999996775
  1.13316583   1.68888476 103.00000000  3983.961860239506 3983.953242412404 0.008617827102 0.999999995505
  0.83946195   1.68888476 103.00000000  4260.849064007401 4260.892633657240 -0.043569649839 0.999999993733
  1.14070352   1.68888476 103.00000000  4279.028479486704 4279.014527309523 0.013952177181 0.999999993595
  0.83919598   1.68888476 103.00000000  4282.032971650362 4282.077095912129 -0.044124261767 0.999999993572
  1.14824121   1.68888476 103.00000000  4579.584669202566 4579.564650767240 0.020018435326 0.999999990813
  0.83165829   1.68888476 103.00000000  4910.639787599444 4910.712448453206 -0.072660853762 0.999999986332
  1.16331658   1.68888476 103.00000000  5195.545935451984 5195.511424608795 0.034510843189 0.999999980761
  1.17085427   1.68888476 103.00000000  5510.184976264834 5510.142440806064 0.042535458771 0.999999971936
  0.82412060   1.68888476 103.00000000  5595.717019721866 5595.840455536999 -0.123435815133 0.999999968903
  1.17839196   1.68888476 103.00000000  5828.779522791505 5828.728648333145 0.050874458360 0.999999958867
  0.81658291   1.68888476 103.00000000  6340.199033722281 6340.367584131349 -0.168550409067 0.999999924017
  1.19346734   1.68888476 103.00000000  6476.291876703501 6476.410597731267 -0.118721027767 0.999999910538
  0.81446195   1.68888476 103.00000000  6561.085838228464 6560.986190193294 0.099648035171 0.999999900956
  1.20100503   1.68888476 103.00000000  6804.767866134644 6804.864789771397 -0.096923636754 0.999999867314
  1.20854271   1.68888476 103.00000000  7135.931950688362 7135.989363052725 -0.057412364363 0.999999802570
  0.80904523   1.68888476 103.00000000  7147.415014743805 7147.344941510077 0.070073233728 0.999999799831
  1.21608040   1.68888476 103.00000000  7469.459149807692 7469.498091291972 -0.038941484280 0.999999705401
  1.22361809   1.68888476 103.00000000  7805.093388900161 7805.115866731891 -0.022477831731 0.999999559294
  0.80150754   1.68888476 103.00000000  8020.007785782218 8019.979280630142 0.028505152076 0.999999429636
  1.23115578   1.68888476 103.00000000  8142.571270406246 8142.579925428318 -0.008655022072 0.999999339267
  1.23869347   1.68888476 103.00000000  8481.640027523041 8481.638907710900 0.001119812141 0.999999007495
  1.24623116   1.68888476 103.00000000  8822.059832289815 8822.052381672798 0.007450617017 0.999998506712
  0.79396985   1.68888476 103.00000000  8961.631048157811 8961.633063130239 -0.002014972428 0.999998234444
  1.25376884   1.68888476 103.00000000  9163.597372427583 9163.589937005021 0.007435422562 0.999997750238
  1.26130653   1.68888476 103.00000000  9506.033819094300 9506.032569353156 0.001249741144 0.999996606889
  1.26446195   1.68888476 103.00000000  9649.599585875869 9649.603498180253 -0.003912304384 0.999995968955
  0.78643216   1.68888476 103.00000000  9975.833603248000 9975.834793012502 -0.001189764502 0.999994037413
