New model:
f      0    0    0  0.964461950000
f      0    0    0  1.688884760000
f      0    0    0  103.000000000000
f      0    0    0  1.200000000000
f      0    0    0  1.000000000000
f      0    0    0  1641.769369180379
f      0    0    1  -642.496942675533
f      0    0    2  1628.304426538615
f      0    0    3  -0.555898884727
f      0    0    4  19.975442929030
f      0    0    5  -0.902938332911
f      0    0    6  0.303348971330
f      0    0    7  -0.061711953627
f      0    0    8  0.017226442412
f      0    0    9  -0.001447503534
f      0    0   10  0.000646453067

Grid of energies:
  0.96446195   1.68888476 102.61306533  -0.181425392628 -0.179613853266 -0.001811539362 0.999999999962
  0.96446195   1.68888476 103.00000000  0.000000000000 0.003153888483 -0.003153888483 0.999999999962
  0.96446195   1.68888476 103.31658291  1.584628954530 1.589089887535 -0.004460933005 0.999999999962
  0.96446195   1.68888476 102.00000000  3.511178508401 3.510895212986 0.000283295414 0.999999999962
  0.96446195   1.68888476 101.90954774  4.471288070083 4.470780192687 0.000507877396 0.999999999962
  0.96446195   1.68888476 104.02010050  9.702578738332 9.709015877322 -0.006437138990 0.999999999962
  0.96446195   1.68888476 101.20603015  15.610976234078 15.608340202880 0.002636031198 0.999999999962
  0.96446195   1.68888476 101.00000000  20.111337959766 20.108020851360 0.003317108407 0.999999999961
  0.96446195   1.68888476 104.72361809  24.103927373886 24.112458625911 -0.008531252025 0.999999999961
  0.96446195   1.68888476 105.00000000  31.466369345784 31.475356874704 -0.008987528920 0.999999999961
  0.96446195   1.68888476 100.50251256  33.305934950709 33.301343554249 0.004591396461 0.999999999961
  0.96446195   1.68888476 100.50000000  33.381094992161 33.376362639215 0.004732352946 0.999999999961
  0.96446195   1.68888476 105.42713568  44.721716269851 44.731854977999 -0.010138708149 0.999999999960
  0.96446195   1.68888476 100.00000000  49.996514081955 49.990673934378 0.005840147577 0.999999999960
  0.96446195   1.68888476  99.79899497  57.624429017305 57.618287584728 0.006141432577 0.999999999960
  0.96446195   1.68888476 106.13065327  71.489079549909 71.499751557156 -0.010672007247 0.999999999959
  0.96446195   1.68888476  99.09547739  88.635053843260 88.627893403350 0.007160439910 0.999999999958
  0.96446195   1.68888476 106.83417085  104.337901636958 104.348767275631 -0.010865638672 0.999999999957
  0.96446195   1.68888476 107.00000000  112.959047257900 112.970080711131 -0.011033453231 0.999999999957
  0.96446195   1.68888476  98.39195980  126.407066926360 126.399105373007 0.007961553353 0.999999999956
  0.96446195   1.68888476 107.53768844  143.201322451234 143.211554367105 -0.010231915871 0.999999999955
  0.96446195   1.68888476  98.00000000  150.409318745136 150.401646939789 0.007671805347 0.999999999955
  0.96446195   1.68888476  98.00000000  150.409318745136 150.401646939789 0.007671805347 0.999999999955
  0.96446195   1.68888476  97.68844221  171.008773446083 171.001079196698 0.007694249386 0.999999999954
  0.96446195   1.68888476 108.24120603  188.011646285653 188.020751192821 -0.009104907168 0.999999999953
  0.96446195   1.68888476  96.98492462  222.510119318962 222.503167269827 0.006952049136 0.999999999951
  0.96446195   1.68888476 108.94472362  238.702278569341 238.708936640447 -0.006658071107 0.999999999950
  0.96446195   1.68888476  96.28140704  280.980675235391 280.974893984041 0.005781251349 0.999999999947
  0.96446195   1.68888476 109.64824121  295.204569458961 295.208579801925 -0.004010342964 0.999999999946
  0.96446195   1.68888476  95.57788945  346.490012869239 346.485928656732 0.004084212507 0.999999999943
  0.96446195   1.68888476  95.50000000  354.178737968206 354.174772533967 0.003965434239 0.999999999942
  0.96446195   1.68888476 110.35175879  357.451651766896 357.451987110596 -0.000335343699 0.999999999942
  0.96446195   1.68888476 110.50000000  371.294300779700 371.293843918474 0.000456861226 0.999999999941
  0.96446195   1.68888476  94.87437186  419.108077540994 419.106043129793 0.002034411201 0.999999999938
  0.96446195   1.68888476 111.05527638  425.374642908573 425.371252454631 0.003390453942 0.999999999937
  0.96446195   1.68888476  94.17085427  498.904992237687 498.905070935790 -0.000078698103 0.999999999931
  0.96446195   1.68888476 111.75879397  498.905959904194 498.898197250402 0.007762653792 0.999999999931
  0.96446195   1.68888476 112.46231156  577.976496174932 577.964318622211 0.012177552721 0.999999999925
  0.96446195   1.68888476  93.46733668  585.950497314334 585.952856241945 -0.002358927611 0.999999999924
  0.96446195   1.68888476  93.00000000  647.814811170101 647.818697914447 -0.003886744346 0.999999999918
  0.96446195   1.68888476 113.16582915  662.517708957195 662.500733048090 0.016975909106 0.999999999916
  0.96446195   1.68888476  92.76381910  680.314501240849 680.319196553796 -0.004695312947 0.999999999915
  0.96446195   1.68888476 113.86934673  752.459211215377 752.438119711346 0.021091504031 0.999999999907
  0.96446195   1.68888476  92.06030151  782.066990211606 782.073787421123 -0.006797209517 0.999999999904
  0.96446195   1.68888476 114.57286432  847.731627881527 847.706670921131 0.024956960396 0.999999999896
  0.96446195   1.68888476  91.35678392  891.278052553535 891.286149729559 -0.008097176025 0.999999999890
  0.96446195   1.68888476  90.65326633  1008.016472101212 1008.025567572945 -0.009095471733 0.999999999874
  0.96446195   1.68888476  89.94974874  1132.350977063179 1132.361018246371 -0.010041183192 0.999999999853
  0.96446195   1.68888476  89.24623116  1264.351149022579 1264.361101899450 -0.009952876870 0.999999999828
  0.96446195   1.68888476  88.54271357  1404.084701538086 1404.093982914365 -0.009281376279 0.999999999797
  0.96446195   1.68888476 118.79396985  1527.317032560706 1527.287916018344 0.029116542363 0.999999999764
  0.96446195   1.68888476  87.83919598  1551.619653597474 1551.627316723730 -0.007663126255 0.999999999757
  0.96446195   1.68888476 119.49748744  1657.894044995308 1657.867753632762 0.026291362546 0.999999999724
  0.96446195   1.68888476  87.13567839  1707.021930083632 1707.028201976050 -0.006271892417 0.999999999708
  0.96446195   1.68888476 120.20100503  1793.218549430370 1793.196460763931 0.022088666440 0.999999999676
  0.96446195   1.68888476 120.50000000  1852.150546342134 1852.130495458850 0.020050883285 0.999999999652
  0.96446195   1.68888476  86.43216080  1870.359199240804 1870.363132823152 -0.003933582348 0.999999999644
  0.96446195   1.68888476 120.90452261  1933.214763924479 1933.197577570046 0.017186354433 0.999999999616
  0.96446195   1.68888476  85.72864322  2041.696243643761 2041.697962769139 -0.001719125379 0.999999999563
  0.96446195   1.68888476 121.60804020  2077.805225729942 2077.793698011955 0.011527717987 0.999999999544
  0.96446195   1.68888476  85.50000000  2099.114410907030 2099.115161159451 -0.000750252421 0.999999999532
  0.96446195   1.68888476  85.02512563  2221.098617270589 2221.097896235365 0.000721035224 0.999999999458
  0.96446195   1.68888476 122.31155779  2226.912137746811 2226.906421859484 0.005715887327 0.999999999454
  0.96446195   1.68888476 123.00000000  2377.120223894715 2377.120004002486 0.000219892229 0.999999999346
  0.96446195   1.68888476 123.01507538  2380.456215322018 2380.456327702119 -0.000112380102 0.999999999344
  0.96446195   1.68888476  84.32160804  2408.630432233214 2408.627474391174 0.002957842041 0.999999999321
  0.96446195   1.68888476 123.71859296  2538.357082918286 2538.362934563262 -0.005851644975 0.999999999207
  0.96446195   1.68888476  83.61809045  2604.355954244733 2604.350607525345 0.005346719387 0.999999999141
  0.96446195   1.68888476 124.42211055  2700.533487990499 2700.544676992635 -0.011189002137 0.999999999036
  0.96446195   1.68888476  83.00000000  2783.125942692161 2783.119078863923 0.006863828237 0.999999998936
  0.96446195   1.68888476  82.91457286  2808.337441235781 2808.330621467957 0.006819767823 0.999999998903
  0.96446195   1.68888476 125.12562814  2866.903499349952 2866.918857244574 -0.015357894622 0.999999998823
  0.96446195   1.68888476 125.50000000  2957.116581410170 2957.133969700636 -0.017388290466 0.999999998689
  0.96446195   1.68888476  82.21105528  3020.637794643641 3020.630333270952 0.007461372689 0.999999998585
  0.96446195   1.68888476 125.82914573  3037.382708862424 3037.401618745013 -0.018909882589 0.999999998556
  0.96446195   1.68888476 126.53266332  3211.887254849076 3211.907906559552 -0.020651710476 0.999999998220
  0.96446195   1.68888476  81.50753769  3241.319879278541 3241.312176124973 0.007703153568 0.999999998156
  0.96446195   1.68888476 127.23618090  3390.330430790782 3390.351424804619 -0.020994013837 0.999999997795
  0.96446195   1.68888476  80.80402010  3470.445567369461 3470.438332031764 0.007235337697 0.999999997573
  0.96446195   1.68888476  80.50000000  3572.088798671961 3572.082199266787 0.006599405174 0.999999997258
  0.96446195   1.68888476 127.93969849  3572.624462947249 3572.644603218671 -0.020140271422 0.999999997256
  0.96446195   1.68888476 128.00000000  3588.426193058491 3588.445994315308 -0.019801256818 0.999999997203
  0.96446195   1.68888476  80.10050251  3708.076503947377 3708.070936675747 0.005567271630 0.999999996772
  0.96446195   1.68888476 128.64321608  3758.681103274226 3758.698533757148 -0.017430482922 0.999999996570
  0.96446195   1.68888476 129.34673367  3948.410285353661 3948.422926962326 -0.012641608665 0.999999995693
  0.96446195   1.68888476  79.39698492  3954.275985807180 3954.272315579959 0.003670227222 0.999999995662
  0.96446195   1.68888476 130.05025126  4141.718639388680 4141.726049193183 -0.007409804502 0.999999994568
  0.96446195   1.68888476  78.69346734  4209.106405794621 4209.105269676175 0.001136118445 0.999999994110
  0.96446195   1.68888476 130.75376884  4338.514539852738 4338.514651995933 -0.000112143194 0.999999993121
  0.96446195   1.68888476  78.00000000  4468.805734202266 4468.807223708517 -0.001489506251 0.999999991957
  0.96446195   1.68888476  77.98994975  4472.631927773356 4472.633433081004 -0.001505307648 0.999999991920
  0.96446195   1.68888476 131.45728643  4538.701365306973 4538.693906997758 0.007458309216 0.999999991253
  0.96446195   1.68888476 132.16080402  4742.182951867580 4742.167303284277 0.015648583303 0.999999988834
  0.96446195   1.68888476  77.28643216  4744.917474433780 4744.921651960748 -0.004177526968 0.999999988797
  0.96446195   1.68888476 132.86432161  4948.859272718430 4948.836562312845 0.022710405585 0.999999985691
  0.96446195   1.68888476 133.00000000  4989.077633500099 4989.053422314952 0.024211185148 0.999999984983
  0.96446195   1.68888476  76.58291457  5026.029682785273 5026.036460121616 -0.006777336343 0.999999984303
  0.96446195   1.68888476 133.56783920  5158.630849152803 5158.601527702232 0.029321450571 0.999999981595
  0.96446195   1.68888476  75.87939698  5316.038675725460 5316.046600087587 -0.007924362127 0.999999977768
  0.96446195   1.68888476 134.27135678  5371.394068434834 5371.360042822090 0.034025612745 0.999999976242
  0.96446195   1.68888476 134.97487437  5587.044024184346 5587.007831045616 0.036193138731 0.999999969225
  0.96446195   1.68888476  75.17587940  5615.015548557043 5615.023609131013 -0.008060573969 0.999999968174
  0.96446195   1.68888476 135.67839196  5805.473308533430 5805.438332746942 0.034975786488 0.999999960002
  0.96446195   1.68888476  74.47236181  5923.035047128797 5923.042494160211 -0.007447031415 0.999999953942
  0.96446195   1.68888476 136.38190955  6026.572394013405 6026.542559256723 0.029834756682 0.999999947849
  0.96446195   1.68888476  73.76884422  6240.177106335759 6240.182432443566 -0.005326107806 0.999999932611
  0.96446195   1.68888476 137.08542714  6250.229476645589 6250.208918426118 0.020558219471 0.999999931793
  0.96446195   1.68888476 137.78894472  6476.329187810421 6476.323026754083 0.006161056338 0.999999910534
  0.96446195   1.68888476 138.00000000  6544.618158832192 6544.617108375002 0.001050457190 0.999999902894
  0.96446195   1.68888476  73.06532663  6566.525147557259 6566.527583447590 -0.002435890331 0.999999900307
  0.96446195   1.68888476  73.00000000  6597.299315109849 6597.301265139054 -0.001950029205 0.999999896557
  0.96446195   1.68888476 138.49246231  6704.754525363445 6704.767524779472 -0.012999416027 0.999999882320
  0.96446195   1.68888476  72.36180905  6902.169313848019 6902.167942974009 0.001370874010 0.999999850863
  0.96446195   1.68888476 139.19597990  6935.385462760925 6935.421848033178 -0.036385272253 0.999999844798
  0.96446195   1.68888476 139.89949749  7168.098591744900 7168.162018692085 -0.063426947185 0.999999794800
  0.96446195   1.68888476  71.65829146  7247.204981699586 7247.200292250564 0.004689449021 0.999999774367
  0.96446195   1.68888476 140.60301508  7402.767211288214 7402.860410925095 -0.093199636881 0.999999728059
  0.96446195   1.68888476  70.95477387  7601.736256569624 7601.729163418262 0.007093151362 0.999999654722
  0.96446195   1.68888476 141.30653266  7639.262425929308 7639.385507170177 -0.123081240869 0.999999638819
  0.96446195   1.68888476 142.01005025  7877.450874298811 7877.601664042985 -0.150789744174 0.999999519318
  0.96446195   1.68888476  70.25125628  7965.875735074282 7965.867913273500 0.007821800782 0.999999465509
  0.96446195   1.68888476 142.71356784  8117.196110129356 8117.368839330828 -0.172729201471 0.999999359083
  0.96446195   1.68888476 143.00000000  8215.220766589046 8215.399536484980 -0.178769895934 0.999999279079
  0.96446195   1.68888476  69.54773869  8339.746050387621 8339.739829344247 0.006221043373 0.999999162886
  0.96446195   1.68888476 143.41708543  8358.358504444361 8358.542349547371 -0.183845103011 0.999999143979
  0.96446195   1.68888476 144.12060302  8600.793590947986 8600.972610165620 -0.179019217634 0.999998854935
  0.96446195   1.68888476  68.84422111  8723.481646090746 8723.479285245636 0.002360845110 0.999998673311
  0.96446195   1.68888476 144.82412060  8844.353133484721 8844.504877927135 -0.151744442413 0.999998466225
  0.96446195   1.68888476 145.52763819  9088.884996622801 9088.979015656330 -0.094019033530 0.999997943162
  0.96446195   1.68888476  68.14070352  9117.230589464307 9117.232966489408 -0.002377025101 0.999997871996
  0.96446195   1.68888476  68.00000000  9197.195917263627 9197.199256256072 -0.003338992445 0.999997657678
  0.96446195   1.68888476 146.23115578  9334.232430920005 9334.229230804369 0.003200115636 0.999997239019
  0.96446195   1.68888476  67.43718593  9521.156470999122 9521.161076175120 -0.004605175998 0.999996544752
  0.96446195   1.68888476 146.93467337  9580.234087049961 9580.083860344617 0.150226705344 0.999996290907
  0.96446195   1.68888476 147.63819095  9826.724021330476 9826.365150159616 0.358871170860 0.999995014300
  0.96446195   1.68888476  66.73366834  9935.440115571022 9935.438619942346 0.001495628676 0.999994319538
  0.96446195   1.68888476 148.00000000  9953.624799653888 9953.130435834018 0.494363819869 0.999994194220
