New model:
f      0    0    0  0.964461950000
f      0    0    0  1.688884760000
f      0    0    0  103.000000000000
f      0    0    0  1.200000000000
f      0    0    0  1.000000000000
f      0    0    0  0.017923761637
f      0    0    1  -174.236675503903
f      0    0    2  22305.574788211936
f      0    0    3  1272.883744875579
f      0    0    4  7622.662195011893
f      0    0    5  -605.241189394902
f      0    0    6  -43.278198312278
f      0    0    7  -2541.772742553272
f      0    0    8  8621.242774604614

Grid of energies:
  0.96446195   1.68888476 102.61306533  -0.181425392628 -0.161794405779 -0.019630986849 0.999999999962
  0.96446195   1.68888476 103.00000000  0.000000000000 0.017923761637 -0.017923761637 0.999999999962
  0.96446195   1.68888476 103.31658291  1.584628954530 1.600886231021 -0.016257276491 0.999999999962
  0.96446195   1.68888476 102.00000000  3.511178508401 3.532179188564 -0.021000680163 0.999999999962
  0.96446195   1.68888476 101.90954774  4.471288070083 4.492430674250 -0.021142604168 0.999999999962
  0.96446195   1.68888476 104.02010050  9.702578738332 9.712757930777 -0.010179192445 0.999999999962
  0.96446195   1.68888476 101.20603015  15.610976234078 15.631564032151 -0.020587798072 0.999999999962
  0.96446195   1.68888476 101.00000000  20.111337959766 20.131280210485 -0.019942250719 0.999999999961
  0.96446195   1.68888476 104.72361809  24.103927373886 24.106365068117 -0.002437694231 0.999999999961
  0.96446195   1.68888476 105.00000000  31.466369345784 31.464981442678 0.001387903106 0.999999999961
  0.96446195   1.68888476 100.50251256  33.305934950709 33.323915335828 -0.017980385119 0.999999999961
  0.96446195   1.68888476 100.50000000  33.381094992161 33.398928230196 -0.017833238036 0.999999999961
  0.96446195   1.68888476 105.42713568  44.721716269851 44.714473690929 0.007242578921 0.999999999960
  0.96446195   1.68888476 100.00000000  49.996514081955 50.011485243426 -0.014971161471 0.999999999960
  0.96446195   1.68888476  99.79899497  57.624429017305 57.638110936872 -0.013681919567 0.999999999960
  0.96446195   1.68888476 106.13065327  71.489079549909 71.470026362144 0.019053187765 0.999999999959
  0.96446195   1.68888476  99.09547739  88.635053843260 88.643092620544 -0.008038777284 0.999999999958
  0.96446195   1.68888476 106.83417085  104.337901636958 104.306089590438 0.031812046520 0.999999999957
  0.96446195   1.68888476 107.00000000  112.959047257900 112.924313170775 0.034734087125 0.999999999957
  0.96446195   1.68888476  98.39195980  126.407066926360 126.408108233472 -0.001041307111 0.999999999956
  0.96446195   1.68888476 107.53768844  143.201322451234 143.155797860070 0.045524591164 0.999999999955
  0.96446195   1.68888476  98.00000000  150.409318745136 150.406651339006 0.002667406130 0.999999999955
  0.96446195   1.68888476  98.00000000  150.409318745136 150.406651339006 0.002667406130 0.999999999955
  0.96446195   1.68888476  97.68844221  171.008773446083 171.002687337571 0.006086108512 0.999999999954
  0.96446195   1.68888476 108.24120603  188.011646285653 187.952288120141 0.059358165512 0.999999999953
  0.96446195   1.68888476  96.98492462  222.510119318962 222.496610903516 0.013508415446 0.999999999951
  0.96446195   1.68888476 108.94472362  238.702278569341 238.628635189859 0.073643379482 0.999999999950
  0.96446195   1.68888476  96.28140704  280.980675235391 280.959868213629 0.020807021762 0.999999999947
  0.96446195   1.68888476 109.64824121  295.204569458961 295.117782424155 0.086787034807 0.999999999946
  0.96446195   1.68888476  95.57788945  346.490012869239 346.462609253671 0.027403615568 0.999999999943
  0.96446195   1.68888476  95.50000000  354.178737968206 354.150566435340 0.028171532866 0.999999999942
  0.96446195   1.68888476 110.35175879  357.451651766896 357.352470469323 0.099181297573 0.999999999942
  0.96446195   1.68888476 110.50000000  371.294300779700 371.192753321255 0.101547458445 0.999999999941
  0.96446195   1.68888476  94.87437186  419.108077540994 419.075080356269 0.032997184725 0.999999999938
  0.96446195   1.68888476 111.05527638  425.374642908573 425.265170251742 0.109472656831 0.999999999937
  0.96446195   1.68888476  94.17085427  498.904992237687 498.867560803508 0.037431434179 0.999999999931
  0.96446195   1.68888476 111.75879397  498.905959904194 498.788007769993 0.117952134201 0.999999999931
  0.96446195   1.68888476 112.46231156  577.976496174932 577.852699361046 0.123796813885 0.999999999925
  0.96446195   1.68888476  93.46733668  585.950497314334 585.910289487180 0.040207827153 0.999999999924
  0.96446195   1.68888476  93.00000000  647.814811170101 647.773758114477 0.041053055624 0.999999999918
  0.96446195   1.68888476 113.16582915  662.517708957195 662.390485256041 0.127223701154 0.999999999916
  0.96446195   1.68888476  92.76381910  680.314501240849 680.273386544602 0.041114696247 0.999999999915
  0.96446195   1.68888476 113.86934673  752.459211215377 752.332066032883 0.127145182494 0.999999999907
  0.96446195   1.68888476  92.06030151  782.066990211606 782.026779172545 0.040211039061 0.999999999904
  0.96446195   1.68888476 114.57286432  847.731627881527 847.607549602053 0.124078279473 0.999999999896
  0.96446195   1.68888476  91.35678392  891.278052553535 891.240113156393 0.037939397141 0.999999999890
  0.96446195   1.68888476  90.65326633  1008.016472101212 1007.982679021891 0.033793079321 0.999999999874
  0.96446195   1.68888476  89.94974874  1132.350977063179 1132.323335188876 0.027641874303 0.999999999853
  0.96446195   1.68888476  89.24623116  1264.351149022579 1264.330436393944 0.020712628636 0.999999999828
  0.96446195   1.68888476  88.54271357  1404.084701538086 1404.071780027515 0.012921510571 0.999999999797
  0.96446195   1.68888476 118.79396985  1527.317032560706 1527.270650114350 0.046382446356 0.999999999764
  0.96446195   1.68888476  87.83919598  1551.619653597474 1551.614544494415 0.005109103060 0.999999999757
  0.96446195   1.68888476 119.49748744  1657.894044995308 1657.866286497327 0.027758497981 0.999999999724
  0.96446195   1.68888476  87.13567839  1707.021930083632 1707.025259682893 -0.003329599261 0.999999999708
  0.96446195   1.68888476 120.20100503  1793.218549430370 1793.209810742689 0.008738687681 0.999999999676
  0.96446195   1.68888476 120.50000000  1852.150546342134 1852.149692264927 0.000854077208 0.999999999652
  0.96446195   1.68888476  86.43216080  1870.359199240804 1870.369784235084 -0.010584994280 0.999999999644
  0.96446195   1.68888476 120.90452261  1933.214763924479 1933.224141075697 -0.009377151217 0.999999999616
  0.96446195   1.68888476  85.72864322  2041.696243643761 2041.713300691999 -0.017057048238 0.999999999563
  0.96446195   1.68888476 121.60804020  2077.805225729942 2077.831283988776 -0.026058258834 0.999999999544
  0.96446195   1.68888476  85.50000000  2099.114410907030 2099.133014353146 -0.018603446116 0.999999999532
  0.96446195   1.68888476  85.02512563  2221.098617270589 2221.120343985585 -0.021726714996 0.999999999458
  0.96446195   1.68888476 122.31155779  2226.912137746811 2226.952309161529 -0.040171414718 0.999999999454
  0.96446195   1.68888476 123.00000000  2377.120223894715 2377.170946767373 -0.050722872658 0.999999999346
  0.96446195   1.68888476 123.01507538  2380.456215322018 2380.507344507042 -0.051129185025 0.999999999344
  0.96446195   1.68888476  84.32160804  2408.630432233214 2408.654828802771 -0.024396569556 0.999999999321
  0.96446195   1.68888476 123.71859296  2538.357082918286 2538.415558209232 -0.058475290945 0.999999999207
  0.96446195   1.68888476  83.61809045  2604.355954244733 2604.380126715895 -0.024172471162 0.999999999141
  0.96446195   1.68888476 124.42211055  2700.533487990499 2700.595151910295 -0.061663919796 0.999999999036
  0.96446195   1.68888476  83.00000000  2783.125942692161 2783.147912734057 -0.021970041896 0.999999998936
  0.96446195   1.68888476  82.91457286  2808.337441235781 2808.359158830000 -0.021717594219 0.999999998903
  0.96446195   1.68888476 125.12562814  2866.903499349952 2866.963327971491 -0.059828621539 0.999999998823
  0.96446195   1.68888476 125.50000000  2957.116581410170 2957.173682905972 -0.057101495802 0.999999998689
  0.96446195   1.68888476  82.21105528  3020.637794643641 3020.654517016815 -0.016722373174 0.999999998585
  0.96446195   1.68888476 125.82914573  3037.382708862424 3037.436274377063 -0.053565514640 0.999999998556
  0.96446195   1.68888476 126.53266332  3211.887254849076 3211.929132426719 -0.041877577643 0.999999998220
  0.96446195   1.68888476  81.50753769  3241.319879278541 3241.328631190141 -0.008751911600 0.999999998156
  0.96446195   1.68888476 127.23618090  3390.330430790782 3390.355956675615 -0.025525884833 0.999999997795
  0.96446195   1.68888476  80.80402010  3470.445567369461 3470.443938244540 0.001629124921 0.999999997573
  0.96446195   1.68888476  80.50000000  3572.088798671961 3572.082276575317 0.006522096643 0.999999997258
  0.96446195   1.68888476 127.93969849  3572.624462947249 3572.629678950170 -0.005216002920 0.999999997256
  0.96446195   1.68888476 128.00000000  3588.426193058491 3588.429293736102 -0.003100677611 0.999999997203
  0.96446195   1.68888476  80.10050251  3708.076503947377 3708.063113839576 0.013390107802 0.999999996772
  0.96446195   1.68888476 128.64321608  3758.681103274226 3758.662037028892 0.019066245334 0.999999996570
  0.96446195   1.68888476 129.34673367  3948.410285353661 3948.363517575029 0.046767778631 0.999999995693
  0.96446195   1.68888476  79.39698492  3954.275985807180 3954.249322516643 0.026663290537 0.999999995662
  0.96446195   1.68888476 130.05025126  4141.718639388680 4141.643274376169 0.075365012512 0.999999994568
  0.96446195   1.68888476  78.69346734  4209.106405794621 4209.066500371780 0.039905422841 0.999999994110
  0.96446195   1.68888476 130.75376884  4338.514539852738 4338.409033268207 0.105506584531 0.999999993121
  0.96446195   1.68888476  78.00000000  4468.805734202266 4468.753680430551 0.052053771715 0.999999991957
  0.96446195   1.68888476  77.98994975  4472.631927773356 4472.579688900923 0.052238872434 0.999999991920
  0.96446195   1.68888476 131.45728643  4538.701365306973 4538.566997355604 0.134367951369 0.999999991253
  0.96446195   1.68888476 132.16080402  4742.182951867580 4742.021709857327 0.161242010254 0.999999988834
  0.96446195   1.68888476  77.28643216  4744.917474433780 4744.855364510674 0.062109923106 0.999999988797
  0.96446195   1.68888476 132.86432161  4948.859272718430 4948.675930117446 0.183342600983 0.999999985691
  0.96446195   1.68888476 133.00000000  4989.077633500099 4988.890392852845 0.187240647254 0.999999984983
  0.96446195   1.68888476  76.58291457  5026.029682785273 5025.961834770934 0.067848014339 0.999999984303
  0.96446195   1.68888476 133.56783920  5158.630849152803 5158.430480742758 0.200368410045 0.999999981595
  0.96446195   1.68888476  75.87939698  5316.038675725460 5315.969645521624 0.069030203836 0.999999977768
  0.96446195   1.68888476 134.27135678  5371.394068434834 5371.184079520207 0.209988914628 0.999999976242
  0.96446195   1.68888476 134.97487437  5587.044024184346 5586.833171812202 0.210852372144 0.999999969225
  0.96446195   1.68888476  75.17587940  5615.015548557043 5614.952013617941 0.063534939102 0.999999968174
  0.96446195   1.68888476 135.67839196  5805.473308533430 5805.271718436093 0.201590097337 0.999999960002
  0.96446195   1.68888476  74.47236181  5923.035047128797 5922.985304593190 0.049742535607 0.999999953942
  0.96446195   1.68888476 136.38190955  6026.572394013405 6026.391000237359 0.181393776046 0.999999947849
  0.96446195   1.68888476  73.76884422  6240.177106335759 6240.149487729326 0.027618606433 0.999999932611
  0.96446195   1.68888476 137.08542714  6250.229476645589 6250.079395061283 0.150081584306 0.999999931793
  0.96446195   1.68888476 137.78894472  6476.329187810421 6476.222143166694 0.107044643727 0.999999910534
  0.96446195   1.68888476 138.00000000  6544.618158832192 6544.526000888196 0.092157943996 0.999999902894
  0.96446195   1.68888476  73.06532663  6566.525147557259 6566.528649554152 -0.003501996894 0.999999900307
  0.96446195   1.68888476  73.00000000  6597.299315109849 6597.305950909289 -0.006635799440 0.999999896557
  0.96446195   1.68888476 138.49246231  6704.754525363445 6704.701118891972 0.053406471473 0.999999882320
  0.96446195   1.68888476  72.36180905  6902.169313848019 6902.211493010604 -0.042179162585 0.999999850863
  0.96446195   1.68888476 139.19597990  6935.385462760925 6935.394561962733 -0.009099201808 0.999999844798
  0.96446195   1.68888476 139.89949749  7168.098591744900 7168.176834664883 -0.078242919983 0.999999794800
  0.96446195   1.68888476  71.65829146  7247.204981699586 7247.291871437500 -0.086889737914 0.999999774367
  0.96446195   1.68888476 140.60301508  7402.767211288214 7402.918158892517 -0.150947604303 0.999999728059
  0.96446195   1.68888476  70.95477387  7601.736256569624 7601.869275792406 -0.133019222782 0.999999654722
  0.96446195   1.68888476 141.30653266  7639.262425929308 7639.484351266451 -0.221925337143 0.999999638819
  0.96446195   1.68888476 142.01005025  7877.450874298811 7877.736575891640 -0.285701592829 0.999999519318
  0.96446195   1.68888476  70.25125628  7965.875735074282 7966.049364599667 -0.173629525385 0.999999465509
  0.96446195   1.68888476 142.71356784  8117.196110129356 8117.531066953480 -0.334956824124 0.999999359083
  0.96446195   1.68888476 143.00000000  8215.220766589046 8215.569419356263 -0.348652767218 0.999999279079
  0.96446195   1.68888476  69.54773869  8339.746050387621 8339.944459018390 -0.198408630769 0.999999162886
  0.96446195   1.68888476 143.41708543  8358.358504444361 8358.718891267457 -0.360386823097 0.999999143979
  0.96446195   1.68888476 144.12060302  8600.793590947986 8601.145703374796 -0.352112426810 0.999998854935
  0.96446195   1.68888476  68.84422111  8723.481646090746 8723.674019109749 -0.192373019003 0.999998673311
  0.96446195   1.68888476 144.82412060  8844.353133484721 8844.651512913131 -0.298379428410 0.999998466225
  0.96446195   1.68888476 145.52763819  9088.884996622801 9089.070484846558 -0.185488223757 0.999997943162
  0.96446195   1.68888476  68.14070352  9117.230589464307 9117.365122501007 -0.134533036700 0.999997871996
  0.96446195   1.68888476  68.00000000  9197.195917263627 9197.310471246836 -0.114553983209 0.999997657678
  0.96446195   1.68888476 146.23115578  9334.232430920005 9334.230723768567 0.001707151438 0.999997239019
  0.96446195   1.68888476  67.43718593  9521.156470999122 9521.152855880582 0.003615118540 0.999996544752
  0.96446195   1.68888476 146.93467337  9580.234087049961 9579.954114693708 0.279972356253 0.999996290907
  0.96446195   1.68888476 147.63819095  9826.724021330476 9826.056168102625 0.667853227851 0.999995014300
  0.96446195   1.68888476  66.73366834  9935.440115571022 9935.180720759136 0.259394811887 0.999994319538
  0.96446195   1.68888476 148.00000000  9953.624799653888 9952.708325164902 0.916474488986 0.999994194220
