1e-4 Robust factor
1e-6 Regularisation
200 iterations
New model:
f      0    0    0  0.964461950000
f      0    0    0  1.688884760000
f      0    0    0  103.000000000000
f      0    0    0  1.200000000000
f      0    0    0  1.000000000000
f      0    0    0  11914.589651082699
f      0    0    1  7316.651448541473
f      0    0    2  12778.981987994748
f      0    0    3  1289.050180250622
f      0    0    4  1282.787609595545
f      0    0    5  182.115786810582
f      0    0    6  198.401094918289
f      0    0    7  27.980094358248
f      0    0    8  22.558883806451

Grid of energies:
  0.96446195   1.68888476 102.61306533  -0.277229562402 -0.267910421809 -0.009319140593 0.999999999962
  0.96446195   1.68888476 103.00000000  0.000000000000 0.009811196907 -0.009811196907 0.999999999962
  0.96446195   1.68888476 103.31658291  1.663985848427 1.674324444049 -0.010338595622 0.999999999962
  0.96446195   1.68888476 102.00000000  3.266698271036 3.274758520846 -0.008060249809 0.999999999962
  0.96446195   1.68888476 101.90954774  4.205208614469 4.213115924132 -0.007907309664 0.999999999962
  0.96446195   1.68888476 104.02010050  9.961570426822 9.971531256867 -0.009960830045 0.999999999962
  0.96446195   1.68888476 101.20603015  15.179897665977 15.185908173598 -0.006010507620 0.999999999962
  0.96446195   1.68888476 101.00000000  19.633084997535 19.638271973664 -0.005186976129 0.999999999961
  0.96446195   1.68888476 104.72361809  24.546221643686 24.555612748483 -0.009391104797 0.999999999961
  0.96446195   1.68888476 105.00000000  31.981675624847 31.990313053536 -0.008637428689 0.999999999961
  0.96446195   1.68888476 100.50251256  32.715738162398 32.719201493749 -0.003463331350 0.999999999961
  0.96446195   1.68888476 100.50000000  32.790427103639 32.793659814797 -0.003232711159 0.999999999961
  0.96446195   1.68888476 105.42713568  45.350598186255 45.358632985775 -0.008034799521 0.999999999960
  0.96446195   1.68888476 100.00000000  49.296537935734 49.297812536088 -0.001274600354 0.999999999960
  0.96446195   1.68888476  99.79899497  56.881433576345 56.881968370258 -0.000534793913 0.999999999960
  0.96446195   1.68888476 106.13065327  72.307322829962 72.312779990418 -0.005457160456 0.999999999959
  0.96446195   1.68888476  99.09547739  87.745823070407 87.743416085237 0.002406985170 0.999999999958
  0.96446195   1.68888476 106.83417085  105.347518503666 105.350321904449 -0.002803400783 0.999999999957
  0.96446195   1.68888476 107.00000000  114.013936936855 114.016367167494 -0.002430230639 0.999999999957
  0.96446195   1.68888476  98.39195980  125.378684669733 125.372977557522 0.005707112211 0.999999999956
  0.96446195   1.68888476 107.53768844  144.403839707375 144.403560572453 0.000279134921 0.999999999955
  0.96446195   1.68888476  98.00000000  149.306452587247 149.299600659718 0.006851927529 0.999999999955
  0.96446195   1.68888476  98.00000000  149.306452587247 149.299600659718 0.006851927529 0.999999999955
  0.96446195   1.68888476  97.68844221  169.848406344652 169.840288729486 0.008117615166 0.999999999954
  0.96446195   1.68888476 108.24120603  189.407840773463 189.404776191684 0.003064581780 0.999999999953
  0.96446195   1.68888476  96.98492462  221.225282266736 221.215161450101 0.010120816635 0.999999999951
  0.96446195   1.68888476 108.94472362  240.292566254735 240.286173369204 0.006392885531 0.999999999950
  0.96446195   1.68888476  96.28140704  279.579227849841 279.567545004694 0.011682845147 0.999999999947
  0.96446195   1.68888476 109.64824121  296.988501623273 296.979822706516 0.008678916757 0.999999999946
  0.96446195   1.68888476  95.57788945  344.979832559824 344.967484467856 0.012348091968 0.999999999943
  0.96446195   1.68888476  95.50000000  352.657039135695 352.644549844347 0.012489291348 0.999999999942
  0.96446195   1.68888476 110.35175879  359.428436964750 359.417600571484 0.010836393267 0.999999999942
  0.96446195   1.68888476 110.50000000  373.311464548111 373.300417300804 0.011047247307 0.999999999941
  0.96446195   1.68888476  94.87437186  417.497160539031 417.485063556601 0.012096982430 0.999999999938
  0.96446195   1.68888476 111.05527638  427.542566180229 427.531133030395 0.011433149834 0.999999999937
  0.96446195   1.68888476  94.17085427  497.201515942812 497.190349519403 0.011166423409 0.999999999932
  0.96446195   1.68888476 111.75879397  501.263203471899 501.251731285016 0.011472186884 0.999999999931
  0.96446195   1.68888476 112.46231156  580.520383909345 580.510337165911 0.010046743434 0.999999999924
  0.96446195   1.68888476  93.46733668  584.162599295378 584.153329014142 0.009270281235 0.999999999924
  0.96446195   1.68888476  93.00000000  645.975271135569 645.967799262130 0.007471873438 0.999999999918
  0.96446195   1.68888476 113.16582915  665.245231047273 665.237466284686 0.007764762586 0.999999999916
  0.96446195   1.68888476  92.76381910  678.450231745839 678.443839687125 0.006392058714 0.999999999915
  0.96446195   1.68888476 113.86934673  755.366753563285 755.363153307620 0.003600255665 0.999999999907
  0.96446195   1.68888476  92.06030151  780.134277820587 780.131506427774 0.002771392813 0.999999999904
  0.96446195   1.68888476 114.57286432  850.815254077315 850.816906852640 -0.001652775324 0.999999999895
  0.96446195   1.68888476  91.35678392  889.284944251180 889.285663603199 -0.000719352020 0.999999999890
  0.96446195   1.68888476  90.65326633  1005.970646157861 1005.975291888701 -0.004645730840 0.999999999874
  0.96446195   1.68888476  89.94974874  1130.259684473276 1130.268951798754 -0.009267325478 0.999999999854
  0.96446195   1.68888476  89.24623116  1262.221706897020 1262.234721871852 -0.013014974832 0.999999999828
  0.96446195   1.68888476  88.54271357  1401.924022585154 1401.940153830916 -0.016131245762 0.999999999797
  0.96446195   1.68888476 118.79396985  1531.353751808405 1531.403365597176 -0.049613788771 0.999999999763
  0.96446195   1.68888476  87.83919598  1549.434340253472 1549.452218504997 -0.017878251525 0.999999999758
  0.96446195   1.68888476 119.49748744  1662.070076122880 1662.126356657149 -0.056280534269 0.999999999723
  0.96446195   1.68888476  87.13567839  1704.817805841565 1704.837282246999 -0.019476405434 0.999999999708
  0.96446195   1.68888476 120.20100503  1797.527725070715 1797.589557350468 -0.061832279753 0.999999999674
  0.96446195   1.68888476 120.50000000  1856.514448791742 1856.578010754033 -0.063561962291 0.999999999650
  0.96446195   1.68888476  86.43216080  1868.142156228423 1868.161088208274 -0.018931979851 0.999999999645
  0.96446195   1.68888476 120.90452261  1937.651029929519 1937.716037684902 -0.065007755383 0.999999999614
  0.96446195   1.68888476  85.72864322  2039.471346557140 2039.488753200284 -0.017406643143 0.999999999564
  0.96446195   1.68888476 121.60804020  2082.362334862351 2082.428030596781 -0.065695734429 0.999999999541
  0.96446195   1.68888476  85.50000000  2096.888082191348 2096.904358952605 -0.016276761257 0.999999999533
  0.96446195   1.68888476  85.02512563  2218.870579734445 2218.884795281771 -0.014215547327 0.999999999459
  0.96446195   1.68888476 122.31155779  2231.583896473050 2231.646899974962 -0.063003501912 0.999999999451
  0.96446195   1.68888476 123.00000000  2381.898352429271 2381.954842758946 -0.056490329675 0.999999999343
  0.96446195   1.68888476 123.01507538  2385.236549824476 2385.293127592507 -0.056577768031 0.999999999340
  0.96446195   1.68888476  84.32160804  2406.403387978673 2406.413157276704 -0.009769298031 0.999999999323
  0.96446195   1.68888476 123.71859296  2543.239742547274 2543.286285891161 -0.046543343887 0.999999999202
  0.96446195   1.68888476  83.61809045  2602.133717939258 2602.137276804994 -0.003558865736 0.999999999144
  0.96446195   1.68888476 124.42211055  2705.512292549014 2705.545020917382 -0.032728368368 0.999999999031
  0.96446195   1.68888476  83.00000000  2780.910429030657 2780.908181317354 0.002247713302 0.999999998939
  0.96446195   1.68888476  82.91457286  2806.122905805707 2806.120168291948 0.002737513759 0.999999998906
  0.96446195   1.68888476 125.12562814  2871.972491815686 2871.987008451900 -0.014516636214 0.999999998816
  0.96446195   1.68888476 125.50000000  2962.231014654040 2962.234637335615 -0.003622681575 0.999999998681
  0.96446195   1.68888476  82.21105528  3018.433438032866 3018.424529760782 0.008908272083 0.999999998589
  0.96446195   1.68888476 125.82914573  3042.535755336285 3042.528927078722 0.006828257563 0.999999998547
  0.96446195   1.68888476 126.53266332  3217.118509843946 3217.086413484426 0.032096359519 0.999999998209
  0.96446195   1.68888476  81.50753769  3239.127771601081 3239.112891629056 0.014879972025 0.999999998161
  0.96446195   1.68888476 127.23618090  3395.633953049779 3395.574009626531 0.059943423248 0.999999997781
  0.96446195   1.68888476  80.80402010  3468.267167076468 3468.247762927058 0.019404149410 0.999999997579
  0.96446195   1.68888476  80.50000000  3569.916563406587 3569.896207882492 0.020355524094 0.999999997265
  0.96446195   1.68888476 127.93969849  3577.994423806667 3577.905113783764 0.089310022903 0.999999997238
  0.96446195   1.68888476 128.00000000  3593.801558822393 3593.709503579272 0.092055243122 0.999999997185
  0.96446195   1.68888476  80.10050251  3705.912578210235 3705.891835958569 0.020742251666 0.999999996780
  0.96446195   1.68888476 128.64321608  3764.111731216311 3763.991896250270 0.119834966041 0.999999996547
  0.96446195   1.68888476  79.39698492  3952.127140179276 3952.108204766434 0.018935412842 0.999999995673
  0.96446195   1.68888476 129.34673367  3953.896143645048 3953.745229466165 0.150914178883 0.999999995664
  0.96446195   1.68888476 130.05025126  4147.253904730082 4147.074593814984 0.179310915098 0.999999994532
  0.96446195   1.68888476  78.69346734  4206.972591966391 4206.960611548719 0.011980417672 0.999999994125
  0.96446195   1.68888476 130.75376884  4344.093964263797 4343.887970656350 0.205993607447 0.999999993075
  0.96446195   1.68888476  78.00000000  4466.686506912112 4466.687129779044 -0.000622866932 0.999999991977
  0.96446195   1.68888476  77.98994975  4470.512943416834 4470.513739615903 -0.000796199070 0.999999991940
  0.96446195   1.68888476 131.45728643  4544.319408729672 4544.091736390542 0.227672339131 0.999999991194
  0.96446195   1.68888476  77.28643216  4742.812645703554 4742.833497397127 -0.020851693573 0.999999988825
  0.96446195   1.68888476 132.16080402  4747.834292933345 4747.590515048926 0.243777884419 0.999999988758
  0.96446195   1.68888476 132.86432161  4954.538345694542 4954.287045128125 0.251300566417 0.999999985593
  0.96446195   1.68888476 133.00000000  4994.761560842395 4994.509456557410 0.252104284985 0.999999984881
  0.96446195   1.68888476  76.58291457  5023.938074752688 5023.987364658775 -0.049289906086 0.999999984342
  0.96446195   1.68888476 133.56783920  5164.332592234015 5164.082018773981 0.250573460035 0.999999981469
  0.96446195   1.68888476  75.87939698  5313.959647089243 5314.044745173927 -0.085098084684 0.999999977824
  0.96446195   1.68888476 134.27135678  5377.113220214844 5376.873907112185 0.239313102658 0.999999976078
  0.96446195   1.68888476 134.97487437  5592.775278419256 5592.558787551197 0.216490868059 0.999999969012
  0.96446195   1.68888476  75.17587940  5612.948180601001 5613.077340820932 -0.129160219932 0.999999968253
  0.96446195   1.68888476 135.67839196  5811.211460769176 5811.030128163818 0.181332605359 0.999999959725
  0.96446195   1.68888476  74.47236181  5920.978375151753 5921.159566645363 -0.181191493610 0.999999954055
  0.96446195   1.68888476 136.38190955  6032.312216132879 6032.178590457183 0.133625675696 0.999999947488
  0.96446195   1.68888476  73.76884422  6238.130667790771 6238.368939676055 -0.238271885284 0.999999932777
  0.96446195   1.68888476 137.08542714  6255.965855076909 6255.891806297680 0.074048779229 0.999999931322
  0.96446195   1.68888476 137.78894472  6482.056825667620 6482.054145085986 0.002680581633 0.999999909917
  0.96446195   1.68888476 138.00000000  6550.342136159539 6550.362714860683 -0.020578701144 0.999999902224
  0.96446195   1.68888476  73.06532663  6564.488489553332 6564.786522900241 -0.298033346909 0.999999900550
  0.96446195   1.68888476  73.00000000  6595.263622716069 6595.566924251364 -0.303301535295 0.999999896809
  0.96446195   1.68888476 138.49246231  6710.468184068799 6710.546489020823 -0.078304952024 0.999999881510
  0.96446195   1.68888476  72.36180905  6900.142702803016 6900.497352063412 -0.354649260396 0.999999851225
  0.96446195   1.68888476 139.19597990  6941.079923927784 6941.245969841550 -0.166045913766 0.999999843734
  0.96446195   1.68888476 139.89949749  7173.768475711346 7174.025733261534 -0.257257550188 0.999999793399
  0.96446195   1.68888476  71.65829146  7245.188781753182 7245.590894929592 -0.402113176409 0.999999774912
  0.96446195   1.68888476 140.60301508  7408.407168179750 7408.754685057168 -0.347516877418 0.999999726212
  0.96446195   1.68888476  70.95477387  7599.731612056494 7600.161461972953 -0.429849916459 0.999999655552
  0.96446195   1.68888476 141.30653266  7644.867087468505 7645.297236948239 -0.430149479734 0.999999636381
  0.96446195   1.68888476 142.01005025  7883.014639958739 7883.513071751117 -0.498431792378 0.999999516098
  0.96446195   1.68888476  70.25125628  7963.884064480662 7964.308658593310 -0.424594112647 0.999999466784
  0.96446195   1.68888476 142.71356784  8122.713560044765 8123.256879904922 -0.543319860157 0.999999354825
  0.96446195   1.68888476 143.00000000  8220.717780396342 8221.270138384065 -0.552357987723 0.999999274308
  0.96446195   1.68888476  69.54773869  8337.769662782550 8338.137801896330 -0.368139113780 0.999999164869
  0.96446195   1.68888476 143.41708543  8363.824083015323 8364.378137353404 -0.554054338081 0.999999138346
  0.96446195   1.68888476 144.12060302  8606.201622128487 8606.720877235644 -0.519255107158 0.999998847480
  0.96446195   1.68888476  68.84422111  8721.523277223110 8721.760318823041 -0.237041599930 0.999998676425
  0.96446195   1.68888476 144.82412060  8849.697942689061 8850.123474953431 -0.425532264369 0.999998456356
  0.96446195   1.68888476 145.52763819  9094.160760402679 9094.418467013540 -0.257706610861 0.999997930099
  0.96446195   1.68888476  68.14070352  9115.293615534902 9115.294147559476 -0.000532024575 0.999997876936
  0.96446195   1.68888476  68.00000000  9195.263657987118 9195.201126952839 0.062531034278 0.999997663103
  0.96446195   1.68888476 146.23115578  9339.433338925242 9339.432354690480 0.000984234763 0.999997221733
  0.96446195   1.68888476  67.43718593  9519.244884744287 9518.864053467914 0.380831276372 0.999996552668
  0.96446195   1.68888476 146.93467337  9585.354294955730 9584.985464693884 0.368830261847 0.999996268048
  0.96446195   1.68888476 147.63819095  9831.757534936070 9830.891814417486 0.865720518585 0.999994984094
  0.96446195   1.68888476  66.73366834  9933.558362305164 9932.601961761629 0.956400543535 0.999994332351
  0.96446195   1.68888476 148.00000000  9958.611480444670 9957.432961247177 1.178519197492 0.999994159374
