       200 <= number of iterations in the fit
  0.000010 <= The fit is over if the stability is reached 
  1.000000 <= Scale factor 
  0.001000 <= stdev parameter out 
         2 <= watson robust on (1) or of (0) 
0     ************ potential energy expansion coefficients (cm-1) ************


  RE12       =           0.964  RE32       =           1.689  alphae     =         102.800
  AA1        =           1.489  AA3        =           1.900  G1         =          15.000
  G2         =          10.000  B1         =           0.000  B2         =           0.000
  V0         =         414.804  f001       =           0.000  f010       =           0.000
  f100       =           0.000  f002       =     1154074.203  f011       =           0.000
  f020       =           0.000  f101       =           0.000  f110       =           0.000
  f200       =           0.000  f003       =    14474558.430  f012       =           0.000
  f021       =           0.000  f030       =           0.000  f102       =           0.000
  f111       =           0.000  f120       =           0.000  f201       =           0.000
  f210       =           0.000  f300       =           0.000  f004       =    85624287.242
  f013       =           0.000  f022       =           0.000  f031       =           0.000
  f040       =           0.000  f103       =           0.000  f112       =           0.000
  f121       =           0.000  f130       =           0.000  f202       =           0.000
  f211       =           0.000  f220       =           0.000  f301       =           0.000
  f310       =           0.000  f400       =           0.000  f005       =   242938553.575
  f014       =           0.000  f023       =           0.000  f032       =           0.000
  f041       =           0.000  f050       =           0.000  f104       =           0.000
  f113       =           0.000  f122       =           0.000  f131       =           0.000
  f140       =           0.000  f203       =           0.000  f212       =           0.000
  f221       =           0.000  f230       =           0.000  f302       =           0.000
  f311       =           0.000  f320       =           0.000  f401       =           0.000
  f410       =           0.000  f500       =           0.000  f006       =   266324106.463
  f015       =           0.000  f024       =           0.000  f033       =           0.000
  f042       =           0.000  f051       =           0.000  f060       =           0.000
  f105       =           0.000  f114       =           0.000  f123       =           0.000
  f132       =           0.000  f141       =           0.000  f150       =           0.000
  f204       =           0.000  f213       =           0.000  f222       =           0.000
  f231       =           0.000  f240       =           0.000  f303       =           0.000
  f312       =           0.000  f321       =           0.000  f330       =           0.000
  f402       =           0.000  f411       =           0.000  f420       =           0.000
  f501       =           0.000  f510       =           0.000  f600       =           0.000
  f007       =           0.000  f016       =           0.000  f025       =           0.000
  f034       =           0.000  f043       =           0.000  f052       =           0.000
  f061       =           0.000  f070       =           0.000  f106       =           0.000
  f115       =           0.000  f124       =           0.000  f133       =           0.000
  f142       =           0.000  f151       =           0.000  f160       =           0.000
  f205       =           0.000  f214       =           0.000  f223       =           0.000
  f232       =           0.000  f241       =           0.000  f250       =           0.000
  f304       =           0.000  f313       =           0.000  f322       =           0.000
  f331       =           0.000  f340       =           0.000  f403       =           0.000
  f412       =           0.000  f421       =           0.000  f430       =           0.000
  f502       =           0.000  f511       =           0.000  f520       =           0.000
  f601       =           0.000  f610       =           0.000  f700       =           0.000
  f008       =           0.000  f017       =           0.000  f026       =           0.000
  f035       =           0.000  f044       =           0.000  f053       =           0.000
  f062       =           0.000  f071       =           0.000  f080       =           0.000
  f107       =           0.000  f116       =           0.000  f125       =           0.000
  f134       =           0.000  f143       =           0.000  f152       =           0.000
  f161       =           0.000  f170       =           0.000  f206       =           0.000
  f215       =           0.000  f224       =           0.000  f233       =           0.000
  f242       =           0.000  f251       =           0.000  f260       =           0.000
  f305       =           0.000  f314       =           0.000  f323       =           0.000
  f332       =           0.000  f341       =           0.000  f350       =           0.000
  f404       =           0.000  f413       =           0.000  f422       =           0.000
  f431       =           0.000  f440       =           0.000  f503       =           0.000
  f512       =           0.000  f521       =           0.000  f530       =           0.000
  f602       =           0.000  f611       =           0.000  f620       =           0.000
  f701       =           0.000  f710       =           0.000  f800       =           0.000
  f009       =           0.000  f018       =           0.000  f027       =           0.000
  f036       =           0.000  f045       =           0.000  f054       =           0.000
  f063       =           0.000  f072       =           0.000  f081       =           0.000
  f090       =           0.000  f108       =           0.000  f117       =           0.000
  f126       =           0.000  f135       =           0.000  f144       =           0.000
  f153       =           0.000  f162       =           0.000  f171       =           0.000
  f180       =           0.000  f207       =           0.000  f216       =           0.000
  f225       =           0.000  f234       =           0.000  f243       =           0.000
  f252       =           0.000  f261       =           0.000  f270       =           0.000
  f306       =           0.000  f315       =           0.000  f324       =           0.000
  f333       =           0.000  f342       =           0.000  f351       =           0.000
  f360       =           0.000  f405       =           0.000  f414       =           0.000
  f423       =           0.000  f432       =           0.000  f441       =           0.000
  f450       =           0.000  f504       =           0.000  f513       =           0.000
  f522       =           0.000  f531       =           0.000  f540       =           0.000
  f603       =           0.000  f612       =           0.000  f621       =           0.000
  f630       =           0.000  f702       =           0.000  f711       =           0.000
  f720       =           0.000  f801       =           0.000  f810       =           0.000
  f900       =           0.000  f0010      =           0.000  f019       =           0.000
  f028       =           0.000  f037       =           0.000  f046       =           0.000
  f055       =           0.000  f064       =           0.000  f073       =           0.000
  f082       =           0.000  f091       =           0.000  f0100      =           0.000
  f109       =           0.000  f118       =           0.000  f127       =           0.000
  f136       =           0.000  f145       =           0.000  f154       =           0.000
  f163       =           0.000  f172       =           0.000  f181       =           0.000
  f190       =           0.000  f208       =           0.000  f217       =           0.000
  f226       =           0.000  f235       =           0.000  f244       =           0.000
  f253       =           0.000  f262       =           0.000  f271       =           0.000
  f280       =           0.000  f307       =           0.000  f316       =           0.000
  f325       =           0.000  f334       =           0.000  f343       =           0.000
  f352       =           0.000  f361       =           0.000  f370       =           0.000
  f406       =           0.000  f415       =           0.000  f424       =           0.000
  f433       =           0.000  f442       =           0.000  f451       =           0.000
  f460       =           0.000  f505       =           0.000  f514       =           0.000
  f523       =           0.000  f532       =           0.000  f541       =           0.000
  f550       =           0.000  f604       =           0.000  f613       =           0.000
  f622       =           0.000  f631       =           0.000  f640       =           0.000
  f703       =           0.000  f712       =           0.000  f721       =           0.000
  f730       =           0.000  f802       =           0.000  f811       =           0.000
  f820       =           0.000  f901       =           0.000  f910       =           0.000
  f1000      =           0.000  f0011      =           0.000  f0110      =           0.000
  f029       =           0.000  f038       =           0.000  f047       =           0.000
  f056       =           0.000  f065       =           0.000  f074       =           0.000
  f083       =           0.000  f092       =           0.000  f0101      =           0.000
  f0110      =           0.000  f1010      =           0.000  f119       =           0.000
  f128       =           0.000  f137       =           0.000  f146       =           0.000
  f155       =           0.000  f164       =           0.000  f173       =           0.000
  f182       =           0.000  f191       =           0.000  f1100      =           0.000
  f209       =           0.000  f218       =           0.000  f227       =           0.000
  f236       =           0.000  f245       =           0.000  f254       =           0.000
  f263       =           0.000  f272       =           0.000  f281       =           0.000
  f290       =           0.000  f308       =           0.000  f317       =           0.000
  f326       =           0.000  f335       =           0.000  f344       =           0.000
  f353       =           0.000  f362       =           0.000  f371       =           0.000
  f380       =           0.000  f407       =           0.000  f416       =           0.000
  f425       =           0.000  f434       =           0.000  f443       =           0.000
  f452       =           0.000  f461       =           0.000  f470       =           0.000
  f506       =           0.000  f515       =           0.000  f524       =           0.000
  f533       =           0.000  f542       =           0.000  f551       =           0.000
  f560       =           0.000  f605       =           0.000  f614       =           0.000
  f623       =           0.000  f632       =           0.000  f641       =           0.000
  f650       =           0.000  f704       =           0.000  f713       =           0.000
  f722       =           0.000  f731       =           0.000  f740       =           0.000
  f803       =           0.000  f812       =           0.000  f821       =           0.000
  f830       =           0.000  f902       =           0.000  f911       =           0.000
  f920       =           0.000  f1001      =           0.000  f1010      =           0.000
  f1100      =           0.000  f0012      =           0.000  f0111      =           0.000
  f0210      =           0.000  f039       =           0.000  f048       =           0.000
  f057       =           0.000  f066       =           0.000  f075       =           0.000
  f084       =           0.000  f093       =           0.000  f0102      =           0.000
  f0111      =           0.000  f0120      =           0.000  f1011      =           0.000
  f1110      =           0.000  f129       =           0.000  f138       =           0.000
  f147       =           0.000  f156       =           0.000  f165       =           0.000
  f174       =           0.000  f183       =           0.000  f192       =           0.000
  f1101      =           0.000  f1110      =           0.000  f2010      =           0.000
  f219       =           0.000  f228       =           0.000  f237       =           0.000
  f246       =           0.000  f255       =           0.000  f264       =           0.000
  f273       =           0.000  f282       =           0.000  f291       =           0.000
  f2100      =           0.000  f309       =           0.000  f318       =           0.000
  f327       =           0.000  f336       =           0.000  f345       =           0.000
  f354       =           0.000  f363       =           0.000  f372       =           0.000
  f381       =           0.000  f390       =           0.000  f408       =           0.000
  f417       =           0.000  f426       =           0.000  f435       =           0.000
  f444       =           0.000  f453       =           0.000  f462       =           0.000
  f471       =           0.000  f480       =           0.000  f507       =           0.000
  f516       =           0.000  f525       =           0.000  f534       =           0.000
  f543       =           0.000  f552       =           0.000  f561       =           0.000
  f570       =           0.000  f606       =           0.000  f615       =           0.000
  f624       =           0.000  f633       =           0.000  f642       =           0.000
  f651       =           0.000  f660       =           0.000  f705       =           0.000
  f714       =           0.000  f723       =           0.000  f732       =           0.000
  f741       =           0.000  f750       =           0.000  f804       =           0.000
  f813       =           0.000  f822       =           0.000  f831       =           0.000
  f840       =           0.000  f903       =           0.000  f912       =           0.000
  f921       =           0.000  f930       =           0.000  f1002      =           0.000
  f1011      =           0.000  f1020      =           0.000  f1101      =           0.000
  f1110      =           0.000  f1200      =           0.000  

   -----------------------------------------------------------
   |   iter | points |   deviat    |    rms      | stability |
   -----------------------------------------------------------
   |    2   |   138  |   0.25132E+00 |  0.20655E+04  |   0.373E+04 |
   |    3   |   138  |   0.59497E+01 |  0.18056E+05  |   0.439E+02 |
   |    4   |   138  |   0.57193E+01 |  0.24693E+04  |   0.895E+00 |
   |    5   |   138  |   0.45599E+01 |  0.16358E+05  |   0.919E+00 |
   |    6   |   138  |   0.10077E+02 |  0.43565E+04  |   0.876E+01 |
   |    7   |   138  |   0.42719E+01 |  0.15999E+05  |   0.710E+00 |
   |    8   |   138  |   0.68033E+01 |  0.53883E+04  |   0.268E+00 |
   |    9   |   138  |   0.53336E+01 |  0.16650E+05  |   0.462E+00 |
   |   10   |   138  |   0.31262E+01 |  0.52596E+04  |   0.132E+01 |
   |   11   |   138  |   0.33879E+01 |  0.16267E+05  |   0.649E+00 |
   |   12   |   138  |   0.33915E+01 |  0.51781E+04  |   0.143E+01 |
   |   13   |   138  |   0.31474E+01 |  0.15813E+05  |   0.527E+00 |
   |   14   |   138  |   0.43679E+01 |  0.51034E+04  |   0.125E+01 |
   |   15   |   138  |   0.29391E+01 |  0.17674E+05  |   0.382E+00 |
   |   16   |   138  |   0.48951E+01 |  0.52841E+04  |   0.171E+00 |
   |   17   |   138  |   0.17864E+01 |  0.26357E+05  |   0.592E-01 |
   |   18   |   138  |   0.46788E+01 |  0.64305E+04  |   0.228E+00 |
   |   19   |   138  |   0.10982E+01 |  0.27627E+05  |   0.314E+00 |
   |   20   |   138  |   0.39468E+01 |  0.69960E+04  |   0.596E+00 |
   |   21   |   138  |   0.16334E+01 |  0.37983E+05  |   0.108E+01 |
   |   22   |   138  |   0.47036E+01 |  0.81257E+04  |   0.104E+00 |
   |   23   |   138  |   0.55547E+00 |  0.41036E+05  |   0.462E+00 |
   |   24   |   138  |   0.19261E+01 |  0.84026E+04  |   0.644E+00 |
   |   25   |   138  |   0.24232E+01 |  0.49415E+05  |   0.134E+01 |
   |   26   |   138  |   0.39801E+01 |  0.93178E+04  |   0.181E+00 |
   |   27   |   138  |   0.31450E+00 |  0.51578E+05  |   0.520E+00 |
   |   28   |   138  |   0.53404E+00 |  0.96192E+04  |   0.921E-01 |
   |   29   |   138  |   0.19092E+01 |  0.67319E+05  |   0.189E+02 |
   |   30   |   138  |   0.32143E+01 |  0.11097E+05  |   0.890E+00 |
   |   31   |   138  |   0.52252E-01 |  0.72626E+05  |   0.526E+00 |
   |   32   |   138  |   0.14431E+01 |  0.11426E+05  |   0.138E+02 |
   |   33   |   138  |   0.14217E+01 |  0.77638E+05  |   0.908E+00 |
   |   34   |   138  |   0.30011E+01 |  0.11673E+05  |   0.367E+00 |
   |   35   |   138  |   0.22889E+01 |  0.76795E+05  |   0.505E+00 |
   |   36   |   138  |   0.77145E+00 |  0.11644E+05  |   0.247E+00 |
   |   37   |   138  |   0.10287E+01 |  0.84180E+05  |   0.279E+00 |
   |   38   |   138  |   0.30697E+01 |  0.12124E+05  |   0.109E+01 |
   |   39   |   138  |   0.27675E+01 |  0.84757E+05  |   0.409E+00 |
   |   40   |   138  |   0.64145E+00 |  0.12234E+05  |   0.496E+00 |
   |   41   |   138  |   0.60973E+00 |  0.97476E+05  |   0.908E+01 |
   |   42   |   138  |   0.31424E+01 |  0.13046E+05  |   0.375E+00 |
   |   43   |   138  |   0.30677E+01 |  0.95979E+05  |   0.695E+00 |
   |   44   |   138  |   0.42603E+00 |  0.13040E+05  |   0.361E+00 |
   |   45   |   138  |   0.84688E+00 |  0.10198E+06  |   0.106E+02 |
   |   46   |   138  |   0.32343E+01 |  0.13348E+05  |   0.688E+00 |
   |   47   |   138  |   0.31338E+01 |  0.98163E+05  |   0.607E+00 |
   |   48   |   138  |   0.26683E+00 |  0.13207E+05  |   0.306E+00 |
   |   49   |   138  |   0.86157E+00 |  0.10352E+06  |   0.171E+02 |
   |   50   |   138  |   0.33027E+01 |  0.13431E+05  |   0.792E+00 |
   |   51   |   138  |   0.31132E+01 |  0.99613E+05  |   0.639E+00 |
   |   52   |   138  |   0.11666E+00 |  0.13282E+05  |   0.271E+00 |
   |   53   |   138  |   0.89378E+00 |  0.10683E+06  |   0.371E+02 |
   |   54   |   138  |   0.33616E+01 |  0.13668E+05  |   0.906E+00 |
   |   55   |   138  |   0.31947E+01 |  0.10424E+06  |   0.757E+00 |
   |   56   |   138  |   0.35864E-01 |  0.13640E+05  |   0.166E+00 |
   |   57   |   138  |   0.91350E+00 |  0.11407E+06  |   0.162E+02 |
   |   58   |   138  |   0.33957E+01 |  0.14215E+05  |   0.785E+00 |
   |   59   |   138  |   0.32996E+01 |  0.11513E+06  |   0.655E+00 |
   |   60   |   138  |   0.43627E-01 |  0.14445E+05  |   0.200E+00 |
   |   61   |   138  |   0.11725E+01 |  0.12663E+06  |   0.789E+02 |
   |   62   |   138  |   0.34299E+01 |  0.15175E+05  |   0.971E+00 |
   |   63   |   138  |   0.33794E+01 |  0.13267E+06  |   0.649E+00 |
   |   64   |   138  |   0.32262E+00 |  0.16129E+05  |   0.519E+00 |
   |   65   |   138  |   0.20545E+01 |  0.12300E+06  |   0.647E+01 |
   |   66   |   138  |   0.33770E+01 |  0.15055E+05  |   0.811E+00 |
   |   67   |   138  |   0.25499E+01 |  0.12770E+06  |   0.453E+00 |
   |   68   |   138  |   0.71836E-01 |  0.15755E+05  |   0.438E+00 |
   |   69   |   138  |   0.20215E+00 |  0.13284E+06  |   0.124E+02 |
   |   70   |   138  |   0.35618E+01 |  0.15976E+05  |   0.368E-01 |
   |   71   |   138  |   0.10264E+01 |  0.12715E+06  |   0.955E+00 |
   |   72   |   138  |   0.22349E+00 |  0.15664E+05  |   0.212E+01 |
   |   73   |   138  |   0.27769E+01 |  0.13704E+06  |   0.648E+01 |
   |   74   |   138  |   0.37158E+01 |  0.16070E+05  |   0.934E+00 |
   |   75   |   138  |   0.14043E+01 |  0.13991E+06  |   0.368E+00 |
   |   76   |   138  |   0.28310E+00 |  0.16502E+05  |   0.160E+01 |
   |   77   |   138  |   0.29260E+01 |  0.15394E+06  |   0.464E+01 |
   |   78   |   138  |   0.36591E+01 |  0.17319E+05  |   0.898E+00 |
   |   79   |   138  |   0.11114E+01 |  0.15588E+06  |   0.634E+00 |
   |   80   |   138  |   0.10928E+00 |  0.17825E+05  |   0.412E+01 |
   |   81   |   138  |   0.29938E+01 |  0.17603E+06  |   0.620E+01 |
   |   82   |   138  |   0.33819E+01 |  0.19041E+05  |   0.945E+00 |
   |   83   |   138  |   0.17296E+01 |  0.17130E+06  |   0.513E+00 |
   |   84   |   138  |   0.66388E+00 |  0.18879E+05  |   0.295E+01 |
   |   85   |   138  |   0.17092E+01 |  0.17978E+06  |   0.670E+00 |
   |   86   |   138  |   0.27093E+01 |  0.19072E+05  |   0.262E+01 |
   |   87   |   138  |   0.63491E+00 |  0.17604E+06  |   0.823E+00 |
   |   88   |   138  |   0.22205E+01 |  0.19178E+05  |   0.808E+01 |
   |   89   |   138  |   0.22907E+01 |  0.19526E+06  |   0.930E+00 |
   |   90   |   138  |   0.16439E+01 |  0.20325E+05  |   0.340E+00 |
   |   91   |   138  |   0.11271E+01 |  0.18352E+06  |   0.317E+01 |
   |   92   |   138  |   0.33683E+01 |  0.19795E+05  |   0.916E+00 |
   |   93   |   138  |   0.63099E+00 |  0.19049E+06  |   0.848E+00 |
   |   94   |   138  |   0.47879E+00 |  0.20448E+05  |   0.117E+02 |
   |   95   |   138  |   0.25183E+01 |  0.18463E+06  |   0.256E+00 |
   |   96   |   138  |   0.33410E+01 |  0.19747E+05  |   0.748E+00 |
   |   97   |   138  |   0.10916E+01 |  0.19546E+06  |   0.734E+00 |
   |   98   |   138  |   0.18990E+00 |  0.20758E+05  |   0.596E+01 |
   |   99   |   138  |   0.10389E+01 |  0.17514E+06  |   0.578E+01 |
   |  100   |   138  |   0.36115E+01 |  0.19125E+05  |   0.703E+00 |
   |  101   |   138  |   0.23260E+01 |  0.19250E+06  |   0.946E+00 |
   |  102   |   138  |   0.29597E+00 |  0.20557E+05  |   0.348E+01 |
   |  103   |   138  |   0.13272E+01 |  0.18514E+06  |   0.628E+01 |
   |  104   |   138  |   0.33080E+01 |  0.19767E+05  |   0.675E+00 |
   |  105   |   138  |   0.51610E+00 |  0.18920E+06  |   0.918E+00 |
   |  106   |   138  |   0.51329E+00 |  0.20325E+05  |   0.328E+02 |
   |  107   |   138  |   0.12245E+01 |  0.18645E+06  |   0.553E+00 |
   |  108   |   138  |   0.37294E+01 |  0.20140E+05  |   0.922E-01 |
   |  109   |   138  |   0.20759E+01 |  0.18770E+06  |   0.891E+00 |
   |  110   |   138  |   0.46712E+00 |  0.20199E+05  |   0.449E+01 |
   |  111   |   138  |   0.13985E+01 |  0.18976E+06  |   0.711E+00 |
   |  112   |   138  |   0.31843E+01 |  0.20032E+05  |   0.935E-01 |
   |  113   |   138  |   0.12922E+01 |  0.18334E+06  |   0.766E+00 |
   |  114   |   138  |   0.71998E+00 |  0.19804E+05  |   0.191E+01 |
   |  115   |   138  |   0.26130E+01 |  0.19490E+06  |   0.352E+00 |
   |  116   |   138  |   0.41736E+01 |  0.20781E+05  |   0.417E+00 |
   |  117   |   138  |   0.13268E+01 |  0.18086E+06  |   0.631E+00 |
   |  118   |   138  |   0.74610E+00 |  0.19840E+05  |   0.283E+01 |
   |  119   |   138  |   0.21759E+01 |  0.19195E+06  |   0.282E+00 |
   |  120   |   138  |   0.22270E+01 |  0.20056E+05  |   0.305E-01 |
   |  121   |   138  |   0.35469E+00 |  0.18369E+06  |   0.372E+00 |
   |  122   |   138  |   0.10222E+01 |  0.19602E+05  |   0.531E+01 |
   |  123   |   138  |   0.26261E+01 |  0.19209E+06  |   0.917E+00 |
   |  124   |   138  |   0.48127E+01 |  0.20557E+05  |   0.213E+00 |
   |  125   |   138  |   0.96323E+00 |  0.18691E+06  |   0.275E-02 |
   |  126   |   138  |   0.62223E+00 |  0.20564E+05  |   0.506E+01 |
   |  127   |   138  |   0.76765E+00 |  0.18574E+06  |   0.274E+00 |
   |  128   |   138  |   0.92122E+00 |  0.19144E+05  |   0.191E+01 |
   |  129   |   138  |   0.16804E+01 |  0.18874E+06  |   0.730E+00 |
   |  130   |   138  |   0.17487E+00 |  0.19549E+05  |   0.484E-01 |
   |  131   |   138  |   0.14284E+01 |  0.18905E+06  |   0.623E+01 |
   |  132   |   138  |   0.38551E+01 |  0.20242E+05  |   0.799E+00 |
   |  133   |   138  |   0.15765E+01 |  0.18558E+06  |   0.961E+00 |
   |  134   |   138  |   0.57244E-01 |  0.20111E+05  |   0.330E+02 |
   |  135   |   138  |   0.25978E+01 |  0.18928E+06  |   0.687E+01 |
   |  136   |   138  |   0.57600E+00 |  0.19394E+05  |   0.926E+00 |
   |  137   |   138  |   0.65764E+00 |  0.18738E+06  |   0.100E+01 |
   |  138   |   138  |   0.68256E-01 |  0.19440E+05  |   0.327E-02 |
   |  139   |   138  |   0.22524E+01 |  0.18977E+06  |   0.423E+01 |
   |  140   |   138  |   0.47122E+01 |  0.20222E+05  |   0.993E+00 |
   |  141   |   138  |   0.12344E+01 |  0.18863E+06  |   0.231E+01 |
   |  142   |   138  |   0.22792E+00 |  0.20454E+05  |   0.232E+01 |
   |  143   |   138  |   0.16509E+01 |  0.18385E+06  |   0.273E+01 |
   |  144   |   138  |   0.15401E+00 |  0.19087E+05  |   0.443E+00 |
   |  145   |   138  |   0.20014E+01 |  0.18859E+06  |   0.174E+01 |
   |  146   |   138  |   0.16313E+00 |  0.19664E+05  |   0.808E+00 |
   |  147   |   138  |   0.91364E-01 |  0.18729E+06  |   0.697E+01 |
   |  148   |   138  |   0.47837E+01 |  0.20176E+05  |   0.825E+00 |
   |  149   |   138  |   0.24698E+01 |  0.18875E+06  |   0.885E+00 |
   |  150   |   138  |   0.63308E-01 |  0.20589E+05  |   0.555E+01 |
   |  151   |   138  |   0.12881E+01 |  0.18918E+06  |   0.158E+02 |
   |  152   |   138  |   0.14393E+01 |  0.19187E+05  |   0.899E+00 |
   |  153   |   138  |   0.10630E+01 |  0.18372E+06  |   0.521E+00 |
   |  154   |   138  |   0.40428E+00 |  0.19148E+05  |   0.140E+01 |
   |  155   |   138  |   0.27554E+01 |  0.19127E+06  |   0.121E+00 |
   |  156   |   138  |   0.42868E+01 |  0.20306E+05  |   0.524E+00 |
   |  157   |   138  |   0.78840E+00 |  0.18526E+06  |   0.717E+00 |
   |  158   |   138  |   0.90165E-01 |  0.19988E+05  |   0.810E+00 |
   |  159   |   138  |   0.17960E+01 |  0.19255E+06  |   0.155E+03 |
   |  160   |   138  |   0.19329E+01 |  0.20034E+05  |   0.821E+00 |
   |  161   |   138  |   0.43875E+00 |  0.18065E+06  |   0.521E+00 |
   |  162   |   138  |   0.46937E+00 |  0.19227E+05  |   0.489E+01 |
   |  163   |   138  |   0.26383E+01 |  0.19201E+06  |   0.657E+00 |
   |  164   |   138  |   0.47981E+01 |  0.20422E+05  |   0.776E+00 |
   |  165   |   138  |   0.10587E+01 |  0.18618E+06  |   0.716E-01 |
   |  166   |   138  |   0.48298E+00 |  0.20348E+05  |   0.435E+01 |
   |  167   |   138  |   0.17017E+00 |  0.18765E+06  |   0.152E+00 |
   |  168   |   138  |   0.27407E+00 |  0.19353E+05  |   0.963E+01 |
   |  169   |   138  |   0.18165E+01 |  0.18858E+06  |   0.739E+00 |
   |  170   |   138  |   0.26008E+00 |  0.19567E+05  |   0.743E+00 |
   |  171   |   138  |   0.14806E+01 |  0.18853E+06  |   0.244E+01 |
   |  172   |   138  |   0.48524E+01 |  0.20221E+05  |   0.645E+00 |
   |  173   |   138  |   0.15311E+01 |  0.18843E+06  |   0.855E+00 |
   |  174   |   138  |   0.17927E+00 |  0.20748E+05  |   0.840E+01 |
   |  175   |   138  |   0.26357E+01 |  0.18468E+06  |   0.138E+01 |
   |  176   |   138  |   0.11950E+01 |  0.19051E+05  |   0.717E+00 |
   |  177   |   138  |   0.65419E+00 |  0.18853E+06  |   0.728E+00 |
   |  178   |   138  |   0.11539E+00 |  0.19511E+05  |   0.520E+01 |
   |  179   |   138  |   0.26884E+01 |  0.18722E+06  |   0.473E+01 |
   |  180   |   138  |   0.43778E+01 |  0.19966E+05  |   0.931E+00 |
   |  181   |   138  |   0.13423E+01 |  0.18877E+06  |   0.799E+00 |
   |  182   |   138  |   0.17122E+00 |  0.20357E+05  |   0.801E+01 |
   |  183   |   138  |   0.18012E+01 |  0.18533E+06  |   0.373E+01 |
   |  184   |   138  |   0.11762E+01 |  0.19382E+05  |   0.922E+00 |
   |  185   |   138  |   0.15188E+01 |  0.18747E+06  |   0.236E+00 |
   |  186   |   138  |   0.33049E+00 |  0.19769E+05  |   0.138E+01 |
   |  187   |   138  |   0.96208E+00 |  0.18811E+06  |   0.567E+00 |
   |  188   |   138  |   0.48785E+01 |  0.20403E+05  |   0.345E-01 |
   |  189   |   138  |   0.21923E+01 |  0.18821E+06  |   0.940E+00 |
   |  190   |   138  |   0.16126E-01 |  0.20600E+05  |   0.384E+01 |
   |  191   |   138  |   0.10443E+01 |  0.19259E+06  |   0.468E+02 |
   |  192   |   138  |   0.13971E+01 |  0.19467E+05  |   0.939E+00 |
   |  193   |   138  |   0.76061E-01 |  0.17897E+06  |   0.528E+00 |
   |  194   |   138  |   0.41033E+00 |  0.18770E+05  |   0.266E+02 |
   |  195   |   138  |   0.27113E+01 |  0.19254E+06  |   0.940E+00 |
   |  196   |   138  |   0.41873E+01 |  0.20277E+05  |   0.699E+00 |
   |  197   |   138  |   0.11381E+01 |  0.18585E+06  |   0.246E+00 |
   |  198   |   138  |   0.13053E+00 |  0.19989E+05  |   0.346E+01 |
   |  199   |   138  |   0.57329E+00 |  0.18802E+06  |   0.219E+01 |
   |  200   |   138  |   0.23200E+01 |  0.19757E+05  |   0.109E+00 |
   |  201   |   138  |   0.21846E+01 |  0.18851E+06  |   0.901E+00 |

Watson Alpha parameter  0.9000 fitted with rms2 =   1.0000
watson-param =         0.89999998


Potential parameters rounded in accord. with their standart errors

RE12          0              0.9644619500
RE32          0              1.6888847600
alphae        9                  103.1677(      57)
AA1           0              1.4885338714
AA3           0              1.9000000000
G1            0             15.0000000000
G2            0             10.0000000000
B1            0                      0.00
B2            0                      0.00
V0            9                     96.50(      18)
f001          0                      0.00
f010          0                      0.00
f100          0                      0.00
f002          9                3757520.22( 1603759)
f011          0                      0.00
f020          0                      0.00
f101          0                      0.00
f110          0                      0.00
f200          0                      0.00
f003          9             -129691238.98(********)
f012          0                      0.00
f021          0                      0.00
f030          0                      0.00
f102          0                      0.00
f111          0                      0.00
f120          0                      0.00
f201          0                      0.00
f210          0                      0.00
f300          0                      0.00
f004          9             2207114826.74(********)
f013          0                      0.00
f022          0                      0.00
f031          0                      0.00
f040          0                      0.00
f103          0                      0.00
f112          0                      0.00
f121          0                      0.00
f130          0                      0.00
f202          0                      0.00
f211          0                      0.00
f220          0                      0.00
f301          0                      0.00
f310          0                      0.00
f400          0                      0.00
f005          9           -20014194134.34(********)
f014          0                      0.00
f023          0                      0.00
f032          0                      0.00
f041          0                      0.00
f050          0                      0.00
f104          0                      0.00
f113          0                      0.00
f122          0                      0.00
f131          0                      0.00
f140          0                      0.00
f203          0                      0.00
f212          0                      0.00
f221          0                      0.00
f230          0                      0.00
f302          0                      0.00
f311          0                      0.00
f320          0                      0.00
f401          0                      0.00
f410          0                      0.00
f500          0                      0.00
f006          9            99334896571.90(********)
f015          0                      0.00
f024          0                      0.00
f033          0                      0.00
f042          0                      0.00
f051          0                      0.00
f060          0                      0.00
f105          0                      0.00
f114          0                      0.00
f123          0                      0.00
f132          0                      0.00
f141          0                      0.00
f150          0                      0.00
f204          0                      0.00
f213          0                      0.00
f222          0                      0.00
f231          0                      0.00
f240          0                      0.00
f303          0                      0.00
f312          0                      0.00
f321          0                      0.00
f330          0                      0.00
f402          0                      0.00
f411          0                      0.00
f420          0                      0.00
f501          0                      0.00
f510          0                      0.00
f600          0                      0.00
f007          9          -256956390345.05(********)
f016          0                      0.00
f025          0                      0.00
f034          0                      0.00
f043          0                      0.00
f052          0                      0.00
f061          0                      0.00
f070          0                      0.00
f106          0                      0.00
f115          0                      0.00
f124          0                      0.00
f133          0                      0.00
f142          0                      0.00
f151          0                      0.00
f160          0                      0.00
f205          0                      0.00
f214          0                      0.00
f223          0                      0.00
f232          0                      0.00
f241          0                      0.00
f250          0                      0.00
f304          0                      0.00
f313          0                      0.00
f322          0                      0.00
f331          0                      0.00
f340          0                      0.00
f403          0                      0.00
f412          0                      0.00
f421          0                      0.00
f430          0                      0.00
f502          0                      0.00
f511          0                      0.00
f520          0                      0.00
f601          0                      0.00
f610          0                      0.00
f700          0                      0.00
f008          9           272955296535.04(********)
f017          0                      0.00
f026          0                      0.00
f035          0                      0.00
f044          0                      0.00
f053          0                      0.00
f062          0                      0.00
f071          0                      0.00
f080          0                      0.00
f107          0                      0.00
f116          0                      0.00
f125          0                      0.00
f134          0                      0.00
f143          0                      0.00
f152          0                      0.00
f161          0                      0.00
f170          0                      0.00
f206          0                      0.00
f215          0                      0.00
f224          0                      0.00
f233          0                      0.00
f242          0                      0.00
f251          0                      0.00
f260          0                      0.00
f305          0                      0.00
f314          0                      0.00
f323          0                      0.00
f332          0                      0.00
f341          0                      0.00
f350          0                      0.00
f404          0                      0.00
f413          0                      0.00
f422          0                      0.00
f431          0                      0.00
f440          0                      0.00
f503          0                      0.00
f512          0                      0.00
f521          0                      0.00
f530          0                      0.00
f602          0                      0.00
f611          0                      0.00
f620          0                      0.00
f701          0                      0.00
f710          0                      0.00
f800          0                      0.00
f009          0                      0.00
f018          0                      0.00
f027          0                      0.00
f036          0                      0.00
f045          0                      0.00
f054          0                      0.00
f063          0                      0.00
f072          0                      0.00
f081          0                      0.00
f090          0                      0.00
f108          0                      0.00
f117          0                      0.00
f126          0                      0.00
f135          0                      0.00
f144          0                      0.00
f153          0                      0.00
f162          0                      0.00
f171          0                      0.00
f180          0                      0.00
f207          0                      0.00
f216          0                      0.00
f225          0                      0.00
f234          0                      0.00
f243          0                      0.00
f252          0                      0.00
f261          0                      0.00
f270          0                      0.00
f306          0                      0.00
f315          0                      0.00
f324          0                      0.00
f333          0                      0.00
f342          0                      0.00
f351          0                      0.00
f360          0                      0.00
f405          0                      0.00
f414          0                      0.00
f423          0                      0.00
f432          0                      0.00
f441          0                      0.00
f450          0                      0.00
f504          0                      0.00
f513          0                      0.00
f522          0                      0.00
f531          0                      0.00
f540          0                      0.00
f603          0                      0.00
f612          0                      0.00
f621          0                      0.00
f630          0                      0.00
f702          0                      0.00
f711          0                      0.00
f720          0                      0.00
f801          0                      0.00
f810          0                      0.00
f900          0                      0.00
f0010         0                      0.00
f019          0                      0.00
f028          0                      0.00
f037          0                      0.00
f046          0                      0.00
f055          0                      0.00
f064          0                      0.00
f073          0                      0.00
f082          0                      0.00
f091          0                      0.00
f0100         0                      0.00
f109          0                      0.00
f118          0                      0.00
f127          0                      0.00
f136          0                      0.00
f145          0                      0.00
f154          0                      0.00
f163          0                      0.00
f172          0                      0.00
f181          0                      0.00
f190          0                      0.00
f208          0                      0.00
f217          0                      0.00
f226          0                      0.00
f235          0                      0.00
f244          0                      0.00
f253          0                      0.00
f262          0                      0.00
f271          0                      0.00
f280          0                      0.00
f307          0                      0.00
f316          0                      0.00
f325          0                      0.00
f334          0                      0.00
f343          0                      0.00
f352          0                      0.00
f361          0                      0.00
f370          0                      0.00
f406          0                      0.00
f415          0                      0.00
f424          0                      0.00
f433          0                      0.00
f442          0                      0.00
f451          0                      0.00
f460          0                      0.00
f505          0                      0.00
f514          0                      0.00
f523          0                      0.00
f532          0                      0.00
f541          0                      0.00
f550          0                      0.00
f604          0                      0.00
f613          0                      0.00
f622          0                      0.00
f631          0                      0.00
f640          0                      0.00
f703          0                      0.00
f712          0                      0.00
f721          0                      0.00
f730          0                      0.00
f802          0                      0.00
f811          0                      0.00
f820          0                      0.00
f901          0                      0.00
f910          0                      0.00
f1000         0                      0.00
f0011         0                      0.00
f0110         0                      0.00
f029          0                      0.00
f038          0                      0.00
f047          0                      0.00
f056          0                      0.00
f065          0                      0.00
f074          0                      0.00
f083          0                      0.00
f092          0                      0.00
f0101         0                      0.00
f0110         0                      0.00
f1010         0                      0.00
f119          0                      0.00
f128          0                      0.00
f137          0                      0.00
f146          0                      0.00
f155          0                      0.00
f164          0                      0.00
f173          0                      0.00
f182          0                      0.00
f191          0                      0.00
f1100         0                      0.00
f209          0                      0.00
f218          0                      0.00
f227          0                      0.00
f236          0                      0.00
f245          0                      0.00
f254          0                      0.00
f263          0                      0.00
f272          0                      0.00
f281          0                      0.00
f290          0                      0.00
f308          0                      0.00
f317          0                      0.00
f326          0                      0.00
f335          0                      0.00
f344          0                      0.00
f353          0                      0.00
f362          0                      0.00
f371          0                      0.00
f380          0                      0.00
f407          0                      0.00
f416          0                      0.00
f425          0                      0.00
f434          0                      0.00
f443          0                      0.00
f452          0                      0.00
f461          0                      0.00
f470          0                      0.00
f506          0                      0.00
f515          0                      0.00
f524          0                      0.00
f533          0                      0.00
f542          0                      0.00
f551          0                      0.00
f560          0                      0.00
f605          0                      0.00
f614          0                      0.00
f623          0                      0.00
f632          0                      0.00
f641          0                      0.00
f650          0                      0.00
f704          0                      0.00
f713          0                      0.00
f722          0                      0.00
f731          0                      0.00
f740          0                      0.00
f803          0                      0.00
f812          0                      0.00
f821          0                      0.00
f830          0                      0.00
f902          0                      0.00
f911          0                      0.00
f920          0                      0.00
f1001         0                      0.00
f1010         0                      0.00
f1100         0                      0.00
f0012         0                      0.00
f0111         0                      0.00
f0210         0                      0.00
f039          0                      0.00
f048          0                      0.00
f057          0                      0.00
f066          0                      0.00
f075          0                      0.00
f084          0                      0.00
f093          0                      0.00
f0102         0                      0.00
f0111         0                      0.00
f0120         0                      0.00
f1011         0                      0.00
f1110         0                      0.00
f129          0                      0.00
f138          0                      0.00
f147          0                      0.00
f156          0                      0.00
f165          0                      0.00
f174          0                      0.00
f183          0                      0.00
f192          0                      0.00
f1101         0                      0.00
f1110         0                      0.00
f2010         0                      0.00
f219          0                      0.00
f228          0                      0.00
f237          0                      0.00
f246          0                      0.00
f255          0                      0.00
f264          0                      0.00
f273          0                      0.00
f282          0                      0.00
f291          0                      0.00
f2100         0                      0.00
f309          0                      0.00
f318          0                      0.00
f327          0                      0.00
f336          0                      0.00
f345          0                      0.00
f354          0                      0.00
f363          0                      0.00
f372          0                      0.00
f381          0                      0.00
f390          0                      0.00
f408          0                      0.00
f417          0                      0.00
f426          0                      0.00
f435          0                      0.00
f444          0                      0.00
f453          0                      0.00
f462          0                      0.00
f471          0                      0.00
f480          0                      0.00
f507          0                      0.00
f516          0                      0.00
f525          0                      0.00
f534          0                      0.00
f543          0                      0.00
f552          0                      0.00
f561          0                      0.00
f570          0                      0.00
f606          0                      0.00
f615          0                      0.00
f624          0                      0.00
f633          0                      0.00
f642          0                      0.00
f651          0                      0.00
f660          0                      0.00
f705          0                      0.00
f714          0                      0.00
f723          0                      0.00
f732          0                      0.00
f741          0                      0.00
f750          0                      0.00
f804          0                      0.00
f813          0                      0.00
f822          0                      0.00
f831          0                      0.00
f840          0                      0.00
f903          0                      0.00
f912          0                      0.00
f921          0                      0.00
f930          0                      0.00
f1002         0                      0.00
f1011         0                      0.00
f1020         0                      0.00
f1101         0                      0.00
f1110         0                      0.00
f1200         0                      0.00

Correlation coefficients larger than 0.9: 
          corr( 3, 4) =  0.9682811
          corr( 4, 5) =  0.9759146
          corr( 4, 6) =  0.9280080
          corr( 5, 6) =  0.9864964
          corr( 5, 7) =  0.9603260
          corr( 5, 8) =  0.9332523
          corr( 5, 9) =  0.9090971
          corr( 6, 7) =  0.9928770
          corr( 6, 8) =  0.9788329
          corr( 6, 9) =  0.9636353
          corr( 7, 8) =  0.9961819
          corr( 7, 9) =  0.9883231
          corr( 8, 9) =  0.9978196

               --------------------------------------------------------------------------------
               :     old parm   :     new parm   :  delta parm  :   std. err.  : sensitility
               --------------------------------------------------------------------------------
  1  alphae      :          103.0243  :          103.1677  :            0.1433:            0.5672:            0.0002: 
  2  V0          :           85.4287  :           96.4994  :           11.0707:           17.9404:            0.0243: 
  3  f002        :      5214265.0541  :      3757520.2179  :     -1456744.8362:      1603759.2764:           56.9865: 
  4  f003        :   -254083418.8151  :   -129691238.9759  :    124392179.8393:    116459307.3602:          576.9918: 
  5##f004        :   5854252044.8467  :   2207114826.7392  :  -3647137218.1075:   3337574574.6504:         3897.4543: #
  6##f005        : -69507103758.0035  : -20014194134.3448  :  49492909623.6587:  47407101313.3994:        23486.3347: #
  7##f006        : 436782631546.9052  :  99334896571.8980  :-337447734975.0071: 348678985999.1093:       133230.8499: #
  8##f007        :******************  :-256956390345.0542  :1121298219292.1807:1262345463631.2454:       723045.9646: #
  9##f008        :1717003428517.6021  : 272955296535.0366  :******************:1772761902499.5679:      3785091.3543: #

   -----------------------------------------------------------
   | param  | points |   deviat    |    rms      | stability |
   -----------------------------------------------------------
   |    9   |   138  |   0.21846E+01 |  0.18851E+06  |   0.901E+00 |

############################################################################################
