       200 <= number of iterations in the fit
  0.000010 <= The fit is over if the stability is reached 
  1.000000 <= Scale factor 
  0.001000 <= stdev parameter out 
         2 <= watson robust on (1) or of (0) 
0     ************ potential energy expansion coefficients (cm-1) ************


  RE12       =           0.964  RE32       =           1.689  alphae     =         102.800
  AA1        =           1.489  AA3        =           1.900  G1         =          15.000
  G2         =          10.000  B1         =           0.000  B2         =           0.000
  V0         =           2.341  f001       =           0.000  f010       =           0.000
  f100       =           0.000  f002       =       37142.161  f011       =           0.000
  f020       =           0.000  f101       =           0.000  f110       =           0.000
  f200       =           0.000  f003       =           0.000  f012       =           0.000
  f021       =           0.000  f030       =           0.000  f102       =           0.000
  f111       =           0.000  f120       =           0.000  f201       =           0.000
  f210       =           0.000  f300       =           0.000  f004       =           0.000
  f013       =           0.000  f022       =           0.000  f031       =           0.000
  f040       =           0.000  f103       =           0.000  f112       =           0.000
  f121       =           0.000  f130       =           0.000  f202       =           0.000
  f211       =           0.000  f220       =           0.000  f301       =           0.000
  f310       =           0.000  f400       =           0.000  f005       =           0.000
  f014       =           0.000  f023       =           0.000  f032       =           0.000
  f041       =           0.000  f050       =           0.000  f104       =           0.000
  f113       =           0.000  f122       =           0.000  f131       =           0.000
  f140       =           0.000  f203       =           0.000  f212       =           0.000
  f221       =           0.000  f230       =           0.000  f302       =           0.000
  f311       =           0.000  f320       =           0.000  f401       =           0.000
  f410       =           0.000  f500       =           0.000  f006       =           0.000
  f015       =           0.000  f024       =           0.000  f033       =           0.000
  f042       =           0.000  f051       =           0.000  f060       =           0.000
  f105       =           0.000  f114       =           0.000  f123       =           0.000
  f132       =           0.000  f141       =           0.000  f150       =           0.000
  f204       =           0.000  f213       =           0.000  f222       =           0.000
  f231       =           0.000  f240       =           0.000  f303       =           0.000
  f312       =           0.000  f321       =           0.000  f330       =           0.000
  f402       =           0.000  f411       =           0.000  f420       =           0.000
  f501       =           0.000  f510       =           0.000  f600       =           0.000
  f007       =           0.000  f016       =           0.000  f025       =           0.000
  f034       =           0.000  f043       =           0.000  f052       =           0.000
  f061       =           0.000  f070       =           0.000  f106       =           0.000
  f115       =           0.000  f124       =           0.000  f133       =           0.000
  f142       =           0.000  f151       =           0.000  f160       =           0.000
  f205       =           0.000  f214       =           0.000  f223       =           0.000
  f232       =           0.000  f241       =           0.000  f250       =           0.000
  f304       =           0.000  f313       =           0.000  f322       =           0.000
  f331       =           0.000  f340       =           0.000  f403       =           0.000
  f412       =           0.000  f421       =           0.000  f430       =           0.000
  f502       =           0.000  f511       =           0.000  f520       =           0.000
  f601       =           0.000  f610       =           0.000  f700       =           0.000
  f008       =           0.000  f017       =           0.000  f026       =           0.000
  f035       =           0.000  f044       =           0.000  f053       =           0.000
  f062       =           0.000  f071       =           0.000  f080       =           0.000
  f107       =           0.000  f116       =           0.000  f125       =           0.000
  f134       =           0.000  f143       =           0.000  f152       =           0.000
  f161       =           0.000  f170       =           0.000  f206       =           0.000
  f215       =           0.000  f224       =           0.000  f233       =           0.000
  f242       =           0.000  f251       =           0.000  f260       =           0.000
  f305       =           0.000  f314       =           0.000  f323       =           0.000
  f332       =           0.000  f341       =           0.000  f350       =           0.000
  f404       =           0.000  f413       =           0.000  f422       =           0.000
  f431       =           0.000  f440       =           0.000  f503       =           0.000
  f512       =           0.000  f521       =           0.000  f530       =           0.000
  f602       =           0.000  f611       =           0.000  f620       =           0.000
  f701       =           0.000  f710       =           0.000  f800       =           0.000
  f009       =           0.000  f018       =           0.000  f027       =           0.000
  f036       =           0.000  f045       =           0.000  f054       =           0.000
  f063       =           0.000  f072       =           0.000  f081       =           0.000
  f090       =           0.000  f108       =           0.000  f117       =           0.000
  f126       =           0.000  f135       =           0.000  f144       =           0.000
  f153       =           0.000  f162       =           0.000  f171       =           0.000
  f180       =           0.000  f207       =           0.000  f216       =           0.000
  f225       =           0.000  f234       =           0.000  f243       =           0.000
  f252       =           0.000  f261       =           0.000  f270       =           0.000
  f306       =           0.000  f315       =           0.000  f324       =           0.000
  f333       =           0.000  f342       =           0.000  f351       =           0.000
  f360       =           0.000  f405       =           0.000  f414       =           0.000
  f423       =           0.000  f432       =           0.000  f441       =           0.000
  f450       =           0.000  f504       =           0.000  f513       =           0.000
  f522       =           0.000  f531       =           0.000  f540       =           0.000
  f603       =           0.000  f612       =           0.000  f621       =           0.000
  f630       =           0.000  f702       =           0.000  f711       =           0.000
  f720       =           0.000  f801       =           0.000  f810       =           0.000
  f900       =           0.000  f0010      =           0.000  f019       =           0.000
  f028       =           0.000  f037       =           0.000  f046       =           0.000
  f055       =           0.000  f064       =           0.000  f073       =           0.000
  f082       =           0.000  f091       =           0.000  f0100      =           0.000
  f109       =           0.000  f118       =           0.000  f127       =           0.000
  f136       =           0.000  f145       =           0.000  f154       =           0.000
  f163       =           0.000  f172       =           0.000  f181       =           0.000
  f190       =           0.000  f208       =           0.000  f217       =           0.000
  f226       =           0.000  f235       =           0.000  f244       =           0.000
  f253       =           0.000  f262       =           0.000  f271       =           0.000
  f280       =           0.000  f307       =           0.000  f316       =           0.000
  f325       =           0.000  f334       =           0.000  f343       =           0.000
  f352       =           0.000  f361       =           0.000  f370       =           0.000
  f406       =           0.000  f415       =           0.000  f424       =           0.000
  f433       =           0.000  f442       =           0.000  f451       =           0.000
  f460       =           0.000  f505       =           0.000  f514       =           0.000
  f523       =           0.000  f532       =           0.000  f541       =           0.000
  f550       =           0.000  f604       =           0.000  f613       =           0.000
  f622       =           0.000  f631       =           0.000  f640       =           0.000
  f703       =           0.000  f712       =           0.000  f721       =           0.000
  f730       =           0.000  f802       =           0.000  f811       =           0.000
  f820       =           0.000  f901       =           0.000  f910       =           0.000
  f1000      =           0.000  f0011      =           0.000  f0110      =           0.000
  f029       =           0.000  f038       =           0.000  f047       =           0.000
  f056       =           0.000  f065       =           0.000  f074       =           0.000
  f083       =           0.000  f092       =           0.000  f0101      =           0.000
  f0110      =           0.000  f1010      =           0.000  f119       =           0.000
  f128       =           0.000  f137       =           0.000  f146       =           0.000
  f155       =           0.000  f164       =           0.000  f173       =           0.000
  f182       =           0.000  f191       =           0.000  f1100      =           0.000
  f209       =           0.000  f218       =           0.000  f227       =           0.000
  f236       =           0.000  f245       =           0.000  f254       =           0.000
  f263       =           0.000  f272       =           0.000  f281       =           0.000
  f290       =           0.000  f308       =           0.000  f317       =           0.000
  f326       =           0.000  f335       =           0.000  f344       =           0.000
  f353       =           0.000  f362       =           0.000  f371       =           0.000
  f380       =           0.000  f407       =           0.000  f416       =           0.000
  f425       =           0.000  f434       =           0.000  f443       =           0.000
  f452       =           0.000  f461       =           0.000  f470       =           0.000
  f506       =           0.000  f515       =           0.000  f524       =           0.000
  f533       =           0.000  f542       =           0.000  f551       =           0.000
  f560       =           0.000  f605       =           0.000  f614       =           0.000
  f623       =           0.000  f632       =           0.000  f641       =           0.000
  f650       =           0.000  f704       =           0.000  f713       =           0.000
  f722       =           0.000  f731       =           0.000  f740       =           0.000
  f803       =           0.000  f812       =           0.000  f821       =           0.000
  f830       =           0.000  f902       =           0.000  f911       =           0.000
  f920       =           0.000  f1001      =           0.000  f1010      =           0.000
  f1100      =           0.000  f0012      =           0.000  f0111      =           0.000
  f0210      =           0.000  f039       =           0.000  f048       =           0.000
  f057       =           0.000  f066       =           0.000  f075       =           0.000
  f084       =           0.000  f093       =           0.000  f0102      =           0.000
  f0111      =           0.000  f0120      =           0.000  f1011      =           0.000
  f1110      =           0.000  f129       =           0.000  f138       =           0.000
  f147       =           0.000  f156       =           0.000  f165       =           0.000
  f174       =           0.000  f183       =           0.000  f192       =           0.000
  f1101      =           0.000  f1110      =           0.000  f2010      =           0.000
  f219       =           0.000  f228       =           0.000  f237       =           0.000
  f246       =           0.000  f255       =           0.000  f264       =           0.000
  f273       =           0.000  f282       =           0.000  f291       =           0.000
  f2100      =           0.000  f309       =           0.000  f318       =           0.000
  f327       =           0.000  f336       =           0.000  f345       =           0.000
  f354       =           0.000  f363       =           0.000  f372       =           0.000
  f381       =           0.000  f390       =           0.000  f408       =           0.000
  f417       =           0.000  f426       =           0.000  f435       =           0.000
  f444       =           0.000  f453       =           0.000  f462       =           0.000
  f471       =           0.000  f480       =           0.000  f507       =           0.000
  f516       =           0.000  f525       =           0.000  f534       =           0.000
  f543       =           0.000  f552       =           0.000  f561       =           0.000
  f570       =           0.000  f606       =           0.000  f615       =           0.000
  f624       =           0.000  f633       =           0.000  f642       =           0.000
  f651       =           0.000  f660       =           0.000  f705       =           0.000
  f714       =           0.000  f723       =           0.000  f732       =           0.000
  f741       =           0.000  f750       =           0.000  f804       =           0.000
  f813       =           0.000  f822       =           0.000  f831       =           0.000
  f840       =           0.000  f903       =           0.000  f912       =           0.000
  f921       =           0.000  f930       =           0.000  f1002      =           0.000
  f1011      =           0.000  f1020      =           0.000  f1101      =           0.000
  f1110      =           0.000  f1200      =           0.000  

   -----------------------------------------------------------
   |   iter | points |   deviat    |    rms      | stability |
   -----------------------------------------------------------
   |    1   |   209  |   0.84298E+01 |  0.69409E+04  |   0.197E+07 |
   |    2   |   209  |   0.89544E+01 |  0.28898E+04  |   0.690E+01 |
   |    3   |   209  |   0.88200E+02 |  0.63414E+04  |   0.494E+01 |
   |    4   |   209  |   0.11190E+03 |  0.17244E+06  |   0.970E+00 |
   |    6   |   209  |   0.19920E+02 |  0.16642E+05  |   0.149E+01 |
   |    7   |   209  |   0.64913E+02 |  0.30716E+04  |   0.544E+00 |
   |    8   |   209  |   0.12063E+02 |  0.35131E+04  |   0.730E+01 |
   |    9   |   209  |   0.23434E+01 |  0.35808E+04  |   0.733E+00 |
   |   10   |   209  |   0.98796E+01 |  0.35635E+04  |   0.504E-01 |
   |   11   |   209  |   0.50743E+01 |  0.33642E+04  |   0.687E-02 |
   |   12   |   209  |   0.54225E+01 |  0.37157E+04  |   0.623E-02 |
   |   13   |   209  |   0.14768E+01 |  0.36008E+04  |   0.248E-02 |
   |   14   |   209  |   0.34816E+01 |  0.38255E+04  |   0.552E-02 |
   |   15   |   209  |   0.10960E+01 |  0.36262E+04  |   0.328E-02 |
   |   16   |   209  |   0.23505E+01 |  0.37564E+04  |   0.475E-02 |
   |   17   |   209  |   0.23234E+01 |  0.35271E+04  |   0.185E-02 |
   |   18   |   209  |   0.32297E+01 |  0.38715E+04  |   0.192E-01 |
   |   19   |   209  |   0.21533E+01 |  0.33059E+04  |   0.177E-01 |
   |   20   |   209  |   0.34621E+01 |  0.39139E+04  |   0.713E-01 |
   |   21   |   209  |   0.19535E+01 |  0.36141E+04  |   0.546E-01 |
   |   22   |   209  |   0.31798E+01 |  0.39948E+04  |   0.191E-01 |
   |   23   |   209  |   0.23304E+01 |  0.35255E+04  |   0.107E-02 |
   |   24   |   209  |   0.26007E+01 |  0.40934E+04  |   0.480E-02 |
   |   25   |   209  |   0.12697E+01 |  0.33729E+04  |   0.303E+00 |
   |   26   |   209  |   0.23395E+01 |  0.45998E+04  |   0.429E+00 |
   |   27   |   209  |   0.61464E+00 |  0.36873E+04  |   0.965E-02 |
   |   28   |   209  |   0.19866E+01 |  0.45729E+04  |   0.214E+00 |
   |   29   |   209  |   0.67194E-01 |  0.36210E+04  |   0.263E+00 |
   |   30   |   209  |   0.17273E+01 |  0.45984E+04  |   0.430E-02 |
   |   31   |   209  |   0.28228E+00 |  0.34841E+04  |   0.855E-03 |
   |   32   |   209  |   0.19680E+01 |  0.45054E+04  |   0.242E-02 |
   |   33   |   209  |   0.83144E+00 |  0.34287E+04  |   0.817E-03 |
   |   34   |   209  |   0.25695E+01 |  0.44664E+04  |   0.298E-01 |
   |   35   |   209  |   0.11201E+01 |  0.36715E+04  |   0.330E-01 |
   |   36   |   209  |   0.26136E+01 |  0.44976E+04  |   0.617E-01 |
   |   37   |   209  |   0.17934E+01 |  0.43177E+04  |   0.482E-04 |
   |   38   |   209  |   0.12860E+01 |  0.51811E+04  |   0.145E-02 |
   |   39   |   209  |   0.29197E+01 |  0.43114E+04  |   0.398E+00 |
   |   40   |   209  |   0.12371E+01 |  0.63899E+04  |   0.660E+00 |
   |   41   |   209  |   0.71404E+01 |  0.75889E+04  |   0.859E+00 |
   |   42   |   209  |   0.67376E+00 |  0.69134E+04  |   0.600E+01 |
   |   43   |   209  |   0.75927E+01 |  0.97055E+04  |   0.206E-01 |
   |   44   |   209  |   0.40003E+00 |  0.83020E+04  |   0.111E+00 |
   |   45   |   209  |   0.72382E+01 |  0.60443E+04  |   0.127E+00 |
   |   46   |   209  |   0.46457E+00 |  0.14601E+05  |   0.343E-01 |
   |   47   |   209  |   0.11360E+02 |  0.62203E+04  |   0.323E-01 |
   |   48   |   209  |   0.20701E+00 |  0.13687E+05  |   0.256E+00 |
   |   49   |   209  |   0.18793E+01 |  0.98085E+04  |   0.339E+00 |
   |   50   |   209  |   0.18306E-01 |  0.12431E+05  |   0.870E-01 |
   |   51   |   209  |   0.45190E+00 |  0.84006E+04  |   0.959E-01 |
   |   52   |   209  |   0.17281E-01 |  0.11990E+05  |   0.145E-01 |
   |   53   |   209  |   0.47809E+00 |  0.78200E+04  |   0.148E-01 |
   |   54   |   209  |   0.18412E-01 |  0.12425E+05  |   0.770E-02 |
   |   55   |   209  |   0.61902E+00 |  0.74703E+04  |   0.783E-02 |
   |   56   |   209  |   0.19431E-01 |  0.12950E+05  |   0.124E-01 |
   |   57   |   209  |   0.80209E+00 |  0.73327E+04  |   0.126E-01 |
   |   58   |   209  |   0.21306E-01 |  0.13456E+05  |   0.153E-01 |
   |   59   |   209  |   0.73919E+00 |  0.65366E+04  |   0.153E-01 |
   |   60   |   209  |   0.20471E-01 |  0.13583E+05  |   0.412E-02 |
   |   61   |   209  |   0.43404E+00 |  0.53562E+04  |   0.417E-02 |
   |   62   |   209  |   0.17527E-01 |  0.13192E+05  |   0.642E-02 |
   |   63   |   209  |   0.22043E+00 |  0.47996E+04  |   0.638E-02 |
   |   64   |   209  |   0.16232E-01 |  0.12854E+05  |   0.182E+00 |
   |   65   |   209  |   0.72874E-01 |  0.36284E+04  |   0.153E+00 |
   |   66   |   209  |   0.16178E-01 |  0.11846E+05  |   0.496E-02 |
   |   67   |   209  |   0.23368E+00 |  0.33075E+04  |   0.382E-02 |
   |   68   |   209  |   0.16867E-01 |  0.11702E+05  |   0.695E-03 |
   |   69   |   209  |   0.24073E+00 |  0.32323E+04  |   0.331E-03 |
   |   70   |   209  |   0.17254E-01 |  0.11557E+05  |   0.315E-03 |
   |   71   |   209  |   0.27669E+00 |  0.31211E+04  |   0.241E-03 |
   |   72   |   209  |   0.17931E-01 |  0.11322E+05  |   0.285E-02 |
   |   73   |   209  |   0.29023E+00 |  0.30722E+04  |   0.283E-02 |
   |   74   |   209  |   0.18168E-01 |  0.10905E+05  |   0.350E-02 |
   |   75   |   209  |   0.30953E+00 |  0.30273E+04  |   0.349E-02 |
   |   76   |   209  |   0.18613E-01 |  0.10685E+05  |   0.288E-02 |
   |   77   |   209  |   0.34220E+00 |  0.29932E+04  |   0.284E-02 |
   |   78   |   209  |   0.20089E-01 |  0.10282E+05  |   0.268E-02 |
   |   79   |   209  |   0.40778E+00 |  0.30737E+04  |   0.261E-02 |
   |   80   |   209  |   0.22485E-01 |  0.97340E+04  |   0.237E-02 |
   |   81   |   209  |   0.42050E+00 |  0.31338E+04  |   0.240E-02 |
   |   82   |   209  |   0.23189E-01 |  0.93932E+04  |   0.297E-02 |
   |   83   |   209  |   0.38453E+00 |  0.30542E+04  |   0.296E-02 |
   |   84   |   209  |   0.23519E-01 |  0.88005E+04  |   0.319E-02 |
   |   85   |   209  |   0.37669E+00 |  0.31331E+04  |   0.145E+00 |
   |   86   |   209  |   0.89857E-01 |  0.11046E+05  |   0.587E+00 |
   |   87   |   209  |   0.60535E+00 |  0.29874E+04  |   0.184E+01 |
   |   88   |   209  |   0.10358E+00 |  0.99678E+04  |   0.426E+00 |
   |   89   |   209  |   0.58240E+00 |  0.31144E+04  |   0.743E+00 |
   |   90   |   209  |   0.89750E-01 |  0.95672E+04  |   0.386E-02 |
   |   91   |   209  |   0.56191E+00 |  0.30446E+04  |   0.403E-02 |
   |   92   |   209  |   0.68391E-01 |  0.91369E+04  |   0.443E-02 |
   |   93   |   209  |   0.62424E+00 |  0.31356E+04  |   0.450E-02 |
   |   94   |   209  |   0.68822E-01 |  0.84201E+04  |   0.391E-02 |
   |   95   |   209  |   0.55093E+00 |  0.30790E+04  |   0.344E-02 |
   |   96   |   209  |   0.53998E-01 |  0.81780E+04  |   0.701E-02 |
   |   97   |   209  |   0.49825E+00 |  0.31652E+04  |   0.732E-02 |
   |   98   |   209  |   0.49627E-01 |  0.79417E+04  |   0.356E-04 |
   |   99   |   209  |   0.42525E+00 |  0.31212E+04  |   0.339E-03 |
   |  100   |   209  |   0.40196E-01 |  0.75924E+04  |   0.524E-03 |
   |  101   |   209  |   0.41228E+00 |  0.31672E+04  |   0.502E-03 |
   |  102   |   209  |   0.40579E-01 |  0.68433E+04  |   0.128E-02 |
   |  103   |   209  |   0.38707E+00 |  0.31541E+04  |   0.137E-02 |
   |  104   |   209  |   0.36923E-01 |  0.68147E+04  |   0.876E-02 |
   |  105   |   209  |   0.38706E+00 |  0.31671E+04  |   0.890E-02 |
   |  106   |   209  |   0.35976E-01 |  0.67856E+04  |   0.207E-02 |
   |  107   |   209  |   0.52629E+00 |  0.31206E+04  |   0.213E-02 |
   |  108   |   209  |   0.48638E-01 |  0.66970E+04  |   0.481E-02 |
   |  109   |   209  |   0.71275E+00 |  0.31005E+04  |   0.491E-02 |
   |  110   |   209  |   0.64611E-01 |  0.65639E+04  |   0.203E-02 |
   |  111   |   209  |   0.83474E+00 |  0.30630E+04  |   0.210E-02 |
   |  112   |   209  |   0.85876E-01 |  0.64473E+04  |   0.107E+00 |
   |  113   |   209  |   0.85494E+00 |  0.31084E+04  |   0.969E-01 |
   |  114   |   209  |   0.68894E-01 |  0.64286E+04  |   0.983E-02 |
   |  115   |   209  |   0.74638E+00 |  0.30906E+04  |   0.100E-01 |
   |  116   |   209  |   0.58422E-01 |  0.64547E+04  |   0.520E-01 |
   |  117   |   209  |   0.91326E+00 |  0.30691E+04  |   0.549E-01 |
   |  118   |   209  |   0.73958E-01 |  0.64732E+04  |   0.721E-02 |
   |  119   |   209  |   0.81669E+00 |  0.30914E+04  |   0.731E-02 |
   |  120   |   209  |   0.61383E-01 |  0.64800E+04  |   0.404E+00 |
   |  121   |   209  |   0.64289E+00 |  0.31034E+04  |   0.677E+00 |
   |  122   |   209  |   0.48071E-01 |  0.65172E+04  |   0.373E-02 |
   |  123   |   209  |   0.52827E+00 |  0.31146E+04  |   0.379E-02 |
   |  124   |   209  |   0.40529E-01 |  0.65511E+04  |   0.303E-01 |
   |  125   |   209  |   0.40145E+00 |  0.31306E+04  |   0.312E-01 |
   |  126   |   209  |   0.31714E-01 |  0.65827E+04  |   0.476E-02 |
   |  127   |   209  |   0.33676E+00 |  0.31351E+04  |   0.480E-02 |
   |  128   |   209  |   0.28476E-01 |  0.66031E+04  |   0.481E-02 |
   |  129   |   209  |   0.32645E+00 |  0.31393E+04  |   0.484E-02 |
   |  130   |   209  |   0.28113E-01 |  0.66124E+04  |   0.667E-02 |
   |  131   |   209  |   0.32369E+00 |  0.31384E+04  |   0.672E-02 |
   |  132   |   209  |   0.27936E-01 |  0.66169E+04  |   0.639E-02 |
   |  133   |   209  |   0.32288E+00 |  0.31392E+04  |   0.643E-02 |
   |  134   |   209  |   0.27893E-01 |  0.66184E+04  |   0.643E-02 |
   |  135   |   209  |   0.32252E+00 |  0.31389E+04  |   0.647E-02 |
   |  136   |   209  |   0.27872E-01 |  0.66193E+04  |   0.643E-02 |
   |  137   |   209  |   0.32258E+00 |  0.31390E+04  |   0.647E-02 |
   |  138   |   209  |   0.27876E-01 |  0.66198E+04  |   0.640E-02 |
   |  139   |   209  |   0.32269E+00 |  0.31389E+04  |   0.644E-02 |
   |  140   |   209  |   0.27881E-01 |  0.66199E+04  |   0.639E-02 |
   |  141   |   209  |   0.32290E+00 |  0.31389E+04  |   0.643E-02 |
   |  142   |   209  |   0.27894E-01 |  0.66199E+04  |   0.637E-02 |
   |  143   |   209  |   0.32297E+00 |  0.31390E+04  |   0.641E-02 |
   |  144   |   209  |   0.27899E-01 |  0.66202E+04  |   0.637E-02 |
   |  145   |   209  |   0.32312E+00 |  0.31388E+04  |   0.641E-02 |
   |  146   |   209  |   0.27904E-01 |  0.66200E+04  |   0.635E-02 |
   |  147   |   209  |   0.32317E+00 |  0.31389E+04  |   0.639E-02 |
   |  148   |   209  |   0.27909E-01 |  0.66199E+04  |   0.635E-02 |
   |  149   |   209  |   0.32320E+00 |  0.31389E+04  |   0.639E-02 |
   |  150   |   209  |   0.27913E-01 |  0.66200E+04  |   0.635E-02 |
   |  151   |   209  |   0.32338E+00 |  0.31387E+04  |   0.639E-02 |
   |  152   |   209  |   0.27922E-01 |  0.66199E+04  |   0.633E-02 |
   |  153   |   209  |   0.32342E+00 |  0.31388E+04  |   0.637E-02 |
   |  154   |   209  |   0.27925E-01 |  0.66199E+04  |   0.633E-02 |
   |  155   |   209  |   0.32337E+00 |  0.31389E+04  |   0.637E-02 |
   |  156   |   209  |   0.27920E-01 |  0.66199E+04  |   0.634E-02 |
   |  157   |   209  |   0.32339E+00 |  0.31388E+04  |   0.638E-02 |
   |  158   |   209  |   0.27921E-01 |  0.66198E+04  |   0.633E-02 |
   |  159   |   209  |   0.32335E+00 |  0.31389E+04  |   0.637E-02 |
   |  160   |   209  |   0.27917E-01 |  0.66196E+04  |   0.633E-02 |
   |  161   |   209  |   0.32332E+00 |  0.31388E+04  |   0.638E-02 |
   |  162   |   209  |   0.27919E-01 |  0.66197E+04  |   0.633E-02 |
   |  163   |   209  |   0.32330E+00 |  0.31389E+04  |   0.638E-02 |
   |  164   |   209  |   0.27918E-01 |  0.66199E+04  |   0.634E-02 |
   |  165   |   209  |   0.32335E+00 |  0.31388E+04  |   0.638E-02 |
   |  166   |   209  |   0.27923E-01 |  0.66202E+04  |   0.633E-02 |
   |  167   |   209  |   0.32344E+00 |  0.31388E+04  |   0.637E-02 |
   |  168   |   209  |   0.27920E-01 |  0.66198E+04  |   0.633E-02 |
   |  169   |   209  |   0.32341E+00 |  0.31388E+04  |   0.637E-02 |
   |  170   |   209  |   0.27925E-01 |  0.66198E+04  |   0.633E-02 |
   |  171   |   209  |   0.32344E+00 |  0.31388E+04  |   0.637E-02 |
   |  172   |   209  |   0.27926E-01 |  0.66198E+04  |   0.633E-02 |
   |  173   |   209  |   0.32337E+00 |  0.31389E+04  |   0.637E-02 |
   |  174   |   209  |   0.27920E-01 |  0.66199E+04  |   0.634E-02 |
   |  175   |   209  |   0.32337E+00 |  0.31388E+04  |   0.638E-02 |
   |  176   |   209  |   0.27920E-01 |  0.66198E+04  |   0.633E-02 |
   |  177   |   209  |   0.32342E+00 |  0.31388E+04  |   0.637E-02 |
   |  178   |   209  |   0.27927E-01 |  0.66199E+04  |   0.633E-02 |
   |  179   |   209  |   0.32341E+00 |  0.31389E+04  |   0.637E-02 |
   |  180   |   209  |   0.27920E-01 |  0.66198E+04  |   0.633E-02 |
   |  181   |   209  |   0.32338E+00 |  0.31388E+04  |   0.637E-02 |
   |  182   |   209  |   0.27926E-01 |  0.66200E+04  |   0.633E-02 |
   |  183   |   209  |   0.32350E+00 |  0.31388E+04  |   0.637E-02 |
   |  184   |   209  |   0.27926E-01 |  0.66198E+04  |   0.632E-02 |
   |  185   |   209  |   0.32340E+00 |  0.31389E+04  |   0.636E-02 |
   |  186   |   209  |   0.27919E-01 |  0.66195E+04  |   0.633E-02 |
   |  187   |   209  |   0.32330E+00 |  0.31389E+04  |   0.637E-02 |
   |  188   |   209  |   0.27920E-01 |  0.66198E+04  |   0.634E-02 |
   |  189   |   209  |   0.32333E+00 |  0.31389E+04  |   0.638E-02 |
   |  190   |   209  |   0.27916E-01 |  0.66197E+04  |   0.633E-02 |
   |  191   |   209  |   0.32335E+00 |  0.31388E+04  |   0.637E-02 |
   |  192   |   209  |   0.27921E-01 |  0.66197E+04  |   0.633E-02 |
   |  193   |   209  |   0.32339E+00 |  0.31388E+04  |   0.637E-02 |
   |  194   |   209  |   0.27920E-01 |  0.66196E+04  |   0.633E-02 |
   |  195   |   209  |   0.32337E+00 |  0.31388E+04  |   0.637E-02 |
   |  196   |   209  |   0.27923E-01 |  0.66197E+04  |   0.633E-02 |
   |  197   |   209  |   0.32345E+00 |  0.31388E+04  |   0.637E-02 |
   |  198   |   209  |   0.27928E-01 |  0.66198E+04  |   0.632E-02 |
   |  199   |   209  |   0.32343E+00 |  0.31389E+04  |   0.637E-02 |
   |  200   |   209  |   0.27923E-01 |  0.66198E+04  |   0.633E-02 |
   |  201   |   209  |   0.32337E+00 |  0.31388E+04  |   0.637E-02 |

Watson Alpha parameter  0.9000 fitted with rms2 =   1.0000
watson-param =         0.89999998


Potential parameters rounded in accord. with their standart errors

RE12          0              0.9644619500
RE32          0              1.6888847600
alphae        9                    111.88(      33)
AA1           0              1.4885338714
AA3           0              1.9000000000
G1            0             15.0000000000
G2            0             10.0000000000
B1            0                      0.00
B2            0                      0.00
V0            9                    425.39(      23)
f001          0                      0.00
f010          0                      0.00
f100          0                      0.00
f002          9               -1928263.99(38610760)
f011          0                      0.00
f020          0                      0.00
f101          0                      0.00
f110          0                      0.00
f200          0                      0.00
f003          9               54986531.69(********)
f012          0                      0.00
f021          0                      0.00
f030          0                      0.00
f102          0                      0.00
f111          0                      0.00
f120          0                      0.00
f201          0                      0.00
f210          0                      0.00
f300          0                      0.00
f004          9             -479151223.10(********)
f013          0                      0.00
f022          0                      0.00
f031          0                      0.00
f040          0                      0.00
f103          0                      0.00
f112          0                      0.00
f121          0                      0.00
f130          0                      0.00
f202          0                      0.00
f211          0                      0.00
f220          0                      0.00
f301          0                      0.00
f310          0                      0.00
f400          0                      0.00
f005          9             1977313495.55(********)
f014          0                      0.00
f023          0                      0.00
f032          0                      0.00
f041          0                      0.00
f050          0                      0.00
f104          0                      0.00
f113          0                      0.00
f122          0                      0.00
f131          0                      0.00
f140          0                      0.00
f203          0                      0.00
f212          0                      0.00
f221          0                      0.00
f230          0                      0.00
f302          0                      0.00
f311          0                      0.00
f320          0                      0.00
f401          0                      0.00
f410          0                      0.00
f500          0                      0.00
f006          9            -4266866384.05(********)
f015          0                      0.00
f024          0                      0.00
f033          0                      0.00
f042          0                      0.00
f051          0                      0.00
f060          0                      0.00
f105          0                      0.00
f114          0                      0.00
f123          0                      0.00
f132          0                      0.00
f141          0                      0.00
f150          0                      0.00
f204          0                      0.00
f213          0                      0.00
f222          0                      0.00
f231          0                      0.00
f240          0                      0.00
f303          0                      0.00
f312          0                      0.00
f321          0                      0.00
f330          0                      0.00
f402          0                      0.00
f411          0                      0.00
f420          0                      0.00
f501          0                      0.00
f510          0                      0.00
f600          0                      0.00
f007          9             4659419193.39(********)
f016          0                      0.00
f025          0                      0.00
f034          0                      0.00
f043          0                      0.00
f052          0                      0.00
f061          0                      0.00
f070          0                      0.00
f106          0                      0.00
f115          0                      0.00
f124          0                      0.00
f133          0                      0.00
f142          0                      0.00
f151          0                      0.00
f160          0                      0.00
f205          0                      0.00
f214          0                      0.00
f223          0                      0.00
f232          0                      0.00
f241          0                      0.00
f250          0                      0.00
f304          0                      0.00
f313          0                      0.00
f322          0                      0.00
f331          0                      0.00
f340          0                      0.00
f403          0                      0.00
f412          0                      0.00
f421          0                      0.00
f430          0                      0.00
f502          0                      0.00
f511          0                      0.00
f520          0                      0.00
f601          0                      0.00
f610          0                      0.00
f700          0                      0.00
f008          9            -2035455668.78(********)
f017          0                      0.00
f026          0                      0.00
f035          0                      0.00
f044          0                      0.00
f053          0                      0.00
f062          0                      0.00
f071          0                      0.00
f080          0                      0.00
f107          0                      0.00
f116          0                      0.00
f125          0                      0.00
f134          0                      0.00
f143          0                      0.00
f152          0                      0.00
f161          0                      0.00
f170          0                      0.00
f206          0                      0.00
f215          0                      0.00
f224          0                      0.00
f233          0                      0.00
f242          0                      0.00
f251          0                      0.00
f260          0                      0.00
f305          0                      0.00
f314          0                      0.00
f323          0                      0.00
f332          0                      0.00
f341          0                      0.00
f350          0                      0.00
f404          0                      0.00
f413          0                      0.00
f422          0                      0.00
f431          0                      0.00
f440          0                      0.00
f503          0                      0.00
f512          0                      0.00
f521          0                      0.00
f530          0                      0.00
f602          0                      0.00
f611          0                      0.00
f620          0                      0.00
f701          0                      0.00
f710          0                      0.00
f800          0                      0.00
f009          0                      0.00
f018          0                      0.00
f027          0                      0.00
f036          0                      0.00
f045          0                      0.00
f054          0                      0.00
f063          0                      0.00
f072          0                      0.00
f081          0                      0.00
f090          0                      0.00
f108          0                      0.00
f117          0                      0.00
f126          0                      0.00
f135          0                      0.00
f144          0                      0.00
f153          0                      0.00
f162          0                      0.00
f171          0                      0.00
f180          0                      0.00
f207          0                      0.00
f216          0                      0.00
f225          0                      0.00
f234          0                      0.00
f243          0                      0.00
f252          0                      0.00
f261          0                      0.00
f270          0                      0.00
f306          0                      0.00
f315          0                      0.00
f324          0                      0.00
f333          0                      0.00
f342          0                      0.00
f351          0                      0.00
f360          0                      0.00
f405          0                      0.00
f414          0                      0.00
f423          0                      0.00
f432          0                      0.00
f441          0                      0.00
f450          0                      0.00
f504          0                      0.00
f513          0                      0.00
f522          0                      0.00
f531          0                      0.00
f540          0                      0.00
f603          0                      0.00
f612          0                      0.00
f621          0                      0.00
f630          0                      0.00
f702          0                      0.00
f711          0                      0.00
f720          0                      0.00
f801          0                      0.00
f810          0                      0.00
f900          0                      0.00
f0010         0                      0.00
f019          0                      0.00
f028          0                      0.00
f037          0                      0.00
f046          0                      0.00
f055          0                      0.00
f064          0                      0.00
f073          0                      0.00
f082          0                      0.00
f091          0                      0.00
f0100         0                      0.00
f109          0                      0.00
f118          0                      0.00
f127          0                      0.00
f136          0                      0.00
f145          0                      0.00
f154          0                      0.00
f163          0                      0.00
f172          0                      0.00
f181          0                      0.00
f190          0                      0.00
f208          0                      0.00
f217          0                      0.00
f226          0                      0.00
f235          0                      0.00
f244          0                      0.00
f253          0                      0.00
f262          0                      0.00
f271          0                      0.00
f280          0                      0.00
f307          0                      0.00
f316          0                      0.00
f325          0                      0.00
f334          0                      0.00
f343          0                      0.00
f352          0                      0.00
f361          0                      0.00
f370          0                      0.00
f406          0                      0.00
f415          0                      0.00
f424          0                      0.00
f433          0                      0.00
f442          0                      0.00
f451          0                      0.00
f460          0                      0.00
f505          0                      0.00
f514          0                      0.00
f523          0                      0.00
f532          0                      0.00
f541          0                      0.00
f550          0                      0.00
f604          0                      0.00
f613          0                      0.00
f622          0                      0.00
f631          0                      0.00
f640          0                      0.00
f703          0                      0.00
f712          0                      0.00
f721          0                      0.00
f730          0                      0.00
f802          0                      0.00
f811          0                      0.00
f820          0                      0.00
f901          0                      0.00
f910          0                      0.00
f1000         0                      0.00
f0011         0                      0.00
f0110         0                      0.00
f029          0                      0.00
f038          0                      0.00
f047          0                      0.00
f056          0                      0.00
f065          0                      0.00
f074          0                      0.00
f083          0                      0.00
f092          0                      0.00
f0101         0                      0.00
f0110         0                      0.00
f1010         0                      0.00
f119          0                      0.00
f128          0                      0.00
f137          0                      0.00
f146          0                      0.00
f155          0                      0.00
f164          0                      0.00
f173          0                      0.00
f182          0                      0.00
f191          0                      0.00
f1100         0                      0.00
f209          0                      0.00
f218          0                      0.00
f227          0                      0.00
f236          0                      0.00
f245          0                      0.00
f254          0                      0.00
f263          0                      0.00
f272          0                      0.00
f281          0                      0.00
f290          0                      0.00
f308          0                      0.00
f317          0                      0.00
f326          0                      0.00
f335          0                      0.00
f344          0                      0.00
f353          0                      0.00
f362          0                      0.00
f371          0                      0.00
f380          0                      0.00
f407          0                      0.00
f416          0                      0.00
f425          0                      0.00
f434          0                      0.00
f443          0                      0.00
f452          0                      0.00
f461          0                      0.00
f470          0                      0.00
f506          0                      0.00
f515          0                      0.00
f524          0                      0.00
f533          0                      0.00
f542          0                      0.00
f551          0                      0.00
f560          0                      0.00
f605          0                      0.00
f614          0                      0.00
f623          0                      0.00
f632          0                      0.00
f641          0                      0.00
f650          0                      0.00
f704          0                      0.00
f713          0                      0.00
f722          0                      0.00
f731          0                      0.00
f740          0                      0.00
f803          0                      0.00
f812          0                      0.00
f821          0                      0.00
f830          0                      0.00
f902          0                      0.00
f911          0                      0.00
f920          0                      0.00
f1001         0                      0.00
f1010         0                      0.00
f1100         0                      0.00
f0012         0                      0.00
f0111         0                      0.00
f0210         0                      0.00
f039          0                      0.00
f048          0                      0.00
f057          0                      0.00
f066          0                      0.00
f075          0                      0.00
f084          0                      0.00
f093          0                      0.00
f0102         0                      0.00
f0111         0                      0.00
f0120         0                      0.00
f1011         0                      0.00
f1110         0                      0.00
f129          0                      0.00
f138          0                      0.00
f147          0                      0.00
f156          0                      0.00
f165          0                      0.00
f174          0                      0.00
f183          0                      0.00
f192          0                      0.00
f1101         0                      0.00
f1110         0                      0.00
f2010         0                      0.00
f219          0                      0.00
f228          0                      0.00
f237          0                      0.00
f246          0                      0.00
f255          0                      0.00
f264          0                      0.00
f273          0                      0.00
f282          0                      0.00
f291          0                      0.00
f2100         0                      0.00
f309          0                      0.00
f318          0                      0.00
f327          0                      0.00
f336          0                      0.00
f345          0                      0.00
f354          0                      0.00
f363          0                      0.00
f372          0                      0.00
f381          0                      0.00
f390          0                      0.00
f408          0                      0.00
f417          0                      0.00
f426          0                      0.00
f435          0                      0.00
f444          0                      0.00
f453          0                      0.00
f462          0                      0.00
f471          0                      0.00
f480          0                      0.00
f507          0                      0.00
f516          0                      0.00
f525          0                      0.00
f534          0                      0.00
f543          0                      0.00
f552          0                      0.00
f561          0                      0.00
f570          0                      0.00
f606          0                      0.00
f615          0                      0.00
f624          0                      0.00
f633          0                      0.00
f642          0                      0.00
f651          0                      0.00
f660          0                      0.00
f705          0                      0.00
f714          0                      0.00
f723          0                      0.00
f732          0                      0.00
f741          0                      0.00
f750          0                      0.00
f804          0                      0.00
f813          0                      0.00
f822          0                      0.00
f831          0                      0.00
f840          0                      0.00
f903          0                      0.00
f912          0                      0.00
f921          0                      0.00
f930          0                      0.00
f1002         0                      0.00
f1011         0                      0.00
f1020         0                      0.00
f1101         0                      0.00
f1110         0                      0.00
f1200         0                      0.00

Correlation coefficients larger than 0.9: 
          corr( 4, 5) =  0.9767747
          corr( 4, 6) =  0.9469483
          corr( 4, 7) =  0.9205032
          corr( 5, 6) =  0.9932972
          corr( 5, 7) =  0.9806464
          corr( 5, 8) =  0.9654867
          corr( 5, 9) =  0.9483617
          corr( 6, 7) =  0.9965182
          corr( 6, 8) =  0.9882736
          corr( 6, 9) =  0.9766647
          corr( 7, 8) =  0.9974857
          corr( 7, 9) =  0.9908052
          corr( 8, 9) =  0.9978671

               --------------------------------------------------------------------------------
               :     old parm   :     new parm   :  delta parm  :   std. err.  : sensitility
               --------------------------------------------------------------------------------
  1  alphae      :          111.8484  :          111.8782  :            0.0298:           33.4608:            0.0002: 
  2  V0          :          752.8165  :          425.3935  :         -327.4230:           23.2001:            0.0036: 
  3##f002        :      -880810.3523  :     -1928263.9928  :     -1047453.6405:     38610760.1645:            0.6052: #
  4##f003        :     22143539.4383  :     54986531.6871  :     32842992.2488:   1139259744.2420:            1.3143: #
  5##f004        :   -185295451.7530  :   -479151223.0990  :   -293855771.3460:  11835456661.3507:            2.7545: #
  6##f005        :    763896095.8194  :   1977313495.5536  :   1213417399.7342:  56104805994.6423:            5.6337: #
  7##f006        :  -1664528523.4088  :  -4266866384.0475  :  -2602337860.6387: 135758481816.8836:           11.3369: #
  8##f007        :   1833877960.4875  :   4659419193.3942  :   2825541232.9067: 164204631031.8622:           22.5689: #
  9##f008        :   -804211168.8712  :  -2035455668.7821  :  -1231244499.9110:  79012338045.4245:           44.6007: #

   -----------------------------------------------------------
   | param  | points |   deviat    |    rms      | stability |
   -----------------------------------------------------------
   |    9   |   209  |   0.32337E+00 |  0.31388E+04  |   0.637E-02 |

############################################################################################
